# lattice-scale --inv-acoustic-scale=7 "ark:gunzip -c exp_augmented/nnet2_online/nnet_a_gpu_fast_online/decode_catch/lat.*.gz|" ark:- | lattice-add-penalty --word-ins-penalty=1.0 ark:- ark:- | lattice-best-path --word-symbol-table=exp_augmented/tri4a/miro_grammar_graph/words.txt ark:- ark,t:- | utils/int2sym.pl -f 2- exp_augmented/tri4a/miro_grammar_graph/words.txt | local/wer_hyp_filter > exp_augmented/nnet2_online/nnet_a_gpu_fast_online/decode_catch/scoring_kaldi/penalty_1.0/7.txt 
# Started at Mon Feb 27 09:22:38 GMT 2017
#
lattice-add-penalty --word-ins-penalty=1.0 ark:- ark:- 
lattice-scale --inv-acoustic-scale=7 'ark:gunzip -c exp_augmented/nnet2_online/nnet_a_gpu_fast_online/decode_catch/lat.*.gz|' ark:- 
lattice-best-path --word-symbol-table=exp_augmented/tri4a/miro_grammar_graph/words.txt ark:- ark,t:- 
LOG (lattice-best-path:main():lattice-best-path.cc:99) For utterance 01m_catch-0.496-2.068, best cost 10.7652 + -70.003 = -59.2378 over 155 frames.
01m_catch-0.496-2.068 HELLO MIRO 
LOG (lattice-best-path:main():lattice-best-path.cc:99) For utterance 01m_catch-10.875-12.405, best cost 10.2818 + -82.6363 = -72.3545 over 151 frames.
01m_catch-10.875-12.405 STAY THERE 
LOG (lattice-best-path:main():lattice-best-path.cc:99) For utterance 01m_catch-13.480-15.134, best cost 13.7282 + -53.4846 = -39.7564 over 163 frames.
01m_catch-13.480-15.134 WAG YOUR TAIL 
LOG (lattice-best-path:main():lattice-best-path.cc:99) For utterance 01m_catch-16.127-17.285, best cost 13.2812 + -58.4682 = -45.1869 over 114 frames.
01m_catch-16.127-17.285 NOD YOUR HEAD 
LOG (lattice-best-path:main():lattice-best-path.cc:99) For utterance 01m_catch-18.608-20.096, best cost 12.4741 + -81.9849 = -69.5108 over 147 frames.
01m_catch-18.608-20.096 GO TO SLEEP 
LOG (lattice-best-path:main():lattice-best-path.cc:99) For utterance 01m_catch-2.564-4.176, best cost 10.9063 + -70.4873 = -59.581 over 159 frames.
01m_catch-2.564-4.176 HELLO MIRO 
LOG (lattice-best-path:main():lattice-best-path.cc:99) For utterance 01m_catch-21.709-23.156, best cost 12.8299 + -73.1621 = -60.3322 over 143 frames.
01m_catch-21.709-23.156 ARE YOU HAPPY 
LOG (lattice-best-path:main():lattice-best-path.cc:99) For utterance 01m_catch-23.901-25.348, best cost 12.3601 + -60.2238 = -47.8636 over 143 frames.
01m_catch-23.901-25.348 ARE YOU SAD 
LOG (lattice-scale:main():lattice-scale.cc:90) Done 96 lattices.
LOG (lattice-best-path:main():lattice-best-path.cc:99) For utterance 01m_catch-26.382-27.912, best cost 15.1516 + -58.5979 = -43.4463 over 151 frames.
01m_catch-26.382-27.912 HOW ARE YOU FEELING 
LOG (lattice-best-path:main():lattice-best-path.cc:99) For utterance 01m_catch-28.573-30.021, best cost 10.8121 + -64.2071 = -53.395 over 143 frames.
01m_catch-28.573-30.021 WAKE UP 
LOG (lattice-best-path:main():lattice-best-path.cc:99) For utterance 01m_catch-6.079-7.402, best cost 10.7349 + -58.5107 = -47.7758 over 130 frames.
01m_catch-6.079-7.402 HEY MIRO 
LOG (lattice-best-path:main():lattice-best-path.cc:99) For utterance 01m_catch-8.312-9.511, best cost 12.0087 + -43.3154 = -31.3067 over 118 frames.
01m_catch-8.312-9.511 GO TO SLEEP 
LOG (lattice-best-path:main():lattice-best-path.cc:99) For utterance 02m_catch-0.455-2.068, best cost 11.2628 + -68.4906 = -57.2277 over 159 frames.
02m_catch-0.455-2.068 HELLO MIRO 
LOG (lattice-best-path:main():lattice-best-path.cc:99) For utterance 02m_catch-10.503-11.992, best cost 13.7526 + -72.3449 = -58.5924 over 147 frames.
02m_catch-10.503-11.992 WAG YOUR TAIL 
LOG (lattice-best-path:main():lattice-best-path.cc:99) For utterance 02m_catch-12.488-13.853, best cost 13.2001 + -37.785 = -24.5848 over 135 frames.
02m_catch-12.488-13.853 NOD YOUR HEAD 
LOG (lattice-best-path:main():lattice-best-path.cc:99) For utterance 02m_catch-14.721-16.127, best cost 12.8083 + -60.0015 = -47.1933 over 139 frames.
02m_catch-14.721-16.127 GO TO SLEEP 
LOG (lattice-best-path:main():lattice-best-path.cc:99) For utterance 02m_catch-16.582-17.905, best cost 12.7291 + -32.507 = -19.7779 over 130 frames.
02m_catch-16.582-17.905 ARE YOU HAPPY 
LOG (lattice-best-path:main():lattice-best-path.cc:99) For utterance 02m_catch-18.153-19.642, best cost 12.4232 + -33.8147 = -21.3915 over 147 frames.
02m_catch-18.153-19.642 ARE YOU SAD 
LOG (lattice-best-path:main():lattice-best-path.cc:99) For utterance 02m_catch-2.895-4.383, best cost 11.3961 + -56.6653 = -45.2691 over 147 frames.
02m_catch-2.895-4.383 HI MIRO 
LOG (lattice-best-path:main():lattice-best-path.cc:99) For utterance 02m_catch-20.221-21.875, best cost 16.7944 + -57.2032 = -40.4089 over 163 frames.
02m_catch-20.221-21.875 HOW ARE YOU FEELING 
LOG (lattice-best-path:main():lattice-best-path.cc:99) For utterance 02m_catch-22.412-23.570, best cost 10.3605 + -61.5053 = -51.1447 over 114 frames.
02m_catch-22.412-23.570 WAKE UP 
LOG (lattice-best-path:main():lattice-best-path.cc:99) For utterance 02m_catch-4.921-6.120, best cost 10.9622 + -54.0933 = -43.1311 over 118 frames.
02m_catch-4.921-6.120 HEY MIRO 
LOG (lattice-best-path:main():lattice-best-path.cc:99) For utterance 02m_catch-6.823-8.022, best cost 10.3776 + -30.004 = -19.6264 over 118 frames.
02m_catch-6.823-8.022 COME HERE 
LOG (lattice-best-path:main():lattice-best-path.cc:99) For utterance 02m_catch-8.684-9.883, best cost 10.6921 + -42.7067 = -32.0146 over 118 frames.
02m_catch-8.684-9.883 STAY THERE 
LOG (lattice-best-path:main():lattice-best-path.cc:99) For utterance 03f_catch-10.104-12.000, best cost 12.1717 + -88.2685 = -76.0968 over 188 frames.
03f_catch-10.104-12.000 COME HERE 
LOG (lattice-best-path:main():lattice-best-path.cc:99) For utterance 03f_catch-12.131-13.995, best cost 12.1772 + -33.645 = -21.4679 over 184 frames.
03f_catch-12.131-13.995 STAY THERE 
LOG (lattice-best-path:main():lattice-best-path.cc:99) For utterance 03f_catch-14.256-15.989, best cost 14.7437 + -65.5636 = -50.8198 over 171 frames.
03f_catch-14.256-15.989 WAG YOUR TAIL 
LOG (lattice-best-path:main():lattice-best-path.cc:99) For utterance 03f_catch-15.989-17.722, best cost 14.7195 + -78.2132 = -63.4937 over 171 frames.
03f_catch-15.989-17.722 NOD YOUR HEAD 
LOG (lattice-best-path:main():lattice-best-path.cc:99) For utterance 03f_catch-17.755-19.717, best cost 14.2237 + -78.1886 = -63.9649 over 194 frames.
03f_catch-17.755-19.717 GO TO SLEEP 
LOG (lattice-best-path:main():lattice-best-path.cc:99) For utterance 03f_catch-19.717-22.169, best cost 15.1068 + -117.435 = -102.329 over 243 frames.
03f_catch-19.717-22.169 ARE YOU HAPPY 
LOG (lattice-best-path:main():lattice-best-path.cc:99) For utterance 03f_catch-22.169-24.196, best cost 13.9639 + -72.2884 = -58.3246 over 201 frames.
03f_catch-22.169-24.196 ARE YOU SAD 
LOG (lattice-best-path:main():lattice-best-path.cc:99) For utterance 03f_catch-24.196-26.223, best cost 17.8637 + -87.4343 = -69.5706 over 201 frames.
03f_catch-24.196-26.223 HOW ARE YOU FEELING 
LOG (lattice-best-path:main():lattice-best-path.cc:99) For utterance 03f_catch-26.223-28.251, best cost 11.0072 + -98.2515 = -87.2443 over 201 frames.
03f_catch-26.223-28.251 WAKE UP 
LOG (lattice-best-path:main():lattice-best-path.cc:99) For utterance 03f_catch-4.316-6.311, best cost 12.554 + -95.1545 = -82.6005 over 198 frames.
03f_catch-4.316-6.311 HELLO MIRO 
LOG (lattice-best-path:main():lattice-best-path.cc:99) For utterance 03f_catch-6.441-8.240, best cost 11.563 + -93.2233 = -81.6603 over 178 frames.
03f_catch-6.441-8.240 HI MIRO 
LOG (lattice-best-path:main():lattice-best-path.cc:99) For utterance 03f_catch-8.371-10.104, best cost 11.8136 + -83.7135 = -71.8999 over 171 frames.
03f_catch-8.371-10.104 HEY MIRO 
LOG (lattice-best-path:main():lattice-best-path.cc:99) For utterance 04m_catch-0.785-2.093, best cost 11.4985 + -40.4399 = -28.9414 over 129 frames.
04m_catch-0.785-2.093 HELLO MIRO 
LOG (lattice-best-path:main():lattice-best-path.cc:99) For utterance 04m_catch-10.725-11.869, best cost 12.1 + -44.2935 = -32.1935 over 112 frames.
04m_catch-10.725-11.869 GO TO SLEEP 
LOG (lattice-best-path:main():lattice-best-path.cc:99) For utterance 04m_catch-11.902-13.700, best cost 13.2445 + -84.6565 = -71.4121 over 178 frames.
04m_catch-11.902-13.700 ARE YOU HAPPY 
LOG (lattice-best-path:main():lattice-best-path.cc:99) For utterance 04m_catch-13.798-15.139, best cost 12.1899 + -66.4738 = -54.284 over 132 frames.
04m_catch-13.798-15.139 ARE YOU SAD 
LOG (lattice-best-path:main():lattice-best-path.cc:99) For utterance 04m_catch-15.204-16.512, best cost 14.7803 + -59.9773 = -45.197 over 129 frames.
04m_catch-15.204-16.512 HOW ARE YOU FEELING 
LOG (lattice-best-path:main():lattice-best-path.cc:99) For utterance 04m_catch-16.512-17.886, best cost 10.0328 + -72.9542 = -62.9214 over 135 frames.
04m_catch-16.512-17.886 WAKE UP 
LOG (lattice-best-path:main():lattice-best-path.cc:99) For utterance 04m_catch-2.256-3.433, best cost 10.5031 + -50.6006 = -40.0976 over 116 frames.
04m_catch-2.256-3.433 HI MIRO 
LOG (lattice-best-path:main():lattice-best-path.cc:99) For utterance 04m_catch-3.466-5.035, best cost 11.2988 + -74.54 = -63.2411 over 155 frames.
04m_catch-3.466-5.035 HEY MIRO 
LOG (lattice-best-path:main():lattice-best-path.cc:99) For utterance 04m_catch-5.101-6.114, best cost 9.36814 + -18.6901 = -9.32201 over 99 frames.
04m_catch-5.101-6.114 COME HERE 
LOG (lattice-best-path:main():lattice-best-path.cc:99) For utterance 04m_catch-6.147-7.553, best cost 13.8647 + -56.4032 = -42.5385 over 139 frames.
04m_catch-6.147-7.553 STAY THERE 
LOG (lattice-best-path:main():lattice-best-path.cc:99) For utterance 04m_catch-7.619-9.025, best cost 13.1364 + -37.0538 = -23.9174 over 139 frames.
04m_catch-7.619-9.025 WAG YOUR TAIL 
LOG (lattice-best-path:main():lattice-best-path.cc:99) For utterance 04m_catch-9.025-10.627, best cost 13.2975 + -94.8872 = -81.5897 over 158 frames.
04m_catch-9.025-10.627 NOD YOUR HEAD 
LOG (lattice-best-path:main():lattice-best-path.cc:99) For utterance 05m_catch-0.589-2.158, best cost 11.5136 + -51.8963 = -40.3826 over 155 frames.
05m_catch-0.589-2.158 HEY MIRO 
LOG (lattice-best-path:main():lattice-best-path.cc:99) For utterance 05m_catch-10.005-12.294, best cost 15.3244 + -97.1324 = -81.808 over 227 frames.
05m_catch-10.005-12.294 STAY THERE 
LOG (lattice-best-path:main():lattice-best-path.cc:99) For utterance 05m_catch-12.621-14.420, best cost 13.9757 + -86.4553 = -72.4796 over 178 frames.
05m_catch-12.621-14.420 WAG YOUR TAIL 
LOG (lattice-best-path:main():lattice-best-path.cc:99) For utterance 05m_catch-14.812-16.643, best cost 14.0467 + -38.8295 = -24.7828 over 181 frames.
05m_catch-14.812-16.643 NOD YOUR HEAD 
LOG (lattice-best-path:main():lattice-best-path.cc:99) For utterance 05m_catch-16.905-18.899, best cost 13.6157 + -77.8985 = -64.2827 over 197 frames.
05m_catch-16.905-18.899 GO TO SLEEP 
LOG (lattice-best-path:main():lattice-best-path.cc:99) For utterance 05m_catch-19.095-20.763, best cost 14.2523 + -65.6647 = -51.4124 over 165 frames.
05m_catch-19.095-20.763 ARE YOU HAPPY 
LOG (lattice-best-path:main():lattice-best-path.cc:99) For utterance 05m_catch-2.616-4.872, best cost 13.7836 + -87.4896 = -73.706 over 224 frames.
05m_catch-2.616-4.872 HEY MIRO 
LOG (lattice-best-path:main():lattice-best-path.cc:99) For utterance 05m_catch-21.123-22.823, best cost 12.8339 + -33.5291 = -20.6952 over 168 frames.
05m_catch-21.123-22.823 ARE YOU SAD 
LOG (lattice-best-path:main():lattice-best-path.cc:99) For utterance 05m_catch-23.019-24.883, best cost 17.8141 + -65.9609 = -48.1469 over 184 frames.
05m_catch-23.019-24.883 HOW ARE YOU FEELING 
LOG (lattice-best-path:main():lattice-best-path.cc:99) For utterance 05m_catch-25.014-26.550, best cost 11.5235 + -73.2432 = -61.7197 over 152 frames.
05m_catch-25.014-26.550 WAKE UP 
LOG (lattice-add-penalty:main():lattice-add-penalty.cc:62) Done adding word insertion penalty to 96 lattices.
LOG (lattice-best-path:main():lattice-best-path.cc:99) For utterance 05m_catch-5.134-6.866, best cost 11.2359 + -70.3396 = -59.1036 over 171 frames.
05m_catch-5.134-6.866 HEY MIRO 
LOG (lattice-best-path:main():lattice-best-path.cc:99) For utterance 05m_catch-7.357-9.580, best cost 11.9158 + -75.1048 = -63.189 over 220 frames.
05m_catch-7.357-9.580 COME HERE 
LOG (lattice-best-path:main():lattice-best-path.cc:99) For utterance 06m_catch-0.098-1.144, best cost 10.8263 + -24.9978 = -14.1714 over 103 frames.
06m_catch-0.098-1.144 HELLO MIRO 
LOG (lattice-best-path:main():lattice-best-path.cc:99) For utterance 06m_catch-1.275-2.518, best cost 12.6677 + -37.0314 = -24.3636 over 122 frames.
06m_catch-1.275-2.518 ARE YOU SAD 
LOG (lattice-best-path:main():lattice-best-path.cc:99) For utterance 06m_catch-10.561-12.000, best cost 12.5001 + -73.1509 = -60.6508 over 142 frames.
06m_catch-10.561-12.000 ARE YOU HAPPY 
LOG (lattice-best-path:main():lattice-best-path.cc:99) For utterance 06m_catch-12.000-13.210, best cost 12.2455 + -41.5206 = -29.2751 over 119 frames.
06m_catch-12.000-13.210 ARE YOU SAD 
LOG (lattice-best-path:main():lattice-best-path.cc:99) For utterance 06m_catch-13.569-14.812, best cost 14.2593 + -40.3761 = -26.1167 over 122 frames.
06m_catch-13.569-14.812 HOW ARE YOU FEELING 
LOG (lattice-best-path:main():lattice-best-path.cc:99) For utterance 06m_catch-14.845-16.251, best cost 9.83902 + -67.627 = -57.788 over 139 frames.
06m_catch-14.845-16.251 WAKE UP 
LOG (lattice-best-path:main():lattice-best-path.cc:99) For utterance 06m_catch-2.518-3.924, best cost 11.0916 + -42.6611 = -31.5695 over 139 frames.
06m_catch-2.518-3.924 HEY MIRO 
LOG (lattice-best-path:main():lattice-best-path.cc:99) For utterance 06m_catch-3.924-5.232, best cost 10.9798 + -45.2877 = -34.3079 over 129 frames.
06m_catch-3.924-5.232 COME HERE 
LOG (lattice-best-path:main():lattice-best-path.cc:99) For utterance 06m_catch-5.232-6.507, best cost 10.9298 + -72.16 = -61.2302 over 126 frames.
06m_catch-5.232-6.507 STAY THERE 
LOG (lattice-best-path:main():lattice-best-path.cc:99) For utterance 06m_catch-6.540-7.847, best cost 12.8835 + -57.4114 = -44.5279 over 129 frames.
06m_catch-6.540-7.847 WAG YOUR TAIL 
LOG (lattice-best-path:main():lattice-best-path.cc:99) For utterance 06m_catch-7.847-9.123, best cost 13.303 + -41.1963 = -27.8932 over 126 frames.
06m_catch-7.847-9.123 WAG YOUR TAIL 
LOG (lattice-best-path:main():lattice-best-path.cc:99) For utterance 06m_catch-9.123-10.463, best cost 13.1074 + -57.9534 = -44.846 over 132 frames.
06m_catch-9.123-10.463 GO TO SLEEP 
LOG (lattice-best-path:main():lattice-best-path.cc:99) For utterance 07f_catch-1.210-3.172, best cost 12.6812 + -87.2151 = -74.534 over 194 frames.
07f_catch-1.210-3.172 HELLO MIRO 
LOG (lattice-best-path:main():lattice-best-path.cc:99) For utterance 07f_catch-12.719-15.302, best cost 12.4463 + -98.7013 = -86.255 over 256 frames.
07f_catch-12.719-15.302 HELLO MIRO 
LOG (lattice-best-path:main():lattice-best-path.cc:99) For utterance 07f_catch-17.134-19.226, best cost 11.6337 + -71.1871 = -59.5534 over 207 frames.
07f_catch-17.134-19.226 STAY THERE 
LOG (lattice-best-path:main():lattice-best-path.cc:99) For utterance 07f_catch-20.926-23.281, best cost 14.9723 + -93.931 = -78.9587 over 234 frames.
07f_catch-20.926-23.281 WAG YOUR TAIL 
LOG (lattice-best-path:main():lattice-best-path.cc:99) For utterance 07f_catch-25.504-28.283, best cost 15.3244 + -110.406 = -95.082 over 276 frames.
07f_catch-25.504-28.283 NOD YOUR HEAD 
LOG (lattice-best-path:main():lattice-best-path.cc:99) For utterance 07f_catch-30.572-33.351, best cost 15.1497 + -132.725 = -117.576 over 276 frames.
07f_catch-30.572-33.351 GO TO SLEEP 
LOG (lattice-best-path:main():lattice-best-path.cc:99) For utterance 07f_catch-34.986-37.602, best cost 13.2088 + -74.3599 = -61.1511 over 260 frames.
07f_catch-34.986-37.602 HI MIRO 
LOG (lattice-best-path:main():lattice-best-path.cc:99) For utterance 07f_catch-38.583-41.068, best cost 15.0248 + -82.4037 = -67.3789 over 247 frames.
07f_catch-38.583-41.068 ARE YOU SAD 
LOG (lattice-best-path:main():lattice-best-path.cc:99) For utterance 07f_catch-42.343-45.384, best cost 18.568 + -135.819 = -117.251 over 302 frames.
07f_catch-42.343-45.384 HOW ARE YOU FEELING 
LOG (lattice-best-path:main():lattice-best-path.cc:99) For utterance 07f_catch-46.038-47.869, best cost 10.6054 + -72.7704 = -62.165 over 181 frames.
07f_catch-46.038-47.869 WAKE UP 
LOG (lattice-best-path:main():lattice-best-path.cc:99) For utterance 07f_catch-5.199-7.128, best cost 11.0193 + -73.3923 = -62.3729 over 191 frames.
07f_catch-5.199-7.128 HI MIRO 
LOG (lattice-best-path:main():lattice-best-path.cc:99) For utterance 07f_catch-9.155-11.313, best cost 11.5091 + -77.0521 = -65.543 over 214 frames.
07f_catch-9.155-11.313 HEY MIRO 
LOG (lattice-best-path:main():lattice-best-path.cc:99) For utterance 08f_catch-0.131-2.158, best cost 12.5171 + -68.0807 = -55.5636 over 201 frames.
08f_catch-0.131-2.158 HELLO MIRO 
LOG (lattice-best-path:main():lattice-best-path.cc:99) For utterance 08f_catch-10.790-12.850, best cost 15.4805 + -79.231 = -63.7505 over 204 frames.
08f_catch-10.790-12.850 WAG YOUR TAIL 
LOG (lattice-best-path:main():lattice-best-path.cc:99) For utterance 08f_catch-13.504-16.120, best cost 16.101 + -89.3083 = -73.2074 over 260 frames.
08f_catch-13.504-16.120 NOD YOUR HEAD 
LOG (lattice-best-path:main():lattice-best-path.cc:99) For utterance 08f_catch-16.480-18.670, best cost 14.4337 + -105.282 = -90.8486 over 217 frames.
08f_catch-16.480-18.670 GO TO SLEEP 
LOG (lattice-best-path:main():lattice-best-path.cc:99) For utterance 08f_catch-18.932-21.351, best cost 14.6624 + -63.0333 = -48.3709 over 240 frames.
08f_catch-18.932-21.351 ARE YOU HAPPY 
LOG (lattice-best-path:main():lattice-best-path.cc:99) For utterance 08f_catch-2.256-3.826, best cost 11.4442 + -51.5329 = -40.0887 over 155 frames.
08f_catch-2.256-3.826 HELLO MIRO 
LOG (lattice-best-path:main():lattice-best-path.cc:99) For utterance 08f_catch-21.351-23.019, best cost 12.7951 + -77.6753 = -64.8802 over 165 frames.
08f_catch-21.351-23.019 ARE YOU SAD 
LOG (lattice-best-path:main():lattice-best-path.cc:99) For utterance 08f_catch-23.444-25.798, best cost 17.5777 + -95.4752 = -77.8975 over 233 frames.
08f_catch-23.444-25.798 HOW ARE YOU FEELING 
LOG (lattice-best-path:main():lattice-best-path.cc:99) For utterance 08f_catch-25.831-27.368, best cost 10.2903 + -73.7377 = -63.4474 over 152 frames.
08f_catch-25.831-27.368 WAKE UP 
LOG (lattice-best-path:main():lattice-best-path.cc:99) For utterance 08f_catch-4.153-6.016, best cost 12.7494 + -64.4771 = -51.7277 over 184 frames.
08f_catch-4.153-6.016 HELLO MIRO 
LOG (lattice-best-path:main():lattice-best-path.cc:99) For utterance 08f_catch-6.278-7.978, best cost 11.1171 + -51.8547 = -40.7376 over 168 frames.
08f_catch-6.278-7.978 HELLO MIRO 
LOG (lattice-best-path:main():lattice-best-path.cc:99) For utterance 08f_catch-8.240-10.332, best cost 11.3531 + -56.0913 = -44.7383 over 207 frames.
08f_catch-8.240-10.332 STAY THERE 
LOG (lattice-best-path:main():lattice-best-path.cc:124) Overall cost per frame is -0.323533 = 0.0756062 [graph] + -0.399139 [acoustic] over 16248 frames.
LOG (lattice-best-path:main():lattice-best-path.cc:128) Done 96 lattices, failed for 0
# Accounting: time=1 threads=1
# Ended (code 0) at Mon Feb 27 09:22:39 GMT 2017, elapsed time 1 seconds
