# lattice-scale --inv-acoustic-scale=15 "ark:gunzip -c exp_augmented/nnet2_online/nnet_a_gpu_fast_online/decode_catch/lat.*.gz|" ark:- | lattice-add-penalty --word-ins-penalty=1.0 ark:- ark:- | lattice-best-path --word-symbol-table=exp_augmented/tri4a/miro_grammar_graph/words.txt ark:- ark,t:- | utils/int2sym.pl -f 2- exp_augmented/tri4a/miro_grammar_graph/words.txt | local/wer_hyp_filter > exp_augmented/nnet2_online/nnet_a_gpu_fast_online/decode_catch/scoring_kaldi/penalty_1.0/15.txt 
# Started at Mon Feb 27 09:22:38 GMT 2017
#
lattice-best-path --word-symbol-table=exp_augmented/tri4a/miro_grammar_graph/words.txt ark:- ark,t:- 
lattice-add-penalty --word-ins-penalty=1.0 ark:- ark:- 
lattice-scale --inv-acoustic-scale=15 'ark:gunzip -c exp_augmented/nnet2_online/nnet_a_gpu_fast_online/decode_catch/lat.*.gz|' ark:- 
LOG (lattice-best-path:main():lattice-best-path.cc:99) For utterance 01m_catch-0.496-2.068, best cost 10.7652 + -32.6681 = -21.9028 over 155 frames.
01m_catch-0.496-2.068 HELLO MIRO 
LOG (lattice-best-path:main():lattice-best-path.cc:99) For utterance 01m_catch-10.875-12.405, best cost 10.2818 + -38.5636 = -28.2818 over 151 frames.
01m_catch-10.875-12.405 STAY THERE 
LOG (lattice-best-path:main():lattice-best-path.cc:99) For utterance 01m_catch-13.480-15.134, best cost 13.7282 + -24.9595 = -11.2313 over 163 frames.
01m_catch-13.480-15.134 WAG YOUR TAIL 
LOG (lattice-best-path:main():lattice-best-path.cc:99) For utterance 01m_catch-16.127-17.285, best cost 13.2812 + -27.2851 = -14.0039 over 114 frames.
01m_catch-16.127-17.285 NOD YOUR HEAD 
LOG (lattice-best-path:main():lattice-best-path.cc:99) For utterance 01m_catch-18.608-20.096, best cost 12.4741 + -38.2596 = -25.7855 over 147 frames.
01m_catch-18.608-20.096 GO TO SLEEP 
LOG (lattice-scale:main():lattice-scale.cc:90) Done 96 lattices.
LOG (lattice-best-path:main():lattice-best-path.cc:99) For utterance 01m_catch-2.564-4.176, best cost 10.9063 + -32.8941 = -21.9877 over 159 frames.
01m_catch-2.564-4.176 HELLO MIRO 
LOG (lattice-best-path:main():lattice-best-path.cc:99) For utterance 01m_catch-21.709-23.156, best cost 12.8299 + -34.1423 = -21.3124 over 143 frames.
01m_catch-21.709-23.156 ARE YOU HAPPY 
LOG (lattice-best-path:main():lattice-best-path.cc:99) For utterance 01m_catch-23.901-25.348, best cost 12.3601 + -28.1044 = -15.7443 over 143 frames.
01m_catch-23.901-25.348 ARE YOU SAD 
LOG (lattice-best-path:main():lattice-best-path.cc:99) For utterance 01m_catch-26.382-27.912, best cost 15.1516 + -27.3457 = -12.1941 over 151 frames.
01m_catch-26.382-27.912 HOW ARE YOU FEELING 
LOG (lattice-best-path:main():lattice-best-path.cc:99) For utterance 01m_catch-28.573-30.021, best cost 10.8121 + -29.9633 = -19.1512 over 143 frames.
01m_catch-28.573-30.021 WAKE UP 
LOG (lattice-best-path:main():lattice-best-path.cc:99) For utterance 01m_catch-6.079-7.402, best cost 10.7349 + -27.305 = -16.5701 over 130 frames.
01m_catch-6.079-7.402 HEY MIRO 
LOG (lattice-best-path:main():lattice-best-path.cc:99) For utterance 01m_catch-8.312-9.511, best cost 12.0087 + -20.2138 = -8.20518 over 118 frames.
01m_catch-8.312-9.511 GO TO SLEEP 
LOG (lattice-best-path:main():lattice-best-path.cc:99) For utterance 02m_catch-0.455-2.068, best cost 11.2628 + -31.9623 = -20.6994 over 159 frames.
02m_catch-0.455-2.068 HELLO MIRO 
LOG (lattice-best-path:main():lattice-best-path.cc:99) For utterance 02m_catch-10.503-11.992, best cost 13.7526 + -33.761 = -20.0084 over 147 frames.
02m_catch-10.503-11.992 WAG YOUR TAIL 
LOG (lattice-best-path:main():lattice-best-path.cc:99) For utterance 02m_catch-12.488-13.853, best cost 13.2001 + -17.633 = -4.43285 over 135 frames.
02m_catch-12.488-13.853 NOD YOUR HEAD 
LOG (lattice-best-path:main():lattice-best-path.cc:99) For utterance 02m_catch-14.721-16.127, best cost 12.8083 + -28.0007 = -15.1925 over 139 frames.
02m_catch-14.721-16.127 GO TO SLEEP 
LOG (lattice-best-path:main():lattice-best-path.cc:99) For utterance 02m_catch-16.582-17.905, best cost 12.7291 + -15.1699 = -2.44087 over 130 frames.
02m_catch-16.582-17.905 ARE YOU HAPPY 
LOG (lattice-best-path:main():lattice-best-path.cc:99) For utterance 02m_catch-18.153-19.642, best cost 12.4232 + -15.7802 = -3.35699 over 147 frames.
02m_catch-18.153-19.642 ARE YOU SAD 
LOG (lattice-best-path:main():lattice-best-path.cc:99) For utterance 02m_catch-2.895-4.383, best cost 11.1701 + -26.2787 = -15.1086 over 147 frames.
02m_catch-2.895-4.383 HELLO MIRO 
LOG (lattice-best-path:main():lattice-best-path.cc:99) For utterance 02m_catch-20.221-21.875, best cost 16.7944 + -26.6949 = -9.90048 over 163 frames.
02m_catch-20.221-21.875 HOW ARE YOU FEELING 
LOG (lattice-best-path:main():lattice-best-path.cc:99) For utterance 02m_catch-22.412-23.570, best cost 10.3605 + -28.7025 = -18.3419 over 114 frames.
02m_catch-22.412-23.570 WAKE UP 
LOG (lattice-best-path:main():lattice-best-path.cc:99) For utterance 02m_catch-4.921-6.120, best cost 10.9622 + -25.2435 = -14.2814 over 118 frames.
02m_catch-4.921-6.120 HEY MIRO 
LOG (lattice-best-path:main():lattice-best-path.cc:99) For utterance 02m_catch-6.823-8.022, best cost 10.3776 + -14.0019 = -3.62427 over 118 frames.
02m_catch-6.823-8.022 COME HERE 
LOG (lattice-best-path:main():lattice-best-path.cc:99) For utterance 02m_catch-8.684-9.883, best cost 10.6921 + -19.9298 = -9.23769 over 118 frames.
02m_catch-8.684-9.883 STAY THERE 
LOG (lattice-best-path:main():lattice-best-path.cc:99) For utterance 03f_catch-10.104-12.000, best cost 12.1717 + -41.1919 = -29.0203 over 188 frames.
03f_catch-10.104-12.000 COME HERE 
LOG (lattice-best-path:main():lattice-best-path.cc:99) For utterance 03f_catch-12.131-13.995, best cost 12.1772 + -15.701 = -3.52384 over 184 frames.
03f_catch-12.131-13.995 STAY THERE 
LOG (lattice-best-path:main():lattice-best-path.cc:99) For utterance 03f_catch-14.256-15.989, best cost 14.7437 + -30.5963 = -15.8526 over 171 frames.
03f_catch-14.256-15.989 WAG YOUR TAIL 
LOG (lattice-best-path:main():lattice-best-path.cc:99) For utterance 03f_catch-15.989-17.722, best cost 14.7195 + -36.4995 = -21.78 over 171 frames.
03f_catch-15.989-17.722 NOD YOUR HEAD 
LOG (lattice-best-path:main():lattice-best-path.cc:99) For utterance 03f_catch-17.755-19.717, best cost 14.2237 + -36.488 = -22.2643 over 194 frames.
03f_catch-17.755-19.717 GO TO SLEEP 
LOG (lattice-best-path:main():lattice-best-path.cc:99) For utterance 03f_catch-19.717-22.169, best cost 15.1068 + -54.8032 = -39.6964 over 243 frames.
03f_catch-19.717-22.169 ARE YOU HAPPY 
LOG (lattice-best-path:main():lattice-best-path.cc:99) For utterance 03f_catch-22.169-24.196, best cost 13.9639 + -33.7346 = -19.7707 over 201 frames.
03f_catch-22.169-24.196 ARE YOU SAD 
LOG (lattice-best-path:main():lattice-best-path.cc:99) For utterance 03f_catch-24.196-26.223, best cost 17.8637 + -40.8027 = -22.939 over 201 frames.
03f_catch-24.196-26.223 HOW ARE YOU FEELING 
LOG (lattice-best-path:main():lattice-best-path.cc:99) For utterance 03f_catch-26.223-28.251, best cost 11.0072 + -45.8507 = -34.8435 over 201 frames.
03f_catch-26.223-28.251 WAKE UP 
LOG (lattice-best-path:main():lattice-best-path.cc:99) For utterance 03f_catch-4.316-6.311, best cost 12.554 + -44.4054 = -31.8515 over 198 frames.
03f_catch-4.316-6.311 HELLO MIRO 
LOG (lattice-best-path:main():lattice-best-path.cc:99) For utterance 03f_catch-6.441-8.240, best cost 11.563 + -43.5042 = -31.9412 over 178 frames.
03f_catch-6.441-8.240 HI MIRO 
LOG (lattice-best-path:main():lattice-best-path.cc:99) For utterance 03f_catch-8.371-10.104, best cost 11.8136 + -39.0663 = -27.2527 over 171 frames.
03f_catch-8.371-10.104 HEY MIRO 
LOG (lattice-best-path:main():lattice-best-path.cc:99) For utterance 04m_catch-0.785-2.093, best cost 11.4985 + -18.872 = -7.37347 over 129 frames.
04m_catch-0.785-2.093 HELLO MIRO 
LOG (lattice-best-path:main():lattice-best-path.cc:99) For utterance 04m_catch-10.725-11.869, best cost 12.1 + -20.6703 = -8.5703 over 112 frames.
04m_catch-10.725-11.869 GO TO SLEEP 
LOG (lattice-best-path:main():lattice-best-path.cc:99) For utterance 04m_catch-11.902-13.700, best cost 13.2445 + -39.5064 = -26.2619 over 178 frames.
04m_catch-11.902-13.700 ARE YOU HAPPY 
LOG (lattice-best-path:main():lattice-best-path.cc:99) For utterance 04m_catch-13.798-15.139, best cost 12.1899 + -31.0211 = -18.8313 over 132 frames.
04m_catch-13.798-15.139 ARE YOU SAD 
LOG (lattice-best-path:main():lattice-best-path.cc:99) For utterance 04m_catch-15.204-16.512, best cost 14.7803 + -27.9894 = -13.2091 over 129 frames.
04m_catch-15.204-16.512 HOW ARE YOU FEELING 
LOG (lattice-best-path:main():lattice-best-path.cc:99) For utterance 04m_catch-16.512-17.886, best cost 10.0328 + -34.0453 = -24.0125 over 135 frames.
04m_catch-16.512-17.886 WAKE UP 
LOG (lattice-best-path:main():lattice-best-path.cc:99) For utterance 04m_catch-2.256-3.433, best cost 10.5031 + -23.6136 = -13.1106 over 116 frames.
04m_catch-2.256-3.433 HI MIRO 
LOG (lattice-best-path:main():lattice-best-path.cc:99) For utterance 04m_catch-3.466-5.035, best cost 11.2988 + -34.7853 = -23.4865 over 155 frames.
04m_catch-3.466-5.035 HEY MIRO 
LOG (lattice-best-path:main():lattice-best-path.cc:99) For utterance 04m_catch-5.101-6.114, best cost 9.36814 + -8.72207 = 0.646069 over 99 frames.
04m_catch-5.101-6.114 COME HERE 
LOG (lattice-best-path:main():lattice-best-path.cc:99) For utterance 04m_catch-6.147-7.553, best cost 13.8647 + -26.3215 = -12.4568 over 139 frames.
04m_catch-6.147-7.553 STAY THERE 
LOG (lattice-best-path:main():lattice-best-path.cc:99) For utterance 04m_catch-7.619-9.025, best cost 13.1364 + -17.2918 = -4.15535 over 139 frames.
04m_catch-7.619-9.025 WAG YOUR TAIL 
LOG (lattice-best-path:main():lattice-best-path.cc:99) For utterance 04m_catch-9.025-10.627, best cost 13.2975 + -44.2807 = -30.9832 over 158 frames.
04m_catch-9.025-10.627 NOD YOUR HEAD 
LOG (lattice-best-path:main():lattice-best-path.cc:99) For utterance 05m_catch-0.589-2.158, best cost 11.5136 + -24.2183 = -12.7046 over 155 frames.
05m_catch-0.589-2.158 HEY MIRO 
LOG (lattice-best-path:main():lattice-best-path.cc:99) For utterance 05m_catch-10.005-12.294, best cost 15.3244 + -45.3284 = -30.004 over 227 frames.
05m_catch-10.005-12.294 STAY THERE 
LOG (lattice-best-path:main():lattice-best-path.cc:99) For utterance 05m_catch-12.621-14.420, best cost 13.9757 + -40.3458 = -26.3701 over 178 frames.
05m_catch-12.621-14.420 WAG YOUR TAIL 
LOG (lattice-best-path:main():lattice-best-path.cc:99) For utterance 05m_catch-14.812-16.643, best cost 14.0467 + -18.1204 = -4.07376 over 181 frames.
05m_catch-14.812-16.643 NOD YOUR HEAD 
LOG (lattice-best-path:main():lattice-best-path.cc:99) For utterance 05m_catch-16.905-18.899, best cost 13.6157 + -36.3526 = -22.7369 over 197 frames.
05m_catch-16.905-18.899 GO TO SLEEP 
LOG (lattice-best-path:main():lattice-best-path.cc:99) For utterance 05m_catch-19.095-20.763, best cost 14.2523 + -30.6435 = -16.3913 over 165 frames.
05m_catch-19.095-20.763 ARE YOU HAPPY 
LOG (lattice-best-path:main():lattice-best-path.cc:99) For utterance 05m_catch-2.616-4.872, best cost 13.7836 + -40.8285 = -27.0449 over 224 frames.
05m_catch-2.616-4.872 HEY MIRO 
LOG (lattice-best-path:main():lattice-best-path.cc:99) For utterance 05m_catch-21.123-22.823, best cost 12.8339 + -15.6469 = -2.81304 over 168 frames.
05m_catch-21.123-22.823 ARE YOU SAD 
LOG (lattice-best-path:main():lattice-best-path.cc:99) For utterance 05m_catch-23.019-24.883, best cost 17.8141 + -30.7818 = -12.9677 over 184 frames.
05m_catch-23.019-24.883 HOW ARE YOU FEELING 
LOG (lattice-best-path:main():lattice-best-path.cc:99) For utterance 05m_catch-25.014-26.550, best cost 11.5235 + -34.1801 = -22.6567 over 152 frames.
05m_catch-25.014-26.550 WAKE UP 
LOG (lattice-add-penalty:main():lattice-add-penalty.cc:62) Done adding word insertion penalty to 96 lattices.
LOG (lattice-best-path:main():lattice-best-path.cc:99) For utterance 05m_catch-5.134-6.866, best cost 11.2359 + -32.8251 = -21.5892 over 171 frames.
05m_catch-5.134-6.866 HEY MIRO 
LOG (lattice-best-path:main():lattice-best-path.cc:99) For utterance 05m_catch-7.357-9.580, best cost 11.9158 + -35.0489 = -23.1331 over 220 frames.
05m_catch-7.357-9.580 COME HERE 
LOG (lattice-best-path:main():lattice-best-path.cc:99) For utterance 06m_catch-0.098-1.144, best cost 10.8263 + -11.6656 = -0.839299 over 103 frames.
06m_catch-0.098-1.144 HELLO MIRO 
LOG (lattice-best-path:main():lattice-best-path.cc:99) For utterance 06m_catch-1.275-2.518, best cost 10.5746 + -15.2749 = -4.70026 over 122 frames.
06m_catch-1.275-2.518 HI MIRO 
LOG (lattice-best-path:main():lattice-best-path.cc:99) For utterance 06m_catch-10.561-12.000, best cost 12.5001 + -34.1371 = -21.637 over 142 frames.
06m_catch-10.561-12.000 ARE YOU HAPPY 
LOG (lattice-best-path:main():lattice-best-path.cc:99) For utterance 06m_catch-12.000-13.210, best cost 12.2455 + -19.3763 = -7.13077 over 119 frames.
06m_catch-12.000-13.210 ARE YOU SAD 
LOG (lattice-best-path:main():lattice-best-path.cc:99) For utterance 06m_catch-13.569-14.812, best cost 14.2593 + -18.8422 = -4.58283 over 122 frames.
06m_catch-13.569-14.812 HOW ARE YOU FEELING 
LOG (lattice-best-path:main():lattice-best-path.cc:99) For utterance 06m_catch-14.845-16.251, best cost 9.83902 + -31.5593 = -21.7202 over 139 frames.
06m_catch-14.845-16.251 WAKE UP 
LOG (lattice-best-path:main():lattice-best-path.cc:99) For utterance 06m_catch-2.518-3.924, best cost 11.0916 + -19.9085 = -8.81692 over 139 frames.
06m_catch-2.518-3.924 HEY MIRO 
LOG (lattice-best-path:main():lattice-best-path.cc:99) For utterance 06m_catch-3.924-5.232, best cost 10.9798 + -21.1343 = -10.1544 over 129 frames.
06m_catch-3.924-5.232 COME HERE 
LOG (lattice-best-path:main():lattice-best-path.cc:99) For utterance 06m_catch-5.232-6.507, best cost 10.9298 + -33.6747 = -22.7448 over 126 frames.
06m_catch-5.232-6.507 STAY THERE 
LOG (lattice-best-path:main():lattice-best-path.cc:99) For utterance 06m_catch-6.540-7.847, best cost 12.8835 + -26.792 = -13.9085 over 129 frames.
06m_catch-6.540-7.847 WAG YOUR TAIL 
LOG (lattice-best-path:main():lattice-best-path.cc:99) For utterance 06m_catch-7.847-9.123, best cost 11.1968 + -17.3343 = -6.13755 over 126 frames.
06m_catch-7.847-9.123 HELLO MIRO 
LOG (lattice-best-path:main():lattice-best-path.cc:99) For utterance 06m_catch-9.123-10.463, best cost 13.1074 + -27.0449 = -13.9375 over 132 frames.
06m_catch-9.123-10.463 GO TO SLEEP 
LOG (lattice-best-path:main():lattice-best-path.cc:99) For utterance 07f_catch-1.210-3.172, best cost 12.6812 + -40.7004 = -28.0192 over 194 frames.
07f_catch-1.210-3.172 HELLO MIRO 
LOG (lattice-best-path:main():lattice-best-path.cc:99) For utterance 07f_catch-12.719-15.302, best cost 12.4463 + -46.0606 = -33.6143 over 256 frames.
07f_catch-12.719-15.302 HELLO MIRO 
LOG (lattice-best-path:main():lattice-best-path.cc:99) For utterance 07f_catch-17.134-19.226, best cost 11.6337 + -33.2207 = -21.587 over 207 frames.
07f_catch-17.134-19.226 STAY THERE 
LOG (lattice-best-path:main():lattice-best-path.cc:99) For utterance 07f_catch-20.926-23.281, best cost 14.9723 + -43.8344 = -28.8622 over 234 frames.
07f_catch-20.926-23.281 WAG YOUR TAIL 
LOG (lattice-best-path:main():lattice-best-path.cc:99) For utterance 07f_catch-25.504-28.283, best cost 15.3244 + -51.523 = -36.1986 over 276 frames.
07f_catch-25.504-28.283 NOD YOUR HEAD 
LOG (lattice-best-path:main():lattice-best-path.cc:99) For utterance 07f_catch-30.572-33.351, best cost 15.1497 + -61.9385 = -46.7888 over 276 frames.
07f_catch-30.572-33.351 GO TO SLEEP 
LOG (lattice-best-path:main():lattice-best-path.cc:99) For utterance 07f_catch-34.986-37.602, best cost 13.2088 + -34.7013 = -21.4925 over 260 frames.
07f_catch-34.986-37.602 HI MIRO 
LOG (lattice-best-path:main():lattice-best-path.cc:99) For utterance 07f_catch-38.583-41.068, best cost 15.0248 + -38.4551 = -23.4303 over 247 frames.
07f_catch-38.583-41.068 ARE YOU SAD 
LOG (lattice-best-path:main():lattice-best-path.cc:99) For utterance 07f_catch-42.343-45.384, best cost 18.568 + -63.3821 = -44.8141 over 302 frames.
07f_catch-42.343-45.384 HOW ARE YOU FEELING 
LOG (lattice-best-path:main():lattice-best-path.cc:99) For utterance 07f_catch-46.038-47.869, best cost 10.6054 + -33.9595 = -23.3541 over 181 frames.
07f_catch-46.038-47.869 WAKE UP 
LOG (lattice-best-path:main():lattice-best-path.cc:99) For utterance 07f_catch-5.199-7.128, best cost 11.0193 + -34.2497 = -23.2304 over 191 frames.
07f_catch-5.199-7.128 HI MIRO 
LOG (lattice-best-path:main():lattice-best-path.cc:99) For utterance 07f_catch-9.155-11.313, best cost 11.5091 + -35.9577 = -24.4485 over 214 frames.
07f_catch-9.155-11.313 HEY MIRO 
LOG (lattice-best-path:main():lattice-best-path.cc:99) For utterance 08f_catch-0.131-2.158, best cost 12.5171 + -31.771 = -19.2539 over 201 frames.
08f_catch-0.131-2.158 HELLO MIRO 
LOG (lattice-best-path:main():lattice-best-path.cc:99) For utterance 08f_catch-10.790-12.850, best cost 15.4805 + -36.9745 = -21.494 over 204 frames.
08f_catch-10.790-12.850 WAG YOUR TAIL 
LOG (lattice-best-path:main():lattice-best-path.cc:99) For utterance 08f_catch-13.504-16.120, best cost 16.101 + -41.6772 = -25.5762 over 260 frames.
08f_catch-13.504-16.120 NOD YOUR HEAD 
LOG (lattice-best-path:main():lattice-best-path.cc:99) For utterance 08f_catch-16.480-18.670, best cost 14.4337 + -49.1318 = -34.698 over 217 frames.
08f_catch-16.480-18.670 GO TO SLEEP 
LOG (lattice-best-path:main():lattice-best-path.cc:99) For utterance 08f_catch-18.932-21.351, best cost 14.6624 + -29.4155 = -14.7532 over 240 frames.
08f_catch-18.932-21.351 ARE YOU HAPPY 
LOG (lattice-best-path:main():lattice-best-path.cc:99) For utterance 08f_catch-2.256-3.826, best cost 11.4442 + -24.0487 = -12.6045 over 155 frames.
08f_catch-2.256-3.826 HELLO MIRO 
LOG (lattice-best-path:main():lattice-best-path.cc:99) For utterance 08f_catch-21.351-23.019, best cost 12.7951 + -36.2485 = -23.4534 over 165 frames.
08f_catch-21.351-23.019 ARE YOU SAD 
LOG (lattice-best-path:main():lattice-best-path.cc:99) For utterance 08f_catch-23.444-25.798, best cost 17.5777 + -44.5551 = -26.9774 over 233 frames.
08f_catch-23.444-25.798 HOW ARE YOU FEELING 
LOG (lattice-best-path:main():lattice-best-path.cc:99) For utterance 08f_catch-25.831-27.368, best cost 10.2903 + -34.4109 = -24.1206 over 152 frames.
08f_catch-25.831-27.368 WAKE UP 
LOG (lattice-best-path:main():lattice-best-path.cc:99) For utterance 08f_catch-4.153-6.016, best cost 12.7494 + -30.0893 = -17.34 over 184 frames.
08f_catch-4.153-6.016 HELLO MIRO 
LOG (lattice-best-path:main():lattice-best-path.cc:99) For utterance 08f_catch-6.278-7.978, best cost 11.1171 + -24.1989 = -13.0818 over 168 frames.
08f_catch-6.278-7.978 HELLO MIRO 
LOG (lattice-best-path:main():lattice-best-path.cc:99) For utterance 08f_catch-8.240-10.332, best cost 11.3531 + -26.176 = -14.8229 over 207 frames.
08f_catch-8.240-10.332 STAY THERE 
LOG (lattice-best-path:main():lattice-best-path.cc:124) Overall cost per frame is -0.110681 = 0.0753338 [graph] + -0.186015 [acoustic] over 16248 frames.
LOG (lattice-best-path:main():lattice-best-path.cc:128) Done 96 lattices, failed for 0
# Accounting: time=1 threads=1
# Ended (code 0) at Mon Feb 27 09:22:39 GMT 2017, elapsed time 1 seconds
