# lattice-scale --inv-acoustic-scale=17 "ark:gunzip -c exp_augmented/nnet2_online/nnet_a_gpu_fast_online/decode_dt05_noisy/lat.*.gz|" ark:- | lattice-add-penalty --word-ins-penalty=0.0 ark:- ark:- | lattice-best-path --word-symbol-table=exp_augmented/tri4a/graph/words.txt ark:- ark,t:- | utils/int2sym.pl -f 2- exp_augmented/tri4a/graph/words.txt | local/wer_hyp_filter > exp_augmented/nnet2_online/nnet_a_gpu_fast_online/decode_dt05_noisy/scoring_kaldi/penalty_0.0/17.txt 
# Started at Mon Feb 27 09:19:32 GMT 2017
#
lattice-add-penalty --word-ins-penalty=0.0 ark:- ark:- 
lattice-scale --inv-acoustic-scale=17 'ark:gunzip -c exp_augmented/nnet2_online/nnet_a_gpu_fast_online/decode_dt05_noisy/lat.*.gz|' ark:- 
lattice-best-path --word-symbol-table=exp_augmented/tri4a/graph/words.txt ark:- ark,t:- 
LOG (lattice-best-path:main():lattice-best-path.cc:99) For utterance 050c0101_noisy, best cost 44.2464 + -154.606 = -110.359 over 761 frames.
050c0101_noisy A LAWYER 
LOG (lattice-best-path:main():lattice-best-path.cc:99) For utterance 050c0102_noisy, best cost 44.2415 + -171.331 = -127.089 over 858 frames.
050c0102_noisy <UNK> 
LOG (lattice-best-path:main():lattice-best-path.cc:99) For utterance 050c0103_noisy, best cost 37.6761 + -146.399 = -108.723 over 716 frames.
050c0103_noisy <UNK> 
LOG (lattice-best-path:main():lattice-best-path.cc:99) For utterance 050c0104_noisy, best cost 45.4305 + -180.347 = -134.916 over 897 frames.
050c0104_noisy <UNK> 
LOG (lattice-best-path:main():lattice-best-path.cc:99) For utterance 050c0105_noisy, best cost 44.8963 + -136.717 = -91.8207 over 734 frames.
050c0105_noisy BOTH 
LOG (lattice-best-path:main():lattice-best-path.cc:99) For utterance 050c0106_noisy, best cost 36.4707 + -102.049 = -65.5787 over 534 frames.
050c0106_noisy BOTH 
LOG (lattice-best-path:main():lattice-best-path.cc:99) For utterance 050c0107_noisy, best cost 37.58 + -166.353 = -128.773 over 936 frames.
050c0107_noisy HE SAYS 
LOG (lattice-best-path:main():lattice-best-path.cc:99) For utterance 050c0108_noisy, best cost 39.3112 + -119.661 = -80.35 over 608 frames.
050c0108_noisy BOTH <UNK> 
LOG (lattice-best-path:main():lattice-best-path.cc:99) For utterance 050c0109_noisy, best cost 35.4194 + -122.669 = -87.2495 over 638 frames.
050c0109_noisy <UNK> 
LOG (lattice-best-path:main():lattice-best-path.cc:99) For utterance 050c010a_noisy, best cost 24.292 + -66.7925 = -42.5004 over 361 frames.
050c010a_noisy <UNK> 
LOG (lattice-best-path:main():lattice-best-path.cc:99) For utterance 050c010b_noisy, best cost 42.5436 + -136.713 = -94.1696 over 763 frames.
050c010b_noisy HE SAID 
LOG (lattice-best-path:main():lattice-best-path.cc:99) For utterance 050c010c_noisy, best cost 20.5602 + -85.7482 = -65.188 over 542 frames.
050c010c_noisy FOR YEARS 
LOG (lattice-best-path:main():lattice-best-path.cc:99) For utterance 050c010d_noisy, best cost 35.436 + -145.652 = -110.216 over 639 frames.
050c010d_noisy <UNK> <UNK> SHARES 
LOG (lattice-best-path:main():lattice-best-path.cc:99) For utterance 050c010e_noisy, best cost 20.9718 + -140.991 = -120.019 over 763 frames.
050c010e_noisy FOR YEARS 
LOG (lattice-best-path:main():lattice-best-path.cc:99) For utterance 050c010f_noisy, best cost 19.1044 + -133.371 = -114.267 over 613 frames.
050c010f_noisy FEES 
LOG (lattice-best-path:main():lattice-best-path.cc:99) For utterance 050c010g_noisy, best cost 23.0344 + -187.689 = -164.655 over 681 frames.
050c010g_noisy WAS 
LOG (lattice-best-path:main():lattice-best-path.cc:99) For utterance 050c010h_noisy, best cost 21.6043 + -251.969 = -230.364 over 1024 frames.
050c010h_noisy WAS <UNK> 
LOG (lattice-best-path:main():lattice-best-path.cc:99) For utterance 050c010i_noisy, best cost 24.7624 + -103.987 = -79.2242 over 547 frames.
050c010i_noisy WATCH 
LOG (lattice-best-path:main():lattice-best-path.cc:99) For utterance 050c010j_noisy, best cost 28.4519 + -94.1315 = -65.6796 over 470 frames.
050c010j_noisy <UNK> 
LOG (lattice-best-path:main():lattice-best-path.cc:99) For utterance 050c010k_noisy, best cost 37.8545 + -140.831 = -102.976 over 710 frames.
050c010k_noisy <UNK> 
LOG (lattice-best-path:main():lattice-best-path.cc:99) For utterance 050c010l_noisy, best cost 33.7827 + -119.999 = -86.216 over 612 frames.
050c010l_noisy <UNK> 
LOG (lattice-best-path:main():lattice-best-path.cc:99) For utterance 050c010m_noisy, best cost 78.0216 + -263.689 = -185.668 over 1194 frames.
050c010m_noisy <UNK> THINGS 
LOG (lattice-best-path:main():lattice-best-path.cc:99) For utterance 050c010n_noisy, best cost 49.6213 + -150.816 = -101.194 over 638 frames.
050c010n_noisy THINGS 
LOG (lattice-best-path:main():lattice-best-path.cc:99) For utterance 050c010o_noisy, best cost 35.4149 + -138.334 = -102.92 over 649 frames.
050c010o_noisy <UNK> WILL 
LOG (lattice-best-path:main():lattice-best-path.cc:99) For utterance 050c010p_noisy, best cost 30.6856 + -104.389 = -73.7034 over 460 frames.
050c010p_noisy <UNK> WILL 
LOG (lattice-best-path:main():lattice-best-path.cc:99) For utterance 050c010q_noisy, best cost 24.1639 + -50.7019 = -26.538 over 233 frames.
050c010q_noisy SALE 
LOG (lattice-best-path:main():lattice-best-path.cc:99) For utterance 050c010r_noisy, best cost 36.1061 + -202.146 = -166.04 over 861 frames.
050c010r_noisy <UNK> THINGS 
LOG (lattice-best-path:main():lattice-best-path.cc:99) For utterance 050c010s_noisy, best cost 18.6281 + -102.523 = -83.8951 over 494 frames.
050c010s_noisy <UNK> 
LOG (lattice-best-path:main():lattice-best-path.cc:99) For utterance 050c010t_noisy, best cost 19.4696 + -148.988 = -129.518 over 687 frames.
050c010t_noisy <UNK> 
LOG (lattice-best-path:main():lattice-best-path.cc:99) For utterance 050c010u_noisy, best cost 17.4738 + -218.279 = -200.805 over 1035 frames.
050c010u_noisy <UNK> 
LOG (lattice-best-path:main():lattice-best-path.cc:99) For utterance 050c010v_noisy, best cost 19.4612 + -165.646 = -146.185 over 696 frames.
050c010v_noisy WATCH 
LOG (lattice-best-path:main():lattice-best-path.cc:99) For utterance 050c010w_noisy, best cost 23.3006 + -125.227 = -101.927 over 453 frames.
050c010w_noisy A LAW 
LOG (lattice-best-path:main():lattice-best-path.cc:99) For utterance 050c010x_noisy, best cost 22.1821 + -64.3664 = -42.1843 over 309 frames.
050c010x_noisy A LOT 
LOG (lattice-best-path:main():lattice-best-path.cc:99) For utterance 050c010y_noisy, best cost 58.7194 + -253.873 = -195.154 over 1243 frames.
050c010y_noisy <UNK> 
LOG (lattice-best-path:main():lattice-best-path.cc:99) For utterance 050c010z_noisy, best cost 32.7214 + -118.154 = -85.4322 over 604 frames.
050c010z_noisy <UNK> 
LOG (lattice-best-path:main():lattice-best-path.cc:99) For utterance 050c0110_noisy, best cost 33.4001 + -176.463 = -143.063 over 893 frames.
050c0110_noisy THE <UNK> 
LOG (lattice-best-path:main():lattice-best-path.cc:99) For utterance 050c0111_noisy, best cost 37.7677 + -139.072 = -101.304 over 710 frames.
050c0111_noisy <UNK> 
LOG (lattice-best-path:main():lattice-best-path.cc:99) For utterance 050c0112_noisy, best cost 28.5733 + -111.931 = -83.358 over 501 frames.
050c0112_noisy A LOT 
LOG (lattice-best-path:main():lattice-best-path.cc:99) For utterance 050c0113_noisy, best cost 21.4766 + -135.605 = -114.129 over 670 frames.
050c0113_noisy THE <UNK> 
LOG (lattice-best-path:main():lattice-best-path.cc:99) For utterance 050c0114_noisy, best cost 21.0627 + -123.324 = -102.261 over 658 frames.
050c0114_noisy THE <UNK> 
LOG (lattice-best-path:main():lattice-best-path.cc:99) For utterance 050c0115_noisy, best cost 35.3826 + -150.967 = -115.584 over 748 frames.
050c0115_noisy THE SALE 
LOG (lattice-best-path:main():lattice-best-path.cc:99) For utterance 050c0116_noisy, best cost 24.5927 + -67.035 = -42.4423 over 325 frames.
050c0116_noisy A LOT 
LOG (lattice-best-path:main():lattice-best-path.cc:99) For utterance 423c0201_noisy, best cost 99.6539 + -124.684 = -25.0299 over 552 frames.
423c0201_noisy TAXPAYERS CHIEF ADVANTAGE OF A BETTER CREDIT CARDS THE EXCHANGES 
LOG (lattice-best-path:main():lattice-best-path.cc:99) For utterance 423c0202_noisy, best cost 102.562 + -133.437 = -30.8754 over 529 frames.
423c0202_noisy PAYMENTS CHARGED AS EARLY AS APRIL FIFTEENTH WILL BE THE I. R. S. SAYS 
LOG (lattice-best-path:main():lattice-best-path.cc:99) For utterance 423c0203_noisy, best cost 143.411 + -173.537 = -30.1256 over 872 frames.
423c0203_noisy THE CONSUMERS GENERALLY HAVE HAD A LOT OF CREDIT CARD BILLS CAME TO ZERO FOR TOP MANAGERS 
LOG (lattice-best-path:main():lattice-best-path.cc:99) For utterance 423c0204_noisy, best cost 77.7307 + -107.417 = -29.6863 over 534 frames.
423c0204_noisy A SOUTH <UNK> TO JAPANESE COMPANIES WERE HIGHER SALES 
LOG (lattice-best-path:main():lattice-best-path.cc:99) For utterance 423c0205_noisy, best cost 84.5952 + -133.905 = -49.3102 over 511 frames.
423c0205_noisy THE OTHER WAS MITSUBISHI MOTORS CORPORATION'S U. S. SALES OPERATIONS 
LOG (lattice-best-path:main():lattice-best-path.cc:99) For utterance 423c0206_noisy, best cost 188.093 + -244.025 = -55.9321 over 1034 frames.
423c0206_noisy BOTH COMPANIES OFFERED DEALERS CASH RESERVES DURING THE <UNK> PIECE ON THREE OF ITS BEST SELLING CARS AND MITSUBISHI <UNK> <UNK> ADDS 
LOG (lattice-best-path:main():lattice-best-path.cc:99) For utterance 423c0207_noisy, best cost 122.043 + -158.957 = -36.9137 over 619 frames.
423c0207_noisy REPRESENTATIVES FOR THE TWO IMPORTERS OF THE PROGRAMS <UNK> NEW INCENTIVES HAPPENS 
LOG (lattice-best-path:main():lattice-best-path.cc:99) For utterance 423c0208_noisy, best cost 70.3087 + -103.857 = -33.5484 over 389 frames.
423c0208_noisy PEOPLE VOTE PRIMARILY ON THE BASIS OF ISSUES 
LOG (lattice-best-path:main():lattice-best-path.cc:99) For utterance 423c0209_noisy, best cost 48.6985 + -60.2193 = -11.5209 over 286 frames.
423c0209_noisy THEY BOTH SIDES OF LEADERSHIP 
LOG (lattice-best-path:main():lattice-best-path.cc:99) For utterance 423c020a_noisy, best cost 102.468 + -116.658 = -14.19 over 572 frames.
423c020a_noisy IT WON INDEPENDENCE SEE US AS DIRECTION OF CURRENCIES RISE 
LOG (lattice-best-path:main():lattice-best-path.cc:99) For utterance 423c020b_noisy, best cost 74.2635 + -100.885 = -26.6211 over 461 frames.
423c020b_noisy MY POSITION ON CONTRA AID IS ON <UNK> MATTERS 
LOG (lattice-best-path:main():lattice-best-path.cc:99) For utterance 423c020c_noisy, best cost 181.473 + -236.981 = -55.5071 over 918 frames.
423c020c_noisy PRIOR TO THE FILING THE COMPANY SAID IT HAD BEEN ATTEMPTING TO SETTLE ITS STAFF WITH CREDITORS TO GAIN ADDITIONAL BANK FINANCING TO CONTINUING OPERATIONS 
LOG (lattice-best-path:main():lattice-best-path.cc:99) For utterance 423c020d_noisy, best cost 73.2225 + -98.4668 = -25.2442 over 341 frames.
423c020d_noisy <UNK> ALL SETTLEMENT TALKS C. STAFF ITEMS 
LOG (lattice-best-path:main():lattice-best-path.cc:99) For utterance 423c020e_noisy, best cost 87.4789 + -166.792 = -79.3131 over 610 frames.
423c020e_noisy THE COMPANY SAID IT HASN'T BEEN ABLE TO OBTAIN BANK FINANCING FOR THE CONTINUING OPERATIONS 
LOG (lattice-best-path:main():lattice-best-path.cc:99) For utterance 423c020f_noisy, best cost 93.4421 + -127.956 = -34.5143 over 599 frames.
423c020f_noisy THE COMPANY HAS THIRTY FOUR STORES THROUGHOUT THE MIDWEST AND SOUTHEAST YEARS 
LOG (lattice-best-path:main():lattice-best-path.cc:99) For utterance 423c020g_noisy, best cost 123.191 + -165.338 = -42.1473 over 670 frames.
423c020g_noisy THE LATEST GOVERNMENT FIGURES <UNK> THE PRODUCER PRICE <UNK> FELL ZERO POINT TWO PERCENT LAST <UNK> 
LOG (lattice-best-path:main():lattice-best-path.cc:99) For utterance 423c020h_noisy, best cost 82.7541 + -132.7 = -49.946 over 711 frames.
423c020h_noisy AFTER EXCLUDING FOOD AND ENERGY THIRTY <UNK> PRICES ROSE 
LOG (lattice-best-path:main():lattice-best-path.cc:99) For utterance 423c020i_noisy, best cost 28.2878 + -81.3889 = -53.1011 over 525 frames.
423c020i_noisy SOME THINGS 
LOG (lattice-best-path:main():lattice-best-path.cc:99) For utterance 423c020j_noisy, best cost 26.3344 + -87.1769 = -60.8426 over 458 frames.
423c020j_noisy <UNK> <UNK> THINGS 
LOG (lattice-best-path:main():lattice-best-path.cc:99) For utterance 423c020k_noisy, best cost 37.5392 + -96.6598 = -59.1206 over 548 frames.
423c020k_noisy HE THINKS <UNK> 
LOG (lattice-best-path:main():lattice-best-path.cc:99) For utterance 423c020l_noisy, best cost 37.554 + -109.727 = -72.1728 over 648 frames.
423c020l_noisy THE THIN <UNK> 
LOG (lattice-best-path:main():lattice-best-path.cc:99) For utterance 423c020m_noisy, best cost 13.4574 + -36.6964 = -23.239 over 220 frames.
423c020m_noisy <UNK> 
LOG (lattice-best-path:main():lattice-best-path.cc:99) For utterance 423c020n_noisy, best cost 59.5984 + -156.583 = -96.9843 over 732 frames.
423c020n_noisy <UNK> PRICES HAS A THEORY <UNK> 
LOG (lattice-best-path:main():lattice-best-path.cc:99) For utterance 423c020o_noisy, best cost 27.4323 + -72.3467 = -44.9144 over 287 frames.
423c020o_noisy <UNK> YOUTH 
LOG (lattice-best-path:main():lattice-best-path.cc:99) For utterance 423c020p_noisy, best cost 20.6605 + -85.9901 = -65.3297 over 477 frames.
423c020p_noisy <UNK> <UNK> 
LOG (lattice-best-path:main():lattice-best-path.cc:99) For utterance 423c020q_noisy, best cost 39.5869 + -109.752 = -70.1652 over 553 frames.
423c020q_noisy HE'S ESTABLISHED 
LOG (lattice-best-path:main():lattice-best-path.cc:99) For utterance 423c020r_noisy, best cost 44.9343 + -140.539 = -95.6051 over 628 frames.
423c020r_noisy <UNK> THING 
LOG (lattice-best-path:main():lattice-best-path.cc:99) For utterance 423c020s_noisy, best cost 39.8095 + -180.336 = -140.526 over 814 frames.
423c020s_noisy <UNK> WITH <UNK> 
LOG (lattice-best-path:main():lattice-best-path.cc:99) For utterance 423c020t_noisy, best cost 30.6155 + -108.346 = -77.7308 over 566 frames.
423c020t_noisy BOTH <UNK> 
LOG (lattice-best-path:main():lattice-best-path.cc:99) For utterance 423c020u_noisy, best cost 21.943 + -130.186 = -108.243 over 677 frames.
423c020u_noisy <UNK> 
LOG (lattice-best-path:main():lattice-best-path.cc:99) For utterance 423c020v_noisy, best cost 26.2695 + -71.286 = -45.0165 over 356 frames.
423c020v_noisy BOTH <UNK> 
LOG (lattice-best-path:main():lattice-best-path.cc:99) For utterance 423c020w_noisy, best cost 33.2228 + -105.034 = -71.811 over 512 frames.
423c020w_noisy BOTH <UNK> 
LOG (lattice-best-path:main():lattice-best-path.cc:99) For utterance 423c020x_noisy, best cost 24.8189 + -115.878 = -91.059 over 669 frames.
423c020x_noisy <UNK> <UNK> 
LOG (lattice-best-path:main():lattice-best-path.cc:99) For utterance 423c020y_noisy, best cost 47.658 + -172.415 = -124.757 over 975 frames.
423c020y_noisy A THIRD <UNK> 
LOG (lattice-best-path:main():lattice-best-path.cc:99) For utterance 423c020z_noisy, best cost 25.8007 + -183.376 = -157.576 over 810 frames.
423c020z_noisy A LOT 
LOG (lattice-best-path:main():lattice-best-path.cc:99) For utterance 423c0210_noisy, best cost 23.9763 + -129.752 = -105.775 over 512 frames.
423c0210_noisy A LAW 
LOG (lattice-best-path:main():lattice-best-path.cc:99) For utterance 423c0211_noisy, best cost 18.866 + -78.5087 = -59.6427 over 398 frames.
423c0211_noisy WATCH 
LOG (lattice-best-path:main():lattice-best-path.cc:99) For utterance 423c0212_noisy, best cost 24.6687 + -170.538 = -145.869 over 712 frames.
423c0212_noisy A LOT 
LOG (lattice-best-path:main():lattice-best-path.cc:99) For utterance 423c0213_noisy, best cost 24.6313 + -89.8117 = -65.1805 over 403 frames.
423c0213_noisy A LOT 
LOG (lattice-best-path:main():lattice-best-path.cc:99) For utterance 423c0214_noisy, best cost 53.8829 + -184.758 = -130.875 over 1114 frames.
423c0214_noisy WAS HE THOUGHT <UNK> 
LOG (lattice-best-path:main():lattice-best-path.cc:99) For utterance 423c0215_noisy, best cost 58.6923 + -117.102 = -58.4098 over 712 frames.
423c0215_noisy THINKING HE THOUGHT 
LOG (lattice-best-path:main():lattice-best-path.cc:99) For utterance 423c0216_noisy, best cost 47.3981 + -114.656 = -67.2577 over 611 frames.
423c0216_noisy <UNK> <UNK> WORKING WITH <UNK> 
LOG (lattice-best-path:main():lattice-best-path.cc:99) For utterance 051c0101_noisy, best cost 61.616 + -104.049 = -42.433 over 561 frames.
051c0101_noisy A LOOK AT EVERYTHING FOREIGN POLICY 
LOG (lattice-best-path:main():lattice-best-path.cc:99) For utterance 051c0102_noisy, best cost 30.4694 + -66.1762 = -35.7068 over 382 frames.
051c0102_noisy THE U. S. 
LOG (lattice-best-path:main():lattice-best-path.cc:99) For utterance 051c0103_noisy, best cost 48.702 + -77.9307 = -29.2287 over 381 frames.
051c0103_noisy I THOUGHT ABOUT SOUTH AFRICA 
LOG (lattice-best-path:main():lattice-best-path.cc:99) For utterance 051c0104_noisy, best cost 35.9853 + -72.5272 = -36.5418 over 342 frames.
051c0104_noisy <UNK> OF GROWTH 
LOG (lattice-best-path:main():lattice-best-path.cc:99) For utterance 051c0105_noisy, best cost 62.4675 + -167.898 = -105.43 over 932 frames.
051c0105_noisy THE BOND MARKET PRICES 
LOG (lattice-best-path:main():lattice-best-path.cc:99) For utterance 051c0106_noisy, best cost 104.517 + -180.469 = -75.952 over 996 frames.
051c0106_noisy RE YOUR MARCH GROWTH FOR A <UNK> ONE THOUSAND DOLLARS 
LOG (lattice-best-path:main():lattice-best-path.cc:99) For utterance 051c0107_noisy, best cost 36.6958 + -111.921 = -75.2255 over 545 frames.
051c0107_noisy CORPORATE BOND PRICES 
LOG (lattice-best-path:main():lattice-best-path.cc:99) For utterance 051c0108_noisy, best cost 47.791 + -89.5899 = -41.799 over 550 frames.
051c0108_noisy IN THEORY IT DOES 
LOG (lattice-best-path:main():lattice-best-path.cc:99) For utterance 051c0109_noisy, best cost 52.3782 + -150.453 = -98.0744 over 816 frames.
051c0109_noisy BOTH <UNK> PRIZE 
LOG (lattice-best-path:main():lattice-best-path.cc:99) For utterance 051c010a_noisy, best cost 59.1319 + -130.804 = -71.6723 over 800 frames.
051c010a_noisy IN THE MARKET THEORY 
LOG (lattice-best-path:main():lattice-best-path.cc:99) For utterance 051c010b_noisy, best cost 126.171 + -286.652 = -160.481 over 1571 frames.
051c010b_noisy THE PROBLEM FOR ONE THING HE SAYS AT ONE HUNDRED EIGHTY FIVE 
LOG (lattice-best-path:main():lattice-best-path.cc:99) For utterance 051c010c_noisy, best cost 61.1731 + -107.108 = -45.9351 over 667 frames.
051c010c_noisy <UNK> RISE THIS YEAR <UNK> 
LOG (lattice-best-path:main():lattice-best-path.cc:99) For utterance 051c010d_noisy, best cost 110.118 + -210.537 = -100.419 over 1230 frames.
051c010d_noisy YESTERDAY'S RULING PARTY BOTH <UNK> PRIZE FOR <UNK> 
LOG (lattice-best-path:main():lattice-best-path.cc:99) For utterance 051c010e_noisy, best cost 26.1248 + -135.898 = -109.774 over 698 frames.
051c010e_noisy A LAW 
LOG (lattice-best-path:main():lattice-best-path.cc:99) For utterance 051c010f_noisy, best cost 18.3367 + -135.699 = -117.363 over 592 frames.
051c010f_noisy WATCH 
LOG (lattice-best-path:main():lattice-best-path.cc:99) For utterance 051c010g_noisy, best cost 50.8854 + -202.738 = -151.852 over 919 frames.
051c010g_noisy THINK OF 
LOG (lattice-best-path:main():lattice-best-path.cc:99) For utterance 051c010h_noisy, best cost 41.9824 + -149.672 = -107.689 over 719 frames.
051c010h_noisy <UNK> HEALTH <UNK> 
LOG (lattice-best-path:main():lattice-best-path.cc:99) For utterance 051c010i_noisy, best cost 50.9432 + -184.112 = -133.169 over 858 frames.
051c010i_noisy <UNK> BOTH 
LOG (lattice-best-path:main():lattice-best-path.cc:99) For utterance 051c010j_noisy, best cost 58.014 + -267.79 = -209.776 over 1305 frames.
051c010j_noisy BOTH 
LOG (lattice-best-path:main():lattice-best-path.cc:99) For utterance 051c010k_noisy, best cost 55.2922 + -198.885 = -143.593 over 779 frames.
051c010k_noisy THINGS 
LOG (lattice-best-path:main():lattice-best-path.cc:99) For utterance 051c010l_noisy, best cost 36.7605 + -180.889 = -144.128 over 727 frames.
051c010l_noisy BOTH 
LOG (lattice-best-path:main():lattice-best-path.cc:99) For utterance 051c010m_noisy, best cost 35.9134 + -177.315 = -141.402 over 718 frames.
051c010m_noisy BOTH <UNK> 
LOG (lattice-best-path:main():lattice-best-path.cc:99) For utterance 051c010n_noisy, best cost 42.2704 + -220.279 = -178.009 over 938 frames.
051c010n_noisy <UNK> WITH <UNK> 
LOG (lattice-best-path:main():lattice-best-path.cc:99) For utterance 051c010o_noisy, best cost 48.2771 + -210.104 = -161.827 over 964 frames.
051c010o_noisy SOUTH <UNK> DEAL 
LOG (lattice-best-path:main():lattice-best-path.cc:99) For utterance 051c010p_noisy, best cost 28.0052 + -225.836 = -197.831 over 1132 frames.
051c010p_noisy <UNK> <UNK> 
LOG (lattice-best-path:main():lattice-best-path.cc:99) For utterance 051c010q_noisy, best cost 24.1494 + -170.001 = -145.851 over 619 frames.
051c010q_noisy A LOT 
LOG (lattice-best-path:main():lattice-best-path.cc:99) For utterance 051c010r_noisy, best cost 29.4804 + -286.766 = -257.286 over 988 frames.
051c010r_noisy A LAW 
LOG (lattice-best-path:main():lattice-best-path.cc:99) For utterance 051c010s_noisy, best cost 28.3358 + -166.856 = -138.521 over 808 frames.
051c010s_noisy A LOT 
LOG (lattice-best-path:main():lattice-best-path.cc:99) For utterance 051c010t_noisy, best cost 18.2138 + -93.4377 = -75.2239 over 516 frames.
051c010t_noisy WATCH 
LOG (lattice-best-path:main():lattice-best-path.cc:99) For utterance 051c010u_noisy, best cost 24.2263 + -70.4969 = -46.2706 over 378 frames.
051c010u_noisy A LOT <UNK> 
LOG (lattice-best-path:main():lattice-best-path.cc:99) For utterance 051c010v_noisy, best cost 50.4333 + -217.372 = -166.939 over 1095 frames.
051c010v_noisy <UNK> THOUGHT 
LOG (lattice-best-path:main():lattice-best-path.cc:99) For utterance 051c010w_noisy, best cost 39.2263 + -133.977 = -94.7504 over 725 frames.
051c010w_noisy <UNK> WITH <UNK> 
LOG (lattice-best-path:main():lattice-best-path.cc:99) For utterance 051c010x_noisy, best cost 41.9783 + -176.98 = -135.001 over 989 frames.
051c010x_noisy <UNK> <UNK> THE <UNK> <UNK> 
LOG (lattice-best-path:main():lattice-best-path.cc:99) For utterance 051c010y_noisy, best cost 39.6003 + -143.194 = -103.594 over 839 frames.
051c010y_noisy THE THING 
LOG (lattice-best-path:main():lattice-best-path.cc:99) For utterance 051c010z_noisy, best cost 23.6836 + -113.808 = -90.1241 over 557 frames.
051c010z_noisy A LOT 
LOG (lattice-best-path:main():lattice-best-path.cc:99) For utterance 051c0110_noisy, best cost 46.5147 + -122.853 = -76.3387 over 547 frames.
051c0110_noisy SALE OF BOTH 
LOG (lattice-best-path:main():lattice-best-path.cc:99) For utterance 051c0111_noisy, best cost 33.9546 + -88.9174 = -54.9628 over 454 frames.
051c0111_noisy A LOT OF THINGS 
LOG (lattice-best-path:main():lattice-best-path.cc:99) For utterance 051c0112_noisy, best cost 35.2549 + -136.75 = -101.495 over 641 frames.
051c0112_noisy BOTH 
LOG (lattice-best-path:main():lattice-best-path.cc:99) For utterance 051c0113_noisy, best cost 33.3051 + -112.384 = -79.0788 over 514 frames.
051c0113_noisy I THOUGHT 
LOG (lattice-best-path:main():lattice-best-path.cc:99) For utterance 051c0114_noisy, best cost 49.8835 + -206.876 = -156.993 over 1022 frames.
051c0114_noisy BOTH <UNK> 
LOG (lattice-best-path:main():lattice-best-path.cc:99) For utterance 051c0115_noisy, best cost 39.6827 + -161.107 = -121.425 over 753 frames.
051c0115_noisy SOUTH <UNK> 
LOG (lattice-best-path:main():lattice-best-path.cc:99) For utterance 052c0101_noisy, best cost 84.8925 + -153.187 = -68.294 over 905 frames.
052c0101_noisy A LEVERAGED ECONOMY HAS ALSO HELPED <UNK> 
LOG (lattice-best-path:main():lattice-best-path.cc:99) For utterance 052c0102_noisy, best cost 86.9479 + -206.789 = -119.841 over 1113 frames.
052c0102_noisy FOR EXAMPLE LIKE OUR WAY OUT 
LOG (lattice-best-path:main():lattice-best-path.cc:99) For utterance 052c0103_noisy, best cost 69.6693 + -133.063 = -63.394 over 837 frames.
052c0103_noisy WITH SUCH KNOWLEDGE OR <UNK> 
LOG (lattice-best-path:main():lattice-best-path.cc:99) For utterance 052c0104_noisy, best cost 86.8586 + -128.913 = -42.0546 over 731 frames.
052c0104_noisy STERLING DRUG FOR THE THIRTY EIGHTH TO THIRTY THREE 
LOG (lattice-best-path:main():lattice-best-path.cc:99) For utterance 052c0105_noisy, best cost 99.1239 + -155.723 = -56.5995 over 854 frames.
052c0105_noisy NEW YORK PHARMACEUTICAL PRODUCTS RATE FOR PROFIT GROWTH 
LOG (lattice-best-path:main():lattice-best-path.cc:99) For utterance 052c0106_noisy, best cost 62.3538 + -88.8367 = -26.4829 over 454 frames.
052c0106_noisy THE DIVIDEND IS PAYABLE JUNE FIRST TO STOCK OF RECORD 
LOG (lattice-best-path:main():lattice-best-path.cc:99) For utterance 052c0107_noisy, best cost 91.5671 + -106.852 = -15.2848 over 660 frames.
052c0107_noisy REGIONAL BANKS BOTH IT ALSO TAKES THE CRASH 
LOG (lattice-best-path:main():lattice-best-path.cc:99) For utterance 052c0108_noisy, best cost 74.7825 + -100.407 = -25.6245 over 445 frames.
052c0108_noisy ALSO THE BANK BOTH FOR LOAN LOSS RESERVES 
LOG (lattice-best-path:main():lattice-best-path.cc:99) For utterance 052c0109_noisy, best cost 59.0089 + -84.1328 = -25.1239 over 508 frames.
052c0109_noisy MEANWHILE I. C. <UNK> THAT HE SAID 
LOG (lattice-best-path:main():lattice-best-path.cc:99) For utterance 052c010a_noisy, best cost 93.1473 + -116.579 = -23.432 over 635 frames.
052c010a_noisy BUT MR. SELLS A <UNK> FOR EQUITY THE COMPANY HAS <UNK> 
LOG (lattice-best-path:main():lattice-best-path.cc:99) For utterance 052c010b_noisy, best cost 122.571 + -166.653 = -44.082 over 734 frames.
052c010b_noisy MR. SELLS WHO WASN'T AVAILABLE FOR COMMENT SAID IN A STATEMENT HOWEVER WON'T RUN MY OWN 
LOG (lattice-best-path:main():lattice-best-path.cc:99) For utterance 052c010c_noisy, best cost 56.1917 + -56.4546 = -0.262863 over 303 frames.
052c010c_noisy NOW IT <UNK> A MARRIOTT SAID 
LOG (lattice-best-path:main():lattice-best-path.cc:99) For utterance 052c010d_noisy, best cost 126.618 + -162.045 = -35.4266 over 792 frames.
052c010d_noisy OF THE TOTAL FACE AMOUNT OUTSTANDING OF WESTERN UNION THE EIGHTEENTH <UNK> WITH OTHERS 
LOG (lattice-best-path:main():lattice-best-path.cc:99) For utterance 052c010e_noisy, best cost 82.4128 + -98.1822 = -15.7694 over 468 frames.
052c010e_noisy THE SWAP OFFER MARKET LEAST EIGHTY PERCENT OF THE TOTAL 
LOG (lattice-best-path:main():lattice-best-path.cc:99) For utterance 052c010f_noisy, best cost 22.5439 + -87.4982 = -64.9543 over 388 frames.
052c010f_noisy A LAW 
LOG (lattice-best-path:main():lattice-best-path.cc:99) For utterance 052c010g_noisy, best cost 39.6905 + -192.891 = -153.2 over 1046 frames.
052c010g_noisy WAS I THOUGHT 
LOG (lattice-best-path:main():lattice-best-path.cc:99) For utterance 052c010h_noisy, best cost 43.6543 + -171.132 = -127.478 over 878 frames.
052c010h_noisy BOTH <UNK> 
LOG (lattice-best-path:main():lattice-best-path.cc:99) For utterance 052c010i_noisy, best cost 42.3342 + -143.103 = -100.769 over 822 frames.
052c010i_noisy GROWTH 
LOG (lattice-best-path:main():lattice-best-path.cc:99) For utterance 052c010j_noisy, best cost 47.6811 + -210.537 = -162.856 over 1046 frames.
052c010j_noisy ALONG WITH <UNK> 
LOG (lattice-best-path:main():lattice-best-path.cc:99) For utterance 052c010k_noisy, best cost 23.6738 + -70.8842 = -47.2104 over 402 frames.
052c010k_noisy A LOT 
LOG (lattice-best-path:main():lattice-best-path.cc:99) For utterance 052c010l_noisy, best cost 26.2926 + -168.322 = -142.029 over 766 frames.
052c010l_noisy A LOT 
LOG (lattice-best-path:main():lattice-best-path.cc:99) For utterance 052c010m_noisy, best cost 55.3231 + -207.689 = -152.366 over 931 frames.
052c010m_noisy THINGS 
LOG (lattice-best-path:main():lattice-best-path.cc:99) For utterance 052c010n_noisy, best cost 34.2587 + -123.505 = -89.2463 over 609 frames.
052c010n_noisy BOTH 
LOG (lattice-best-path:main():lattice-best-path.cc:99) For utterance 052c010o_noisy, best cost 23.2248 + -123.203 = -99.978 over 587 frames.
052c010o_noisy A LOT 
LOG (lattice-best-path:main():lattice-best-path.cc:99) For utterance 052c010p_noisy, best cost 35.5 + -141.144 = -105.644 over 787 frames.
052c010p_noisy THE <UNK> <UNK> 
LOG (lattice-best-path:main():lattice-best-path.cc:99) For utterance 052c010q_noisy, best cost 44.5565 + -122.602 = -78.0459 over 620 frames.
052c010q_noisy HE <UNK> WITH 
LOG (lattice-best-path:main():lattice-best-path.cc:99) For utterance 052c010r_noisy, best cost 18.7278 + -59.1453 = -40.4175 over 318 frames.
052c010r_noisy <UNK> 
LOG (lattice-best-path:main():lattice-best-path.cc:99) For utterance 052c010s_noisy, best cost 26.2404 + -74.3828 = -48.1424 over 339 frames.
052c010s_noisy BOTH <UNK> 
LOG (lattice-best-path:main():lattice-best-path.cc:99) For utterance 052c010t_noisy, best cost 25.0124 + -152.176 = -127.164 over 607 frames.
052c010t_noisy A LOT 
LOG (lattice-best-path:main():lattice-best-path.cc:99) For utterance 052c010u_noisy, best cost 29.9467 + -163.662 = -133.716 over 581 frames.
052c010u_noisy A I 
LOG (lattice-best-path:main():lattice-best-path.cc:99) For utterance 052c010v_noisy, best cost 26.4944 + -246.228 = -219.734 over 730 frames.
052c010v_noisy A LAW 
LOG (lattice-best-path:main():lattice-best-path.cc:99) For utterance 052c010w_noisy, best cost 31.9913 + -267.816 = -235.824 over 758 frames.
052c010w_noisy A I 
LOG (lattice-best-path:main():lattice-best-path.cc:99) For utterance 052c010x_noisy, best cost 24.4086 + -166.853 = -142.445 over 574 frames.
052c010x_noisy A LOT 
LOG (lattice-best-path:main():lattice-best-path.cc:99) For utterance 052c010y_noisy, best cost 21.8193 + -66.6413 = -44.8219 over 280 frames.
052c010y_noisy A LOT 
LOG (lattice-best-path:main():lattice-best-path.cc:99) For utterance 052c010z_noisy, best cost 22.7858 + -142.159 = -119.373 over 549 frames.
052c010z_noisy A LOT 
LOG (lattice-best-path:main():lattice-best-path.cc:99) For utterance 052c0110_noisy, best cost 23.0169 + -165.143 = -142.126 over 569 frames.
052c0110_noisy A LOT 
LOG (lattice-best-path:main():lattice-best-path.cc:99) For utterance 052c0111_noisy, best cost 37.5945 + -123.353 = -85.7586 over 598 frames.
052c0111_noisy A LUCKY 
LOG (lattice-best-path:main():lattice-best-path.cc:99) For utterance 052c0112_noisy, best cost 31.7616 + -214.149 = -182.388 over 1054 frames.
052c0112_noisy A LOT 
LOG (lattice-best-path:main():lattice-best-path.cc:99) For utterance 052c0113_noisy, best cost 24.763 + -171.314 = -146.552 over 583 frames.
052c0113_noisy A LOT 
LOG (lattice-best-path:main():lattice-best-path.cc:99) For utterance 052c0114_noisy, best cost 27.0014 + -201.048 = -174.047 over 837 frames.
052c0114_noisy A LOT 
LOG (lattice-best-path:main():lattice-best-path.cc:99) For utterance 052c0115_noisy, best cost 22.7831 + -111.43 = -88.6467 over 467 frames.
052c0115_noisy A LOT 
LOG (lattice-best-path:main():lattice-best-path.cc:99) For utterance 052c0116_noisy, best cost 23.606 + -144.989 = -121.383 over 620 frames.
052c0116_noisy A LOT 
LOG (lattice-best-path:main():lattice-best-path.cc:99) For utterance 053c0101_noisy, best cost 56.0304 + -124.297 = -68.2666 over 691 frames.
053c0101_noisy A I THOUGHT I THOUGHT 
LOG (lattice-best-path:main():lattice-best-path.cc:99) For utterance 053c0102_noisy, best cost 52.6445 + -77.3053 = -24.6608 over 487 frames.
053c0102_noisy THAT ALLOWED THE JUSTICE DEPARTMENT 
LOG (lattice-best-path:main():lattice-best-path.cc:99) For utterance 053c0103_noisy, best cost 29.1029 + -89.4465 = -60.3437 over 523 frames.
053c0103_noisy <UNK> 
LOG (lattice-best-path:main():lattice-best-path.cc:99) For utterance 053c0104_noisy, best cost 29.5094 + -79.2338 = -49.7244 over 492 frames.
053c0104_noisy <UNK> 
LOG (lattice-best-path:main():lattice-best-path.cc:99) For utterance 053c0105_noisy, best cost 46.5172 + -144.247 = -97.73 over 877 frames.
053c0105_noisy THE <UNK> 
LOG (lattice-best-path:main():lattice-best-path.cc:99) For utterance 053c0106_noisy, best cost 52.9378 + -129.776 = -76.8378 over 881 frames.
053c0106_noisy <UNK> HE THOUGHT 
LOG (lattice-best-path:main():lattice-best-path.cc:99) For utterance 053c0107_noisy, best cost 79.8569 + -127.174 = -47.3175 over 860 frames.
053c0107_noisy I'D BE PRICED HIGHER <UNK> THINGS 
LOG (lattice-best-path:main():lattice-best-path.cc:99) For utterance 053c0108_noisy, best cost 25.108 + -58.677 = -33.569 over 403 frames.
053c0108_noisy THE HALF 
LOG (lattice-best-path:main():lattice-best-path.cc:99) For utterance 053c0109_noisy, best cost 58.1267 + -112.124 = -53.9974 over 753 frames.
053c0109_noisy HE THOUGHT HE THOUGHT 
LOG (lattice-best-path:main():lattice-best-path.cc:99) For utterance 053c010a_noisy, best cost 51.5324 + -122.417 = -70.885 over 776 frames.
053c010a_noisy CAN HE ADDED 
LOG (lattice-best-path:main():lattice-best-path.cc:99) For utterance 053c010b_noisy, best cost 77.46 + -150.518 = -73.0584 over 948 frames.
053c010b_noisy AT THE TREASURY FIVE DOLLARS EACH 
LOG (lattice-best-path:main():lattice-best-path.cc:99) For utterance 053c010c_noisy, best cost 77.9283 + -102.088 = -24.1592 over 519 frames.
053c010c_noisy PRICES FOR EVERY DAY THURSDAY BOTH <UNK> 
LOG (lattice-best-path:main():lattice-best-path.cc:99) For utterance 053c010d_noisy, best cost 65.8925 + -120.067 = -54.1743 over 842 frames.
053c010d_noisy THE ONLY TREASURY <UNK> ENOUGH 
LOG (lattice-best-path:main():lattice-best-path.cc:99) For utterance 053c010e_noisy, best cost 78.3372 + -191.82 = -113.483 over 1110 frames.
053c010e_noisy EVENTUALLY MR. BUSH'S RANGE ARMS 
LOG (lattice-best-path:main():lattice-best-path.cc:99) For utterance 053c010f_noisy, best cost 30.6713 + -148.048 = -117.376 over 748 frames.
053c010f_noisy I THINK IT IS 
LOG (lattice-best-path:main():lattice-best-path.cc:99) For utterance 053c010g_noisy, best cost 19.5616 + -86.9519 = -67.3902 over 360 frames.
053c010g_noisy THINGS 
LOG (lattice-best-path:main():lattice-best-path.cc:99) For utterance 053c010h_noisy, best cost 52.2998 + -204.377 = -152.077 over 996 frames.
053c010h_noisy BOTH <UNK> 
LOG (lattice-best-path:main():lattice-best-path.cc:99) For utterance 053c010i_noisy, best cost 44.5688 + -157.298 = -112.729 over 830 frames.
053c010i_noisy <UNK> 
LOG (lattice-best-path:main():lattice-best-path.cc:99) For utterance 053c010j_noisy, best cost 41.85 + -158.984 = -117.134 over 802 frames.
053c010j_noisy <UNK> 
LOG (lattice-best-path:main():lattice-best-path.cc:99) For utterance 053c010k_noisy, best cost 38.8528 + -139.061 = -100.208 over 734 frames.
053c010k_noisy <UNK> 
LOG (lattice-best-path:main():lattice-best-path.cc:99) For utterance 053c010l_noisy, best cost 34.6138 + -107.149 = -72.5354 over 564 frames.
053c010l_noisy <UNK> 
LOG (lattice-best-path:main():lattice-best-path.cc:99) For utterance 053c010m_noisy, best cost 45.1386 + -178.449 = -133.311 over 895 frames.
053c010m_noisy <UNK> 
LOG (lattice-best-path:main():lattice-best-path.cc:99) For utterance 053c010n_noisy, best cost 41.7616 + -153.686 = -111.924 over 816 frames.
053c010n_noisy <UNK> 
LOG (lattice-best-path:main():lattice-best-path.cc:99) For utterance 053c010o_noisy, best cost 40.2363 + -151.577 = -111.34 over 782 frames.
053c010o_noisy <UNK> 
LOG (lattice-best-path:main():lattice-best-path.cc:99) For utterance 053c010p_noisy, best cost 20.6968 + -56.8887 = -36.1919 over 281 frames.
053c010p_noisy <UNK> 
LOG (lattice-best-path:main():lattice-best-path.cc:99) For utterance 053c010q_noisy, best cost 31.6099 + -103.345 = -71.7351 over 569 frames.
053c010q_noisy <UNK> 
LOG (lattice-best-path:main():lattice-best-path.cc:99) For utterance 053c010r_noisy, best cost 35.1829 + -184.371 = -149.189 over 996 frames.
053c010r_noisy WAS <UNK> 
LOG (lattice-best-path:main():lattice-best-path.cc:99) For utterance 053c010s_noisy, best cost 30.4896 + -160.654 = -130.165 over 628 frames.
053c010s_noisy A I 
LOG (lattice-best-path:main():lattice-best-path.cc:99) For utterance 053c010t_noisy, best cost 34.7635 + -267.151 = -232.388 over 998 frames.
053c010t_noisy A I 
LOG (lattice-best-path:main():lattice-best-path.cc:99) For utterance 053c010u_noisy, best cost 28.5564 + -263.484 = -234.928 over 908 frames.
053c010u_noisy A LAW 
LOG (lattice-best-path:main():lattice-best-path.cc:99) For utterance 053c010v_noisy, best cost 33.4977 + -160.137 = -126.64 over 672 frames.
053c010v_noisy A LOT 
LOG (lattice-best-path:main():lattice-best-path.cc:99) For utterance 053c010w_noisy, best cost 33.1117 + -200.88 = -167.768 over 855 frames.
053c010w_noisy A I 
LOG (lattice-best-path:main():lattice-best-path.cc:99) For utterance 053c010x_noisy, best cost 50.5591 + -202.636 = -152.077 over 1032 frames.
053c010x_noisy <UNK> 
LOG (lattice-best-path:main():lattice-best-path.cc:99) For utterance 053c010y_noisy, best cost 40.8923 + -156.638 = -115.746 over 777 frames.
053c010y_noisy <UNK> 
LOG (lattice-best-path:main():lattice-best-path.cc:99) For utterance 053c010z_noisy, best cost 27.1374 + -200.035 = -172.898 over 856 frames.
053c010z_noisy A LOT 
LOG (lattice-best-path:main():lattice-best-path.cc:99) For utterance 053c0110_noisy, best cost 27.9483 + -99.4932 = -71.5448 over 408 frames.
053c0110_noisy A I 
LOG (lattice-best-path:main():lattice-best-path.cc:99) For utterance 053c0111_noisy, best cost 29.3166 + -201.357 = -172.04 over 917 frames.
053c0111_noisy A LOT 
LOG (lattice-best-path:main():lattice-best-path.cc:99) For utterance 053c0112_noisy, best cost 44.1669 + -165.766 = -121.599 over 871 frames.
053c0112_noisy <UNK> 
LOG (lattice-best-path:main():lattice-best-path.cc:99) For utterance 053c0113_noisy, best cost 23.5471 + -67.1747 = -43.6276 over 336 frames.
053c0113_noisy <UNK> 
LOG (lattice-best-path:main():lattice-best-path.cc:99) For utterance 053c0114_noisy, best cost 21.0899 + -52.4473 = -31.3574 over 270 frames.
053c0114_noisy <UNK> 
LOG (lattice-best-path:main():lattice-best-path.cc:99) For utterance 053c0115_noisy, best cost 28.4642 + -94.0963 = -65.6321 over 460 frames.
053c0115_noisy <UNK> 
LOG (lattice-best-path:main():lattice-best-path.cc:99) For utterance 22gc0101_noisy, best cost 50.9157 + -193.229 = -142.313 over 1006 frames.
22gc0101_noisy A LOT 
LOG (lattice-best-path:main():lattice-best-path.cc:99) For utterance 22gc0102_noisy, best cost 22.3684 + -113.68 = -91.3118 over 460 frames.
22gc0102_noisy A LOT 
LOG (lattice-best-path:main():lattice-best-path.cc:99) For utterance 22gc0103_noisy, best cost 19.9947 + -93.627 = -73.6323 over 308 frames.
22gc0103_noisy A LOT 
LOG (lattice-best-path:main():lattice-best-path.cc:99) For utterance 22gc0104_noisy, best cost 27.4684 + -85.2774 = -57.809 over 432 frames.
22gc0104_noisy <UNK> 
LOG (lattice-best-path:main():lattice-best-path.cc:99) For utterance 22gc0105_noisy, best cost 33.413 + -95.0702 = -61.6573 over 532 frames.
22gc0105_noisy HE SAYS 
LOG (lattice-best-path:main():lattice-best-path.cc:99) For utterance 22gc0106_noisy, best cost 36.7123 + -111.209 = -74.4966 over 498 frames.
22gc0106_noisy GROWTH 
LOG (lattice-best-path:main():lattice-best-path.cc:99) For utterance 22gc0107_noisy, best cost 41.6223 + -133.759 = -92.1368 over 650 frames.
22gc0107_noisy BOTH 
LOG (lattice-best-path:main():lattice-best-path.cc:99) For utterance 22gc0108_noisy, best cost 45.3253 + -165.944 = -120.618 over 828 frames.
22gc0108_noisy HOW THIN 
LOG (lattice-best-path:main():lattice-best-path.cc:99) For utterance 22gc0109_noisy, best cost 30.1662 + -123.949 = -93.7833 over 600 frames.
22gc0109_noisy A I 
LOG (lattice-best-path:main():lattice-best-path.cc:99) For utterance 22gc010a_noisy, best cost 22.619 + -77.4905 = -54.8714 over 394 frames.
22gc010a_noisy A LAW 
LOG (lattice-best-path:main():lattice-best-path.cc:99) For utterance 22gc010b_noisy, best cost 40.0948 + -241.693 = -201.598 over 1290 frames.
22gc010b_noisy A LAW 
LOG (lattice-best-path:main():lattice-best-path.cc:99) For utterance 22gc010c_noisy, best cost 27.4868 + -58.1854 = -30.6986 over 284 frames.
22gc010c_noisy A LAW 
LOG (lattice-best-path:main():lattice-best-path.cc:99) For utterance 22gc010d_noisy, best cost 27.1832 + -41.4978 = -14.3145 over 258 frames.
22gc010d_noisy RATES 
LOG (lattice-best-path:main():lattice-best-path.cc:99) For utterance 22gc010e_noisy, best cost 32.2829 + -60.0192 = -27.7363 over 486 frames.
22gc010e_noisy THE SOUTHEAST 
LOG (lattice-best-path:main():lattice-best-path.cc:99) For utterance 22gc010f_noisy, best cost 103.046 + -160.605 = -57.5588 over 818 frames.
22gc010f_noisy BOTH TRIED TO REDUCE THE GROWTH OF DOLLARS OF BOTH 
LOG (lattice-best-path:main():lattice-best-path.cc:99) For utterance 22gc010g_noisy, best cost 48.0623 + -118.665 = -70.6026 over 638 frames.
22gc010g_noisy TRADERS SAID BOTH DOLLARS 
LOG (lattice-best-path:main():lattice-best-path.cc:99) For utterance 22gc010h_noisy, best cost 23.8263 + -160.644 = -136.818 over 526 frames.
22gc010h_noisy A LOT 
LOG (lattice-best-path:main():lattice-best-path.cc:99) For utterance 22gc010i_noisy, best cost 19.3146 + -54.7607 = -35.4462 over 186 frames.
22gc010i_noisy A LOT 
LOG (lattice-best-path:main():lattice-best-path.cc:99) For utterance 22gc010j_noisy, best cost 23.3121 + -138.85 = -115.538 over 454 frames.
22gc010j_noisy A LAW 
LOG (lattice-best-path:main():lattice-best-path.cc:99) For utterance 22gc010k_noisy, best cost 19.9571 + -79.6448 = -59.6878 over 308 frames.
22gc010k_noisy A LOT 
LOG (lattice-best-path:main():lattice-best-path.cc:99) For utterance 22gc010l_noisy, best cost 30.9062 + -287.694 = -256.787 over 1252 frames.
22gc010l_noisy A LOT 
LOG (lattice-best-path:main():lattice-best-path.cc:99) For utterance 22gc010m_noisy, best cost 22.388 + -85.0227 = -62.6346 over 374 frames.
22gc010m_noisy A LAW 
LOG (lattice-best-path:main():lattice-best-path.cc:99) For utterance 22gc010n_noisy, best cost 31.0757 + -189.127 = -158.051 over 910 frames.
22gc010n_noisy A LOT 
LOG (lattice-best-path:main():lattice-best-path.cc:99) For utterance 22gc010o_noisy, best cost 18.8305 + -38.1927 = -19.3623 over 216 frames.
22gc010o_noisy <UNK> 
LOG (lattice-best-path:main():lattice-best-path.cc:99) For utterance 22gc010p_noisy, best cost 26.9342 + -202.544 = -175.61 over 836 frames.
22gc010p_noisy A LOT 
LOG (lattice-best-path:main():lattice-best-path.cc:99) For utterance 22gc010q_noisy, best cost 51.6887 + -193.388 = -141.699 over 804 frames.
22gc010q_noisy A I THINK 
LOG (lattice-best-path:main():lattice-best-path.cc:99) For utterance 22gc010r_noisy, best cost 43.0452 + -119.836 = -76.7905 over 516 frames.
22gc010r_noisy THINGS 
LOG (lattice-best-path:main():lattice-best-path.cc:99) For utterance 22gc010s_noisy, best cost 42.7595 + -205.882 = -163.123 over 896 frames.
22gc010s_noisy BOTH 
LOG (lattice-best-path:main():lattice-best-path.cc:99) For utterance 22gc010t_noisy, best cost 57.1368 + -258.477 = -201.34 over 1178 frames.
22gc010t_noisy A I THOUGHT 
LOG (lattice-best-path:main():lattice-best-path.cc:99) For utterance 22gc010u_noisy, best cost 21.5699 + -155.007 = -133.437 over 868 frames.
22gc010u_noisy WATCH 
LOG (lattice-best-path:main():lattice-best-path.cc:99) For utterance 22gc010v_noisy, best cost 30.4449 + -279.114 = -248.669 over 1072 frames.
22gc010v_noisy A LAW 
LOG (lattice-best-path:main():lattice-best-path.cc:99) For utterance 22gc010w_noisy, best cost 22.59 + -137.27 = -114.68 over 484 frames.
22gc010w_noisy A LOT 
LOG (lattice-best-path:main():lattice-best-path.cc:99) For utterance 22gc010x_noisy, best cost 29.1108 + -314.171 = -285.06 over 956 frames.
22gc010x_noisy A LAW 
LOG (lattice-best-path:main():lattice-best-path.cc:99) For utterance 22gc010y_noisy, best cost 23.2599 + -183.611 = -160.351 over 542 frames.
22gc010y_noisy A LOT 
LOG (lattice-best-path:main():lattice-best-path.cc:99) For utterance 22gc010z_noisy, best cost 30.2351 + -291.466 = -261.231 over 1076 frames.
22gc010z_noisy A LOT 
LOG (lattice-best-path:main():lattice-best-path.cc:99) For utterance 22gc0110_noisy, best cost 27.8576 + -218.886 = -191.028 over 822 frames.
22gc0110_noisy A LOT 
LOG (lattice-best-path:main():lattice-best-path.cc:99) For utterance 22gc0111_noisy, best cost 30.3411 + -275.182 = -244.84 over 1090 frames.
22gc0111_noisy A LOT 
LOG (lattice-best-path:main():lattice-best-path.cc:99) For utterance 22gc0112_noisy, best cost 30.4919 + -367.035 = -336.544 over 1144 frames.
22gc0112_noisy A LOT 
LOG (lattice-best-path:main():lattice-best-path.cc:99) For utterance 22gc0113_noisy, best cost 32.1761 + -235.241 = -203.065 over 774 frames.
22gc0113_noisy A I 
LOG (lattice-best-path:main():lattice-best-path.cc:99) For utterance 22gc0114_noisy, best cost 27.4539 + -236.551 = -209.097 over 828 frames.
22gc0114_noisy A LOT 
LOG (lattice-best-path:main():lattice-best-path.cc:99) For utterance 22hc0101_noisy, best cost 152.65 + -226.217 = -73.5675 over 932 frames.
22hc0101_noisy YOUR YEAR G. CORPORATION SAID IT BEGAN A PUBLIC OFFERING OF FOUR MILLION COMMON SHARES OR TWENTY THREE POINT ONE TWO FIVE DOLLARS A SHARE 
LOG (lattice-best-path:main():lattice-best-path.cc:99) For utterance 22hc0102_noisy, best cost 30.6274 + -39.2669 = -8.63949 over 274 frames.
22hc0102_noisy MORGAN STANLEY AND COMPANY 
LOG (lattice-best-path:main():lattice-best-path.cc:99) For utterance 22hc0103_noisy, best cost 54.9711 + -96.8173 = -41.8462 over 614 frames.
22hc0103_noisy PROCEEDS TO FINANCE GROWTH 
LOG (lattice-best-path:main():lattice-best-path.cc:99) For utterance 22hc0104_noisy, best cost 108.572 + -191.779 = -83.2074 over 796 frames.
22hc0104_noisy NEW YORK STOCK EXCHANGE COMPOSITE TRADING FRIDAY THE COMPANY'S STOCK CLOSED AT TWENTY THREE POINT ONE TWO FIVE DOLLARS UNCHANGED 
LOG (lattice-best-path:main():lattice-best-path.cc:99) For utterance 22hc0105_noisy, best cost 118.58 + -216.396 = -97.8168 over 924 frames.
22hc0105_noisy THE FOLLOWING OFFICERS DIRECTORS AND LARGE STOCKHOLDERS OF COMPANIES REPORTED CHANGES IN HOLDINGS UNDER THE SECURITIES EXCHANGE ACT OF NINETEEN THIRTY 
LOG (lattice-best-path:main():lattice-best-path.cc:99) For utterance 22hc0106_noisy, best cost 83.0644 + -155.662 = -72.5972 over 656 frames.
22hc0106_noisy THOSE IDENTIFIED AS BENEFICIAL OWNERS HOLD AT LEAST TEN PERCENT OF THE COMPANY'S EQUITY SECURITIES 
LOG (lattice-best-path:main():lattice-best-path.cc:99) For utterance 22hc0107_noisy, best cost 100.068 + -167.394 = -67.3264 over 728 frames.
22hc0107_noisy UNLESS OTHERWISE NOTED CHANGES INVOLVED DIRECT HOLDINGS OF COMMON STOCK AND TOOK PLACE IN OCTOBER AND NOVEMBER NINETEEN EIGHTY SEVEN 
LOG (lattice-best-path:main():lattice-best-path.cc:99) For utterance 22hc0108_noisy, best cost 85.5238 + -147.436 = -61.9124 over 656 frames.
22hc0108_noisy COMPANIES ARE LISTED WHERE TRANSACTIONS GENERALLY AGGREGATE TEN THOUSAND SHARES <UNK> ONE HUNDRED THOUSAND DOLLARS 
LOG (lattice-best-path:main():lattice-best-path.cc:99) For utterance 22hc0109_noisy, best cost 172.068 + -205.235 = -33.1667 over 1004 frames.
22hc0109_noisy THAT SEVERAL OTHER THINGS THE PROGRAM TRADING INCLUDING CONSOLIDATING REGULATORY AUTHORITY OVER ALL U. S. FINANCIAL MARKETS AND ONE EIGHTH 
LOG (lattice-best-path:main():lattice-best-path.cc:99) For utterance 22hc010a_noisy, best cost 106.513 + -128.554 = -22.0412 over 512 frames.
22hc010a_noisy IT ALSO PROPOSED RAISING MARGIN OF CAPITAL REQUIREMENTS FOR TRADING FUTURES EXCHANGES 
LOG (lattice-best-path:main():lattice-best-path.cc:99) For utterance 22hc010b_noisy, best cost 203.889 + -260.172 = -56.2827 over 974 frames.
22hc010b_noisy IT SAID TRADERS SHOULD BE ABLE TO DELIVER ACTUAL STOCKS TO SELL FUTURES CONTRACT ON THE NATION'S STOCK INDEX FUTURES TRADERS OF CASH ON EXPIRATION 
LOG (lattice-best-path:main():lattice-best-path.cc:99) For utterance 22hc010c_noisy, best cost 76.7402 + -92.258 = -15.5178 over 390 frames.
22hc010c_noisy TRADERS SAID THE FIRST ARE BUSY ACTION 
LOG (lattice-best-path:main():lattice-best-path.cc:99) For utterance 22hc010d_noisy, best cost 114.199 + -166.55 = -52.3506 over 738 frames.
22hc010d_noisy THE DOLLAR IS STILL THE KEY SAID JACK BAKER HEAD OF BLOCK TRADING AT SHEARSON LEHMAN BROTHERS INCORPORATED 
LOG (lattice-best-path:main():lattice-best-path.cc:99) For utterance 22hc010e_noisy, best cost 71.6653 + -127.144 = -55.4788 over 754 frames.
22hc010e_noisy YESTERDAY THE DOLLAR EASED SLIGHTLY <UNK> TRADES OFF 
LOG (lattice-best-path:main():lattice-best-path.cc:99) For utterance 22hc010f_noisy, best cost 19.1151 + -65.4847 = -46.3696 over 552 frames.
22hc010f_noisy WATCH 
LOG (lattice-best-path:main():lattice-best-path.cc:99) For utterance 22hc010g_noisy, best cost 26.2627 + -163.419 = -137.156 over 850 frames.
22hc010g_noisy A LOT 
LOG (lattice-best-path:main():lattice-best-path.cc:99) For utterance 22hc010h_noisy, best cost 17.9162 + -64.2813 = -46.3652 over 332 frames.
22hc010h_noisy WATCH 
LOG (lattice-best-path:main():lattice-best-path.cc:99) For utterance 22hc010i_noisy, best cost 47.5943 + -159.209 = -111.615 over 974 frames.
22hc010i_noisy BOTH <UNK> 
LOG (lattice-best-path:main():lattice-best-path.cc:99) For utterance 22hc010j_noisy, best cost 19.1014 + -35.7129 = -16.6115 over 190 frames.
22hc010j_noisy A LOT 
LOG (lattice-best-path:main():lattice-best-path.cc:99) For utterance 22hc010k_noisy, best cost 28.263 + -116.376 = -88.1126 over 662 frames.
22hc010k_noisy A LOT 
LOG (lattice-best-path:main():lattice-best-path.cc:99) For utterance 22hc010l_noisy, best cost 36.3156 + -122.621 = -86.3056 over 688 frames.
22hc010l_noisy BOTH 
LOG (lattice-best-path:main():lattice-best-path.cc:99) For utterance 22hc010m_noisy, best cost 14.1578 + -125.692 = -111.534 over 540 frames.
22hc010m_noisy A 
LOG (lattice-best-path:main():lattice-best-path.cc:99) For utterance 22hc010n_noisy, best cost 24.291 + -65.3419 = -41.0509 over 302 frames.
22hc010n_noisy BOTH <UNK> 
LOG (lattice-best-path:main():lattice-best-path.cc:99) For utterance 22hc010o_noisy, best cost 66.2551 + -201.566 = -135.311 over 972 frames.
22hc010o_noisy THINGS 
LOG (lattice-best-path:main():lattice-best-path.cc:99) For utterance 22hc010p_noisy, best cost 41.7975 + -156.322 = -114.524 over 810 frames.
22hc010p_noisy BOTH 
LOG (lattice-best-path:main():lattice-best-path.cc:99) For utterance 22hc010q_noisy, best cost 28.8579 + -172.656 = -143.799 over 932 frames.
22hc010q_noisy A LOT 
LOG (lattice-best-path:main():lattice-best-path.cc:99) For utterance 22hc010r_noisy, best cost 26.0394 + -59.8176 = -33.7782 over 304 frames.
22hc010r_noisy BOTH 
LOG (lattice-best-path:main():lattice-best-path.cc:99) For utterance 22hc010s_noisy, best cost 21.7586 + -28.7906 = -7.03203 over 160 frames.
22hc010s_noisy BOTH <UNK> 
LOG (lattice-best-path:main():lattice-best-path.cc:99) For utterance 22hc010t_noisy, best cost 21.3881 + -78.5704 = -57.1823 over 428 frames.
22hc010t_noisy A LOT 
LOG (lattice-best-path:main():lattice-best-path.cc:99) For utterance 22hc010u_noisy, best cost 31.5524 + -156.653 = -125.101 over 720 frames.
22hc010u_noisy A I 
LOG (lattice-best-path:main():lattice-best-path.cc:99) For utterance 22hc010v_noisy, best cost 24.6924 + -213.23 = -188.537 over 574 frames.
22hc010v_noisy A LAW 
LOG (lattice-best-path:main():lattice-best-path.cc:99) For utterance 22hc010w_noisy, best cost 24.7537 + -227.46 = -202.706 over 640 frames.
22hc010w_noisy A LOT 
LOG (lattice-best-path:main():lattice-best-path.cc:99) For utterance 22hc010x_noisy, best cost 25.6628 + -248.672 = -223.009 over 658 frames.
22hc010x_noisy A LAW 
LOG (lattice-best-path:main():lattice-best-path.cc:99) For utterance 22hc010y_noisy, best cost 20.6322 + -63.0188 = -42.3866 over 222 frames.
22hc010y_noisy A LAW 
LOG (lattice-best-path:main():lattice-best-path.cc:99) For utterance 22hc010z_noisy, best cost 19.9564 + -47.1277 = -27.1713 over 164 frames.
22hc010z_noisy A LAW 
LOG (lattice-best-path:main():lattice-best-path.cc:99) For utterance 22hc0110_noisy, best cost 22.4342 + -116.211 = -93.7772 over 378 frames.
22hc0110_noisy A LAW 
LOG (lattice-best-path:main():lattice-best-path.cc:99) For utterance 22hc0111_noisy, best cost 23.6288 + -132.087 = -108.458 over 480 frames.
22hc0111_noisy A LOT 
LOG (lattice-best-path:main():lattice-best-path.cc:99) For utterance 22hc0112_noisy, best cost 31.9788 + -99.8853 = -67.9066 over 554 frames.
22hc0112_noisy <UNK> 
LOG (lattice-best-path:main():lattice-best-path.cc:99) For utterance 22hc0113_noisy, best cost 19.2858 + -63.5951 = -44.3094 over 246 frames.
22hc0113_noisy A LOT 
LOG (lattice-best-path:main():lattice-best-path.cc:99) For utterance 22hc0114_noisy, best cost 20.3721 + -92.3024 = -71.9304 over 292 frames.
22hc0114_noisy A LOT 
LOG (lattice-best-path:main():lattice-best-path.cc:99) For utterance 420c0201_noisy, best cost 91.2843 + -91.1676 = 0.116661 over 425 frames.
420c0201_noisy A LOOK AT EVERY TURN OUT TO BE SEEN AT THE COURTS OTHER PROBLEMS 
LOG (lattice-best-path:main():lattice-best-path.cc:99) For utterance 420c0202_noisy, best cost 106.694 + -189.841 = -83.1471 over 1059 frames.
420c0202_noisy ACCORDING TO THE U. S. TRADE DEFICIT IS ONLY FIFTY HISTORY 
LOG (lattice-best-path:main():lattice-best-path.cc:99) For utterance 420c0203_noisy, best cost 62.0487 + -139.047 = -76.998 over 881 frames.
420c0203_noisy THE PRICE OFFERED FOR SALE 
LOG (lattice-best-path:main():lattice-best-path.cc:99) For utterance 420c0204_noisy, best cost 90.9527 + -163.55 = -72.5977 over 864 frames.
420c0204_noisy EXPENSES FOR THE YEAR ACCOUNTED FOR TWO HUNDRED DOLLARS 
LOG (lattice-best-path:main():lattice-best-path.cc:99) For utterance 420c0205_noisy, best cost 101.414 + -136.657 = -35.2426 over 770 frames.
420c0205_noisy REGULATORS ARE <UNK> AN EIGHTEEN PERCENT OF THE PAST THAT CUSTOMERS 
LOG (lattice-best-path:main():lattice-best-path.cc:99) For utterance 420c0206_noisy, best cost 71.2677 + -88.9091 = -17.6414 over 489 frames.
420c0206_noisy THE FLORIDA UTILITY COMPANY WAS HALF 
LOG (lattice-best-path:main():lattice-best-path.cc:99) For utterance 420c0207_noisy, best cost 149.362 + -221.171 = -71.8092 over 939 frames.
420c0207_noisy BUT THOSE CHARGES ARE REQUIRED TO PAY UNTIL THE NINETEEN EIGHTY EIGHT FIRST QUARTER FOR A BIGGER SHARE OF CIRCUMSTANCES 
LOG (lattice-best-path:main():lattice-best-path.cc:99) For utterance 420c0208_noisy, best cost 143.069 + -183.356 = -40.2876 over 801 frames.
420c0208_noisy LAST MONTH OVERALL GOODS PRODUCING EMPLOYMENT FELL SIXTY EIGHT THOUSAND AFTER A THIRTY TWO THOUSAND JOB RISE IN FEBRUARY 
LOG (lattice-best-path:main():lattice-best-path.cc:99) For utterance 420c0209_noisy, best cost 109.76 + -165.454 = -55.6948 over 750 frames.
420c0209_noisy THE DEPARTMENT SAID THE DECLINE IN FACTORY JOBS TRADING ELECTRICAL AND ELECTRONIC 
LOG (lattice-best-path:main():lattice-best-path.cc:99) For utterance 420c020a_noisy, best cost 109.841 + -167.087 = -57.2452 over 691 frames.
420c020a_noisy CONSTRUCTION EMPLOYMENT FELL FORTY SEVEN THOUSAND AFTER A FIFTEEN THOUSAND JOB DECLINE 
LOG (lattice-best-path:main():lattice-best-path.cc:99) For utterance 420c020b_noisy, best cost 140.643 + -218.308 = -77.6652 over 884 frames.
420c020b_noisy MINING EMPLOYMENT WHICH INCLUDES THE OIL AND GAS EXTRACTION INDUSTRY THREE THOUSAND AFTER A ONE THOUSAND JOBS 
LOG (lattice-best-path:main():lattice-best-path.cc:99) For utterance 420c020c_noisy, best cost 136.416 + -219.644 = -83.2276 over 944 frames.
420c020c_noisy INTERNATIONAL MOBILE MACHINES CORPORATION SOLD ONE MILLION SHARES OF TWO DOLLAR AND FIFTY CENTS PREFERRED AT TWENTY FIVE DOLLARS EACH 
LOG (lattice-best-path:main():lattice-best-path.cc:99) For utterance 420c020d_noisy, best cost 34.5069 + -83.9565 = -49.4497 over 481 frames.
420c020d_noisy FOR THE YEAR 
LOG (lattice-best-path:main():lattice-best-path.cc:99) For utterance 420c020e_noisy, best cost 55.7836 + -152.432 = -96.6481 over 981 frames.
420c020e_noisy THE STOCKS HE ADDED 
LOG (lattice-best-path:main():lattice-best-path.cc:99) For utterance 420c020f_noisy, best cost 18.2833 + -103.396 = -85.1132 over 559 frames.
420c020f_noisy WATCH 
LOG (lattice-best-path:main():lattice-best-path.cc:99) For utterance 420c020g_noisy, best cost 34.7027 + -121.061 = -86.3588 over 633 frames.
420c020g_noisy <UNK> 
LOG (lattice-best-path:main():lattice-best-path.cc:99) For utterance 420c020h_noisy, best cost 44.3148 + -161.406 = -117.091 over 845 frames.
420c020h_noisy <UNK> 
LOG (lattice-best-path:main():lattice-best-path.cc:99) For utterance 420c020i_noisy, best cost 26.0436 + -89.9856 = -63.9419 over 506 frames.
420c020i_noisy A LOT 
LOG (lattice-best-path:main():lattice-best-path.cc:99) For utterance 420c020j_noisy, best cost 25.6955 + -88.2303 = -62.5348 over 459 frames.
420c020j_noisy A LOT 
LOG (lattice-best-path:main():lattice-best-path.cc:99) For utterance 420c020k_noisy, best cost 38.3458 + -136.861 = -98.5152 over 713 frames.
420c020k_noisy <UNK> 
LOG (lattice-best-path:main():lattice-best-path.cc:99) For utterance 420c020l_noisy, best cost 24.0449 + -134.162 = -110.117 over 658 frames.
420c020l_noisy A LOT 
LOG (lattice-best-path:main():lattice-best-path.cc:99) For utterance 420c020m_noisy, best cost 46.7807 + -168.57 = -121.79 over 934 frames.
420c020m_noisy <UNK> 
LOG (lattice-best-path:main():lattice-best-path.cc:99) For utterance 420c020n_noisy, best cost 33.1062 + -102.7 = -69.5941 over 574 frames.
420c020n_noisy <UNK> 
LOG (lattice-best-path:main():lattice-best-path.cc:99) For utterance 420c020o_noisy, best cost 18.0601 + -72.6536 = -54.5935 over 421 frames.
420c020o_noisy WATCH 
LOG (lattice-best-path:main():lattice-best-path.cc:99) For utterance 420c020p_noisy, best cost 33.7887 + -119.532 = -85.7434 over 602 frames.
420c020p_noisy <UNK> 
LOG (lattice-best-path:main():lattice-best-path.cc:99) For utterance 420c020q_noisy, best cost 55.5978 + -227.526 = -171.928 over 1205 frames.
420c020q_noisy <UNK> 
LOG (lattice-best-path:main():lattice-best-path.cc:99) For utterance 420c020r_noisy, best cost 31.2867 + -211.99 = -180.703 over 697 frames.
420c020r_noisy A I 
LOG (lattice-best-path:main():lattice-best-path.cc:99) For utterance 420c020s_noisy, best cost 24.3552 + -216.994 = -192.639 over 632 frames.
420c020s_noisy A LOT 
LOG (lattice-best-path:main():lattice-best-path.cc:99) For utterance 420c020t_noisy, best cost 32.6544 + -286.881 = -254.226 over 813 frames.
420c020t_noisy A I 
LOG (lattice-best-path:main():lattice-best-path.cc:99) For utterance 420c020u_noisy, best cost 27.3551 + -226.482 = -199.127 over 804 frames.
420c020u_noisy A LAW 
LOG (lattice-best-path:main():lattice-best-path.cc:99) For utterance 420c020v_noisy, best cost 29.2366 + -221.211 = -191.974 over 1057 frames.
420c020v_noisy A LOT 
LOG (lattice-best-path:main():lattice-best-path.cc:99) For utterance 420c020w_noisy, best cost 29.547 + -148.327 = -118.78 over 623 frames.
420c020w_noisy A LAW <UNK> 
LOG (lattice-best-path:main():lattice-best-path.cc:99) For utterance 420c020x_noisy, best cost 25.1861 + -116.413 = -91.227 over 610 frames.
420c020x_noisy A LOT 
LOG (lattice-best-path:main():lattice-best-path.cc:99) For utterance 420c020y_noisy, best cost 41.3775 + -149.179 = -107.801 over 790 frames.
420c020y_noisy <UNK> 
LOG (lattice-best-path:main():lattice-best-path.cc:99) For utterance 420c020z_noisy, best cost 27.1723 + -190.572 = -163.399 over 741 frames.
420c020z_noisy A LOT 
LOG (lattice-best-path:main():lattice-best-path.cc:99) For utterance 420c0210_noisy, best cost 25.0852 + -126.638 = -101.553 over 608 frames.
420c0210_noisy A LAW 
LOG (lattice-best-path:main():lattice-best-path.cc:99) For utterance 420c0211_noisy, best cost 27.6138 + -117.738 = -90.1238 over 548 frames.
420c0211_noisy A LOT 
LOG (lattice-best-path:main():lattice-best-path.cc:99) For utterance 420c0212_noisy, best cost 26.4876 + -153.322 = -126.835 over 648 frames.
420c0212_noisy A LOT 
LOG (lattice-best-path:main():lattice-best-path.cc:99) For utterance 420c0213_noisy, best cost 38.6355 + -123.059 = -84.4231 over 689 frames.
420c0213_noisy <UNK> 
LOG (lattice-best-path:main():lattice-best-path.cc:99) For utterance 420c0214_noisy, best cost 49.5165 + -172.064 = -122.548 over 1008 frames.
420c0214_noisy <UNK> 
LOG (lattice-best-path:main():lattice-best-path.cc:99) For utterance 421c0201_noisy, best cost 160.372 + -218.502 = -58.1308 over 1320 frames.
421c0201_noisy UNDERWRITERS LED BY MERRILL LYNCH CAPITAL MARKETS TENTATIVELY PRICED A ONE HUNDRED EIGHTY SIX HE SAID THE HEALTHY MARKET CRASH HE 
LOG (lattice-best-path:main():lattice-best-path.cc:99) For utterance 421c0202_noisy, best cost 35.5994 + -97.7868 = -62.1874 over 610 frames.
421c0202_noisy SHE SAYS 
LOG (lattice-best-path:main():lattice-best-path.cc:99) For utterance 421c0203_noisy, best cost 73.8488 + -151.09 = -77.2412 over 921 frames.
421c0203_noisy YIELDS RANGE FROM A NINETEEN EIGHTY SEVEN 
LOG (lattice-best-path:main():lattice-best-path.cc:99) For utterance 421c0204_noisy, best cost 51.9045 + -98.5412 = -46.6367 over 550 frames.
421c0204_noisy HE ADVOCATES OF SUCH LOANS 
LOG (lattice-best-path:main():lattice-best-path.cc:99) For utterance 421c0205_noisy, best cost 24.6496 + -61.0588 = -36.4092 over 307 frames.
421c0205_noisy THESE THINGS 
LOG (lattice-best-path:main():lattice-best-path.cc:99) For utterance 421c0206_noisy, best cost 43.2166 + -63.1584 = -19.9418 over 329 frames.
421c0206_noisy WHAT ABOUT SOUTH AFRICA 
LOG (lattice-best-path:main():lattice-best-path.cc:99) For utterance 421c0207_noisy, best cost 27.3954 + -40.2477 = -12.8523 over 224 frames.
421c0207_noisy THAT SAYS 
LOG (lattice-best-path:main():lattice-best-path.cc:99) For utterance 421c0208_noisy, best cost 53.2293 + -83.6612 = -30.4319 over 438 frames.
421c0208_noisy HE <UNK> TO THE G. M. 
LOG (lattice-best-path:main():lattice-best-path.cc:99) For utterance 421c0209_noisy, best cost 73.8592 + -110.651 = -36.7922 over 656 frames.
421c0209_noisy ONE INVESTMENT OFFICER SAYS HE THOUGHT 
LOG (lattice-best-path:main():lattice-best-path.cc:99) For utterance 421c020a_noisy, best cost 54.2632 + -84.9368 = -30.6736 over 460 frames.
421c020a_noisy HE BECAME A SHARE HE SAID 
LOG (lattice-best-path:main():lattice-best-path.cc:99) For utterance 421c020b_noisy, best cost 63.3434 + -89.8524 = -26.509 over 519 frames.
421c020b_noisy SEPARATELY SHOW HOW WELL HE SAID 
LOG (lattice-best-path:main():lattice-best-path.cc:99) For utterance 421c020c_noisy, best cost 120.135 + -181.68 = -61.5442 over 958 frames.
421c020c_noisy OCCIDENTAL PETROLEUM REACH TWENTY THREE PERCENT OF THE COMPANY WOULD HAVE LOST MONEY 
LOG (lattice-best-path:main():lattice-best-path.cc:99) For utterance 421c020d_noisy, best cost 104.96 + -152.94 = -47.9802 over 779 frames.
421c020d_noisy PHILLIPS PETROLEUM PROFIT PLUNGED SIXTY THREE PERCENT OF THE GAS PRICES 
LOG (lattice-best-path:main():lattice-best-path.cc:99) For utterance 421c020e_noisy, best cost 74.6544 + -108.51 = -33.8557 over 690 frames.
421c020e_noisy THE COMPANIES SAID THE LARGE ONE TIME 
LOG (lattice-best-path:main():lattice-best-path.cc:99) For utterance 421c020f_noisy, best cost 90.8318 + -176.424 = -85.5918 over 1167 frames.
421c020f_noisy STOCKS REBOUNDED SHARE OF SEVENTY FIVE 
LOG (lattice-best-path:main():lattice-best-path.cc:99) For utterance 421c020g_noisy, best cost 57.2125 + -159.077 = -101.864 over 958 frames.
421c020g_noisy NOW HE THOUGHT 
LOG (lattice-best-path:main():lattice-best-path.cc:99) For utterance 421c020h_noisy, best cost 18.7572 + -187.591 = -168.834 over 852 frames.
421c020h_noisy WATCH 
LOG (lattice-best-path:main():lattice-best-path.cc:99) For utterance 421c020i_noisy, best cost 40.8136 + -148.521 = -107.708 over 775 frames.
421c020i_noisy <UNK> 
LOG (lattice-best-path:main():lattice-best-path.cc:99) For utterance 421c020j_noisy, best cost 43.9391 + -150.841 = -106.902 over 857 frames.
421c020j_noisy <UNK> 
LOG (lattice-best-path:main():lattice-best-path.cc:99) For utterance 421c020k_noisy, best cost 30.9233 + -71.3371 = -40.4139 over 353 frames.
421c020k_noisy HERE 
LOG (lattice-best-path:main():lattice-best-path.cc:99) For utterance 421c020l_noisy, best cost 46.2477 + -171.3 = -125.053 over 934 frames.
421c020l_noisy <UNK> 
LOG (lattice-best-path:main():lattice-best-path.cc:99) For utterance 421c020m_noisy, best cost 59.3148 + -184.838 = -125.523 over 971 frames.
421c020m_noisy I THINK 
LOG (lattice-best-path:main():lattice-best-path.cc:99) For utterance 421c020n_noisy, best cost 50.5325 + -198.352 = -147.819 over 1025 frames.
421c020n_noisy <UNK> <UNK> 
LOG (lattice-best-path:main():lattice-best-path.cc:99) For utterance 421c020o_noisy, best cost 32.8593 + -191.387 = -158.528 over 983 frames.
421c020o_noisy WATCH 
LOG (lattice-best-path:main():lattice-best-path.cc:99) For utterance 421c020p_noisy, best cost 54.4964 + -216.776 = -162.279 over 1125 frames.
421c020p_noisy <UNK> <UNK> 
LOG (lattice-best-path:main():lattice-best-path.cc:99) For utterance 421c020q_noisy, best cost 42.5732 + -171.819 = -129.246 over 925 frames.
421c020q_noisy <UNK> 
LOG (lattice-best-path:main():lattice-best-path.cc:99) For utterance 421c020r_noisy, best cost 29.3935 + -286.519 = -257.126 over 1073 frames.
421c020r_noisy A LOT 
LOG (lattice-best-path:main():lattice-best-path.cc:99) For utterance 421c020s_noisy, best cost 27.2337 + -242.856 = -215.622 over 794 frames.
421c020s_noisy A LAW 
LOG (lattice-best-path:main():lattice-best-path.cc:99) For utterance 421c020t_noisy, best cost 27.3445 + -235.177 = -207.832 over 727 frames.
421c020t_noisy A LOT 
LOG (lattice-best-path:main():lattice-best-path.cc:99) For utterance 421c020u_noisy, best cost 28.8956 + -129.902 = -101.006 over 490 frames.
421c020u_noisy A I 
LOG (lattice-best-path:main():lattice-best-path.cc:99) For utterance 421c020v_noisy, best cost 21.2848 + -67.5154 = -46.2307 over 279 frames.
421c020v_noisy A LAW 
LOG (lattice-best-path:main():lattice-best-path.cc:99) For utterance 421c020w_noisy, best cost 34.0449 + -226.79 = -192.745 over 953 frames.
421c020w_noisy A LOT 
LOG (lattice-best-path:main():lattice-best-path.cc:99) For utterance 421c020x_noisy, best cost 27.7972 + -123.642 = -95.8445 over 600 frames.
421c020x_noisy A LOT 
LOG (lattice-best-path:main():lattice-best-path.cc:99) For utterance 421c020y_noisy, best cost 48.5588 + -189.584 = -141.025 over 1052 frames.
421c020y_noisy <UNK> 
LOG (lattice-best-path:main():lattice-best-path.cc:99) For utterance 421c020z_noisy, best cost 27.5331 + -158.723 = -131.19 over 818 frames.
421c020z_noisy A LOT 
LOG (lattice-best-path:main():lattice-best-path.cc:99) For utterance 421c0210_noisy, best cost 17.6925 + -182.271 = -164.579 over 846 frames.
421c0210_noisy A 
LOG (lattice-best-path:main():lattice-best-path.cc:99) For utterance 421c0211_noisy, best cost 28.137 + -136.314 = -108.177 over 680 frames.
421c0211_noisy A LOT 
LOG (lattice-best-path:main():lattice-best-path.cc:99) For utterance 421c0212_noisy, best cost 26.8179 + -84.4758 = -57.6579 over 452 frames.
421c0212_noisy <UNK> 
LOG (lattice-best-path:main():lattice-best-path.cc:99) For utterance 421c0213_noisy, best cost 23.5957 + -67.3268 = -43.731 over 357 frames.
421c0213_noisy <UNK> 
LOG (lattice-best-path:main():lattice-best-path.cc:99) For utterance 421c0214_noisy, best cost 27.1116 + -74.3091 = -47.1974 over 432 frames.
421c0214_noisy <UNK> 
LOG (lattice-best-path:main():lattice-best-path.cc:99) For utterance 422c0201_noisy, best cost 102.452 + -180.618 = -78.1662 over 897 frames.
422c0201_noisy A N. A. S. D. P.'S SHORT INTEREST FIGURES FOR THE FIRST MONTH <UNK> 
LOG (lattice-best-path:main():lattice-best-path.cc:99) For utterance 422c0202_noisy, best cost 65.7025 + -113.217 = -47.5144 over 720 frames.
422c0202_noisy INVESTORS ARE THINKING OF SELLING 
LOG (lattice-best-path:main():lattice-best-path.cc:99) For utterance 422c0203_noisy, best cost 80.7133 + -103.6 = -22.8871 over 522 frames.
422c0203_noisy ALLOW THE SALE FOR A SMALL INVESTORS EXPECT 
LOG (lattice-best-path:main():lattice-best-path.cc:99) For utterance 422c0204_noisy, best cost 79.4204 + -118.576 = -39.156 over 662 frames.
422c0204_noisy INVESTORS EXPECT PROFIT RISE REAL THING 
LOG (lattice-best-path:main():lattice-best-path.cc:99) For utterance 422c0205_noisy, best cost 113.571 + -138.212 = -24.6412 over 883 frames.
422c0205_noisy <UNK> FINANCIAL SERVICES THEORY THEORY TRANSACTION ON MARCH EIGHTH 
LOG (lattice-best-path:main():lattice-best-path.cc:99) For utterance 422c0206_noisy, best cost 77.7789 + -110.192 = -32.4134 over 642 frames.
422c0206_noisy BOTH COMPANIES SAID THEY ENDED NEARLY A THIRD YEAR 
LOG (lattice-best-path:main():lattice-best-path.cc:99) For utterance 422c0207_noisy, best cost 52.5384 + -61.4044 = -8.86591 over 302 frames.
422c0207_noisy CREDITORS SAVINGS BASES 
LOG (lattice-best-path:main():lattice-best-path.cc:99) For utterance 422c0208_noisy, best cost 56.6425 + -61.6948 = -5.05228 over 340 frames.
422c0208_noisy THE VOTERS HERE AND FLIGHT <UNK> 
LOG (lattice-best-path:main():lattice-best-path.cc:99) For utterance 422c0209_noisy, best cost 29.9432 + -47.4549 = -17.5117 over 326 frames.
422c0209_noisy SAYS <UNK> 
LOG (lattice-best-path:main():lattice-best-path.cc:99) For utterance 422c020a_noisy, best cost 17.4759 + -28.6947 = -11.2188 over 185 frames.
422c020a_noisy <UNK> <UNK> 
LOG (lattice-best-path:main():lattice-best-path.cc:99) For utterance 422c020b_noisy, best cost 18.1416 + -30.727 = -12.5854 over 206 frames.
422c020b_noisy <UNK> 
LOG (lattice-best-path:main():lattice-best-path.cc:99) For utterance 422c020c_noisy, best cost 73.225 + -80.561 = -7.33605 over 376 frames.
422c020c_noisy TRADERS IN NEW YORK OR TOKYO BASED BANK AGREES 
LOG (lattice-best-path:main():lattice-best-path.cc:99) For utterance 422c020d_noisy, best cost 80.0229 + -102.265 = -22.2421 over 475 frames.
422c020d_noisy EVEN JAPANESE THOUSAND DOLLARS IS AVAILABLE HE SAYS 
LOG (lattice-best-path:main():lattice-best-path.cc:99) For utterance 422c020e_noisy, best cost 74.7827 + -100.225 = -25.4424 over 487 frames.
422c020e_noisy THE TREND IS INEVITABLE UNLESS THE GOVERNMENT AUTHORITIES 
LOG (lattice-best-path:main():lattice-best-path.cc:99) For utterance 422c020f_noisy, best cost 52.4 + -57.1781 = -4.77818 over 285 frames.
422c020f_noisy EVERYTHING IS DONE HE SAID YESTERDAY 
LOG (lattice-best-path:main():lattice-best-path.cc:99) For utterance 422c020g_noisy, best cost 60.3899 + -62.8732 = -2.48331 over 338 frames.
422c020g_noisy MOST IMPORTANT HE SAID HIS COMPANY OF ITALY 
LOG (lattice-best-path:main():lattice-best-path.cc:99) For utterance 422c020h_noisy, best cost 134.752 + -171.185 = -36.433 over 737 frames.
422c020h_noisy FORD'S EFFORTS DREXEL HAD GREAT WESTERN UNION'S PROXY STATEMENT TWENTY FOUR MILLION DOLLARS 
LOG (lattice-best-path:main():lattice-best-path.cc:99) For utterance 422c020i_noisy, best cost 83.1012 + -100.155 = -17.0536 over 448 frames.
422c020i_noisy TRADERS SAID THE REASON FOR THE FIRST EVER FOR THE DOLLAR 
LOG (lattice-best-path:main():lattice-best-path.cc:99) For utterance 422c020j_noisy, best cost 95.8876 + -144.529 = -48.6418 over 713 frames.
422c020j_noisy THE DOLLAR STILL THINK THE LAW CREATING SHEARSON LEHMAN BROTHERS INCORPORATED 
LOG (lattice-best-path:main():lattice-best-path.cc:99) For utterance 422c020k_noisy, best cost 76.7341 + -117.914 = -41.1798 over 720 frames.
422c020k_noisy A LIKELY CANDIDATE FOR CURRENCY RESERVES OFFERS 
LOG (lattice-best-path:main():lattice-best-path.cc:99) For utterance 422c020l_noisy, best cost 38.5033 + -117.937 = -79.434 over 574 frames.
422c020l_noisy WAS THIN 
LOG (lattice-best-path:main():lattice-best-path.cc:99) For utterance 422c020m_noisy, best cost 17.9776 + -76.035 = -58.0574 over 370 frames.
422c020m_noisy WATCH 
LOG (lattice-best-path:main():lattice-best-path.cc:99) For utterance 422c020n_noisy, best cost 21.6987 + -101.046 = -79.3474 over 492 frames.
422c020n_noisy WATCH 
LOG (lattice-best-path:main():lattice-best-path.cc:99) For utterance 422c020o_noisy, best cost 27.8568 + -89.5712 = -61.7144 over 586 frames.
422c020o_noisy WATCH 
LOG (lattice-best-path:main():lattice-best-path.cc:99) For utterance 422c020p_noisy, best cost 42.1408 + -134.729 = -92.5886 over 781 frames.
422c020p_noisy BOTH <UNK> 
LOG (lattice-best-path:main():lattice-best-path.cc:99) For utterance 422c020q_noisy, best cost 39.3707 + -150.173 = -110.803 over 757 frames.
422c020q_noisy BOTH <UNK> 
LOG (lattice-best-path:main():lattice-best-path.cc:99) For utterance 422c020r_noisy, best cost 42.1616 + -135.49 = -93.3284 over 692 frames.
422c020r_noisy <UNK> GROWTH 
LOG (lattice-best-path:main():lattice-best-path.cc:99) For utterance 422c020s_noisy, best cost 46.6202 + -172.016 = -125.395 over 710 frames.
422c020s_noisy A I THINK 
LOG (lattice-best-path:main():lattice-best-path.cc:99) For utterance 422c020t_noisy, best cost 36.6926 + -99.4892 = -62.7966 over 395 frames.
422c020t_noisy THINGS 
LOG (lattice-best-path:main():lattice-best-path.cc:99) For utterance 422c020u_noisy, best cost 62.428 + -184.383 = -121.955 over 875 frames.
422c020u_noisy THINGS 
LOG (lattice-best-path:main():lattice-best-path.cc:99) For utterance 422c020v_noisy, best cost 30.9007 + -139.773 = -108.872 over 667 frames.
422c020v_noisy A LAW <UNK> 
LOG (lattice-best-path:main():lattice-best-path.cc:99) For utterance 422c020w_noisy, best cost 40.6833 + -129.218 = -88.5351 over 673 frames.
422c020w_noisy <UNK> WITH <UNK> 
LOG (lattice-best-path:main():lattice-best-path.cc:99) For utterance 422c020x_noisy, best cost 36.36 + -128.334 = -91.9737 over 713 frames.
422c020x_noisy <UNK> 
LOG (lattice-best-path:main():lattice-best-path.cc:99) For utterance 422c020y_noisy, best cost 45.3758 + -166.056 = -120.68 over 926 frames.
422c020y_noisy BOTH <UNK> 
LOG (lattice-best-path:main():lattice-best-path.cc:99) For utterance 422c020z_noisy, best cost 33.3543 + -282.605 = -249.251 over 876 frames.
422c020z_noisy A I 
LOG (lattice-best-path:main():lattice-best-path.cc:99) For utterance 422c0210_noisy, best cost 27.5787 + -136.435 = -108.856 over 376 frames.
422c0210_noisy A I 
LOG (lattice-scale:main():lattice-scale.cc:90) Done 410 lattices.
LOG (lattice-best-path:main():lattice-best-path.cc:99) For utterance 422c0211_noisy, best cost 23.7221 + -166.045 = -142.323 over 490 frames.
422c0211_noisy A LAW 
LOG (lattice-best-path:main():lattice-best-path.cc:99) For utterance 422c0212_noisy, best cost 24.2229 + -208.473 = -184.25 over 629 frames.
422c0212_noisy A LOT 
LOG (lattice-best-path:main():lattice-best-path.cc:99) For utterance 422c0213_noisy, best cost 21.6544 + -78.7609 = -57.1065 over 311 frames.
422c0213_noisy A LAW 
LOG (lattice-best-path:main():lattice-best-path.cc:99) For utterance 422c0214_noisy, best cost 21.2444 + -70.0477 = -48.8033 over 275 frames.
422c0214_noisy A LAW 
LOG (lattice-add-penalty:main():lattice-add-penalty.cc:62) Done adding word insertion penalty to 410 lattices.
LOG (lattice-best-path:main():lattice-best-path.cc:99) For utterance 422c0215_noisy, best cost 36.4037 + -124.345 = -87.9414 over 664 frames.
422c0215_noisy <UNK> 
LOG (lattice-best-path:main():lattice-best-path.cc:99) For utterance 422c0216_noisy, best cost 27.7405 + -132.535 = -104.795 over 550 frames.
422c0216_noisy A LAW <UNK> 
LOG (lattice-best-path:main():lattice-best-path.cc:124) Overall cost per frame is -0.140606 = 0.0705179 [graph] + -0.211124 [acoustic] over 275859 frames.
LOG (lattice-best-path:main():lattice-best-path.cc:128) Done 410 lattices, failed for 0
# Accounting: time=2 threads=1
# Ended (code 0) at Mon Feb 27 09:19:34 GMT 2017, elapsed time 2 seconds
