# lattice-scale --inv-acoustic-scale=9 "ark:gunzip -c exp_augmented/nnet2_online/nnet_a_gpu_fast_online/decode_dt05_noisy/lat.*.gz|" ark:- | lattice-add-penalty --word-ins-penalty=1.0 ark:- ark:- | lattice-best-path --word-symbol-table=exp_augmented/tri4a/graph/words.txt ark:- ark,t:- | utils/int2sym.pl -f 2- exp_augmented/tri4a/graph/words.txt | local/wer_hyp_filter > exp_augmented/nnet2_online/nnet_a_gpu_fast_online/decode_dt05_noisy/scoring_kaldi/penalty_1.0/9.txt 
# Started at Mon Feb 27 09:19:36 GMT 2017
#
lattice-best-path --word-symbol-table=exp_augmented/tri4a/graph/words.txt ark:- ark,t:- 
lattice-scale --inv-acoustic-scale=9 'ark:gunzip -c exp_augmented/nnet2_online/nnet_a_gpu_fast_online/decode_dt05_noisy/lat.*.gz|' ark:- 
lattice-add-penalty --word-ins-penalty=1.0 ark:- ark:- 
LOG (lattice-best-path:main():lattice-best-path.cc:99) For utterance 050c0101_noisy, best cost 46.2464 + -292.033 = -245.787 over 761 frames.
050c0101_noisy A LAWYER 
LOG (lattice-best-path:main():lattice-best-path.cc:99) For utterance 050c0102_noisy, best cost 49.7489 + -330.07 = -280.321 over 858 frames.
050c0102_noisy HERE 
LOG (lattice-best-path:main():lattice-best-path.cc:99) For utterance 050c0103_noisy, best cost 38.6761 + -276.532 = -237.856 over 716 frames.
050c0103_noisy <UNK> 
LOG (lattice-best-path:main():lattice-best-path.cc:99) For utterance 050c0104_noisy, best cost 46.4305 + -340.655 = -294.225 over 897 frames.
050c0104_noisy <UNK> 
LOG (lattice-best-path:main():lattice-best-path.cc:99) For utterance 050c0105_noisy, best cost 45.8963 + -258.243 = -212.347 over 734 frames.
050c0105_noisy BOTH 
LOG (lattice-best-path:main():lattice-best-path.cc:99) For utterance 050c0106_noisy, best cost 37.4707 + -192.76 = -155.289 over 534 frames.
050c0106_noisy BOTH 
LOG (lattice-best-path:main():lattice-best-path.cc:99) For utterance 050c0107_noisy, best cost 39.58 + -314.223 = -274.643 over 936 frames.
050c0107_noisy HE SAYS 
LOG (lattice-best-path:main():lattice-best-path.cc:99) For utterance 050c0108_noisy, best cost 41.3112 + -226.027 = -184.715 over 608 frames.
050c0108_noisy BOTH <UNK> 
LOG (lattice-best-path:main():lattice-best-path.cc:99) For utterance 050c0109_noisy, best cost 36.4194 + -231.708 = -195.289 over 638 frames.
050c0109_noisy <UNK> 
LOG (lattice-best-path:main():lattice-best-path.cc:99) For utterance 050c010a_noisy, best cost 25.292 + -126.164 = -100.872 over 361 frames.
050c010a_noisy <UNK> 
LOG (lattice-best-path:main():lattice-best-path.cc:99) For utterance 050c010b_noisy, best cost 44.5436 + -258.236 = -213.692 over 763 frames.
050c010b_noisy HE SAID 
LOG (lattice-best-path:main():lattice-best-path.cc:99) For utterance 050c010c_noisy, best cost 22.5602 + -161.969 = -139.409 over 542 frames.
050c010c_noisy FOR YEARS 
LOG (lattice-best-path:main():lattice-best-path.cc:99) For utterance 050c010d_noisy, best cost 38.436 + -275.12 = -236.684 over 639 frames.
050c010d_noisy <UNK> <UNK> SHARES 
LOG (lattice-best-path:main():lattice-best-path.cc:99) For utterance 050c010e_noisy, best cost 22.9718 + -266.316 = -243.344 over 763 frames.
050c010e_noisy FOR YEARS 
LOG (lattice-best-path:main():lattice-best-path.cc:99) For utterance 050c010f_noisy, best cost 20.1044 + -251.923 = -231.819 over 613 frames.
050c010f_noisy FEES 
LOG (lattice-best-path:main():lattice-best-path.cc:99) For utterance 050c010g_noisy, best cost 24.0344 + -354.524 = -330.49 over 681 frames.
050c010g_noisy WAS 
LOG (lattice-best-path:main():lattice-best-path.cc:99) For utterance 050c010h_noisy, best cost 23.6043 + -475.941 = -452.336 over 1024 frames.
050c010h_noisy WAS <UNK> 
LOG (lattice-best-path:main():lattice-best-path.cc:99) For utterance 050c010i_noisy, best cost 25.7624 + -196.419 = -170.657 over 547 frames.
050c010i_noisy WATCH 
LOG (lattice-best-path:main():lattice-best-path.cc:99) For utterance 050c010j_noisy, best cost 29.4519 + -177.804 = -148.352 over 470 frames.
050c010j_noisy <UNK> 
LOG (lattice-best-path:main():lattice-best-path.cc:99) For utterance 050c010k_noisy, best cost 38.8545 + -266.014 = -227.159 over 710 frames.
050c010k_noisy <UNK> 
LOG (lattice-best-path:main():lattice-best-path.cc:99) For utterance 050c010l_noisy, best cost 34.7827 + -226.664 = -191.882 over 612 frames.
050c010l_noisy <UNK> 
LOG (lattice-best-path:main():lattice-best-path.cc:99) For utterance 050c010m_noisy, best cost 89.3475 + -510.226 = -420.878 over 1194 frames.
050c010m_noisy HE'LL THEME 
LOG (lattice-best-path:main():lattice-best-path.cc:99) For utterance 050c010n_noisy, best cost 52.3329 + -287.364 = -235.031 over 638 frames.
050c010n_noisy THIN 
LOG (lattice-best-path:main():lattice-best-path.cc:99) For utterance 050c010o_noisy, best cost 37.4149 + -261.298 = -223.883 over 649 frames.
050c010o_noisy <UNK> WILL 
LOG (lattice-best-path:main():lattice-best-path.cc:99) For utterance 050c010p_noisy, best cost 32.6856 + -197.179 = -164.494 over 460 frames.
050c010p_noisy <UNK> WILL 
LOG (lattice-best-path:main():lattice-best-path.cc:99) For utterance 050c010q_noisy, best cost 25.1639 + -95.7703 = -70.6064 over 233 frames.
050c010q_noisy SALE 
LOG (lattice-best-path:main():lattice-best-path.cc:99) For utterance 050c010r_noisy, best cost 38.1061 + -381.831 = -343.725 over 861 frames.
050c010r_noisy <UNK> THINGS 
LOG (lattice-best-path:main():lattice-best-path.cc:99) For utterance 050c010s_noisy, best cost 29.976 + -205.891 = -175.915 over 494 frames.
050c010s_noisy <UNK> WILL 
LOG (lattice-best-path:main():lattice-best-path.cc:99) For utterance 050c010t_noisy, best cost 20.4696 + -281.422 = -260.952 over 687 frames.
050c010t_noisy <UNK> 
LOG (lattice-best-path:main():lattice-best-path.cc:99) For utterance 050c010u_noisy, best cost 18.4738 + -412.304 = -393.83 over 1035 frames.
050c010u_noisy <UNK> 
LOG (lattice-best-path:main():lattice-best-path.cc:99) For utterance 050c010v_noisy, best cost 20.4612 + -312.887 = -292.426 over 696 frames.
050c010v_noisy WATCH 
LOG (lattice-best-path:main():lattice-best-path.cc:99) For utterance 050c010w_noisy, best cost 25.3006 + -236.54 = -211.24 over 453 frames.
050c010w_noisy A LAW 
LOG (lattice-best-path:main():lattice-best-path.cc:99) For utterance 050c010x_noisy, best cost 24.2834 + -122.515 = -98.2321 over 309 frames.
050c010x_noisy ALLIED 
LOG (lattice-best-path:main():lattice-best-path.cc:99) For utterance 050c010y_noisy, best cost 59.7194 + -479.539 = -419.819 over 1243 frames.
050c010y_noisy <UNK> 
LOG (lattice-best-path:main():lattice-best-path.cc:99) For utterance 050c010z_noisy, best cost 37.1519 + -227.149 = -189.998 over 604 frames.
050c010z_noisy ALLIED <UNK> 
LOG (lattice-best-path:main():lattice-best-path.cc:99) For utterance 050c0110_noisy, best cost 36.6311 + -335.611 = -298.98 over 893 frames.
050c0110_noisy THOUGH 
LOG (lattice-best-path:main():lattice-best-path.cc:99) For utterance 050c0111_noisy, best cost 38.7677 + -262.691 = -223.924 over 710 frames.
050c0111_noisy <UNK> 
LOG (lattice-best-path:main():lattice-best-path.cc:99) For utterance 050c0112_noisy, best cost 32.4868 + -213.648 = -181.161 over 501 frames.
050c0112_noisy A LAW 
LOG (lattice-best-path:main():lattice-best-path.cc:99) For utterance 050c0113_noisy, best cost 26.225 + -258.899 = -232.674 over 670 frames.
050c0113_noisy THOUGH 
LOG (lattice-best-path:main():lattice-best-path.cc:99) For utterance 050c0114_noisy, best cost 39.0423 + -250.186 = -211.144 over 658 frames.
050c0114_noisy <UNK> THOUGH 
LOG (lattice-best-path:main():lattice-best-path.cc:99) For utterance 050c0115_noisy, best cost 37.3826 + -285.159 = -247.777 over 748 frames.
050c0115_noisy THE SALE 
LOG (lattice-best-path:main():lattice-best-path.cc:99) For utterance 050c0116_noisy, best cost 26.4924 + -127.842 = -101.35 over 325 frames.
050c0116_noisy ALLIED 
LOG (lattice-best-path:main():lattice-best-path.cc:99) For utterance 423c0201_noisy, best cost 127.449 + -254.89 = -127.441 over 552 frames.
423c0201_noisy TAXPAYERS OF THE CHIEF ADVANTAGE OF A BETTER CREDIT CARDS WOULD BE EXCHANGES 
LOG (lattice-best-path:main():lattice-best-path.cc:99) For utterance 423c0202_noisy, best cost 125.597 + -267.278 = -141.681 over 529 frames.
423c0202_noisy PAYMENTS CHARGED AS LATE AS APRIL FIFTEENTH WOULD BE THE I. R. S. SAYS 
LOG (lattice-best-path:main():lattice-best-path.cc:99) For utterance 423c0203_noisy, best cost 184.348 + -360.595 = -176.247 over 872 frames.
423c0203_noisy THE CASE TWO YEARS GENERALLY WOULD HAVE ANOTHER MONTH OF CREDIT CARD BILLS CAME TO ZERO FOR TOP MANAGERS 
LOG (lattice-best-path:main():lattice-best-path.cc:99) For utterance 423c0204_noisy, best cost 104.068 + -226.879 = -122.811 over 534 frames.
423c0204_noisy E. SOUTH OF ONLY TWO JAPANESE COMPANIES WERE HIGHER SALES 
LOG (lattice-best-path:main():lattice-best-path.cc:99) For utterance 423c0205_noisy, best cost 94.5952 + -252.932 = -158.337 over 511 frames.
423c0205_noisy THE OTHER WAS MITSUBISHI MOTORS CORPORATION'S U. S. SALES OPERATIONS 
LOG (lattice-best-path:main():lattice-best-path.cc:99) For utterance 423c0206_noisy, best cost 246.778 + -509.086 = -262.308 over 1034 frames.
423c0206_noisy BOTH COMPANIES OFFERED DEALERS CASH INCENTIVES DURING THE MONTH BE SOFT THREE OF ITS FAST SELLING CARS AND MITSUBISHI ON ALTHOUGH <UNK> ADDS 
LOG (lattice-best-path:main():lattice-best-path.cc:99) For utterance 423c0207_noisy, best cost 144.579 + -314.253 = -169.673 over 619 frames.
423c0207_noisy REPRESENTATIVES FOR THE TWO IMPORTERS SAID THE PROGRAMS OF <UNK> NEW INCENTIVES HAPPENS 
LOG (lattice-best-path:main():lattice-best-path.cc:99) For utterance 423c0208_noisy, best cost 97.4679 + -219.099 = -121.631 over 389 frames.
423c0208_noisy PEOPLE DON'T VOTE PRIMARILY ON THE BASIS OF ISSUES HE SAYS 
LOG (lattice-best-path:main():lattice-best-path.cc:99) For utterance 423c0209_noisy, best cost 67.6063 + -130.783 = -63.1771 over 286 frames.
423c0209_noisy THEY VOTE ON A SENSE OF LEADERSHIP 
LOG (lattice-best-path:main():lattice-best-path.cc:99) For utterance 423c020a_noisy, best cost 127.735 + -237.012 = -109.277 over 572 frames.
423c020a_noisy IT WON INDEPENDENCE SEE US AS DIRECTION OF CURRENCIES FRIDAY THINGS 
LOG (lattice-best-path:main():lattice-best-path.cc:99) For utterance 423c020b_noisy, best cost 96.0354 + -204.485 = -108.449 over 461 frames.
423c020b_noisy MY POSITION ON CONTRA AID IS ON <UNK> BOTH ACTIONS 
LOG (lattice-best-path:main():lattice-best-path.cc:99) For utterance 423c020c_noisy, best cost 218.561 + -465.944 = -247.384 over 918 frames.
423c020c_noisy PRIOR TO THE FILING THE COMPANY SAID IT HAD BEEN ATTEMPTING TO SETTLE ITS STAFF WITH CREDITORS AND TO GAIN ADDITIONAL BANK FINANCING TO CONTINUE GROWING OPERATIONS 
LOG (lattice-best-path:main():lattice-best-path.cc:99) For utterance 423c020d_noisy, best cost 82.1081 + -189.461 = -107.353 over 341 frames.
423c020d_noisy <UNK> ALL SETTLEMENT TALKS C. STAFF FILES 
LOG (lattice-best-path:main():lattice-best-path.cc:99) For utterance 423c020e_noisy, best cost 113.778 + -326.554 = -212.776 over 610 frames.
423c020e_noisy THE COMPANY SAID IT HASN'T BEEN ABLE TO OBTAIN THE BANK FINANCING FOR THE CONTINUING OPERATIONS 
LOG (lattice-best-path:main():lattice-best-path.cc:99) For utterance 423c020f_noisy, best cost 113.402 + -253.11 = -139.707 over 599 frames.
423c020f_noisy THE COMPANY HAS THIRTY FOUR STORES THROUGHOUT THE MIDWEST AND SOUTHEAST THURSDAY'S 
LOG (lattice-best-path:main():lattice-best-path.cc:99) For utterance 423c020g_noisy, best cost 149.95 + -328.088 = -178.139 over 670 frames.
423c020g_noisy THE LATEST GOVERNMENT FIGURES <UNK> SHOW THE PRODUCER PRICE <UNK> FELL ZERO POINT TWO PERCENT LAST <UNK> 
LOG (lattice-best-path:main():lattice-best-path.cc:99) For utterance 423c020h_noisy, best cost 124.057 + -292.444 = -168.387 over 711 frames.
423c020h_noisy AFTER EXCLUDING FOOD AND ENERGY THIRD OF ALL <UNK> PRICES ROSE <UNK> THREE YEARS 
LOG (lattice-best-path:main():lattice-best-path.cc:99) For utterance 423c020i_noisy, best cost 30.2878 + -153.735 = -123.447 over 525 frames.
423c020i_noisy SOME THINGS 
LOG (lattice-best-path:main():lattice-best-path.cc:99) For utterance 423c020j_noisy, best cost 29.3344 + -164.668 = -135.333 over 458 frames.
423c020j_noisy <UNK> <UNK> THINGS 
LOG (lattice-best-path:main():lattice-best-path.cc:99) For utterance 423c020k_noisy, best cost 55.2872 + -202.139 = -146.851 over 548 frames.
423c020k_noisy <UNK> G. THINKING <UNK> 
LOG (lattice-best-path:main():lattice-best-path.cc:99) For utterance 423c020l_noisy, best cost 71.456 + -245.612 = -174.156 over 648 frames.
423c020l_noisy BOTH <UNK> CREDITORS EIGHTH <UNK> 
LOG (lattice-best-path:main():lattice-best-path.cc:99) For utterance 423c020m_noisy, best cost 27.212 + -84.05 = -56.838 over 220 frames.
423c020m_noisy <UNK> H. <UNK> 
LOG (lattice-best-path:main():lattice-best-path.cc:99) For utterance 423c020n_noisy, best cost 72.4525 + -308.602 = -236.149 over 732 frames.
423c020n_noisy <UNK> PRICES HAS A THEORY EIGHTH 
LOG (lattice-best-path:main():lattice-best-path.cc:99) For utterance 423c020o_noisy, best cost 29.4323 + -136.655 = -107.223 over 287 frames.
423c020o_noisy <UNK> YOUTH 
LOG (lattice-best-path:main():lattice-best-path.cc:99) For utterance 423c020p_noisy, best cost 39.9384 + -180.859 = -140.921 over 477 frames.
423c020p_noisy A THIN <UNK> <UNK> 
LOG (lattice-best-path:main():lattice-best-path.cc:99) For utterance 423c020q_noisy, best cost 41.5869 + -207.31 = -165.723 over 553 frames.
423c020q_noisy HE'S ESTABLISHED 
LOG (lattice-best-path:main():lattice-best-path.cc:99) For utterance 423c020r_noisy, best cost 52.7996 + -272.857 = -220.058 over 628 frames.
423c020r_noisy <UNK> <UNK> THING 
LOG (lattice-best-path:main():lattice-best-path.cc:99) For utterance 423c020s_noisy, best cost 71.2169 + -369.505 = -298.288 over 814 frames.
423c020s_noisy <UNK> THINKING EIGHTH <UNK> 
LOG (lattice-best-path:main():lattice-best-path.cc:99) For utterance 423c020t_noisy, best cost 32.6155 + -204.654 = -172.039 over 566 frames.
423c020t_noisy BOTH <UNK> 
LOG (lattice-best-path:main():lattice-best-path.cc:99) For utterance 423c020u_noisy, best cost 30.3793 + -254.038 = -223.659 over 677 frames.
423c020u_noisy BOTH <UNK> 
LOG (lattice-best-path:main():lattice-best-path.cc:99) For utterance 423c020v_noisy, best cost 34.7629 + -142.355 = -107.592 over 356 frames.
423c020v_noisy HE THOUGHT <UNK> 
LOG (lattice-best-path:main():lattice-best-path.cc:99) For utterance 423c020w_noisy, best cost 35.2228 + -198.397 = -163.174 over 512 frames.
423c020w_noisy BOTH <UNK> 
LOG (lattice-best-path:main():lattice-best-path.cc:99) For utterance 423c020x_noisy, best cost 44.3127 + -241.211 = -196.899 over 669 frames.
423c020x_noisy BOTH <UNK> <UNK> <UNK> 
LOG (lattice-best-path:main():lattice-best-path.cc:99) For utterance 423c020y_noisy, best cost 54.5167 + -331.551 = -277.034 over 975 frames.
423c020y_noisy A THIN <UNK> 
LOG (lattice-best-path:main():lattice-best-path.cc:99) For utterance 423c020z_noisy, best cost 29.4185 + -348.183 = -318.764 over 810 frames.
423c020z_noisy A LAW 
LOG (lattice-best-path:main():lattice-best-path.cc:99) For utterance 423c0210_noisy, best cost 25.9763 + -245.087 = -219.11 over 512 frames.
423c0210_noisy A LAW 
LOG (lattice-best-path:main():lattice-best-path.cc:99) For utterance 423c0211_noisy, best cost 19.866 + -148.294 = -128.428 over 398 frames.
423c0211_noisy WATCH 
LOG (lattice-best-path:main():lattice-best-path.cc:99) For utterance 423c0212_noisy, best cost 28.2924 + -323.891 = -295.599 over 712 frames.
423c0212_noisy A LAW 
LOG (lattice-best-path:main():lattice-best-path.cc:99) For utterance 423c0213_noisy, best cost 26.6313 + -169.644 = -143.013 over 403 frames.
423c0213_noisy A LOT 
LOG (lattice-best-path:main():lattice-best-path.cc:99) For utterance 423c0214_noisy, best cost 71.5273 + -369.237 = -297.71 over 1114 frames.
423c0214_noisy WAS HE THOUGHT GROWTH <UNK> 
LOG (lattice-best-path:main():lattice-best-path.cc:99) For utterance 423c0215_noisy, best cost 78.7031 + -244.074 = -165.371 over 712 frames.
423c0215_noisy THINKING EIGHTH HE THOUGHT <UNK> 
LOG (lattice-best-path:main():lattice-best-path.cc:99) For utterance 423c0216_noisy, best cost 67.0066 + -233.761 = -166.754 over 611 frames.
423c0216_noisy HE THOUGHT <UNK> WORKING WITH <UNK> 
LOG (lattice-best-path:main():lattice-best-path.cc:99) For utterance 051c0101_noisy, best cost 95.4419 + -230.936 = -135.494 over 561 frames.
051c0101_noisy A LOAD HE ADVOCATES THINK FARM POLICY 
LOG (lattice-best-path:main():lattice-best-path.cc:99) For utterance 051c0102_noisy, best cost 42.4577 + -134.133 = -91.6758 over 382 frames.
051c0102_noisy THESE U. S. 
LOG (lattice-best-path:main():lattice-best-path.cc:99) For utterance 051c0103_noisy, best cost 55.5908 + -149.226 = -93.6348 over 381 frames.
051c0103_noisy THOUGHT ABOUT SOUTH AFRICA 
LOG (lattice-best-path:main():lattice-best-path.cc:99) For utterance 051c0104_noisy, best cost 43.6383 + -145.133 = -101.494 over 342 frames.
051c0104_noisy HALF OF GROWTH 
LOG (lattice-best-path:main():lattice-best-path.cc:99) For utterance 051c0105_noisy, best cost 81.2714 + -333.036 = -251.765 over 932 frames.
051c0105_noisy THE BOND MARKET PRICES LAST MONTH 
LOG (lattice-best-path:main():lattice-best-path.cc:99) For utterance 051c0106_noisy, best cost 148.289 + -387.911 = -239.622 over 996 frames.
051c0106_noisy RE YOUR BORROWED GROWTH FOR A TEN DOLLAR ONE THOUSAND DOLLAR FACE 
LOG (lattice-best-path:main():lattice-best-path.cc:99) For utterance 051c0107_noisy, best cost 39.6958 + -211.407 = -171.711 over 545 frames.
051c0107_noisy CORPORATE BOND PRICES 
LOG (lattice-best-path:main():lattice-best-path.cc:99) For utterance 051c0108_noisy, best cost 68.433 + -190.995 = -122.562 over 550 frames.
051c0108_noisy WITH AUTHORITY WHICH IT DOES 
LOG (lattice-best-path:main():lattice-best-path.cc:99) For utterance 051c0109_noisy, best cost 55.3782 + -284.188 = -228.81 over 816 frames.
051c0109_noisy BOTH <UNK> PRIZE 
LOG (lattice-best-path:main():lattice-best-path.cc:99) For utterance 051c010a_noisy, best cost 89.8749 + -284.919 = -195.044 over 800 frames.
051c010a_noisy HE THOUGHT THE MERC THOUGHT GROWTH 
LOG (lattice-best-path:main():lattice-best-path.cc:99) For utterance 051c010b_noisy, best cost 183.453 + -594.057 = -410.604 over 1571 frames.
051c010b_noisy THE VOTE WERE DROPPED FOR ONE THING HE SAID OUR ONE HUNDRED NINETY THREE PART 
LOG (lattice-best-path:main():lattice-best-path.cc:99) For utterance 051c010c_noisy, best cost 97.945 + -240.277 = -142.332 over 667 frames.
051c010c_noisy EUROPE WILL RISE THIS YEAR SAYS <UNK> <UNK> CROP 
LOG (lattice-best-path:main():lattice-best-path.cc:99) For utterance 051c010d_noisy, best cost 127.968 + -409.087 = -281.119 over 1230 frames.
051c010d_noisy YESTERDAY'S RALLY THEME PARK BOTH <UNK> PRIZE FOR <UNK> 
LOG (lattice-best-path:main():lattice-best-path.cc:99) For utterance 051c010e_noisy, best cost 28.1248 + -256.697 = -228.572 over 698 frames.
051c010e_noisy A LAW 
LOG (lattice-best-path:main():lattice-best-path.cc:99) For utterance 051c010f_noisy, best cost 19.3367 + -256.321 = -236.984 over 592 frames.
051c010f_noisy WATCH 
LOG (lattice-best-path:main():lattice-best-path.cc:99) For utterance 051c010g_noisy, best cost 52.8854 + -382.949 = -330.063 over 919 frames.
051c010g_noisy THINK OF 
LOG (lattice-best-path:main():lattice-best-path.cc:99) For utterance 051c010h_noisy, best cost 52.1771 + -292.894 = -240.716 over 719 frames.
051c010h_noisy <UNK> THOUGHT <UNK> 
LOG (lattice-best-path:main():lattice-best-path.cc:99) For utterance 051c010i_noisy, best cost 52.9432 + -347.768 = -294.825 over 858 frames.
051c010i_noisy <UNK> BOTH 
LOG (lattice-best-path:main():lattice-best-path.cc:99) For utterance 051c010j_noisy, best cost 59.014 + -505.825 = -446.811 over 1305 frames.
051c010j_noisy BOTH 
LOG (lattice-best-path:main():lattice-best-path.cc:99) For utterance 051c010k_noisy, best cost 57.9039 + -377.822 = -319.918 over 779 frames.
051c010k_noisy THIN 
LOG (lattice-best-path:main():lattice-best-path.cc:99) For utterance 051c010l_noisy, best cost 37.7605 + -341.679 = -303.918 over 727 frames.
051c010l_noisy BOTH 
LOG (lattice-best-path:main():lattice-best-path.cc:99) For utterance 051c010m_noisy, best cost 37.9134 + -334.929 = -297.015 over 718 frames.
051c010m_noisy BOTH <UNK> 
LOG (lattice-best-path:main():lattice-best-path.cc:99) For utterance 051c010n_noisy, best cost 45.2704 + -416.083 = -370.812 over 938 frames.
051c010n_noisy <UNK> WITH <UNK> 
LOG (lattice-best-path:main():lattice-best-path.cc:99) For utterance 051c010o_noisy, best cost 51.2771 + -396.863 = -345.585 over 964 frames.
051c010o_noisy SOUTH <UNK> DEAL 
LOG (lattice-best-path:main():lattice-best-path.cc:99) For utterance 051c010p_noisy, best cost 49.5501 + -449.536 = -399.986 over 1132 frames.
051c010p_noisy <UNK> HE THOUGHT 
LOG (lattice-best-path:main():lattice-best-path.cc:99) For utterance 051c010q_noisy, best cost 26.1494 + -321.113 = -294.963 over 619 frames.
051c010q_noisy A LOT 
LOG (lattice-best-path:main():lattice-best-path.cc:99) For utterance 051c010r_noisy, best cost 31.4804 + -541.669 = -510.189 over 988 frames.
051c010r_noisy A LAW 
LOG (lattice-best-path:main():lattice-best-path.cc:99) For utterance 051c010s_noisy, best cost 32.2214 + -317.079 = -284.858 over 808 frames.
051c010s_noisy A LAW 
LOG (lattice-best-path:main():lattice-best-path.cc:99) For utterance 051c010t_noisy, best cost 19.2138 + -176.493 = -157.28 over 516 frames.
051c010t_noisy WATCH 
LOG (lattice-best-path:main():lattice-best-path.cc:99) For utterance 051c010u_noisy, best cost 27.778 + -133.853 = -106.075 over 378 frames.
051c010u_noisy A LAW <UNK> 
LOG (lattice-best-path:main():lattice-best-path.cc:99) For utterance 051c010v_noisy, best cost 56.3091 + -415.657 = -359.348 over 1095 frames.
051c010v_noisy <UNK> BOTH 
LOG (lattice-best-path:main():lattice-best-path.cc:99) For utterance 051c010w_noisy, best cost 50.3101 + -262.915 = -212.604 over 725 frames.
051c010w_noisy <UNK> HE THOUGHT 
LOG (lattice-best-path:main():lattice-best-path.cc:99) For utterance 051c010x_noisy, best cost 53.7946 + -346.247 = -292.453 over 989 frames.
051c010x_noisy <UNK> <UNK> THE <UNK> DEAL 
LOG (lattice-best-path:main():lattice-best-path.cc:99) For utterance 051c010y_noisy, best cost 52.3939 + -284.667 = -232.273 over 839 frames.
051c010y_noisy <UNK> <UNK> THOUGHT 
LOG (lattice-best-path:main():lattice-best-path.cc:99) For utterance 051c010z_noisy, best cost 25.6836 + -214.97 = -189.287 over 557 frames.
051c010z_noisy A LOT 
LOG (lattice-best-path:main():lattice-best-path.cc:99) For utterance 051c0110_noisy, best cost 49.5147 + -232.056 = -182.542 over 547 frames.
051c0110_noisy SALE OF BOTH 
LOG (lattice-best-path:main():lattice-best-path.cc:99) For utterance 051c0111_noisy, best cost 46.4013 + -177.148 = -130.747 over 454 frames.
051c0111_noisy ALARM THING 
LOG (lattice-best-path:main():lattice-best-path.cc:99) For utterance 051c0112_noisy, best cost 50.391 + -272.673 = -222.282 over 641 frames.
051c0112_noisy BOTH <UNK> GROWTH 
LOG (lattice-best-path:main():lattice-best-path.cc:99) For utterance 051c0113_noisy, best cost 39.7996 + -218.815 = -179.016 over 514 frames.
051c0113_noisy MANY THOUGHT 
LOG (lattice-best-path:main():lattice-best-path.cc:99) For utterance 051c0114_noisy, best cost 51.8835 + -390.766 = -338.883 over 1022 frames.
051c0114_noisy BOTH <UNK> 
LOG (lattice-best-path:main():lattice-best-path.cc:99) For utterance 051c0115_noisy, best cost 50.0699 + -315.645 = -265.576 over 753 frames.
051c0115_noisy SOUTH <UNK> DEAL 
LOG (lattice-best-path:main():lattice-best-path.cc:99) For utterance 052c0101_noisy, best cost 104.218 + -306.274 = -202.056 over 905 frames.
052c0101_noisy A LEVERAGED ECONOMY HAS ALSO HELPED <UNK> SURVEY 
LOG (lattice-best-path:main():lattice-best-path.cc:99) For utterance 052c0102_noisy, best cost 103.11 + -404.971 = -301.861 over 1113 frames.
052c0102_noisy FOR EXAMPLE LIKE FOR ABOUT HALF YEARS 
LOG (lattice-best-path:main():lattice-best-path.cc:99) For utterance 052c0103_noisy, best cost 97.531 + -280.731 = -183.2 over 837 frames.
052c0103_noisy WITH SUCH KNOWLEDGE BETTER TERM GROWTH 
LOG (lattice-best-path:main():lattice-best-path.cc:99) For utterance 052c0104_noisy, best cost 113.12 + -263.733 = -150.613 over 731 frames.
052c0104_noisy STERLING DRUG FOR A QUARTERLY DIVIDEND THIRTY EIGHTH TO THIRTY THREE 
LOG (lattice-best-path:main():lattice-best-path.cc:99) For utterance 052c0105_noisy, best cost 117.438 + -307.776 = -190.337 over 854 frames.
052c0105_noisy NEW YORK PHARMACEUTICAL PRODUCTS CONCERN SAID THE RATE FOR PROFIT GROWTH 
LOG (lattice-best-path:main():lattice-best-path.cc:99) For utterance 052c0106_noisy, best cost 72.3538 + -167.803 = -95.4489 over 454 frames.
052c0106_noisy THE DIVIDEND IS PAYABLE JUNE FIRST TO STOCK OF RECORD 
LOG (lattice-best-path:main():lattice-best-path.cc:99) For utterance 052c0107_noisy, best cost 112.529 + -219.969 = -107.44 over 660 frames.
052c0107_noisy REGIONAL BANKS BOTH IT ALSO TAKES THE CRASH HE ADDS 
LOG (lattice-best-path:main():lattice-best-path.cc:99) For utterance 052c0108_noisy, best cost 88.601 + -198.248 = -109.647 over 445 frames.
052c0108_noisy ALSO TWO BANKS BOTH FOR LOAN LOSS RESERVE 
LOG (lattice-best-path:main():lattice-best-path.cc:99) For utterance 052c0109_noisy, best cost 76.3351 + -176.234 = -99.8989 over 508 frames.
052c0109_noisy MEANWHILE TEXACO THINK THAT WHEN HE SAID 
LOG (lattice-best-path:main():lattice-best-path.cc:99) For utterance 052c010a_noisy, best cost 146.093 + -275.805 = -129.712 over 635 frames.
052c010a_noisy THE HUDSON SAID MR. SELLS IT HAPPENED FOR EQUITIES A COMPANY HE IS <UNK> 
LOG (lattice-best-path:main():lattice-best-path.cc:99) For utterance 052c010b_noisy, best cost 166.698 + -350.936 = -184.237 over 734 frames.
052c010b_noisy MR. SELLS WASN'T AVAILABLE FOR COMMENT SAID A STATE OF ALL WITH WATER RUN MY OWN COMPANY 
LOG (lattice-best-path:main():lattice-best-path.cc:99) For utterance 052c010c_noisy, best cost 71.8014 + -119.954 = -48.1527 over 303 frames.
052c010c_noisy NOW I GET <UNK> AND VERY EXCITED 
LOG (lattice-best-path:main():lattice-best-path.cc:99) For utterance 052c010d_noisy, best cost 149.142 + -319.477 = -170.335 over 792 frames.
052c010d_noisy OF THE TOTAL FACE AMOUNT OUTSTANDING WHILE WESTERN UNION THE EIGHTEENTH <UNK> WITH OTHERS 
LOG (lattice-best-path:main():lattice-best-path.cc:99) For utterance 052c010e_noisy, best cost 106.275 + -199.55 = -93.2753 over 468 frames.
052c010e_noisy THE SWAP OFFER APART LEAST EIGHTY PERCENT OF THE TOTAL WEEK 
LOG (lattice-best-path:main():lattice-best-path.cc:99) For utterance 052c010f_noisy, best cost 24.5439 + -165.274 = -140.731 over 388 frames.
052c010f_noisy A LAW 
LOG (lattice-best-path:main():lattice-best-path.cc:99) For utterance 052c010g_noisy, best cost 46.203 + -372.677 = -326.474 over 1046 frames.
052c010g_noisy WANT THINGS 
LOG (lattice-best-path:main():lattice-best-path.cc:99) For utterance 052c010h_noisy, best cost 45.6543 + -323.249 = -277.595 over 878 frames.
052c010h_noisy BOTH <UNK> 
LOG (lattice-best-path:main():lattice-best-path.cc:99) For utterance 052c010i_noisy, best cost 43.3342 + -270.305 = -226.971 over 822 frames.
052c010i_noisy GROWTH 
LOG (lattice-best-path:main():lattice-best-path.cc:99) For utterance 052c010j_noisy, best cost 54.8297 + -403.269 = -348.44 over 1046 frames.
052c010j_noisy A I THOUGHT 
LOG (lattice-best-path:main():lattice-best-path.cc:99) For utterance 052c010k_noisy, best cost 25.6738 + -133.892 = -108.219 over 402 frames.
052c010k_noisy A LOT 
LOG (lattice-best-path:main():lattice-best-path.cc:99) For utterance 052c010l_noisy, best cost 28.2926 + -317.942 = -289.649 over 766 frames.
052c010l_noisy A LOT 
LOG (lattice-best-path:main():lattice-best-path.cc:99) For utterance 052c010m_noisy, best cost 59.1733 + -395.823 = -336.65 over 931 frames.
052c010m_noisy THEME 
LOG (lattice-best-path:main():lattice-best-path.cc:99) For utterance 052c010n_noisy, best cost 37.5821 + -235.851 = -198.269 over 609 frames.
052c010n_noisy SOUTH 
LOG (lattice-best-path:main():lattice-best-path.cc:99) For utterance 052c010o_noisy, best cost 25.2248 + -232.716 = -207.492 over 587 frames.
052c010o_noisy A LOT 
LOG (lattice-best-path:main():lattice-best-path.cc:99) For utterance 052c010p_noisy, best cost 43.9898 + -272.62 = -228.63 over 787 frames.
052c010p_noisy <UNK> <UNK> <UNK> 
LOG (lattice-best-path:main():lattice-best-path.cc:99) For utterance 052c010q_noisy, best cost 48.1766 + -232.424 = -184.248 over 620 frames.
052c010q_noisy HE <UNK> BOTH 
LOG (lattice-best-path:main():lattice-best-path.cc:99) For utterance 052c010r_noisy, best cost 19.7278 + -111.719 = -91.9911 over 318 frames.
052c010r_noisy <UNK> 
LOG (lattice-best-path:main():lattice-best-path.cc:99) For utterance 052c010s_noisy, best cost 28.2404 + -140.501 = -112.26 over 339 frames.
052c010s_noisy BOTH <UNK> 
LOG (lattice-best-path:main():lattice-best-path.cc:99) For utterance 052c010t_noisy, best cost 27.0124 + -287.443 = -260.431 over 607 frames.
052c010t_noisy A LOT 
LOG (lattice-best-path:main():lattice-best-path.cc:99) For utterance 052c010u_noisy, best cost 31.9467 + -309.14 = -277.193 over 581 frames.
052c010u_noisy A I 
LOG (lattice-best-path:main():lattice-best-path.cc:99) For utterance 052c010v_noisy, best cost 28.4944 + -465.098 = -436.603 over 730 frames.
052c010v_noisy A LAW 
LOG (lattice-best-path:main():lattice-best-path.cc:99) For utterance 052c010w_noisy, best cost 33.9913 + -505.874 = -471.883 over 758 frames.
052c010w_noisy A I 
LOG (lattice-best-path:main():lattice-best-path.cc:99) For utterance 052c010x_noisy, best cost 26.4086 + -315.167 = -288.759 over 574 frames.
052c010x_noisy A LOT 
LOG (lattice-best-path:main():lattice-best-path.cc:99) For utterance 052c010y_noisy, best cost 23.8193 + -125.878 = -102.059 over 280 frames.
052c010y_noisy A LOT 
LOG (lattice-best-path:main():lattice-best-path.cc:99) For utterance 052c010z_noisy, best cost 24.7858 + -268.522 = -243.737 over 549 frames.
052c010z_noisy A LOT 
LOG (lattice-best-path:main():lattice-best-path.cc:99) For utterance 052c0110_noisy, best cost 25.0169 + -311.937 = -286.92 over 569 frames.
052c0110_noisy A LOT 
LOG (lattice-best-path:main():lattice-best-path.cc:99) For utterance 052c0111_noisy, best cost 39.5945 + -233 = -193.406 over 598 frames.
052c0111_noisy A LUCKY 
LOG (lattice-best-path:main():lattice-best-path.cc:99) For utterance 052c0112_noisy, best cost 33.7616 + -404.504 = -370.743 over 1054 frames.
052c0112_noisy A LOT 
LOG (lattice-best-path:main():lattice-best-path.cc:99) For utterance 052c0113_noisy, best cost 26.763 + -323.594 = -296.831 over 583 frames.
052c0113_noisy A LOT 
LOG (lattice-best-path:main():lattice-best-path.cc:99) For utterance 052c0114_noisy, best cost 29.0014 + -379.757 = -350.756 over 837 frames.
052c0114_noisy A LOT 
LOG (lattice-best-path:main():lattice-best-path.cc:99) For utterance 052c0115_noisy, best cost 28.7644 + -215.875 = -187.111 over 467 frames.
052c0115_noisy A LAW <UNK> 
LOG (lattice-best-path:main():lattice-best-path.cc:99) For utterance 052c0116_noisy, best cost 27.2297 + -276.181 = -248.951 over 620 frames.
052c0116_noisy A LAW 
LOG (lattice-best-path:main():lattice-best-path.cc:99) For utterance 053c0101_noisy, best cost 80.3735 + -260.346 = -179.973 over 691 frames.
053c0101_noisy A I HEALTH <UNK> LAST MONTH <UNK> 
LOG (lattice-best-path:main():lattice-best-path.cc:99) For utterance 053c0102_noisy, best cost 60.7909 + -150.059 = -89.2676 over 487 frames.
053c0102_noisy A FEDERAL LAW THE JUSTICE DEPARTMENT 
LOG (lattice-best-path:main():lattice-best-path.cc:99) For utterance 053c0103_noisy, best cost 43.2928 + -186.75 = -143.457 over 523 frames.
053c0103_noisy BOTH ARE <UNK> 
LOG (lattice-best-path:main():lattice-best-path.cc:99) For utterance 053c0104_noisy, best cost 37.2628 + -158.99 = -121.727 over 492 frames.
053c0104_noisy IN ADDITION 
LOG (lattice-best-path:main():lattice-best-path.cc:99) For utterance 053c0105_noisy, best cost 53.9705 + -282.426 = -228.456 over 877 frames.
053c0105_noisy FOR THEM 
LOG (lattice-best-path:main():lattice-best-path.cc:99) For utterance 053c0106_noisy, best cost 63.6032 + -254.906 = -191.303 over 881 frames.
053c0106_noisy ONE <UNK> HE THOUGHT 
LOG (lattice-best-path:main():lattice-best-path.cc:99) For utterance 053c0107_noisy, best cost 103.207 + -264.432 = -161.224 over 860 frames.
053c0107_noisy I'D BE PRICED HIGHER FRIDAY G. THINGS 
LOG (lattice-best-path:main():lattice-best-path.cc:99) For utterance 053c0108_noisy, best cost 40.6079 + -130.734 = -90.1265 over 403 frames.
053c0108_noisy IT HAD THOUGHT 
LOG (lattice-best-path:main():lattice-best-path.cc:99) For utterance 053c0109_noisy, best cost 78.1872 + -232.394 = -154.207 over 753 frames.
053c0109_noisy THAT'S HOW HE THOUGHT HE THOUGHT 
LOG (lattice-best-path:main():lattice-best-path.cc:99) For utterance 053c010a_noisy, best cost 62.2094 + -239.352 = -177.142 over 776 frames.
053c010a_noisy CANADA HAS BETTER 
LOG (lattice-best-path:main():lattice-best-path.cc:99) For utterance 053c010b_noisy, best cost 111.918 + -318.087 = -206.169 over 948 frames.
053c010b_noisy AT A THREE YEAR TREASURY BONDS PLUNGED THIRTY DOLLARS EACH 
LOG (lattice-best-path:main():lattice-best-path.cc:99) For utterance 053c010c_noisy, best cost 94.7498 + -209.009 = -114.259 over 519 frames.
053c010c_noisy PRICES FOR THREE DAYS THURSDAY GROWTH LATELY 
LOG (lattice-best-path:main():lattice-best-path.cc:99) For utterance 053c010d_noisy, best cost 104.299 + -266.294 = -161.994 over 842 frames.
053c010d_noisy THE OFFER LATER TREASURY <UNK> G. THINGS 
LOG (lattice-best-path:main():lattice-best-path.cc:99) For utterance 053c010e_noisy, best cost 115.496 + -396.607 = -281.111 over 1110 frames.
053c010e_noisy THE HUGE IS TRYING TO REACH AGE RANGE MARGINS 
LOG (lattice-best-path:main():lattice-best-path.cc:99) For utterance 053c010f_noisy, best cost 35.0338 + -281.68 = -246.646 over 748 frames.
053c010f_noisy TAKING HIS 
LOG (lattice-best-path:main():lattice-best-path.cc:99) For utterance 053c010g_noisy, best cost 20.5616 + -164.242 = -143.681 over 360 frames.
053c010g_noisy THINGS 
LOG (lattice-best-path:main():lattice-best-path.cc:99) For utterance 053c010h_noisy, best cost 54.498 + -386.259 = -331.761 over 996 frames.
053c010h_noisy THIN 
LOG (lattice-best-path:main():lattice-best-path.cc:99) For utterance 053c010i_noisy, best cost 45.5688 + -297.118 = -251.549 over 830 frames.
053c010i_noisy <UNK> 
LOG (lattice-best-path:main():lattice-best-path.cc:99) For utterance 053c010j_noisy, best cost 42.85 + -300.303 = -257.453 over 802 frames.
053c010j_noisy <UNK> 
LOG (lattice-best-path:main():lattice-best-path.cc:99) For utterance 053c010k_noisy, best cost 39.8528 + -262.671 = -222.818 over 734 frames.
053c010k_noisy <UNK> 
LOG (lattice-best-path:main():lattice-best-path.cc:99) For utterance 053c010l_noisy, best cost 35.6138 + -202.393 = -166.779 over 564 frames.
053c010l_noisy <UNK> 
LOG (lattice-best-path:main():lattice-best-path.cc:99) For utterance 053c010m_noisy, best cost 46.1386 + -337.071 = -290.932 over 895 frames.
053c010m_noisy <UNK> 
LOG (lattice-best-path:main():lattice-best-path.cc:99) For utterance 053c010n_noisy, best cost 42.7616 + -290.295 = -247.534 over 816 frames.
053c010n_noisy <UNK> 
LOG (lattice-best-path:main():lattice-best-path.cc:99) For utterance 053c010o_noisy, best cost 41.2363 + -286.312 = -245.075 over 782 frames.
053c010o_noisy <UNK> 
LOG (lattice-best-path:main():lattice-best-path.cc:99) For utterance 053c010p_noisy, best cost 21.6968 + -107.456 = -85.7597 over 281 frames.
053c010p_noisy <UNK> 
LOG (lattice-best-path:main():lattice-best-path.cc:99) For utterance 053c010q_noisy, best cost 47.9082 + -213.937 = -166.029 over 569 frames.
053c010q_noisy THEME 
LOG (lattice-best-path:main():lattice-best-path.cc:99) For utterance 053c010r_noisy, best cost 54.8965 + -366.354 = -311.458 over 996 frames.
053c010r_noisy <UNK> OF <UNK> 
LOG (lattice-best-path:main():lattice-best-path.cc:99) For utterance 053c010s_noisy, best cost 32.4897 + -303.458 = -270.969 over 628 frames.
053c010s_noisy A I 
LOG (lattice-best-path:main():lattice-best-path.cc:99) For utterance 053c010t_noisy, best cost 36.7635 + -504.619 = -467.856 over 998 frames.
053c010t_noisy A I 
LOG (lattice-best-path:main():lattice-best-path.cc:99) For utterance 053c010u_noisy, best cost 30.5564 + -497.692 = -467.136 over 908 frames.
053c010u_noisy A LAW 
LOG (lattice-best-path:main():lattice-best-path.cc:99) For utterance 053c010v_noisy, best cost 35.4977 + -302.482 = -266.984 over 672 frames.
053c010v_noisy A LOT 
LOG (lattice-best-path:main():lattice-best-path.cc:99) For utterance 053c010w_noisy, best cost 35.1117 + -379.44 = -344.328 over 855 frames.
053c010w_noisy A I 
LOG (lattice-best-path:main():lattice-best-path.cc:99) For utterance 053c010x_noisy, best cost 51.5591 + -382.757 = -331.198 over 1032 frames.
053c010x_noisy <UNK> 
LOG (lattice-best-path:main():lattice-best-path.cc:99) For utterance 053c010y_noisy, best cost 41.8923 + -295.873 = -253.98 over 777 frames.
053c010y_noisy <UNK> 
LOG (lattice-best-path:main():lattice-best-path.cc:99) For utterance 053c010z_noisy, best cost 29.9557 + -379.253 = -349.297 over 856 frames.
053c010z_noisy A LAW 
LOG (lattice-best-path:main():lattice-best-path.cc:99) For utterance 053c0110_noisy, best cost 29.9483 + -187.932 = -157.983 over 408 frames.
053c0110_noisy A I 
LOG (lattice-best-path:main():lattice-best-path.cc:99) For utterance 053c0111_noisy, best cost 31.3166 + -380.34 = -349.024 over 917 frames.
053c0111_noisy A LOT 
LOG (lattice-best-path:main():lattice-best-path.cc:99) For utterance 053c0112_noisy, best cost 45.1669 + -313.114 = -267.947 over 871 frames.
053c0112_noisy <UNK> 
LOG (lattice-best-path:main():lattice-best-path.cc:99) For utterance 053c0113_noisy, best cost 24.5471 + -126.886 = -102.338 over 336 frames.
053c0113_noisy <UNK> 
LOG (lattice-best-path:main():lattice-best-path.cc:99) For utterance 053c0114_noisy, best cost 22.0899 + -99.067 = -76.9771 over 270 frames.
053c0114_noisy <UNK> 
LOG (lattice-best-path:main():lattice-best-path.cc:99) For utterance 053c0115_noisy, best cost 29.4642 + -177.737 = -148.273 over 460 frames.
053c0115_noisy <UNK> 
LOG (lattice-best-path:main():lattice-best-path.cc:99) For utterance 22gc0101_noisy, best cost 54.8682 + -367.436 = -312.567 over 1006 frames.
22gc0101_noisy A LAW 
LOG (lattice-best-path:main():lattice-best-path.cc:99) For utterance 22gc0102_noisy, best cost 24.3684 + -214.729 = -190.361 over 460 frames.
22gc0102_noisy A LOT 
LOG (lattice-best-path:main():lattice-best-path.cc:99) For utterance 22gc0103_noisy, best cost 23.1413 + -178.56 = -155.419 over 308 frames.
22gc0103_noisy ALLIED 
LOG (lattice-best-path:main():lattice-best-path.cc:99) For utterance 22gc0104_noisy, best cost 35.031 + -169.946 = -134.915 over 432 frames.
22gc0104_noisy SHE 
LOG (lattice-best-path:main():lattice-best-path.cc:99) For utterance 22gc0105_noisy, best cost 36.5892 + -183.454 = -146.865 over 532 frames.
22gc0105_noisy BOTH 
LOG (lattice-best-path:main():lattice-best-path.cc:99) For utterance 22gc0106_noisy, best cost 37.7123 + -210.061 = -172.349 over 498 frames.
22gc0106_noisy GROWTH 
LOG (lattice-best-path:main():lattice-best-path.cc:99) For utterance 22gc0107_noisy, best cost 42.6223 + -252.656 = -210.034 over 650 frames.
22gc0107_noisy BOTH 
LOG (lattice-best-path:main():lattice-best-path.cc:99) For utterance 22gc0108_noisy, best cost 47.3253 + -313.449 = -266.124 over 828 frames.
22gc0108_noisy HOW THIN 
LOG (lattice-best-path:main():lattice-best-path.cc:99) For utterance 22gc0109_noisy, best cost 32.1662 + -234.127 = -201.961 over 600 frames.
22gc0109_noisy A I 
LOG (lattice-best-path:main():lattice-best-path.cc:99) For utterance 22gc010a_noisy, best cost 24.619 + -146.371 = -121.752 over 394 frames.
22gc010a_noisy A LAW 
LOG (lattice-best-path:main():lattice-best-path.cc:99) For utterance 22gc010b_noisy, best cost 42.0948 + -456.531 = -414.436 over 1290 frames.
22gc010b_noisy A LAW 
LOG (lattice-best-path:main():lattice-best-path.cc:99) For utterance 22gc010c_noisy, best cost 29.4868 + -109.906 = -80.419 over 284 frames.
22gc010c_noisy A LAW 
LOG (lattice-best-path:main():lattice-best-path.cc:99) For utterance 22gc010d_noisy, best cost 37.9271 + -92.4399 = -54.5128 over 258 frames.
22gc010d_noisy RATES OF GROWTH 
LOG (lattice-best-path:main():lattice-best-path.cc:99) For utterance 22gc010e_noisy, best cost 38.2902 + -119.088 = -80.7982 over 486 frames.
22gc010e_noisy THE SOUTH 
LOG (lattice-best-path:main():lattice-best-path.cc:99) For utterance 22gc010f_noisy, best cost 111.91 + -302.857 = -190.946 over 818 frames.
22gc010f_noisy BOTH TRIED TO REDUCE THE GROWTH DOLLARS BOTH 
LOG (lattice-best-path:main():lattice-best-path.cc:99) For utterance 22gc010g_noisy, best cost 53.7593 + -227.095 = -173.335 over 638 frames.
22gc010g_noisy TRADERS SAY BOTH OFFERS 
LOG (lattice-best-path:main():lattice-best-path.cc:99) For utterance 22gc010h_noisy, best cost 27.5552 + -305.596 = -278.041 over 526 frames.
22gc010h_noisy A LAW 
LOG (lattice-best-path:main():lattice-best-path.cc:99) For utterance 22gc010i_noisy, best cost 23.3774 + -106.318 = -82.9406 over 186 frames.
22gc010i_noisy A LAW 
LOG (lattice-best-path:main():lattice-best-path.cc:99) For utterance 22gc010j_noisy, best cost 25.3121 + -262.273 = -236.961 over 454 frames.
22gc010j_noisy A LAW 
LOG (lattice-best-path:main():lattice-best-path.cc:99) For utterance 22gc010k_noisy, best cost 26.2612 + -154.787 = -128.525 over 308 frames.
22gc010k_noisy A LAW 
LOG (lattice-best-path:main():lattice-best-path.cc:99) For utterance 22gc010l_noisy, best cost 32.9062 + -543.421 = -510.515 over 1252 frames.
22gc010l_noisy A LOT 
LOG (lattice-best-path:main():lattice-best-path.cc:99) For utterance 22gc010m_noisy, best cost 24.388 + -160.598 = -136.21 over 374 frames.
22gc010m_noisy A LAW 
LOG (lattice-best-path:main():lattice-best-path.cc:99) For utterance 22gc010n_noisy, best cost 33.0757 + -357.24 = -324.164 over 910 frames.
22gc010n_noisy A LOT 
LOG (lattice-best-path:main():lattice-best-path.cc:99) For utterance 22gc010o_noisy, best cost 23.2057 + -76.8405 = -53.6348 over 216 frames.
22gc010o_noisy BOTH 
LOG (lattice-best-path:main():lattice-best-path.cc:99) For utterance 22gc010p_noisy, best cost 30.7642 + -384.56 = -353.796 over 836 frames.
22gc010p_noisy A LAW 
LOG (lattice-best-path:main():lattice-best-path.cc:99) For utterance 22gc010q_noisy, best cost 54.6887 + -365.288 = -310.599 over 804 frames.
22gc010q_noisy A I THINK 
LOG (lattice-best-path:main():lattice-best-path.cc:99) For utterance 22gc010r_noisy, best cost 45.7918 + -228.827 = -183.035 over 516 frames.
22gc010r_noisy THIN 
LOG (lattice-best-path:main():lattice-best-path.cc:99) For utterance 22gc010s_noisy, best cost 43.7595 + -388.889 = -345.129 over 896 frames.
22gc010s_noisy BOTH 
LOG (lattice-best-path:main():lattice-best-path.cc:99) For utterance 22gc010t_noisy, best cost 60.1368 + -488.234 = -428.098 over 1178 frames.
22gc010t_noisy A I THOUGHT 
LOG (lattice-best-path:main():lattice-best-path.cc:99) For utterance 22gc010u_noisy, best cost 22.5699 + -292.79 = -270.221 over 868 frames.
22gc010u_noisy WATCH 
LOG (lattice-best-path:main():lattice-best-path.cc:99) For utterance 22gc010v_noisy, best cost 32.4449 + -527.215 = -494.77 over 1072 frames.
22gc010v_noisy A LAW 
LOG (lattice-best-path:main():lattice-best-path.cc:99) For utterance 22gc010w_noisy, best cost 30.8263 + -265.641 = -234.815 over 484 frames.
22gc010w_noisy A I 
LOG (lattice-best-path:main():lattice-best-path.cc:99) For utterance 22gc010x_noisy, best cost 31.1108 + -593.434 = -562.323 over 956 frames.
22gc010x_noisy A LAW 
LOG (lattice-best-path:main():lattice-best-path.cc:99) For utterance 22gc010y_noisy, best cost 25.2599 + -346.82 = -321.56 over 542 frames.
22gc010y_noisy A LOT 
LOG (lattice-best-path:main():lattice-best-path.cc:99) For utterance 22gc010z_noisy, best cost 33.6755 + -551.993 = -518.318 over 1076 frames.
22gc010z_noisy A LAW 
LOG (lattice-best-path:main():lattice-best-path.cc:99) For utterance 22gc0110_noisy, best cost 34.2949 + -418.814 = -384.519 over 822 frames.
22gc0110_noisy A LAW <UNK> 
LOG (lattice-best-path:main():lattice-best-path.cc:99) For utterance 22gc0111_noisy, best cost 34.2348 + -521.715 = -487.481 over 1090 frames.
22gc0111_noisy A LAW 
LOG (lattice-best-path:main():lattice-best-path.cc:99) For utterance 22gc0112_noisy, best cost 34.3775 + -695.674 = -661.297 over 1144 frames.
22gc0112_noisy A LAW 
LOG (lattice-best-path:main():lattice-best-path.cc:99) For utterance 22gc0113_noisy, best cost 34.1761 + -444.345 = -410.169 over 774 frames.
22gc0113_noisy A I 
LOG (lattice-best-path:main():lattice-best-path.cc:99) For utterance 22gc0114_noisy, best cost 31.3952 + -449.622 = -418.226 over 828 frames.
22gc0114_noisy A LAW 
LOG (lattice-best-path:main():lattice-best-path.cc:99) For utterance 22hc0101_noisy, best cost 188.693 + -439.694 = -251.001 over 932 frames.
22hc0101_noisy YOUR THEIR G. CORPORATION CLEVELAND SAID IT BEGAN A PUBLIC OFFERING OF FOUR MILLION COMMON SHARES OR TWENTY THREE POINT ONE TWO FIVE DOLLARS A SHARE 
LOG (lattice-best-path:main():lattice-best-path.cc:99) For utterance 22hc0102_noisy, best cost 45.8188 + -87.2656 = -41.4468 over 274 frames.
22hc0102_noisy MORGAN STANLEY AND COMPANY HERE 
LOG (lattice-best-path:main():lattice-best-path.cc:99) For utterance 22hc0103_noisy, best cost 65.9618 + -192.616 = -126.654 over 614 frames.
22hc0103_noisy PROCEEDS TO FINANCE GROWTH <UNK> 
LOG (lattice-best-path:main():lattice-best-path.cc:99) For utterance 22hc0104_noisy, best cost 129.861 + -365.207 = -235.346 over 796 frames.
22hc0104_noisy NEW YORK STOCK EXCHANGE COMPOSITE TRADING FRIDAY COMPANY'S STOCK CLOSED AT TWENTY THREE POINT ONE TWO FIVE DOLLARS UNCHANGED 
LOG (lattice-best-path:main():lattice-best-path.cc:99) For utterance 22hc0105_noisy, best cost 145.373 + -417.812 = -272.439 over 924 frames.
22hc0105_noisy FOLLOWING OFFICERS DIRECTORS AND LARGE STOCKHOLDERS OF COMPANIES REPORTED CHANGES IN HOLDINGS UNDER THE SECURITIES EXCHANGE NINETEEN THIRTY 
LOG (lattice-best-path:main():lattice-best-path.cc:99) For utterance 22hc0106_noisy, best cost 99.5985 + -296.649 = -197.05 over 656 frames.
22hc0106_noisy THOSE IDENTIFIED AS BENEFICIAL OWNERS HOLD AT LEAST TEN PERCENT OF A COMPANY'S EQUITY SECURITIES 
LOG (lattice-best-path:main():lattice-best-path.cc:99) For utterance 22hc0107_noisy, best cost 120.068 + -316.19 = -196.121 over 728 frames.
22hc0107_noisy UNLESS OTHERWISE NOTED CHANGES INVOLVED DIRECT HOLDINGS OF COMMON STOCK AND TOOK PLACE IN OCTOBER AND NOVEMBER NINETEEN EIGHTY SEVEN 
LOG (lattice-best-path:main():lattice-best-path.cc:99) For utterance 22hc0108_noisy, best cost 100.524 + -278.491 = -177.967 over 656 frames.
22hc0108_noisy COMPANIES ARE LISTED WHERE TRANSACTIONS GENERALLY AGGREGATE TEN THOUSAND SHARES <UNK> ONE HUNDRED THOUSAND DOLLARS 
LOG (lattice-best-path:main():lattice-best-path.cc:99) For utterance 22hc0109_noisy, best cost 209.055 + -411.636 = -202.582 over 1004 frames.
22hc0109_noisy A AND SEVERAL OTHER THINGS THE PROGRAM TRADING INCLUDING CONSOLIDATING REGULATORY AUTHORITY OVER ALL U. S. FINANCIAL MARKETS ONE GOVERNMENT AGENCY 
LOG (lattice-best-path:main():lattice-best-path.cc:99) For utterance 22hc010a_noisy, best cost 118.513 + -242.824 = -124.311 over 512 frames.
22hc010a_noisy IT ALSO PROPOSED RAISING MARGIN OF CAPITAL REQUIREMENTS FOR TRADING FUTURES EXCHANGES 
LOG (lattice-best-path:main():lattice-best-path.cc:99) For utterance 22hc010b_noisy, best cost 237.202 + -507.654 = -270.452 over 974 frames.
22hc010b_noisy IT SAID TRADERS SHOULD BE ABLE TO DELIVER ACTUAL STOCKS TO SELL FUTURES CONTRACT OBLIGATIONS STOCK INDEX FUTURES RALLIED SO CASH ON EXPIRATION 
LOG (lattice-best-path:main():lattice-best-path.cc:99) For utterance 22hc010c_noisy, best cost 93.7206 + -188.846 = -95.1253 over 390 frames.
22hc010c_noisy TRADERS SAID THE FIRST ARE BUSY ACTION WITH 
LOG (lattice-best-path:main():lattice-best-path.cc:99) For utterance 22hc010d_noisy, best cost 141.772 + -327.306 = -185.534 over 738 frames.
22hc010d_noisy THE DOLLAR IS STILL THE KEY SAID JACK BAKER HEAD OF BLOCK TRADING AT SHEARSON LEHMAN BROTHERS INCORPORATED NEW YORK 
LOG (lattice-best-path:main():lattice-best-path.cc:99) For utterance 22hc010e_noisy, best cost 93.2504 + -258.366 = -165.116 over 754 frames.
22hc010e_noisy YESTERDAY THE DOLLAR EASED SLIGHTLY <UNK> THE JURY SOSNOFF 
LOG (lattice-best-path:main():lattice-best-path.cc:99) For utterance 22hc010f_noisy, best cost 20.1151 + -123.693 = -103.578 over 552 frames.
22hc010f_noisy WATCH 
LOG (lattice-best-path:main():lattice-best-path.cc:99) For utterance 22hc010g_noisy, best cost 52.2503 + -337.594 = -285.344 over 850 frames.
22hc010g_noisy A I THOUGHT 
LOG (lattice-best-path:main():lattice-best-path.cc:99) For utterance 22hc010h_noisy, best cost 18.9162 + -121.42 = -102.504 over 332 frames.
22hc010h_noisy WATCH 
LOG (lattice-best-path:main():lattice-best-path.cc:99) For utterance 22hc010i_noisy, best cost 63.6033 + -316.652 = -253.049 over 974 frames.
22hc010i_noisy BOTH <UNK> SOUTH 
LOG (lattice-best-path:main():lattice-best-path.cc:99) For utterance 22hc010j_noisy, best cost 22.0644 + -69.1565 = -47.0921 over 190 frames.
22hc010j_noisy ALLIED 
LOG (lattice-best-path:main():lattice-best-path.cc:99) For utterance 22hc010k_noisy, best cost 40.7924 + -237.993 = -197.201 over 662 frames.
22hc010k_noisy BOTH <UNK> 
LOG (lattice-best-path:main():lattice-best-path.cc:99) For utterance 22hc010l_noisy, best cost 37.3156 + -231.618 = -194.302 over 688 frames.
22hc010l_noisy BOTH 
LOG (lattice-best-path:main():lattice-best-path.cc:99) For utterance 22hc010m_noisy, best cost 15.1578 + -237.419 = -222.261 over 540 frames.
22hc010m_noisy A 
LOG (lattice-best-path:main():lattice-best-path.cc:99) For utterance 22hc010n_noisy, best cost 26.291 + -123.424 = -97.1326 over 302 frames.
22hc010n_noisy BOTH <UNK> 
LOG (lattice-best-path:main():lattice-best-path.cc:99) For utterance 22hc010o_noisy, best cost 70.0339 + -384.772 = -314.738 over 972 frames.
22hc010o_noisy THEME 
LOG (lattice-best-path:main():lattice-best-path.cc:99) For utterance 22hc010p_noisy, best cost 42.7975 + -295.274 = -252.477 over 810 frames.
22hc010p_noisy BOTH 
LOG (lattice-best-path:main():lattice-best-path.cc:99) For utterance 22hc010q_noisy, best cost 30.8579 + -326.129 = -295.271 over 932 frames.
22hc010q_noisy A LOT 
LOG (lattice-best-path:main():lattice-best-path.cc:99) For utterance 22hc010r_noisy, best cost 31.8026 + -118.95 = -87.1471 over 304 frames.
22hc010r_noisy HE THOUGHT 
LOG (lattice-best-path:main():lattice-best-path.cc:99) For utterance 22hc010s_noisy, best cost 25.2278 + -57.1214 = -31.8936 over 160 frames.
22hc010s_noisy BOTH 
LOG (lattice-best-path:main():lattice-best-path.cc:99) For utterance 22hc010t_noisy, best cost 25.0118 + -150.119 = -125.108 over 428 frames.
22hc010t_noisy A LAW 
LOG (lattice-best-path:main():lattice-best-path.cc:99) For utterance 22hc010u_noisy, best cost 33.5524 + -295.9 = -262.348 over 720 frames.
22hc010u_noisy A I 
LOG (lattice-best-path:main():lattice-best-path.cc:99) For utterance 22hc010v_noisy, best cost 26.6924 + -402.768 = -376.075 over 574 frames.
22hc010v_noisy A LAW 
LOG (lattice-best-path:main():lattice-best-path.cc:99) For utterance 22hc010w_noisy, best cost 27.0767 + -430.117 = -403.04 over 640 frames.
22hc010w_noisy A LAWYER 
LOG (lattice-best-path:main():lattice-best-path.cc:99) For utterance 22hc010x_noisy, best cost 27.6628 + -469.714 = -442.051 over 658 frames.
22hc010x_noisy A LAW 
LOG (lattice-best-path:main():lattice-best-path.cc:99) For utterance 22hc010y_noisy, best cost 22.6322 + -119.036 = -96.4034 over 222 frames.
22hc010y_noisy A LAW 
LOG (lattice-best-path:main():lattice-best-path.cc:99) For utterance 22hc010z_noisy, best cost 21.9564 + -89.0189 = -67.0625 over 164 frames.
22hc010z_noisy A LAW 
LOG (lattice-best-path:main():lattice-best-path.cc:99) For utterance 22hc0110_noisy, best cost 24.4342 + -219.51 = -195.076 over 378 frames.
22hc0110_noisy A LAW 
LOG (lattice-best-path:main():lattice-best-path.cc:99) For utterance 22hc0111_noisy, best cost 27.3475 + -251.594 = -224.246 over 480 frames.
22hc0111_noisy A LAW 
LOG (lattice-best-path:main():lattice-best-path.cc:99) For utterance 22hc0112_noisy, best cost 32.9788 + -188.672 = -155.694 over 554 frames.
22hc0112_noisy <UNK> 
LOG (lattice-best-path:main():lattice-best-path.cc:99) For utterance 22hc0113_noisy, best cost 22.9036 + -121.844 = -98.94 over 246 frames.
22hc0113_noisy A LAW 
LOG (lattice-best-path:main():lattice-best-path.cc:99) For utterance 22hc0114_noisy, best cost 22.3721 + -174.349 = -151.977 over 292 frames.
22hc0114_noisy A LOT 
LOG (lattice-best-path:main():lattice-best-path.cc:99) For utterance 420c0201_noisy, best cost 121.721 + -198.238 = -76.5172 over 425 frames.
420c0201_noisy A I FEEL DEBTORS ARE OFTEN MISTAKE THAT THE COURTS OTHER PROBLEMS 
LOG (lattice-best-path:main():lattice-best-path.cc:99) For utterance 420c0202_noisy, best cost 141.106 + -391.78 = -250.675 over 1059 frames.
420c0202_noisy ACCORDING TO THE U. S. TRADE OFFICES OF ONLY FIFTY JUDGES HISTORY 
LOG (lattice-best-path:main():lattice-best-path.cc:99) For utterance 420c0203_noisy, best cost 78.4957 + -281.843 = -203.347 over 881 frames.
420c0203_noisy HE ALSO RISE SEVEN PERCENT 
LOG (lattice-best-path:main():lattice-best-path.cc:99) For utterance 420c0204_noisy, best cost 118.922 + -333.558 = -214.636 over 864 frames.
420c0204_noisy EXPENSES FOR THE DELAY YEAR ACCOUNTED FOR TWO HUNDRED SIXTY DOLLARS 
LOG (lattice-best-path:main():lattice-best-path.cc:99) For utterance 420c0205_noisy, best cost 129.504 + -282.258 = -152.754 over 770 frames.
420c0205_noisy REGULATORS AREN'T ALLOWED AN EIGHTEEN PERCENT FRIDAY THE PAST THAT CUSTOMERS 
LOG (lattice-best-path:main():lattice-best-path.cc:99) For utterance 420c0206_noisy, best cost 99.62 + -200.314 = -100.694 over 489 frames.
420c0206_noisy THE FOUR OTHER UTILITY COMPANY WILL ALSO HALF RIGHT 
LOG (lattice-best-path:main():lattice-best-path.cc:99) For utterance 420c0207_noisy, best cost 169.362 + -417.768 = -248.406 over 939 frames.
420c0207_noisy BUT THOSE CHARGES ARE REQUIRED TO PAY UNTIL THE NINETEEN EIGHTY EIGHT FIRST QUARTER FOR A BIGGER SHARE OF CIRCUMSTANCES 
LOG (lattice-best-path:main():lattice-best-path.cc:99) For utterance 420c0208_noisy, best cost 162.069 + -346.34 = -184.271 over 801 frames.
420c0208_noisy LAST MONTH OVERALL GOODS PRODUCING EMPLOYMENT FELL SIXTY EIGHT THOUSAND AFTER A THIRTY TWO THOUSAND JOB RISE IN FEBRUARY 
LOG (lattice-best-path:main():lattice-best-path.cc:99) For utterance 420c0209_noisy, best cost 123.408 + -314.212 = -190.804 over 750 frames.
420c0209_noisy THE DEPARTMENT SAID THE DECLINE IN FACTORY JOBS TRADED ELECTRICAL AND ELECTRONIC 
LOG (lattice-best-path:main():lattice-best-path.cc:99) For utterance 420c020a_noisy, best cost 121.841 + -315.608 = -193.767 over 691 frames.
420c020a_noisy CONSTRUCTION EMPLOYMENT FELL FORTY SEVEN THOUSAND AFTER A FIFTEEN THOUSAND JOB DECLINE 
LOG (lattice-best-path:main():lattice-best-path.cc:99) For utterance 420c020b_noisy, best cost 157.643 + -412.359 = -254.717 over 884 frames.
420c020b_noisy MINING EMPLOYMENT WHICH INCLUDES THE OIL AND GAS EXTRACTION INDUSTRY THREE THOUSAND AFTER A ONE THOUSAND JOBS 
LOG (lattice-best-path:main():lattice-best-path.cc:99) For utterance 420c020c_noisy, best cost 156.416 + -414.883 = -258.466 over 944 frames.
420c020c_noisy INTERNATIONAL MOBILE MACHINES CORPORATION SOLD ONE MILLION SHARES OF TWO DOLLAR AND FIFTY CENTS PREFERRED AT TWENTY FIVE DOLLARS EACH 
LOG (lattice-best-path:main():lattice-best-path.cc:99) For utterance 420c020d_noisy, best cost 37.5069 + -158.585 = -121.078 over 481 frames.
420c020d_noisy FOR THE YEAR 
LOG (lattice-best-path:main():lattice-best-path.cc:99) For utterance 420c020e_noisy, best cost 78.1466 + -308.766 = -230.62 over 981 frames.
420c020e_noisy THE STOCK IS AT ISSUE HERE 
LOG (lattice-best-path:main():lattice-best-path.cc:99) For utterance 420c020f_noisy, best cost 28.9658 + -206.797 = -177.831 over 559 frames.
420c020f_noisy A LAW 
LOG (lattice-best-path:main():lattice-best-path.cc:99) For utterance 420c020g_noisy, best cost 35.7027 + -228.672 = -192.969 over 633 frames.
420c020g_noisy <UNK> 
LOG (lattice-best-path:main():lattice-best-path.cc:99) For utterance 420c020h_noisy, best cost 45.3148 + -304.878 = -259.563 over 845 frames.
420c020h_noisy <UNK> 
LOG (lattice-best-path:main():lattice-best-path.cc:99) For utterance 420c020i_noisy, best cost 31.5921 + -178.006 = -146.414 over 506 frames.
420c020i_noisy <UNK> 
LOG (lattice-best-path:main():lattice-best-path.cc:99) For utterance 420c020j_noisy, best cost 27.6955 + -166.657 = -138.962 over 459 frames.
420c020j_noisy A LOT 
LOG (lattice-best-path:main():lattice-best-path.cc:99) For utterance 420c020k_noisy, best cost 44.4891 + -266.946 = -222.457 over 713 frames.
420c020k_noisy HERE 
LOG (lattice-best-path:main():lattice-best-path.cc:99) For utterance 420c020l_noisy, best cost 26.0449 + -253.416 = -227.371 over 658 frames.
420c020l_noisy A LOT 
LOG (lattice-best-path:main():lattice-best-path.cc:99) For utterance 420c020m_noisy, best cost 47.7807 + -318.411 = -270.63 over 934 frames.
420c020m_noisy <UNK> 
LOG (lattice-best-path:main():lattice-best-path.cc:99) For utterance 420c020n_noisy, best cost 34.1062 + -193.989 = -159.883 over 574 frames.
420c020n_noisy <UNK> 
LOG (lattice-best-path:main():lattice-best-path.cc:99) For utterance 420c020o_noisy, best cost 19.0601 + -137.235 = -118.174 over 421 frames.
420c020o_noisy WATCH 
LOG (lattice-best-path:main():lattice-best-path.cc:99) For utterance 420c020p_noisy, best cost 34.7887 + -225.783 = -190.994 over 602 frames.
420c020p_noisy <UNK> 
LOG (lattice-best-path:main():lattice-best-path.cc:99) For utterance 420c020q_noisy, best cost 56.5978 + -429.772 = -373.174 over 1205 frames.
420c020q_noisy <UNK> 
LOG (lattice-best-path:main():lattice-best-path.cc:99) For utterance 420c020r_noisy, best cost 33.2867 + -400.426 = -367.139 over 697 frames.
420c020r_noisy A I 
LOG (lattice-best-path:main():lattice-best-path.cc:99) For utterance 420c020s_noisy, best cost 26.3552 + -409.878 = -383.523 over 632 frames.
420c020s_noisy A LOT 
LOG (lattice-best-path:main():lattice-best-path.cc:99) For utterance 420c020t_noisy, best cost 34.6544 + -541.886 = -507.231 over 813 frames.
420c020t_noisy A I 
LOG (lattice-best-path:main():lattice-best-path.cc:99) For utterance 420c020u_noisy, best cost 29.3551 + -427.8 = -398.445 over 804 frames.
420c020u_noisy A LAW 
LOG (lattice-best-path:main():lattice-best-path.cc:99) For utterance 420c020v_noisy, best cost 33.2993 + -420.084 = -386.785 over 1057 frames.
420c020v_noisy A LAW 
LOG (lattice-best-path:main():lattice-best-path.cc:99) For utterance 420c020w_noisy, best cost 32.547 + -280.174 = -247.627 over 623 frames.
420c020w_noisy A LAW <UNK> 
LOG (lattice-best-path:main():lattice-best-path.cc:99) For utterance 420c020x_noisy, best cost 29.3046 + -222.257 = -192.953 over 610 frames.
420c020x_noisy A LAW 
LOG (lattice-best-path:main():lattice-best-path.cc:99) For utterance 420c020y_noisy, best cost 42.3775 + -281.782 = -239.404 over 790 frames.
420c020y_noisy <UNK> 
LOG (lattice-best-path:main():lattice-best-path.cc:99) For utterance 420c020z_noisy, best cost 29.1723 + -359.969 = -330.796 over 741 frames.
420c020z_noisy A LOT 
LOG (lattice-best-path:main():lattice-best-path.cc:99) For utterance 420c0210_noisy, best cost 27.0852 + -239.206 = -212.121 over 608 frames.
420c0210_noisy A LAW 
LOG (lattice-best-path:main():lattice-best-path.cc:99) For utterance 420c0211_noisy, best cost 29.6138 + -222.393 = -192.78 over 548 frames.
420c0211_noisy A LOT 
LOG (lattice-best-path:main():lattice-best-path.cc:99) For utterance 420c0212_noisy, best cost 28.4876 + -289.609 = -261.121 over 648 frames.
420c0212_noisy A LOT 
LOG (lattice-best-path:main():lattice-best-path.cc:99) For utterance 420c0213_noisy, best cost 44.8491 + -238.787 = -193.938 over 689 frames.
420c0213_noisy <UNK> <UNK> 
LOG (lattice-best-path:main():lattice-best-path.cc:99) For utterance 420c0214_noisy, best cost 55.2341 + -331.306 = -276.072 over 1008 frames.
420c0214_noisy A <UNK> 
LOG (lattice-best-path:main():lattice-best-path.cc:99) For utterance 421c0201_noisy, best cost 198.683 + -433.174 = -234.49 over 1320 frames.
421c0201_noisy UNDERWRITERS LED BY MERRILL LYNCH CAPITAL MARKETS TENTATIVELY PRICED A VOTE OF EIGHTY SIX HE SAID THE HEALTHY RATE MORTGAGE THAT HE THOUGHT 
LOG (lattice-best-path:main():lattice-best-path.cc:99) For utterance 421c0202_noisy, best cost 37.5994 + -184.708 = -147.109 over 610 frames.
421c0202_noisy SHE SAYS 
LOG (lattice-best-path:main():lattice-best-path.cc:99) For utterance 421c0203_noisy, best cost 88.4375 + -293.01 = -204.572 over 921 frames.
421c0203_noisy YIELDS RANGE FROM A NINETEEN EIGHTY SEVEN PERCENT 
LOG (lattice-best-path:main():lattice-best-path.cc:99) For utterance 421c0204_noisy, best cost 67.7328 + -201.559 = -133.826 over 550 frames.
421c0204_noisy LOUIS ADVOCATES OF SUCH LOANS 
LOG (lattice-best-path:main():lattice-best-path.cc:99) For utterance 421c0205_noisy, best cost 26.6496 + -115.333 = -88.6838 over 307 frames.
421c0205_noisy THESE THINGS 
LOG (lattice-best-path:main():lattice-best-path.cc:99) For utterance 421c0206_noisy, best cost 49.995 + -122.177 = -72.1819 over 329 frames.
421c0206_noisy WHAT ABOUT THE SOUTH AFRICA 
LOG (lattice-best-path:main():lattice-best-path.cc:99) For utterance 421c0207_noisy, best cost 38.2284 + -88.1028 = -49.8745 over 224 frames.
421c0207_noisy THAT SAYS MR. 
LOG (lattice-best-path:main():lattice-best-path.cc:99) For utterance 421c0208_noisy, best cost 65.4132 + -168.069 = -102.656 over 438 frames.
421c0208_noisy FEW PEOPLE TO THE G. M. 
LOG (lattice-best-path:main():lattice-best-path.cc:99) For utterance 421c0209_noisy, best cost 95.6549 + -229.081 = -133.426 over 656 frames.
421c0209_noisy ONE INVESTMENT OFFICERS SAYS HE THOUGHT TO BE <UNK> 
LOG (lattice-best-path:main():lattice-best-path.cc:99) For utterance 421c020a_noisy, best cost 60.2632 + -160.436 = -100.173 over 460 frames.
421c020a_noisy HE BECAME A SHARE HE SAID 
LOG (lattice-best-path:main():lattice-best-path.cc:99) For utterance 421c020b_noisy, best cost 97.9523 + -201.903 = -103.951 over 519 frames.
421c020b_noisy SEPARATELY SHOW WELL HE HAD TWENTY HE SAID 
LOG (lattice-best-path:main():lattice-best-path.cc:99) For utterance 421c020c_noisy, best cost 165.411 + -378.049 = -212.638 over 958 frames.
421c020c_noisy OCCIDENTAL PETROLEUM REACH TWENTY THREE PERCENT PROFIT JUMP THE COMPANY WOULD HAVE HAD A LOSS OF ONE 
LOG (lattice-best-path:main():lattice-best-path.cc:99) For utterance 421c020d_noisy, best cost 114.865 + -288.351 = -173.486 over 779 frames.
421c020d_noisy PHILLIPS PETROLEUM PROFIT PLUNGED SIXTY THREE PERCENT IN GAS PRICES 
LOG (lattice-best-path:main():lattice-best-path.cc:99) For utterance 421c020e_noisy, best cost 111.021 + -238.411 = -127.39 over 690 frames.
421c020e_noisy THE COMPANY'S NET TOTALED SEVENTY LARGE ONE TIME JOB 
LOG (lattice-best-path:main():lattice-best-path.cc:99) For utterance 421c020f_noisy, best cost 146.065 + -392.408 = -246.343 over 1167 frames.
421c020f_noisy STOCKS REBOUNDED SHARE SHE THOUGHT HE SAID HE THOUGHT HE HAD HE 
LOG (lattice-best-path:main():lattice-best-path.cc:99) For utterance 421c020g_noisy, best cost 68.2711 + -312.297 = -244.026 over 958 frames.
421c020g_noisy THE RALLY HE THOUGHT 
LOG (lattice-best-path:main():lattice-best-path.cc:99) For utterance 421c020h_noisy, best cost 19.7572 + -354.339 = -334.582 over 852 frames.
421c020h_noisy WATCH 
LOG (lattice-best-path:main():lattice-best-path.cc:99) For utterance 421c020i_noisy, best cost 45.6805 + -285.109 = -239.428 over 775 frames.
421c020i_noisy EACH 
LOG (lattice-best-path:main():lattice-best-path.cc:99) For utterance 421c020j_noisy, best cost 50.6137 + -294.528 = -243.915 over 857 frames.
421c020j_noisy HERE 
LOG (lattice-best-path:main():lattice-best-path.cc:99) For utterance 421c020k_noisy, best cost 31.9233 + -134.748 = -102.825 over 353 frames.
421c020k_noisy HERE 
LOG (lattice-best-path:main():lattice-best-path.cc:99) For utterance 421c020l_noisy, best cost 47.2477 + -323.567 = -276.32 over 934 frames.
421c020l_noisy <UNK> 
LOG (lattice-best-path:main():lattice-best-path.cc:99) For utterance 421c020m_noisy, best cost 61.3148 + -349.138 = -287.823 over 971 frames.
421c020m_noisy I THINK 
LOG (lattice-best-path:main():lattice-best-path.cc:99) For utterance 421c020n_noisy, best cost 52.5325 + -374.665 = -322.132 over 1025 frames.
421c020n_noisy <UNK> <UNK> 
LOG (lattice-best-path:main():lattice-best-path.cc:99) For utterance 421c020o_noisy, best cost 33.8593 + -361.509 = -327.65 over 983 frames.
421c020o_noisy WATCH 
LOG (lattice-best-path:main():lattice-best-path.cc:99) For utterance 421c020p_noisy, best cost 56.4964 + -409.465 = -352.969 over 1125 frames.
421c020p_noisy <UNK> <UNK> 
LOG (lattice-best-path:main():lattice-best-path.cc:99) For utterance 421c020q_noisy, best cost 43.5732 + -324.547 = -280.973 over 925 frames.
421c020q_noisy <UNK> 
LOG (lattice-best-path:main():lattice-best-path.cc:99) For utterance 421c020r_noisy, best cost 37.6298 + -547.493 = -509.863 over 1073 frames.
421c020r_noisy A I 
LOG (lattice-best-path:main():lattice-best-path.cc:99) For utterance 421c020s_noisy, best cost 29.2337 + -458.728 = -429.495 over 794 frames.
421c020s_noisy A LAW 
LOG (lattice-best-path:main():lattice-best-path.cc:99) For utterance 421c020t_noisy, best cost 31.1745 + -446.697 = -415.522 over 727 frames.
421c020t_noisy A LAW 
LOG (lattice-best-path:main():lattice-best-path.cc:99) For utterance 421c020u_noisy, best cost 30.8956 + -245.37 = -214.474 over 490 frames.
421c020u_noisy A I 
LOG (lattice-best-path:main():lattice-best-path.cc:99) For utterance 421c020v_noisy, best cost 23.2848 + -127.529 = -104.244 over 279 frames.
421c020v_noisy A LAW 
LOG (lattice-best-path:main():lattice-best-path.cc:99) For utterance 421c020w_noisy, best cost 41.661 + -435.086 = -393.425 over 953 frames.
421c020w_noisy A LAW <UNK> 
LOG (lattice-best-path:main():lattice-best-path.cc:99) For utterance 421c020x_noisy, best cost 31.5159 + -235.679 = -204.163 over 600 frames.
421c020x_noisy A LAW 
LOG (lattice-best-path:main():lattice-best-path.cc:99) For utterance 421c020y_noisy, best cost 52.62 + -361.343 = -308.723 over 1052 frames.
421c020y_noisy <UNK> <UNK> 
LOG (lattice-best-path:main():lattice-best-path.cc:99) For utterance 421c020z_noisy, best cost 36.0929 + -306.703 = -270.61 over 818 frames.
421c020z_noisy A LAW 
LOG (lattice-best-path:main():lattice-best-path.cc:99) For utterance 421c0210_noisy, best cost 18.6925 + -344.29 = -325.598 over 846 frames.
421c0210_noisy A 
LOG (lattice-best-path:main():lattice-best-path.cc:99) For utterance 421c0211_noisy, best cost 30.137 + -257.482 = -227.345 over 680 frames.
421c0211_noisy A LOT 
LOG (lattice-best-path:main():lattice-best-path.cc:99) For utterance 421c0212_noisy, best cost 32.2364 + -164.188 = -131.951 over 452 frames.
421c0212_noisy EACH 
LOG (lattice-best-path:main():lattice-best-path.cc:99) For utterance 421c0213_noisy, best cost 24.5957 + -127.173 = -102.577 over 357 frames.
421c0213_noisy <UNK> 
LOG (lattice-best-path:main():lattice-best-path.cc:99) For utterance 421c0214_noisy, best cost 36.6752 + -152.762 = -116.087 over 432 frames.
421c0214_noisy HE THOUGHT 
LOG (lattice-best-path:main():lattice-best-path.cc:99) For utterance 422c0201_noisy, best cost 141.575 + -369.564 = -227.989 over 897 frames.
422c0201_noisy A N. A. S. D. HAS SHORT INTEREST FIGURES FOR THE FIRST MONTH ALSO LAST MONTH <UNK> 
LOG (lattice-best-path:main():lattice-best-path.cc:99) For utterance 422c0202_noisy, best cost 82.773 + -227.66 = -144.887 over 720 frames.
422c0202_noisy INVESTORS THINKING OF SELLING THOUGHT 
LOG (lattice-best-path:main():lattice-best-path.cc:99) For utterance 422c0203_noisy, best cost 110.092 + -220.542 = -110.45 over 522 frames.
422c0203_noisy A OR SALE OF A SALE OR A SMALL INVESTORS EXPECTING 
LOG (lattice-best-path:main():lattice-best-path.cc:99) For utterance 422c0204_noisy, best cost 116.192 + -265.187 = -148.995 over 662 frames.
422c0204_noisy INVESTORS EXPECT PROFIT ON THE PRIZE REALIZE SALES GROWTH 
LOG (lattice-best-path:main():lattice-best-path.cc:99) For utterance 422c0205_noisy, best cost 178.685 + -328.001 = -149.316 over 883 frames.
422c0205_noisy <UNK> FINANCIAL SERVICES CONCERNS THEORY C. CREATED AND LEERY OF THE TRANSACTION WAS <UNK> ON MARCH NINETEENTH <UNK> 
LOG (lattice-best-path:main():lattice-best-path.cc:99) For utterance 422c0206_noisy, best cost 90.1854 + -211.977 = -121.792 over 642 frames.
422c0206_noisy BOTH COMPANIES SAID THEY ENDED THE NEGOTIATIONS HERE 
LOG (lattice-best-path:main():lattice-best-path.cc:99) For utterance 422c0207_noisy, best cost 55.5384 + -115.986 = -60.4476 over 302 frames.
422c0207_noisy CREDITORS SAVINGS BASES 
LOG (lattice-best-path:main():lattice-best-path.cc:99) For utterance 422c0208_noisy, best cost 64.5807 + -120.146 = -55.5652 over 340 frames.
422c0208_noisy THE VOTERS HERE AND LIVE WITH 
LOG (lattice-best-path:main():lattice-best-path.cc:99) For utterance 422c0209_noisy, best cost 49.35 + -108.83 = -59.4797 over 326 frames.
422c0209_noisy BUSH'S IS HEALTHY 
LOG (lattice-best-path:main():lattice-best-path.cc:99) For utterance 422c020a_noisy, best cost 25.9896 + -63.3758 = -37.3862 over 185 frames.
422c020a_noisy ROBERT <UNK> 
LOG (lattice-best-path:main():lattice-best-path.cc:99) For utterance 422c020b_noisy, best cost 28.3889 + -71.9317 = -43.5428 over 206 frames.
422c020b_noisy IN JULY 
LOG (lattice-best-path:main():lattice-best-path.cc:99) For utterance 422c020c_noisy, best cost 99.8491 + -177.327 = -77.4777 over 376 frames.
422c020c_noisy SHE TRADER IN NEW YORK FOR TOKYO BASED BANK AGREES 
LOG (lattice-best-path:main():lattice-best-path.cc:99) For utterance 422c020d_noisy, best cost 88.0229 + -193.167 = -105.144 over 475 frames.
422c020d_noisy EVEN JAPANESE THOUSAND DOLLARS IS AVAILABLE HE SAYS 
LOG (lattice-best-path:main():lattice-best-path.cc:99) For utterance 422c020e_noisy, best cost 82.7827 + -189.314 = -106.531 over 487 frames.
422c020e_noisy THE TREND IS INEVITABLE UNLESS THE GOVERNMENT AUTHORITIES 
LOG (lattice-best-path:main():lattice-best-path.cc:99) For utterance 422c020f_noisy, best cost 58.4 + -108.003 = -49.6032 over 285 frames.
422c020f_noisy EVERYTHING IS DONE HE SAID YESTERDAY 
LOG (lattice-best-path:main():lattice-best-path.cc:99) For utterance 422c020g_noisy, best cost 84.9003 + -140.785 = -55.8842 over 338 frames.
422c020g_noisy IT WAS IMPORTANT TO SAVE HIS COMPANY IS REBUILDING 
LOG (lattice-best-path:main():lattice-best-path.cc:99) For utterance 422c020h_noisy, best cost 147.752 + -323.35 = -175.598 over 737 frames.
422c020h_noisy FORD'S EFFORTS DREXEL HAD GREAT WESTERN UNION'S PROXY STATEMENT TWENTY FOUR MILLION DOLLARS 
LOG (lattice-best-path:main():lattice-best-path.cc:99) For utterance 422c020i_noisy, best cost 94.1012 + -189.181 = -95.0801 over 448 frames.
422c020i_noisy TRADERS SAID THE REASON FOR THE FIRST EVER FOR THE DOLLAR 
LOG (lattice-best-path:main():lattice-best-path.cc:99) For utterance 422c020j_noisy, best cost 114.769 + -282.05 = -167.281 over 713 frames.
422c020j_noisy THE DOLLAR IS STILL THINK THAT THE LAW CREATING SHEARSON LEHMAN BROTHERS INCORPORATED 
LOG (lattice-best-path:main():lattice-best-path.cc:99) For utterance 422c020k_noisy, best cost 99.0562 + -239.214 = -140.158 over 720 frames.
422c020k_noisy A LIKELY HE WAS PAID FOR CURRENCY RESERVES OFFERS 
LOG (lattice-best-path:main():lattice-best-path.cc:99) For utterance 422c020l_noisy, best cost 40.5033 + -222.771 = -182.267 over 574 frames.
422c020l_noisy WAS THIN 
LOG (lattice-best-path:main():lattice-best-path.cc:99) For utterance 422c020m_noisy, best cost 18.9776 + -143.622 = -124.644 over 370 frames.
422c020m_noisy WATCH 
LOG (lattice-best-path:main():lattice-best-path.cc:99) For utterance 422c020n_noisy, best cost 22.6987 + -190.865 = -168.166 over 492 frames.
422c020n_noisy WATCH 
LOG (lattice-best-path:main():lattice-best-path.cc:99) For utterance 422c020o_noisy, best cost 42.4736 + -189.533 = -147.06 over 586 frames.
422c020o_noisy LAST MONTH 
LOG (lattice-best-path:main():lattice-best-path.cc:99) For utterance 422c020p_noisy, best cost 44.1408 + -254.489 = -210.348 over 781 frames.
422c020p_noisy BOTH <UNK> 
LOG (lattice-best-path:main():lattice-best-path.cc:99) For utterance 422c020q_noisy, best cost 41.3707 + -283.661 = -242.29 over 757 frames.
422c020q_noisy BOTH <UNK> 
LOG (lattice-best-path:main():lattice-best-path.cc:99) For utterance 422c020r_noisy, best cost 44.1616 + -255.926 = -211.764 over 692 frames.
422c020r_noisy <UNK> GROWTH 
LOG (lattice-best-path:main():lattice-best-path.cc:99) For utterance 422c020s_noisy, best cost 49.6202 + -324.918 = -275.298 over 710 frames.
422c020s_noisy A I THINK 
LOG (lattice-best-path:main():lattice-best-path.cc:99) For utterance 422c020t_noisy, best cost 39.3043 + -189.877 = -150.572 over 395 frames.
422c020t_noisy THIN 
LOG (lattice-best-path:main():lattice-best-path.cc:99) For utterance 422c020u_noisy, best cost 65.0397 + -351.061 = -286.021 over 875 frames.
422c020u_noisy THIN 
LOG (lattice-best-path:main():lattice-best-path.cc:99) For utterance 422c020v_noisy, best cost 33.9007 + -264.015 = -230.114 over 667 frames.
422c020v_noisy A LAW <UNK> 
LOG (lattice-best-path:main():lattice-best-path.cc:99) For utterance 422c020w_noisy, best cost 43.2973 + -244.089 = -200.791 over 673 frames.
422c020w_noisy <UNK> THING 
LOG (lattice-best-path:main():lattice-best-path.cc:99) For utterance 422c020x_noisy, best cost 37.36 + -242.408 = -205.048 over 713 frames.
422c020x_noisy <UNK> 
LOG (lattice-best-path:main():lattice-best-path.cc:99) For utterance 422c020y_noisy, best cost 47.3758 + -313.661 = -266.286 over 926 frames.
422c020y_noisy BOTH <UNK> 
LOG (lattice-best-path:main():lattice-best-path.cc:99) For utterance 422c020z_noisy, best cost 35.3543 + -533.81 = -498.456 over 876 frames.
422c020z_noisy A I 
LOG (lattice-scale:main():lattice-scale.cc:90) Done 410 lattices.
LOG (lattice-best-path:main():lattice-best-path.cc:99) For utterance 422c0210_noisy, best cost 29.5787 + -257.71 = -228.131 over 376 frames.
422c0210_noisy A I 
LOG (lattice-best-path:main():lattice-best-path.cc:99) For utterance 422c0211_noisy, best cost 25.7221 + -313.64 = -287.918 over 490 frames.
422c0211_noisy A LAW 
LOG (lattice-best-path:main():lattice-best-path.cc:99) For utterance 422c0212_noisy, best cost 26.2229 + -393.782 = -367.559 over 629 frames.
422c0212_noisy A LOT 
LOG (lattice-best-path:main():lattice-best-path.cc:99) For utterance 422c0213_noisy, best cost 23.6544 + -148.771 = -125.116 over 311 frames.
422c0213_noisy A LAW 
LOG (lattice-best-path:main():lattice-best-path.cc:99) For utterance 422c0214_noisy, best cost 23.2444 + -132.312 = -109.068 over 275 frames.
422c0214_noisy A LAW 
LOG (lattice-add-penalty:main():lattice-add-penalty.cc:62) Done adding word insertion penalty to 410 lattices.
LOG (lattice-best-path:main():lattice-best-path.cc:99) For utterance 422c0215_noisy, best cost 45.7134 + -245.203 = -199.49 over 664 frames.
422c0215_noisy READ 
LOG (lattice-best-path:main():lattice-best-path.cc:99) For utterance 422c0216_noisy, best cost 30.7405 + -250.345 = -219.604 over 550 frames.
422c0216_noisy A LAW <UNK> 
LOG (lattice-best-path:main():lattice-best-path.cc:124) Overall cost per frame is -0.324664 = 0.0843919 [graph] + -0.409056 [acoustic] over 275859 frames.
LOG (lattice-best-path:main():lattice-best-path.cc:128) Done 410 lattices, failed for 0
# Accounting: time=2 threads=1
# Ended (code 0) at Mon Feb 27 09:19:38 GMT 2017, elapsed time 2 seconds
