# lattice-scale --inv-acoustic-scale=12 "ark:gunzip -c exp_augmented/nnet2_online/nnet_a_gpu_fast_online/decode_dt05_noisy/lat.*.gz|" ark:- | lattice-add-penalty --word-ins-penalty=1.0 ark:- ark:- | lattice-best-path --word-symbol-table=exp_augmented/tri4a/graph/words.txt ark:- ark,t:- | utils/int2sym.pl -f 2- exp_augmented/tri4a/graph/words.txt | local/wer_hyp_filter > exp_augmented/nnet2_online/nnet_a_gpu_fast_online/decode_dt05_noisy/scoring_kaldi/penalty_1.0/12.txt 
# Started at Mon Feb 27 09:19:36 GMT 2017
#
lattice-best-path --word-symbol-table=exp_augmented/tri4a/graph/words.txt ark:- ark,t:- 
lattice-scale --inv-acoustic-scale=12 'ark:gunzip -c exp_augmented/nnet2_online/nnet_a_gpu_fast_online/decode_dt05_noisy/lat.*.gz|' ark:- 
lattice-add-penalty --word-ins-penalty=1.0 ark:- ark:- 
LOG (lattice-best-path:main():lattice-best-path.cc:99) For utterance 050c0101_noisy, best cost 46.2464 + -219.025 = -172.778 over 761 frames.
050c0101_noisy A LAWYER 
LOG (lattice-best-path:main():lattice-best-path.cc:99) For utterance 050c0102_noisy, best cost 49.7489 + -247.552 = -197.804 over 858 frames.
050c0102_noisy HERE 
LOG (lattice-best-path:main():lattice-best-path.cc:99) For utterance 050c0103_noisy, best cost 38.6761 + -207.399 = -168.723 over 716 frames.
050c0103_noisy <UNK> 
LOG (lattice-best-path:main():lattice-best-path.cc:99) For utterance 050c0104_noisy, best cost 46.4305 + -255.491 = -209.061 over 897 frames.
050c0104_noisy <UNK> 
LOG (lattice-best-path:main():lattice-best-path.cc:99) For utterance 050c0105_noisy, best cost 45.8963 + -193.682 = -147.786 over 734 frames.
050c0105_noisy BOTH 
LOG (lattice-best-path:main():lattice-best-path.cc:99) For utterance 050c0106_noisy, best cost 37.4707 + -144.57 = -107.099 over 534 frames.
050c0106_noisy BOTH 
LOG (lattice-best-path:main():lattice-best-path.cc:99) For utterance 050c0107_noisy, best cost 39.58 + -235.667 = -196.087 over 936 frames.
050c0107_noisy HE SAYS 
LOG (lattice-best-path:main():lattice-best-path.cc:99) For utterance 050c0108_noisy, best cost 41.3112 + -169.52 = -128.209 over 608 frames.
050c0108_noisy BOTH <UNK> 
LOG (lattice-best-path:main():lattice-best-path.cc:99) For utterance 050c0109_noisy, best cost 36.4194 + -173.781 = -137.362 over 638 frames.
050c0109_noisy <UNK> 
LOG (lattice-best-path:main():lattice-best-path.cc:99) For utterance 050c010a_noisy, best cost 25.292 + -94.6227 = -69.3306 over 361 frames.
050c010a_noisy <UNK> 
LOG (lattice-best-path:main():lattice-best-path.cc:99) For utterance 050c010b_noisy, best cost 42.8604 + -192.388 = -149.528 over 763 frames.
050c010b_noisy <UNK> 
LOG (lattice-best-path:main():lattice-best-path.cc:99) For utterance 050c010c_noisy, best cost 22.5602 + -121.477 = -98.9165 over 542 frames.
050c010c_noisy FOR YEARS 
LOG (lattice-best-path:main():lattice-best-path.cc:99) For utterance 050c010d_noisy, best cost 38.436 + -206.34 = -167.904 over 639 frames.
050c010d_noisy <UNK> <UNK> SHARES 
LOG (lattice-best-path:main():lattice-best-path.cc:99) For utterance 050c010e_noisy, best cost 22.9718 + -199.737 = -176.765 over 763 frames.
050c010e_noisy FOR YEARS 
LOG (lattice-best-path:main():lattice-best-path.cc:99) For utterance 050c010f_noisy, best cost 20.1044 + -188.942 = -168.838 over 613 frames.
050c010f_noisy FEES 
LOG (lattice-best-path:main():lattice-best-path.cc:99) For utterance 050c010g_noisy, best cost 24.0344 + -265.893 = -241.859 over 681 frames.
050c010g_noisy WAS 
LOG (lattice-best-path:main():lattice-best-path.cc:99) For utterance 050c010h_noisy, best cost 20.8785 + -354.271 = -333.393 over 1024 frames.
050c010h_noisy WATCH 
LOG (lattice-best-path:main():lattice-best-path.cc:99) For utterance 050c010i_noisy, best cost 25.7624 + -147.314 = -121.552 over 547 frames.
050c010i_noisy WATCH 
LOG (lattice-best-path:main():lattice-best-path.cc:99) For utterance 050c010j_noisy, best cost 29.4519 + -133.353 = -103.901 over 470 frames.
050c010j_noisy <UNK> 
LOG (lattice-best-path:main():lattice-best-path.cc:99) For utterance 050c010k_noisy, best cost 38.8545 + -199.51 = -160.656 over 710 frames.
050c010k_noisy <UNK> 
LOG (lattice-best-path:main():lattice-best-path.cc:99) For utterance 050c010l_noisy, best cost 34.7827 + -169.998 = -135.216 over 612 frames.
050c010l_noisy <UNK> 
LOG (lattice-best-path:main():lattice-best-path.cc:99) For utterance 050c010m_noisy, best cost 86.0317 + -380.015 = -293.983 over 1194 frames.
050c010m_noisy HE'LL THINGS 
LOG (lattice-best-path:main():lattice-best-path.cc:99) For utterance 050c010n_noisy, best cost 52.3329 + -215.523 = -163.19 over 638 frames.
050c010n_noisy THIN 
LOG (lattice-best-path:main():lattice-best-path.cc:99) For utterance 050c010o_noisy, best cost 37.4149 + -195.974 = -158.559 over 649 frames.
050c010o_noisy <UNK> WILL 
LOG (lattice-best-path:main():lattice-best-path.cc:99) For utterance 050c010p_noisy, best cost 32.6856 + -147.884 = -115.199 over 460 frames.
050c010p_noisy <UNK> WILL 
LOG (lattice-best-path:main():lattice-best-path.cc:99) For utterance 050c010q_noisy, best cost 25.1639 + -71.8277 = -46.6638 over 233 frames.
050c010q_noisy SALE 
LOG (lattice-best-path:main():lattice-best-path.cc:99) For utterance 050c010r_noisy, best cost 38.1061 + -286.373 = -248.267 over 861 frames.
050c010r_noisy <UNK> THINGS 
LOG (lattice-best-path:main():lattice-best-path.cc:99) For utterance 050c010s_noisy, best cost 19.6281 + -145.241 = -125.613 over 494 frames.
050c010s_noisy <UNK> 
LOG (lattice-best-path:main():lattice-best-path.cc:99) For utterance 050c010t_noisy, best cost 20.4696 + -211.066 = -190.597 over 687 frames.
050c010t_noisy <UNK> 
LOG (lattice-best-path:main():lattice-best-path.cc:99) For utterance 050c010u_noisy, best cost 18.4738 + -309.228 = -290.754 over 1035 frames.
050c010u_noisy <UNK> 
LOG (lattice-best-path:main():lattice-best-path.cc:99) For utterance 050c010v_noisy, best cost 20.4612 + -234.665 = -214.204 over 696 frames.
050c010v_noisy WATCH 
LOG (lattice-best-path:main():lattice-best-path.cc:99) For utterance 050c010w_noisy, best cost 25.3006 + -177.405 = -152.105 over 453 frames.
050c010w_noisy A LAW 
LOG (lattice-best-path:main():lattice-best-path.cc:99) For utterance 050c010x_noisy, best cost 24.2834 + -91.8866 = -67.6032 over 309 frames.
050c010x_noisy ALLIED 
LOG (lattice-best-path:main():lattice-best-path.cc:99) For utterance 050c010y_noisy, best cost 59.7194 + -359.654 = -299.935 over 1243 frames.
050c010y_noisy <UNK> 
LOG (lattice-best-path:main():lattice-best-path.cc:99) For utterance 050c010z_noisy, best cost 33.7214 + -167.384 = -133.663 over 604 frames.
050c010z_noisy <UNK> 
LOG (lattice-best-path:main():lattice-best-path.cc:99) For utterance 050c0110_noisy, best cost 36.6311 + -251.708 = -215.077 over 893 frames.
050c0110_noisy THOUGH 
LOG (lattice-best-path:main():lattice-best-path.cc:99) For utterance 050c0111_noisy, best cost 38.7677 + -197.019 = -158.251 over 710 frames.
050c0111_noisy <UNK> 
LOG (lattice-best-path:main():lattice-best-path.cc:99) For utterance 050c0112_noisy, best cost 30.5733 + -158.569 = -127.996 over 501 frames.
050c0112_noisy A LOT 
LOG (lattice-best-path:main():lattice-best-path.cc:99) For utterance 050c0113_noisy, best cost 23.4766 + -192.108 = -168.631 over 670 frames.
050c0113_noisy THE <UNK> 
LOG (lattice-best-path:main():lattice-best-path.cc:99) For utterance 050c0114_noisy, best cost 23.0627 + -174.709 = -151.646 over 658 frames.
050c0114_noisy THE <UNK> 
LOG (lattice-best-path:main():lattice-best-path.cc:99) For utterance 050c0115_noisy, best cost 37.3826 + -213.869 = -176.487 over 748 frames.
050c0115_noisy THE SALE 
LOG (lattice-best-path:main():lattice-best-path.cc:99) For utterance 050c0116_noisy, best cost 26.4924 + -95.8817 = -69.3893 over 325 frames.
050c0116_noisy ALLIED 
LOG (lattice-best-path:main():lattice-best-path.cc:99) For utterance 423c0201_noisy, best cost 109.654 + -176.635 = -66.9815 over 552 frames.
423c0201_noisy TAXPAYERS CHIEF ADVANTAGE OF A BETTER CREDIT CARDS THE EXCHANGES 
LOG (lattice-best-path:main():lattice-best-path.cc:99) For utterance 423c0202_noisy, best cost 119.118 + -194.697 = -75.5791 over 529 frames.
423c0202_noisy PAYMENTS CHARGES LATEST APRIL FIFTEENTH WOULD BE THE I. R. S. SAYS 
LOG (lattice-best-path:main():lattice-best-path.cc:99) For utterance 423c0203_noisy, best cost 164.413 + -252.25 = -87.8375 over 872 frames.
423c0203_noisy THE CONSUMERS GENERALLY HAVE ANOTHER MONTH OF CREDIT CARD BILLS CAME TO ZERO FOR TOP MANAGERS 
LOG (lattice-best-path:main():lattice-best-path.cc:99) For utterance 423c0204_noisy, best cost 94.1452 + -161.688 = -67.543 over 534 frames.
423c0204_noisy NISSAN OF ONLY TWO JAPANESE COMPANIES WERE HIGHER SALES 
LOG (lattice-best-path:main():lattice-best-path.cc:99) For utterance 423c0205_noisy, best cost 94.5952 + -189.699 = -95.1041 over 511 frames.
423c0205_noisy THE OTHER WAS MITSUBISHI MOTORS CORPORATION'S U. S. SALES OPERATIONS 
LOG (lattice-best-path:main():lattice-best-path.cc:99) For utterance 423c0206_noisy, best cost 235.399 + -372.972 = -137.574 over 1034 frames.
423c0206_noisy BOTH COMPANIES OFFERED DEALERS CASH RESERVES DURING THE MONTH BE SOFT THREE OF ITS FAST SELLING CARS AND MITSUBISHI ALTHOUGH <UNK> ADDS 
LOG (lattice-best-path:main():lattice-best-path.cc:99) For utterance 423c0207_noisy, best cost 139.292 + -230.857 = -91.5649 over 619 frames.
423c0207_noisy REPRESENTATIVES FOR THE TWO IMPORTERS SAID THE PROGRAMS <UNK> NEW INCENTIVES HAPPENS 
LOG (lattice-best-path:main():lattice-best-path.cc:99) For utterance 423c0208_noisy, best cost 78.3087 + -147.131 = -68.8222 over 389 frames.
423c0208_noisy PEOPLE VOTE PRIMARILY ON THE BASIS OF ISSUES 
LOG (lattice-best-path:main():lattice-best-path.cc:99) For utterance 423c0209_noisy, best cost 53.6985 + -85.3107 = -31.6122 over 286 frames.
423c0209_noisy THEY BOTH SIDES OF LEADERSHIP 
LOG (lattice-best-path:main():lattice-best-path.cc:99) For utterance 423c020a_noisy, best cost 112.468 + -165.265 = -52.7974 over 572 frames.
423c020a_noisy IT WON INDEPENDENCE SEE US AS DIRECTION OF CURRENCIES RISE 
LOG (lattice-best-path:main():lattice-best-path.cc:99) For utterance 423c020b_noisy, best cost 83.2635 + -142.92 = -59.6563 over 461 frames.
423c020b_noisy MY POSITION ON CONTRA AID IS ON <UNK> MATTERS 
LOG (lattice-best-path:main():lattice-best-path.cc:99) For utterance 423c020c_noisy, best cost 218.561 + -349.458 = -130.898 over 918 frames.
423c020c_noisy PRIOR TO THE FILING THE COMPANY SAID IT HAD BEEN ATTEMPTING TO SETTLE ITS STAFF WITH CREDITORS AND TO GAIN ADDITIONAL BANK FINANCING TO CONTINUE GROWING OPERATIONS 
LOG (lattice-best-path:main():lattice-best-path.cc:99) For utterance 423c020d_noisy, best cost 82.1081 + -142.096 = -59.9878 over 341 frames.
423c020d_noisy <UNK> ALL SETTLEMENT TALKS C. STAFF FILES 
LOG (lattice-best-path:main():lattice-best-path.cc:99) For utterance 423c020e_noisy, best cost 102.479 + -236.289 = -133.81 over 610 frames.
423c020e_noisy THE COMPANY SAID IT HASN'T BEEN ABLE TO OBTAIN BANK FINANCING FOR THE CONTINUING OPERATIONS 
LOG (lattice-best-path:main():lattice-best-path.cc:99) For utterance 423c020f_noisy, best cost 113.402 + -189.832 = -76.4299 over 599 frames.
423c020f_noisy THE COMPANY HAS THIRTY FOUR STORES THROUGHOUT THE MIDWEST AND SOUTHEAST THURSDAY'S 
LOG (lattice-best-path:main():lattice-best-path.cc:99) For utterance 423c020g_noisy, best cost 149.95 + -246.066 = -96.1166 over 670 frames.
423c020g_noisy THE LATEST GOVERNMENT FIGURES <UNK> SHOW THE PRODUCER PRICE <UNK> FELL ZERO POINT TWO PERCENT LAST <UNK> 
LOG (lattice-best-path:main():lattice-best-path.cc:99) For utterance 423c020h_noisy, best cost 101.338 + -198.116 = -96.778 over 711 frames.
423c020h_noisy AFTER EXCLUDING FOOD AND ENERGY THIRD OF ALL <UNK> PRICES ROSE 
LOG (lattice-best-path:main():lattice-best-path.cc:99) For utterance 423c020i_noisy, best cost 30.2878 + -115.301 = -85.0132 over 525 frames.
423c020i_noisy SOME THINGS 
LOG (lattice-best-path:main():lattice-best-path.cc:99) For utterance 423c020j_noisy, best cost 29.3344 + -123.501 = -94.1663 over 458 frames.
423c020j_noisy <UNK> <UNK> THINGS 
LOG (lattice-best-path:main():lattice-best-path.cc:99) For utterance 423c020k_noisy, best cost 40.5392 + -136.935 = -96.3955 over 548 frames.
423c020k_noisy HE THINKS <UNK> 
LOG (lattice-best-path:main():lattice-best-path.cc:99) For utterance 423c020l_noisy, best cost 40.554 + -155.446 = -114.892 over 648 frames.
423c020l_noisy THE THIN <UNK> 
LOG (lattice-best-path:main():lattice-best-path.cc:99) For utterance 423c020m_noisy, best cost 14.4574 + -51.9866 = -37.5291 over 220 frames.
423c020m_noisy <UNK> 
LOG (lattice-best-path:main():lattice-best-path.cc:99) For utterance 423c020n_noisy, best cost 72.4525 + -231.451 = -158.999 over 732 frames.
423c020n_noisy <UNK> PRICES HAS A THEORY EIGHTH 
LOG (lattice-best-path:main():lattice-best-path.cc:99) For utterance 423c020o_noisy, best cost 29.4323 + -102.491 = -73.0589 over 287 frames.
423c020o_noisy <UNK> YOUTH 
LOG (lattice-best-path:main():lattice-best-path.cc:99) For utterance 423c020p_noisy, best cost 22.6605 + -121.819 = -99.1589 over 477 frames.
423c020p_noisy <UNK> <UNK> 
LOG (lattice-best-path:main():lattice-best-path.cc:99) For utterance 423c020q_noisy, best cost 41.5869 + -155.482 = -113.895 over 553 frames.
423c020q_noisy HE'S ESTABLISHED 
LOG (lattice-best-path:main():lattice-best-path.cc:99) For utterance 423c020r_noisy, best cost 46.9343 + -199.098 = -152.163 over 628 frames.
423c020r_noisy <UNK> THING 
LOG (lattice-best-path:main():lattice-best-path.cc:99) For utterance 423c020s_noisy, best cost 42.8095 + -255.476 = -212.666 over 814 frames.
423c020s_noisy <UNK> WITH <UNK> 
LOG (lattice-best-path:main():lattice-best-path.cc:99) For utterance 423c020t_noisy, best cost 32.6155 + -153.491 = -120.875 over 566 frames.
423c020t_noisy BOTH <UNK> 
LOG (lattice-best-path:main():lattice-best-path.cc:99) For utterance 423c020u_noisy, best cost 22.943 + -184.43 = -161.487 over 677 frames.
423c020u_noisy <UNK> 
LOG (lattice-best-path:main():lattice-best-path.cc:99) For utterance 423c020v_noisy, best cost 29.509 + -102.305 = -72.7961 over 356 frames.
423c020v_noisy KENNETH <UNK> 
LOG (lattice-best-path:main():lattice-best-path.cc:99) For utterance 423c020w_noisy, best cost 35.2228 + -148.798 = -113.575 over 512 frames.
423c020w_noisy BOTH <UNK> 
LOG (lattice-best-path:main():lattice-best-path.cc:99) For utterance 423c020x_noisy, best cost 26.8189 + -164.16 = -137.341 over 669 frames.
423c020x_noisy <UNK> <UNK> 
LOG (lattice-best-path:main():lattice-best-path.cc:99) For utterance 423c020y_noisy, best cost 54.5167 + -248.663 = -194.146 over 975 frames.
423c020y_noisy A THIN <UNK> 
LOG (lattice-best-path:main():lattice-best-path.cc:99) For utterance 423c020z_noisy, best cost 27.8007 + -259.783 = -231.982 over 810 frames.
423c020z_noisy A LOT 
LOG (lattice-best-path:main():lattice-best-path.cc:99) For utterance 423c0210_noisy, best cost 25.9763 + -183.815 = -157.839 over 512 frames.
423c0210_noisy A LAW 
LOG (lattice-best-path:main():lattice-best-path.cc:99) For utterance 423c0211_noisy, best cost 19.866 + -111.221 = -91.3546 over 398 frames.
423c0211_noisy WATCH 
LOG (lattice-best-path:main():lattice-best-path.cc:99) For utterance 423c0212_noisy, best cost 26.6687 + -241.595 = -214.926 over 712 frames.
423c0212_noisy A LOT 
LOG (lattice-best-path:main():lattice-best-path.cc:99) For utterance 423c0213_noisy, best cost 26.6313 + -127.233 = -100.602 over 403 frames.
423c0213_noisy A LOT 
LOG (lattice-best-path:main():lattice-best-path.cc:99) For utterance 423c0214_noisy, best cost 71.5273 + -276.928 = -205.401 over 1114 frames.
423c0214_noisy WAS HE THOUGHT GROWTH <UNK> 
LOG (lattice-best-path:main():lattice-best-path.cc:99) For utterance 423c0215_noisy, best cost 75.5891 + -180.562 = -104.973 over 712 frames.
423c0215_noisy THINKING EIGHTH HE THOUGHT 
LOG (lattice-best-path:main():lattice-best-path.cc:99) For utterance 423c0216_noisy, best cost 52.3981 + -162.429 = -110.031 over 611 frames.
423c0216_noisy <UNK> <UNK> WORKING WITH <UNK> 
LOG (lattice-best-path:main():lattice-best-path.cc:99) For utterance 051c0101_noisy, best cost 79.7669 + -160.593 = -80.8256 over 561 frames.
051c0101_noisy A LENGTHY ADVOCATES SAY FOREIGN POLICY 
LOG (lattice-best-path:main():lattice-best-path.cc:99) For utterance 051c0102_noisy, best cost 33.4694 + -93.7497 = -60.2803 over 382 frames.
051c0102_noisy THE U. S. 
LOG (lattice-best-path:main():lattice-best-path.cc:99) For utterance 051c0103_noisy, best cost 53.702 + -110.402 = -56.6998 over 381 frames.
051c0103_noisy I THOUGHT ABOUT SOUTH AFRICA 
LOG (lattice-best-path:main():lattice-best-path.cc:99) For utterance 051c0104_noisy, best cost 43.6383 + -108.85 = -65.2112 over 342 frames.
051c0104_noisy HALF OF GROWTH 
LOG (lattice-best-path:main():lattice-best-path.cc:99) For utterance 051c0105_noisy, best cost 66.4675 + -237.855 = -171.388 over 932 frames.
051c0105_noisy THE BOND MARKET PRICES 
LOG (lattice-best-path:main():lattice-best-path.cc:99) For utterance 051c0106_noisy, best cost 141.283 + -285.354 = -144.071 over 996 frames.
051c0106_noisy RE YOUR CAR GROWTH FOR A TEN DOLLAR ONE THOUSAND DOLLAR FACE 
LOG (lattice-best-path:main():lattice-best-path.cc:99) For utterance 051c0107_noisy, best cost 39.6958 + -158.555 = -118.859 over 545 frames.
051c0107_noisy CORPORATE BOND PRICES 
LOG (lattice-best-path:main():lattice-best-path.cc:99) For utterance 051c0108_noisy, best cost 59.6732 + -136.239 = -76.5659 over 550 frames.
051c0108_noisy WITH <UNK> WHICH IT DOES 
LOG (lattice-best-path:main():lattice-best-path.cc:99) For utterance 051c0109_noisy, best cost 55.3782 + -213.141 = -157.763 over 816 frames.
051c0109_noisy BOTH <UNK> PRIZE 
LOG (lattice-best-path:main():lattice-best-path.cc:99) For utterance 051c010a_noisy, best cost 85.2808 + -209.645 = -124.364 over 800 frames.
051c010a_noisy HE THOUGHT THE MARKET THOUGHT GROWTH 
LOG (lattice-best-path:main():lattice-best-path.cc:99) For utterance 051c010b_noisy, best cost 139.862 + -408.055 = -268.193 over 1571 frames.
051c010b_noisy THE VOTE WERE DROPPED ONE EIGHTH AT ONE HUNDRED EIGHTY FIVE 
LOG (lattice-best-path:main():lattice-best-path.cc:99) For utterance 051c010c_noisy, best cost 79.9757 + -165.993 = -86.0169 over 667 frames.
051c010c_noisy <UNK> RISE THIS YEAR <UNK> CROP 
LOG (lattice-best-path:main():lattice-best-path.cc:99) For utterance 051c010d_noisy, best cost 118.118 + -298.261 = -180.142 over 1230 frames.
051c010d_noisy YESTERDAY'S RULING PARTY BOTH <UNK> PRIZE FOR <UNK> 
LOG (lattice-best-path:main():lattice-best-path.cc:99) For utterance 051c010e_noisy, best cost 28.1248 + -192.523 = -164.398 over 698 frames.
051c010e_noisy A LAW 
LOG (lattice-best-path:main():lattice-best-path.cc:99) For utterance 051c010f_noisy, best cost 19.3367 + -192.241 = -172.904 over 592 frames.
051c010f_noisy WATCH 
LOG (lattice-best-path:main():lattice-best-path.cc:99) For utterance 051c010g_noisy, best cost 52.8854 + -287.211 = -234.326 over 919 frames.
051c010g_noisy THINK OF 
LOG (lattice-best-path:main():lattice-best-path.cc:99) For utterance 051c010h_noisy, best cost 44.0336 + -211.811 = -167.777 over 719 frames.
051c010h_noisy <UNK> THOUGHT 
LOG (lattice-best-path:main():lattice-best-path.cc:99) For utterance 051c010i_noisy, best cost 52.9432 + -260.826 = -207.883 over 858 frames.
051c010i_noisy <UNK> BOTH 
LOG (lattice-best-path:main():lattice-best-path.cc:99) For utterance 051c010j_noisy, best cost 59.014 + -379.369 = -320.355 over 1305 frames.
051c010j_noisy BOTH 
LOG (lattice-best-path:main():lattice-best-path.cc:99) For utterance 051c010k_noisy, best cost 57.9039 + -283.366 = -225.462 over 779 frames.
051c010k_noisy THIN 
LOG (lattice-best-path:main():lattice-best-path.cc:99) For utterance 051c010l_noisy, best cost 37.7605 + -256.259 = -218.499 over 727 frames.
051c010l_noisy BOTH 
LOG (lattice-best-path:main():lattice-best-path.cc:99) For utterance 051c010m_noisy, best cost 37.9134 + -251.197 = -213.283 over 718 frames.
051c010m_noisy BOTH <UNK> 
LOG (lattice-best-path:main():lattice-best-path.cc:99) For utterance 051c010n_noisy, best cost 45.2704 + -312.062 = -266.792 over 938 frames.
051c010n_noisy <UNK> WITH <UNK> 
LOG (lattice-best-path:main():lattice-best-path.cc:99) For utterance 051c010o_noisy, best cost 51.2771 + -297.647 = -246.37 over 964 frames.
051c010o_noisy SOUTH <UNK> DEAL 
LOG (lattice-best-path:main():lattice-best-path.cc:99) For utterance 051c010p_noisy, best cost 30.0052 + -319.935 = -289.93 over 1132 frames.
051c010p_noisy <UNK> <UNK> 
LOG (lattice-best-path:main():lattice-best-path.cc:99) For utterance 051c010q_noisy, best cost 26.1494 + -240.834 = -214.685 over 619 frames.
051c010q_noisy A LOT 
LOG (lattice-best-path:main():lattice-best-path.cc:99) For utterance 051c010r_noisy, best cost 31.4804 + -406.252 = -374.772 over 988 frames.
051c010r_noisy A LAW 
LOG (lattice-best-path:main():lattice-best-path.cc:99) For utterance 051c010s_noisy, best cost 30.3358 + -236.38 = -206.044 over 808 frames.
051c010s_noisy A LOT 
LOG (lattice-best-path:main():lattice-best-path.cc:99) For utterance 051c010t_noisy, best cost 19.2138 + -132.37 = -113.156 over 516 frames.
051c010t_noisy WATCH 
LOG (lattice-best-path:main():lattice-best-path.cc:99) For utterance 051c010u_noisy, best cost 27.2263 + -99.8706 = -72.6443 over 378 frames.
051c010u_noisy A LOT <UNK> 
LOG (lattice-best-path:main():lattice-best-path.cc:99) For utterance 051c010v_noisy, best cost 52.4333 + -307.944 = -255.511 over 1095 frames.
051c010v_noisy <UNK> THOUGHT 
LOG (lattice-best-path:main():lattice-best-path.cc:99) For utterance 051c010w_noisy, best cost 42.163 + -189.995 = -147.832 over 725 frames.
051c010w_noisy <UNK> WITH 
LOG (lattice-best-path:main():lattice-best-path.cc:99) For utterance 051c010x_noisy, best cost 53.7946 + -259.686 = -205.891 over 989 frames.
051c010x_noisy <UNK> <UNK> THE <UNK> DEAL 
LOG (lattice-best-path:main():lattice-best-path.cc:99) For utterance 051c010y_noisy, best cost 41.6003 + -202.858 = -161.258 over 839 frames.
051c010y_noisy THE THING 
LOG (lattice-best-path:main():lattice-best-path.cc:99) For utterance 051c010z_noisy, best cost 25.6836 + -161.228 = -135.544 over 557 frames.
051c010z_noisy A LOT 
LOG (lattice-best-path:main():lattice-best-path.cc:99) For utterance 051c0110_noisy, best cost 49.5147 + -174.042 = -124.528 over 547 frames.
051c0110_noisy SALE OF BOTH 
LOG (lattice-best-path:main():lattice-best-path.cc:99) For utterance 051c0111_noisy, best cost 37.9546 + -125.966 = -88.0117 over 454 frames.
051c0111_noisy A LOT OF THINGS 
LOG (lattice-best-path:main():lattice-best-path.cc:99) For utterance 051c0112_noisy, best cost 36.2549 + -193.729 = -157.474 over 641 frames.
051c0112_noisy BOTH 
LOG (lattice-best-path:main():lattice-best-path.cc:99) For utterance 051c0113_noisy, best cost 39.7996 + -164.111 = -124.312 over 514 frames.
051c0113_noisy MANY THOUGHT 
LOG (lattice-best-path:main():lattice-best-path.cc:99) For utterance 051c0114_noisy, best cost 51.8835 + -293.075 = -241.191 over 1022 frames.
051c0114_noisy BOTH <UNK> 
LOG (lattice-best-path:main():lattice-best-path.cc:99) For utterance 051c0115_noisy, best cost 50.0699 + -236.734 = -186.664 over 753 frames.
051c0115_noisy SOUTH <UNK> DEAL 
LOG (lattice-best-path:main():lattice-best-path.cc:99) For utterance 052c0101_noisy, best cost 104.218 + -229.706 = -125.488 over 905 frames.
052c0101_noisy A LEVERAGED ECONOMY HAS ALSO HELPED <UNK> SURVEY 
LOG (lattice-best-path:main():lattice-best-path.cc:99) For utterance 052c0102_noisy, best cost 103.11 + -303.728 = -200.618 over 1113 frames.
052c0102_noisy FOR EXAMPLE LIKE FOR ABOUT HALF YEARS 
LOG (lattice-best-path:main():lattice-best-path.cc:99) For utterance 052c0103_noisy, best cost 84.6589 + -199.508 = -114.849 over 837 frames.
052c0103_noisy WITH SUCH KNOWLEDGE TERM GROWTH 
LOG (lattice-best-path:main():lattice-best-path.cc:99) For utterance 052c0104_noisy, best cost 95.8586 + -182.627 = -86.7684 over 731 frames.
052c0104_noisy STERLING DRUG FOR THE THIRTY EIGHTH TO THIRTY THREE 
LOG (lattice-best-path:main():lattice-best-path.cc:99) For utterance 052c0105_noisy, best cost 107.124 + -220.608 = -113.484 over 854 frames.
052c0105_noisy NEW YORK PHARMACEUTICAL PRODUCTS RATE FOR PROFIT GROWTH 
LOG (lattice-best-path:main():lattice-best-path.cc:99) For utterance 052c0106_noisy, best cost 72.3538 + -125.852 = -53.4982 over 454 frames.
052c0106_noisy THE DIVIDEND IS PAYABLE JUNE FIRST TO STOCK OF RECORD 
LOG (lattice-best-path:main():lattice-best-path.cc:99) For utterance 052c0107_noisy, best cost 110.434 + -163.073 = -52.639 over 660 frames.
052c0107_noisy REGIONAL BANKS BOTH IT ALSO TAKES PRESSURE HE ADDS 
LOG (lattice-best-path:main():lattice-best-path.cc:99) For utterance 052c0108_noisy, best cost 88.601 + -148.686 = -60.0853 over 445 frames.
052c0108_noisy ALSO TWO BANKS BOTH FOR LOAN LOSS RESERVE 
LOG (lattice-best-path:main():lattice-best-path.cc:99) For utterance 052c0109_noisy, best cost 71.6538 + -127.739 = -56.085 over 508 frames.
052c0109_noisy MEANWHILE TEXACO THINK THAT HE SAID 
LOG (lattice-best-path:main():lattice-best-path.cc:99) For utterance 052c010a_noisy, best cost 128.675 + -192.64 = -63.9652 over 635 frames.
052c010a_noisy THEY THOUGHT MR. SELLS WHAT HAPPENED FOR EQUITIES A COMPANY HE <UNK> 
LOG (lattice-best-path:main():lattice-best-path.cc:99) For utterance 052c010b_noisy, best cost 140.05 + -240.916 = -100.865 over 734 frames.
052c010b_noisy MR. SELLS WASN'T AVAILABLE FOR COMMENT SAID THURSDAY HOWEVER WON'T RUN MY OWN 
LOG (lattice-best-path:main():lattice-best-path.cc:99) For utterance 052c010c_noisy, best cost 71.8014 + -89.9656 = -18.1642 over 303 frames.
052c010c_noisy NOW I GET <UNK> AND VERY EXCITED 
LOG (lattice-best-path:main():lattice-best-path.cc:99) For utterance 052c010d_noisy, best cost 149.142 + -239.608 = -90.4655 over 792 frames.
052c010d_noisy OF THE TOTAL FACE AMOUNT OUTSTANDING WHILE WESTERN UNION THE EIGHTEENTH <UNK> WITH OTHERS 
LOG (lattice-best-path:main():lattice-best-path.cc:99) For utterance 052c010e_noisy, best cost 92.4128 + -139.091 = -46.6787 over 468 frames.
052c010e_noisy THE SWAP OFFER MARKET LEAST EIGHTY PERCENT OF THE TOTAL 
LOG (lattice-best-path:main():lattice-best-path.cc:99) For utterance 052c010f_noisy, best cost 24.5439 + -123.956 = -99.412 over 388 frames.
052c010f_noisy A LAW 
LOG (lattice-best-path:main():lattice-best-path.cc:99) For utterance 052c010g_noisy, best cost 46.203 + -279.508 = -233.305 over 1046 frames.
052c010g_noisy WANT THINGS 
LOG (lattice-best-path:main():lattice-best-path.cc:99) For utterance 052c010h_noisy, best cost 45.6543 + -242.437 = -196.782 over 878 frames.
052c010h_noisy BOTH <UNK> 
LOG (lattice-best-path:main():lattice-best-path.cc:99) For utterance 052c010i_noisy, best cost 43.3342 + -202.729 = -159.395 over 822 frames.
052c010i_noisy GROWTH 
LOG (lattice-best-path:main():lattice-best-path.cc:99) For utterance 052c010j_noisy, best cost 54.8297 + -302.452 = -247.622 over 1046 frames.
052c010j_noisy A I THOUGHT 
LOG (lattice-best-path:main():lattice-best-path.cc:99) For utterance 052c010k_noisy, best cost 25.6738 + -100.419 = -74.7455 over 402 frames.
052c010k_noisy A LOT 
LOG (lattice-best-path:main():lattice-best-path.cc:99) For utterance 052c010l_noisy, best cost 28.2926 + -238.456 = -210.164 over 766 frames.
052c010l_noisy A LOT 
LOG (lattice-best-path:main():lattice-best-path.cc:99) For utterance 052c010m_noisy, best cost 57.9349 + -295.904 = -237.969 over 931 frames.
052c010m_noisy THIN 
LOG (lattice-best-path:main():lattice-best-path.cc:99) For utterance 052c010n_noisy, best cost 35.2587 + -174.965 = -139.707 over 609 frames.
052c010n_noisy BOTH 
LOG (lattice-best-path:main():lattice-best-path.cc:99) For utterance 052c010o_noisy, best cost 25.2248 + -174.537 = -149.312 over 587 frames.
052c010o_noisy A LOT 
LOG (lattice-best-path:main():lattice-best-path.cc:99) For utterance 052c010p_noisy, best cost 38.5 + -199.954 = -161.454 over 787 frames.
052c010p_noisy THE <UNK> <UNK> 
LOG (lattice-best-path:main():lattice-best-path.cc:99) For utterance 052c010q_noisy, best cost 48.1766 + -174.318 = -126.142 over 620 frames.
052c010q_noisy HE <UNK> BOTH 
LOG (lattice-best-path:main():lattice-best-path.cc:99) For utterance 052c010r_noisy, best cost 19.7278 + -83.7892 = -64.0614 over 318 frames.
052c010r_noisy <UNK> 
LOG (lattice-best-path:main():lattice-best-path.cc:99) For utterance 052c010s_noisy, best cost 28.2404 + -105.376 = -77.1352 over 339 frames.
052c010s_noisy BOTH <UNK> 
LOG (lattice-best-path:main():lattice-best-path.cc:99) For utterance 052c010t_noisy, best cost 27.0124 + -215.583 = -188.57 over 607 frames.
052c010t_noisy A LOT 
LOG (lattice-best-path:main():lattice-best-path.cc:99) For utterance 052c010u_noisy, best cost 31.9467 + -231.855 = -199.908 over 581 frames.
052c010u_noisy A I 
LOG (lattice-best-path:main():lattice-best-path.cc:99) For utterance 052c010v_noisy, best cost 28.4944 + -348.823 = -320.329 over 730 frames.
052c010v_noisy A LAW 
LOG (lattice-best-path:main():lattice-best-path.cc:99) For utterance 052c010w_noisy, best cost 33.9913 + -379.406 = -345.414 over 758 frames.
052c010w_noisy A I 
LOG (lattice-best-path:main():lattice-best-path.cc:99) For utterance 052c010x_noisy, best cost 26.4086 + -236.375 = -209.967 over 574 frames.
052c010x_noisy A LOT 
LOG (lattice-best-path:main():lattice-best-path.cc:99) For utterance 052c010y_noisy, best cost 23.8193 + -94.4085 = -70.5891 over 280 frames.
052c010y_noisy A LOT 
LOG (lattice-best-path:main():lattice-best-path.cc:99) For utterance 052c010z_noisy, best cost 24.7858 + -201.392 = -176.606 over 549 frames.
052c010z_noisy A LOT 
LOG (lattice-best-path:main():lattice-best-path.cc:99) For utterance 052c0110_noisy, best cost 25.0169 + -233.952 = -208.936 over 569 frames.
052c0110_noisy A LOT 
LOG (lattice-best-path:main():lattice-best-path.cc:99) For utterance 052c0111_noisy, best cost 39.5945 + -174.75 = -135.156 over 598 frames.
052c0111_noisy A LUCKY 
LOG (lattice-best-path:main():lattice-best-path.cc:99) For utterance 052c0112_noisy, best cost 33.7616 + -303.378 = -269.617 over 1054 frames.
052c0112_noisy A LOT 
LOG (lattice-best-path:main():lattice-best-path.cc:99) For utterance 052c0113_noisy, best cost 26.763 + -242.696 = -215.933 over 583 frames.
052c0113_noisy A LOT 
LOG (lattice-best-path:main():lattice-best-path.cc:99) For utterance 052c0114_noisy, best cost 29.0014 + -284.818 = -255.817 over 837 frames.
052c0114_noisy A LOT 
LOG (lattice-best-path:main():lattice-best-path.cc:99) For utterance 052c0115_noisy, best cost 28.7644 + -161.906 = -133.142 over 467 frames.
052c0115_noisy A LAW <UNK> 
LOG (lattice-best-path:main():lattice-best-path.cc:99) For utterance 052c0116_noisy, best cost 27.2297 + -207.136 = -179.906 over 620 frames.
052c0116_noisy A LAW 
LOG (lattice-best-path:main():lattice-best-path.cc:99) For utterance 053c0101_noisy, best cost 69.5833 + -186.668 = -117.084 over 691 frames.
053c0101_noisy A I THOUGHT LAST MONTH <UNK> 
LOG (lattice-best-path:main():lattice-best-path.cc:99) For utterance 053c0102_noisy, best cost 57.6445 + -109.516 = -51.8714 over 487 frames.
053c0102_noisy THAT ALLOWED THE JUSTICE DEPARTMENT 
LOG (lattice-best-path:main():lattice-best-path.cc:99) For utterance 053c0103_noisy, best cost 40.3781 + -137.622 = -97.2439 over 523 frames.
053c0103_noisy HARD <UNK> 
LOG (lattice-best-path:main():lattice-best-path.cc:99) For utterance 053c0104_noisy, best cost 37.2628 + -119.243 = -81.9797 over 492 frames.
053c0104_noisy IN ADDITION 
LOG (lattice-best-path:main():lattice-best-path.cc:99) For utterance 053c0105_noisy, best cost 53.9705 + -211.82 = -157.849 over 877 frames.
053c0105_noisy FOR THEM 
LOG (lattice-best-path:main():lattice-best-path.cc:99) For utterance 053c0106_noisy, best cost 55.9378 + -183.849 = -127.911 over 881 frames.
053c0106_noisy <UNK> HE THOUGHT 
LOG (lattice-best-path:main():lattice-best-path.cc:99) For utterance 053c0107_noisy, best cost 93.3587 + -188.723 = -95.3646 over 860 frames.
053c0107_noisy I'D BE PRICED HIGHER FRIDAY THINGS 
LOG (lattice-best-path:main():lattice-best-path.cc:99) For utterance 053c0108_noisy, best cost 37.8719 + -95.6892 = -57.8173 over 403 frames.
053c0108_noisy HOW THINGS 
LOG (lattice-best-path:main():lattice-best-path.cc:99) For utterance 053c0109_noisy, best cost 62.1267 + -158.842 = -96.7158 over 753 frames.
053c0109_noisy HE THOUGHT HE THOUGHT 
LOG (lattice-best-path:main():lattice-best-path.cc:99) For utterance 053c010a_noisy, best cost 54.5324 + -173.425 = -118.892 over 776 frames.
053c010a_noisy CAN HE ADDED 
LOG (lattice-best-path:main():lattice-best-path.cc:99) For utterance 053c010b_noisy, best cost 83.46 + -213.234 = -129.774 over 948 frames.
053c010b_noisy AT THE TREASURY FIVE DOLLARS EACH 
LOG (lattice-best-path:main():lattice-best-path.cc:99) For utterance 053c010c_noisy, best cost 94.7498 + -156.757 = -62.007 over 519 frames.
053c010c_noisy PRICES FOR THREE DAYS THURSDAY GROWTH LATELY 
LOG (lattice-best-path:main():lattice-best-path.cc:99) For utterance 053c010d_noisy, best cost 70.8925 + -170.095 = -99.2021 over 842 frames.
053c010d_noisy THE ONLY TREASURY <UNK> ENOUGH 
LOG (lattice-best-path:main():lattice-best-path.cc:99) For utterance 053c010e_noisy, best cost 83.3372 + -271.745 = -188.408 over 1110 frames.
053c010e_noisy EVENTUALLY MR. BUSH'S RANGE ARMS 
LOG (lattice-best-path:main():lattice-best-path.cc:99) For utterance 053c010f_noisy, best cost 35.0338 + -211.26 = -176.226 over 748 frames.
053c010f_noisy TAKING HIS 
LOG (lattice-best-path:main():lattice-best-path.cc:99) For utterance 053c010g_noisy, best cost 20.5616 + -123.182 = -102.62 over 360 frames.
053c010g_noisy THINGS 
LOG (lattice-best-path:main():lattice-best-path.cc:99) For utterance 053c010h_noisy, best cost 54.2998 + -289.534 = -235.234 over 996 frames.
053c010h_noisy BOTH <UNK> 
LOG (lattice-best-path:main():lattice-best-path.cc:99) For utterance 053c010i_noisy, best cost 45.5688 + -222.838 = -177.27 over 830 frames.
053c010i_noisy <UNK> 
LOG (lattice-best-path:main():lattice-best-path.cc:99) For utterance 053c010j_noisy, best cost 42.85 + -225.227 = -182.377 over 802 frames.
053c010j_noisy <UNK> 
LOG (lattice-best-path:main():lattice-best-path.cc:99) For utterance 053c010k_noisy, best cost 39.8528 + -197.003 = -157.15 over 734 frames.
053c010k_noisy <UNK> 
LOG (lattice-best-path:main():lattice-best-path.cc:99) For utterance 053c010l_noisy, best cost 35.6138 + -151.795 = -116.181 over 564 frames.
053c010l_noisy <UNK> 
LOG (lattice-best-path:main():lattice-best-path.cc:99) For utterance 053c010m_noisy, best cost 46.1386 + -252.803 = -206.665 over 895 frames.
053c010m_noisy <UNK> 
LOG (lattice-best-path:main():lattice-best-path.cc:99) For utterance 053c010n_noisy, best cost 42.7616 + -217.721 = -174.96 over 816 frames.
053c010n_noisy <UNK> 
LOG (lattice-best-path:main():lattice-best-path.cc:99) For utterance 053c010o_noisy, best cost 41.2363 + -214.734 = -173.497 over 782 frames.
053c010o_noisy <UNK> 
LOG (lattice-best-path:main():lattice-best-path.cc:99) For utterance 053c010p_noisy, best cost 21.6968 + -80.5923 = -58.8956 over 281 frames.
053c010p_noisy <UNK> 
LOG (lattice-best-path:main():lattice-best-path.cc:99) For utterance 053c010q_noisy, best cost 32.6099 + -146.405 = -113.795 over 569 frames.
053c010q_noisy <UNK> 
LOG (lattice-best-path:main():lattice-best-path.cc:99) For utterance 053c010r_noisy, best cost 37.1829 + -261.193 = -224.01 over 996 frames.
053c010r_noisy WAS <UNK> 
LOG (lattice-best-path:main():lattice-best-path.cc:99) For utterance 053c010s_noisy, best cost 32.4897 + -227.594 = -195.104 over 628 frames.
053c010s_noisy A I 
LOG (lattice-best-path:main():lattice-best-path.cc:99) For utterance 053c010t_noisy, best cost 36.7635 + -378.464 = -341.701 over 998 frames.
053c010t_noisy A I 
LOG (lattice-best-path:main():lattice-best-path.cc:99) For utterance 053c010u_noisy, best cost 30.5564 + -373.269 = -342.713 over 908 frames.
053c010u_noisy A LAW 
LOG (lattice-best-path:main():lattice-best-path.cc:99) For utterance 053c010v_noisy, best cost 35.4977 + -226.861 = -191.364 over 672 frames.
053c010v_noisy A LOT 
LOG (lattice-best-path:main():lattice-best-path.cc:99) For utterance 053c010w_noisy, best cost 35.1117 + -284.58 = -249.468 over 855 frames.
053c010w_noisy A I 
LOG (lattice-best-path:main():lattice-best-path.cc:99) For utterance 053c010x_noisy, best cost 51.5591 + -287.068 = -235.509 over 1032 frames.
053c010x_noisy <UNK> 
LOG (lattice-best-path:main():lattice-best-path.cc:99) For utterance 053c010y_noisy, best cost 41.8923 + -221.904 = -180.012 over 777 frames.
053c010y_noisy <UNK> 
LOG (lattice-best-path:main():lattice-best-path.cc:99) For utterance 053c010z_noisy, best cost 29.9557 + -284.44 = -254.484 over 856 frames.
053c010z_noisy A LAW 
LOG (lattice-best-path:main():lattice-best-path.cc:99) For utterance 053c0110_noisy, best cost 29.9483 + -140.949 = -111 over 408 frames.
053c0110_noisy A I 
LOG (lattice-best-path:main():lattice-best-path.cc:99) For utterance 053c0111_noisy, best cost 31.3166 + -285.255 = -253.939 over 917 frames.
053c0111_noisy A LOT 
LOG (lattice-best-path:main():lattice-best-path.cc:99) For utterance 053c0112_noisy, best cost 45.1669 + -234.835 = -189.668 over 871 frames.
053c0112_noisy <UNK> 
LOG (lattice-best-path:main():lattice-best-path.cc:99) For utterance 053c0113_noisy, best cost 24.5471 + -95.1642 = -70.6171 over 336 frames.
053c0113_noisy <UNK> 
LOG (lattice-best-path:main():lattice-best-path.cc:99) For utterance 053c0114_noisy, best cost 22.0899 + -74.3003 = -52.2104 over 270 frames.
053c0114_noisy <UNK> 
LOG (lattice-best-path:main():lattice-best-path.cc:99) For utterance 053c0115_noisy, best cost 29.4642 + -133.303 = -103.839 over 460 frames.
053c0115_noisy <UNK> 
LOG (lattice-best-path:main():lattice-best-path.cc:99) For utterance 22gc0101_noisy, best cost 52.9157 + -273.741 = -220.825 over 1006 frames.
22gc0101_noisy A LOT 
LOG (lattice-best-path:main():lattice-best-path.cc:99) For utterance 22gc0102_noisy, best cost 24.3684 + -161.047 = -136.679 over 460 frames.
22gc0102_noisy A LOT 
LOG (lattice-best-path:main():lattice-best-path.cc:99) For utterance 22gc0103_noisy, best cost 23.1413 + -133.92 = -110.779 over 308 frames.
22gc0103_noisy ALLIED 
LOG (lattice-best-path:main():lattice-best-path.cc:99) For utterance 22gc0104_noisy, best cost 35.031 + -127.46 = -92.4288 over 432 frames.
22gc0104_noisy SHE 
LOG (lattice-best-path:main():lattice-best-path.cc:99) For utterance 22gc0105_noisy, best cost 36.5892 + -137.591 = -101.001 over 532 frames.
22gc0105_noisy BOTH 
LOG (lattice-best-path:main():lattice-best-path.cc:99) For utterance 22gc0106_noisy, best cost 37.7123 + -157.546 = -119.834 over 498 frames.
22gc0106_noisy GROWTH 
LOG (lattice-best-path:main():lattice-best-path.cc:99) For utterance 22gc0107_noisy, best cost 42.6223 + -189.492 = -146.87 over 650 frames.
22gc0107_noisy BOTH 
LOG (lattice-best-path:main():lattice-best-path.cc:99) For utterance 22gc0108_noisy, best cost 47.3253 + -235.087 = -187.762 over 828 frames.
22gc0108_noisy HOW THIN 
LOG (lattice-best-path:main():lattice-best-path.cc:99) For utterance 22gc0109_noisy, best cost 32.1662 + -175.595 = -143.429 over 600 frames.
22gc0109_noisy A I 
LOG (lattice-best-path:main():lattice-best-path.cc:99) For utterance 22gc010a_noisy, best cost 24.619 + -109.778 = -85.1591 over 394 frames.
22gc010a_noisy A LAW 
LOG (lattice-best-path:main():lattice-best-path.cc:99) For utterance 22gc010b_noisy, best cost 42.0948 + -342.398 = -300.303 over 1290 frames.
22gc010b_noisy A LAW 
LOG (lattice-best-path:main():lattice-best-path.cc:99) For utterance 22gc010c_noisy, best cost 29.4868 + -82.4294 = -52.9425 over 284 frames.
22gc010c_noisy A LAW 
LOG (lattice-best-path:main():lattice-best-path.cc:99) For utterance 22gc010d_noisy, best cost 37.9271 + -69.3299 = -31.4028 over 258 frames.
22gc010d_noisy RATES OF GROWTH 
LOG (lattice-best-path:main():lattice-best-path.cc:99) For utterance 22gc010e_noisy, best cost 38.2902 + -89.3163 = -51.0261 over 486 frames.
22gc010e_noisy THE SOUTH 
LOG (lattice-best-path:main():lattice-best-path.cc:99) For utterance 22gc010f_noisy, best cost 111.91 + -227.143 = -115.232 over 818 frames.
22gc010f_noisy BOTH TRIED TO REDUCE THE GROWTH DOLLARS BOTH 
LOG (lattice-best-path:main():lattice-best-path.cc:99) For utterance 22gc010g_noisy, best cost 53.7593 + -170.321 = -116.562 over 638 frames.
22gc010g_noisy TRADERS SAY BOTH OFFERS 
LOG (lattice-best-path:main():lattice-best-path.cc:99) For utterance 22gc010h_noisy, best cost 25.8263 + -227.579 = -201.753 over 526 frames.
22gc010h_noisy A LOT 
LOG (lattice-best-path:main():lattice-best-path.cc:99) For utterance 22gc010i_noisy, best cost 21.2451 + -77.8648 = -56.6198 over 186 frames.
22gc010i_noisy ALLIED 
LOG (lattice-best-path:main():lattice-best-path.cc:99) For utterance 22gc010j_noisy, best cost 25.3121 + -196.705 = -171.392 over 454 frames.
22gc010j_noisy A LAW 
LOG (lattice-best-path:main():lattice-best-path.cc:99) For utterance 22gc010k_noisy, best cost 21.9571 + -112.83 = -90.8731 over 308 frames.
22gc010k_noisy A LOT 
LOG (lattice-best-path:main():lattice-best-path.cc:99) For utterance 22gc010l_noisy, best cost 32.9062 + -407.566 = -374.66 over 1252 frames.
22gc010l_noisy A LOT 
LOG (lattice-best-path:main():lattice-best-path.cc:99) For utterance 22gc010m_noisy, best cost 24.388 + -120.449 = -96.0607 over 374 frames.
22gc010m_noisy A LAW 
LOG (lattice-best-path:main():lattice-best-path.cc:99) For utterance 22gc010n_noisy, best cost 33.0757 + -267.93 = -234.854 over 910 frames.
22gc010n_noisy A LOT 
LOG (lattice-best-path:main():lattice-best-path.cc:99) For utterance 22gc010o_noisy, best cost 23.2057 + -57.6304 = -34.4247 over 216 frames.
22gc010o_noisy BOTH 
LOG (lattice-best-path:main():lattice-best-path.cc:99) For utterance 22gc010p_noisy, best cost 28.9342 + -286.937 = -258.003 over 836 frames.
22gc010p_noisy A LOT 
LOG (lattice-best-path:main():lattice-best-path.cc:99) For utterance 22gc010q_noisy, best cost 54.6887 + -273.966 = -219.277 over 804 frames.
22gc010q_noisy A I THINK 
LOG (lattice-best-path:main():lattice-best-path.cc:99) For utterance 22gc010r_noisy, best cost 45.7918 + -171.62 = -125.828 over 516 frames.
22gc010r_noisy THIN 
LOG (lattice-best-path:main():lattice-best-path.cc:99) For utterance 22gc010s_noisy, best cost 43.7595 + -291.666 = -247.907 over 896 frames.
22gc010s_noisy BOTH 
LOG (lattice-best-path:main():lattice-best-path.cc:99) For utterance 22gc010t_noisy, best cost 60.1368 + -366.176 = -306.039 over 1178 frames.
22gc010t_noisy A I THOUGHT 
LOG (lattice-best-path:main():lattice-best-path.cc:99) For utterance 22gc010u_noisy, best cost 22.5699 + -219.593 = -197.023 over 868 frames.
22gc010u_noisy WATCH 
LOG (lattice-best-path:main():lattice-best-path.cc:99) For utterance 22gc010v_noisy, best cost 32.4449 + -395.411 = -362.966 over 1072 frames.
22gc010v_noisy A LAW 
LOG (lattice-best-path:main():lattice-best-path.cc:99) For utterance 22gc010w_noisy, best cost 24.59 + -194.466 = -169.876 over 484 frames.
22gc010w_noisy A LOT 
LOG (lattice-best-path:main():lattice-best-path.cc:99) For utterance 22gc010x_noisy, best cost 31.1108 + -445.075 = -413.964 over 956 frames.
22gc010x_noisy A LAW 
LOG (lattice-best-path:main():lattice-best-path.cc:99) For utterance 22gc010y_noisy, best cost 25.2599 + -260.115 = -234.855 over 542 frames.
22gc010y_noisy A LOT 
LOG (lattice-best-path:main():lattice-best-path.cc:99) For utterance 22gc010z_noisy, best cost 32.2351 + -412.91 = -380.675 over 1076 frames.
22gc010z_noisy A LOT 
LOG (lattice-best-path:main():lattice-best-path.cc:99) For utterance 22gc0110_noisy, best cost 29.8576 + -310.088 = -280.231 over 822 frames.
22gc0110_noisy A LOT 
LOG (lattice-best-path:main():lattice-best-path.cc:99) For utterance 22gc0111_noisy, best cost 32.3411 + -389.841 = -357.499 over 1090 frames.
22gc0111_noisy A LOT 
LOG (lattice-best-path:main():lattice-best-path.cc:99) For utterance 22gc0112_noisy, best cost 32.4919 + -519.967 = -487.475 over 1144 frames.
22gc0112_noisy A LOT 
LOG (lattice-best-path:main():lattice-best-path.cc:99) For utterance 22gc0113_noisy, best cost 34.1761 + -333.259 = -299.083 over 774 frames.
22gc0113_noisy A I 
LOG (lattice-best-path:main():lattice-best-path.cc:99) For utterance 22gc0114_noisy, best cost 31.3952 + -337.216 = -305.821 over 828 frames.
22gc0114_noisy A LAW 
LOG (lattice-best-path:main():lattice-best-path.cc:99) For utterance 22hc0101_noisy, best cost 178.245 + -321.16 = -142.915 over 932 frames.
22hc0101_noisy YOUR THEIR G. CORPORATION SAID IT BEGAN A PUBLIC OFFERING OF FOUR MILLION COMMON SHARES OR TWENTY THREE POINT ONE TWO FIVE DOLLARS A SHARE 
LOG (lattice-best-path:main():lattice-best-path.cc:99) For utterance 22hc0102_noisy, best cost 34.6274 + -55.6281 = -21.0007 over 274 frames.
22hc0102_noisy MORGAN STANLEY AND COMPANY 
LOG (lattice-best-path:main():lattice-best-path.cc:99) For utterance 22hc0103_noisy, best cost 65.9618 + -144.462 = -78.5002 over 614 frames.
22hc0103_noisy PROCEEDS TO FINANCE GROWTH <UNK> 
LOG (lattice-best-path:main():lattice-best-path.cc:99) For utterance 22hc0104_noisy, best cost 129.861 + -273.905 = -144.044 over 796 frames.
22hc0104_noisy NEW YORK STOCK EXCHANGE COMPOSITE TRADING FRIDAY COMPANY'S STOCK CLOSED AT TWENTY THREE POINT ONE TWO FIVE DOLLARS UNCHANGED 
LOG (lattice-best-path:main():lattice-best-path.cc:99) For utterance 22hc0105_noisy, best cost 137.193 + -305.246 = -168.053 over 924 frames.
22hc0105_noisy FOLLOWING OFFICERS DIRECTORS AND LARGE STOCKHOLDERS OF COMPANIES REPORTED CHANGES IN HOLDINGS UNDER THE SECURITIES EXCHANGE NINETEENTH 
LOG (lattice-best-path:main():lattice-best-path.cc:99) For utterance 22hc0106_noisy, best cost 99.5985 + -222.486 = -122.888 over 656 frames.
22hc0106_noisy THOSE IDENTIFIED AS BENEFICIAL OWNERS HOLD AT LEAST TEN PERCENT OF A COMPANY'S EQUITY SECURITIES 
LOG (lattice-best-path:main():lattice-best-path.cc:99) For utterance 22hc0107_noisy, best cost 120.068 + -237.142 = -117.074 over 728 frames.
22hc0107_noisy UNLESS OTHERWISE NOTED CHANGES INVOLVED DIRECT HOLDINGS OF COMMON STOCK AND TOOK PLACE IN OCTOBER AND NOVEMBER NINETEEN EIGHTY SEVEN 
LOG (lattice-best-path:main():lattice-best-path.cc:99) For utterance 22hc0108_noisy, best cost 100.524 + -208.868 = -108.344 over 656 frames.
22hc0108_noisy COMPANIES ARE LISTED WHERE TRANSACTIONS GENERALLY AGGREGATE TEN THOUSAND SHARES <UNK> ONE HUNDRED THOUSAND DOLLARS 
LOG (lattice-best-path:main():lattice-best-path.cc:99) For utterance 22hc0109_noisy, best cost 204.038 + -304.608 = -100.57 over 1004 frames.
22hc0109_noisy THAT SEVERAL OTHER THINGS THE PROGRAM TRADING INCLUDING CONSOLIDATING REGULATORY AUTHORITY OVER ALL U. S. FINANCIAL MARKETS ONE GOVERNMENT AGENCY 
LOG (lattice-best-path:main():lattice-best-path.cc:99) For utterance 22hc010a_noisy, best cost 118.513 + -182.118 = -63.6054 over 512 frames.
22hc010a_noisy IT ALSO PROPOSED RAISING MARGIN OF CAPITAL REQUIREMENTS FOR TRADING FUTURES EXCHANGES 
LOG (lattice-best-path:main():lattice-best-path.cc:99) For utterance 22hc010b_noisy, best cost 237.202 + -380.74 = -143.539 over 974 frames.
22hc010b_noisy IT SAID TRADERS SHOULD BE ABLE TO DELIVER ACTUAL STOCKS TO SELL FUTURES CONTRACT OBLIGATIONS STOCK INDEX FUTURES RALLIED SO CASH ON EXPIRATION 
LOG (lattice-best-path:main():lattice-best-path.cc:99) For utterance 22hc010c_noisy, best cost 93.7206 + -141.634 = -47.9138 over 390 frames.
22hc010c_noisy TRADERS SAID THE FIRST ARE BUSY ACTION WITH 
LOG (lattice-best-path:main():lattice-best-path.cc:99) For utterance 22hc010d_noisy, best cost 135.446 + -239.958 = -104.511 over 738 frames.
22hc010d_noisy THE DOLLAR IS STILL THE KEY SAID JACK BAKER HEAD OF BLOCK TRADING AT SHEARSON LEHMAN BROTHERS INCORPORATED'S 
LOG (lattice-best-path:main():lattice-best-path.cc:99) For utterance 22hc010e_noisy, best cost 93.2504 + -193.775 = -100.524 over 754 frames.
22hc010e_noisy YESTERDAY THE DOLLAR EASED SLIGHTLY <UNK> THE JURY SOSNOFF 
LOG (lattice-best-path:main():lattice-best-path.cc:99) For utterance 22hc010f_noisy, best cost 20.1151 + -92.77 = -72.6549 over 552 frames.
22hc010f_noisy WATCH 
LOG (lattice-best-path:main():lattice-best-path.cc:99) For utterance 22hc010g_noisy, best cost 28.2627 + -231.51 = -203.247 over 850 frames.
22hc010g_noisy A LOT 
LOG (lattice-best-path:main():lattice-best-path.cc:99) For utterance 22hc010h_noisy, best cost 18.9162 + -91.0652 = -72.1491 over 332 frames.
22hc010h_noisy WATCH 
LOG (lattice-best-path:main():lattice-best-path.cc:99) For utterance 22hc010i_noisy, best cost 49.5943 + -225.546 = -175.952 over 974 frames.
22hc010i_noisy BOTH <UNK> 
LOG (lattice-best-path:main():lattice-best-path.cc:99) For utterance 22hc010j_noisy, best cost 22.0644 + -51.8674 = -29.803 over 190 frames.
22hc010j_noisy ALLIED 
LOG (lattice-best-path:main():lattice-best-path.cc:99) For utterance 22hc010k_noisy, best cost 40.7924 + -178.495 = -137.703 over 662 frames.
22hc010k_noisy BOTH <UNK> 
LOG (lattice-best-path:main():lattice-best-path.cc:99) For utterance 22hc010l_noisy, best cost 37.3156 + -173.713 = -136.398 over 688 frames.
22hc010l_noisy BOTH 
LOG (lattice-best-path:main():lattice-best-path.cc:99) For utterance 22hc010m_noisy, best cost 15.1578 + -178.064 = -162.906 over 540 frames.
22hc010m_noisy A 
LOG (lattice-best-path:main():lattice-best-path.cc:99) For utterance 22hc010n_noisy, best cost 26.291 + -92.5677 = -66.2767 over 302 frames.
22hc010n_noisy BOTH <UNK> 
LOG (lattice-best-path:main():lattice-best-path.cc:99) For utterance 22hc010o_noisy, best cost 68.9401 + -287.521 = -218.581 over 972 frames.
22hc010o_noisy THIN 
LOG (lattice-best-path:main():lattice-best-path.cc:99) For utterance 22hc010p_noisy, best cost 42.7975 + -221.456 = -178.658 over 810 frames.
22hc010p_noisy BOTH 
LOG (lattice-best-path:main():lattice-best-path.cc:99) For utterance 22hc010q_noisy, best cost 30.8579 + -244.597 = -213.739 over 932 frames.
22hc010q_noisy A LOT 
LOG (lattice-best-path:main():lattice-best-path.cc:99) For utterance 22hc010r_noisy, best cost 27.0394 + -84.7416 = -57.7022 over 304 frames.
22hc010r_noisy BOTH 
LOG (lattice-best-path:main():lattice-best-path.cc:99) For utterance 22hc010s_noisy, best cost 24.5527 + -42.2599 = -17.7072 over 160 frames.
22hc010s_noisy THIN 
LOG (lattice-best-path:main():lattice-best-path.cc:99) For utterance 22hc010t_noisy, best cost 23.3881 + -111.308 = -87.92 over 428 frames.
22hc010t_noisy A LOT 
LOG (lattice-best-path:main():lattice-best-path.cc:99) For utterance 22hc010u_noisy, best cost 33.5524 + -221.925 = -188.373 over 720 frames.
22hc010u_noisy A I 
LOG (lattice-best-path:main():lattice-best-path.cc:99) For utterance 22hc010v_noisy, best cost 26.6924 + -302.076 = -275.383 over 574 frames.
22hc010v_noisy A LAW 
LOG (lattice-best-path:main():lattice-best-path.cc:99) For utterance 22hc010w_noisy, best cost 27.0767 + -322.588 = -295.511 over 640 frames.
22hc010w_noisy A LAWYER 
LOG (lattice-best-path:main():lattice-best-path.cc:99) For utterance 22hc010x_noisy, best cost 27.6628 + -352.285 = -324.623 over 658 frames.
22hc010x_noisy A LAW 
LOG (lattice-best-path:main():lattice-best-path.cc:99) For utterance 22hc010y_noisy, best cost 22.6322 + -89.2767 = -66.6445 over 222 frames.
22hc010y_noisy A LAW 
LOG (lattice-best-path:main():lattice-best-path.cc:99) For utterance 22hc010z_noisy, best cost 21.9564 + -66.7642 = -44.8078 over 164 frames.
22hc010z_noisy A LAW 
LOG (lattice-best-path:main():lattice-best-path.cc:99) For utterance 22hc0110_noisy, best cost 24.4342 + -164.633 = -140.199 over 378 frames.
22hc0110_noisy A LAW 
LOG (lattice-best-path:main():lattice-best-path.cc:99) For utterance 22hc0111_noisy, best cost 25.6288 + -187.124 = -161.495 over 480 frames.
22hc0111_noisy A LOT 
LOG (lattice-best-path:main():lattice-best-path.cc:99) For utterance 22hc0112_noisy, best cost 32.9788 + -141.504 = -108.525 over 554 frames.
22hc0112_noisy <UNK> 
LOG (lattice-best-path:main():lattice-best-path.cc:99) For utterance 22hc0113_noisy, best cost 21.2858 + -90.0931 = -68.8073 over 246 frames.
22hc0113_noisy A LOT 
LOG (lattice-best-path:main():lattice-best-path.cc:99) For utterance 22hc0114_noisy, best cost 22.3721 + -130.762 = -108.39 over 292 frames.
22hc0114_noisy A LOT 
LOG (lattice-best-path:main():lattice-best-path.cc:99) For utterance 420c0201_noisy, best cost 104.027 + -132.541 = -28.5139 over 425 frames.
420c0201_noisy ALLIED DIRECTORS ARE OFTEN MISTAKE THE COURTS OTHER PROBLEMS 
LOG (lattice-best-path:main():lattice-best-path.cc:99) For utterance 420c0202_noisy, best cost 141.106 + -293.835 = -152.729 over 1059 frames.
420c0202_noisy ACCORDING TO THE U. S. TRADE OFFICES OF ONLY FIFTY JUDGES HISTORY 
LOG (lattice-best-path:main():lattice-best-path.cc:99) For utterance 420c0203_noisy, best cost 78.4957 + -211.382 = -132.886 over 881 frames.
420c0203_noisy HE ALSO RISE SEVEN PERCENT 
LOG (lattice-best-path:main():lattice-best-path.cc:99) For utterance 420c0204_noisy, best cost 101.223 + -233.28 = -132.056 over 864 frames.
420c0204_noisy EXPENSES FOR YOUR ACCOUNT FOR TWO HUNDRED DOLLARS 
LOG (lattice-best-path:main():lattice-best-path.cc:99) For utterance 420c0205_noisy, best cost 119.546 + -203.493 = -83.9476 over 770 frames.
420c0205_noisy REGULATORS AREN'T ALLOWED AN EIGHTEEN PERCENT OF THE PAST THAT CUSTOMERS 
LOG (lattice-best-path:main():lattice-best-path.cc:99) For utterance 420c0206_noisy, best cost 99.62 + -150.235 = -50.6154 over 489 frames.
420c0206_noisy THE FOUR OTHER UTILITY COMPANY WILL ALSO HALF RIGHT 
LOG (lattice-best-path:main():lattice-best-path.cc:99) For utterance 420c0207_noisy, best cost 162.344 + -307.51 = -145.166 over 939 frames.
420c0207_noisy BUT THOSE CHARGES ARE REQUIRED TO PAY UNTIL THE NINETEEN EIGHTY EIGHT FIRST QUARTER FOR SURE CIRCUMSTANCES 
LOG (lattice-best-path:main():lattice-best-path.cc:99) For utterance 420c0208_noisy, best cost 162.069 + -259.755 = -97.686 over 801 frames.
420c0208_noisy LAST MONTH OVERALL GOODS PRODUCING EMPLOYMENT FELL SIXTY EIGHT THOUSAND AFTER A THIRTY TWO THOUSAND JOB RISE IN FEBRUARY 
LOG (lattice-best-path:main():lattice-best-path.cc:99) For utterance 420c0209_noisy, best cost 121.76 + -234.394 = -112.634 over 750 frames.
420c0209_noisy THE DEPARTMENT SAID THE DECLINE IN FACTORY JOBS TRADING ELECTRICAL AND ELECTRONIC 
LOG (lattice-best-path:main():lattice-best-path.cc:99) For utterance 420c020a_noisy, best cost 121.841 + -236.706 = -114.865 over 691 frames.
420c020a_noisy CONSTRUCTION EMPLOYMENT FELL FORTY SEVEN THOUSAND AFTER A FIFTEEN THOUSAND JOB DECLINE 
LOG (lattice-best-path:main():lattice-best-path.cc:99) For utterance 420c020b_noisy, best cost 157.643 + -309.269 = -151.627 over 884 frames.
420c020b_noisy MINING EMPLOYMENT WHICH INCLUDES THE OIL AND GAS EXTRACTION INDUSTRY THREE THOUSAND AFTER A ONE THOUSAND JOBS 
LOG (lattice-best-path:main():lattice-best-path.cc:99) For utterance 420c020c_noisy, best cost 156.416 + -311.162 = -154.746 over 944 frames.
420c020c_noisy INTERNATIONAL MOBILE MACHINES CORPORATION SOLD ONE MILLION SHARES OF TWO DOLLAR AND FIFTY CENTS PREFERRED AT TWENTY FIVE DOLLARS EACH 
LOG (lattice-best-path:main():lattice-best-path.cc:99) For utterance 420c020d_noisy, best cost 37.5069 + -118.938 = -81.4315 over 481 frames.
420c020d_noisy FOR THE YEAR 
LOG (lattice-best-path:main():lattice-best-path.cc:99) For utterance 420c020e_noisy, best cost 59.7836 + -215.945 = -156.161 over 981 frames.
420c020e_noisy THE STOCKS HE ADDED 
LOG (lattice-best-path:main():lattice-best-path.cc:99) For utterance 420c020f_noisy, best cost 19.2833 + -146.478 = -127.195 over 559 frames.
420c020f_noisy WATCH 
LOG (lattice-best-path:main():lattice-best-path.cc:99) For utterance 420c020g_noisy, best cost 35.7027 + -171.504 = -135.801 over 633 frames.
420c020g_noisy <UNK> 
LOG (lattice-best-path:main():lattice-best-path.cc:99) For utterance 420c020h_noisy, best cost 45.3148 + -228.658 = -183.344 over 845 frames.
420c020h_noisy <UNK> 
LOG (lattice-best-path:main():lattice-best-path.cc:99) For utterance 420c020i_noisy, best cost 31.5921 + -133.504 = -101.912 over 506 frames.
420c020i_noisy <UNK> 
LOG (lattice-best-path:main():lattice-best-path.cc:99) For utterance 420c020j_noisy, best cost 27.6955 + -124.993 = -97.2974 over 459 frames.
420c020j_noisy A LOT 
LOG (lattice-best-path:main():lattice-best-path.cc:99) For utterance 420c020k_noisy, best cost 44.4891 + -200.21 = -155.72 over 713 frames.
420c020k_noisy HERE 
LOG (lattice-best-path:main():lattice-best-path.cc:99) For utterance 420c020l_noisy, best cost 26.0449 + -190.062 = -164.017 over 658 frames.
420c020l_noisy A LOT 
LOG (lattice-best-path:main():lattice-best-path.cc:99) For utterance 420c020m_noisy, best cost 47.7807 + -238.808 = -191.027 over 934 frames.
420c020m_noisy <UNK> 
LOG (lattice-best-path:main():lattice-best-path.cc:99) For utterance 420c020n_noisy, best cost 34.1062 + -145.492 = -111.386 over 574 frames.
420c020n_noisy <UNK> 
LOG (lattice-best-path:main():lattice-best-path.cc:99) For utterance 420c020o_noisy, best cost 19.0601 + -102.926 = -83.8658 over 421 frames.
420c020o_noisy WATCH 
LOG (lattice-best-path:main():lattice-best-path.cc:99) For utterance 420c020p_noisy, best cost 34.7887 + -169.337 = -134.548 over 602 frames.
420c020p_noisy <UNK> 
LOG (lattice-best-path:main():lattice-best-path.cc:99) For utterance 420c020q_noisy, best cost 56.5978 + -322.329 = -265.731 over 1205 frames.
420c020q_noisy <UNK> 
LOG (lattice-best-path:main():lattice-best-path.cc:99) For utterance 420c020r_noisy, best cost 33.2867 + -300.319 = -267.033 over 697 frames.
420c020r_noisy A I 
LOG (lattice-best-path:main():lattice-best-path.cc:99) For utterance 420c020s_noisy, best cost 26.3552 + -307.408 = -281.053 over 632 frames.
420c020s_noisy A LOT 
LOG (lattice-best-path:main():lattice-best-path.cc:99) For utterance 420c020t_noisy, best cost 34.6544 + -406.414 = -371.76 over 813 frames.
420c020t_noisy A I 
LOG (lattice-best-path:main():lattice-best-path.cc:99) For utterance 420c020u_noisy, best cost 29.3551 + -320.85 = -291.495 over 804 frames.
420c020u_noisy A LAW 
LOG (lattice-best-path:main():lattice-best-path.cc:99) For utterance 420c020v_noisy, best cost 31.2366 + -313.382 = -282.146 over 1057 frames.
420c020v_noisy A LOT 
LOG (lattice-best-path:main():lattice-best-path.cc:99) For utterance 420c020w_noisy, best cost 32.547 + -210.13 = -177.583 over 623 frames.
420c020w_noisy A LAW <UNK> 
LOG (lattice-best-path:main():lattice-best-path.cc:99) For utterance 420c020x_noisy, best cost 27.1861 + -164.919 = -137.732 over 610 frames.
420c020x_noisy A LOT 
LOG (lattice-best-path:main():lattice-best-path.cc:99) For utterance 420c020y_noisy, best cost 42.3775 + -211.336 = -168.959 over 790 frames.
420c020y_noisy <UNK> 
LOG (lattice-best-path:main():lattice-best-path.cc:99) For utterance 420c020z_noisy, best cost 29.1723 + -269.976 = -240.804 over 741 frames.
420c020z_noisy A LOT 
LOG (lattice-best-path:main():lattice-best-path.cc:99) For utterance 420c0210_noisy, best cost 27.0852 + -179.404 = -152.319 over 608 frames.
420c0210_noisy A LAW 
LOG (lattice-best-path:main():lattice-best-path.cc:99) For utterance 420c0211_noisy, best cost 28.2098 + -165.609 = -137.4 over 548 frames.
420c0211_noisy ALLIED 
LOG (lattice-best-path:main():lattice-best-path.cc:99) For utterance 420c0212_noisy, best cost 28.4876 + -217.206 = -188.719 over 648 frames.
420c0212_noisy A LOT 
LOG (lattice-best-path:main():lattice-best-path.cc:99) For utterance 420c0213_noisy, best cost 39.6355 + -174.333 = -134.698 over 689 frames.
420c0213_noisy <UNK> 
LOG (lattice-best-path:main():lattice-best-path.cc:99) For utterance 420c0214_noisy, best cost 55.2341 + -248.48 = -193.246 over 1008 frames.
420c0214_noisy A <UNK> 
LOG (lattice-best-path:main():lattice-best-path.cc:99) For utterance 421c0201_noisy, best cost 181.372 + -309.545 = -128.173 over 1320 frames.
421c0201_noisy UNDERWRITERS LED BY MERRILL LYNCH CAPITAL MARKETS TENTATIVELY PRICED A ONE HUNDRED EIGHTY SIX HE SAID THE HEALTHY MARKET CRASH HE 
LOG (lattice-best-path:main():lattice-best-path.cc:99) For utterance 421c0202_noisy, best cost 37.5994 + -138.531 = -100.932 over 610 frames.
421c0202_noisy SHE SAYS 
LOG (lattice-best-path:main():lattice-best-path.cc:99) For utterance 421c0203_noisy, best cost 80.8488 + -214.044 = -133.195 over 921 frames.
421c0203_noisy YIELDS RANGE FROM A NINETEEN EIGHTY SEVEN 
LOG (lattice-best-path:main():lattice-best-path.cc:99) For utterance 421c0204_noisy, best cost 67.7328 + -151.169 = -83.4364 over 550 frames.
421c0204_noisy LOUIS ADVOCATES OF SUCH LOANS 
LOG (lattice-best-path:main():lattice-best-path.cc:99) For utterance 421c0205_noisy, best cost 26.6496 + -86.5 = -59.8504 over 307 frames.
421c0205_noisy THESE THINGS 
LOG (lattice-best-path:main():lattice-best-path.cc:99) For utterance 421c0206_noisy, best cost 47.2166 + -89.4744 = -42.2579 over 329 frames.
421c0206_noisy WHAT ABOUT SOUTH AFRICA 
LOG (lattice-best-path:main():lattice-best-path.cc:99) For utterance 421c0207_noisy, best cost 38.2284 + -66.0771 = -27.8488 over 224 frames.
421c0207_noisy THAT SAYS MR. 
LOG (lattice-best-path:main():lattice-best-path.cc:99) For utterance 421c0208_noisy, best cost 65.4132 + -126.052 = -60.6385 over 438 frames.
421c0208_noisy FEW PEOPLE TO THE G. M. 
LOG (lattice-best-path:main():lattice-best-path.cc:99) For utterance 421c0209_noisy, best cost 86.9237 + -164.729 = -77.8058 over 656 frames.
421c0209_noisy ONE INVESTMENT OFFICERS SAYS HE'S THINKING 
LOG (lattice-best-path:main():lattice-best-path.cc:99) For utterance 421c020a_noisy, best cost 57.901 + -118.323 = -60.4216 over 460 frames.
421c020a_noisy HE BECAME CHAIRMAN HE SAID 
LOG (lattice-best-path:main():lattice-best-path.cc:99) For utterance 421c020b_noisy, best cost 69.5807 + -128.431 = -58.8507 over 519 frames.
421c020b_noisy SEPARATELY SHOW WELL HE SAID 
LOG (lattice-best-path:main():lattice-best-path.cc:99) For utterance 421c020c_noisy, best cost 133.135 + -257.38 = -124.244 over 958 frames.
421c020c_noisy OCCIDENTAL PETROLEUM REACH TWENTY THREE PERCENT OF THE COMPANY WOULD HAVE LOST MONEY 
LOG (lattice-best-path:main():lattice-best-path.cc:99) For utterance 421c020d_noisy, best cost 114.865 + -216.263 = -101.399 over 779 frames.
421c020d_noisy PHILLIPS PETROLEUM PROFIT PLUNGED SIXTY THREE PERCENT IN GAS PRICES 
LOG (lattice-best-path:main():lattice-best-path.cc:99) For utterance 421c020e_noisy, best cost 81.6544 + -153.723 = -72.0683 over 690 frames.
421c020e_noisy THE COMPANIES SAID THE LARGE ONE TIME 
LOG (lattice-best-path:main():lattice-best-path.cc:99) For utterance 421c020f_noisy, best cost 106.391 + -260.225 = -153.834 over 1167 frames.
421c020f_noisy STOCKS REBOUNDED SHARE OF SEVENTY FIVE CENTS EACH 
LOG (lattice-best-path:main():lattice-best-path.cc:99) For utterance 421c020g_noisy, best cost 68.2711 + -234.223 = -165.951 over 958 frames.
421c020g_noisy THE RALLY HE THOUGHT 
LOG (lattice-best-path:main():lattice-best-path.cc:99) For utterance 421c020h_noisy, best cost 19.7572 + -265.754 = -245.997 over 852 frames.
421c020h_noisy WATCH 
LOG (lattice-best-path:main():lattice-best-path.cc:99) For utterance 421c020i_noisy, best cost 41.8136 + -210.405 = -168.592 over 775 frames.
421c020i_noisy <UNK> 
LOG (lattice-best-path:main():lattice-best-path.cc:99) For utterance 421c020j_noisy, best cost 50.6137 + -220.896 = -170.282 over 857 frames.
421c020j_noisy HERE 
LOG (lattice-best-path:main():lattice-best-path.cc:99) For utterance 421c020k_noisy, best cost 31.9233 + -101.061 = -69.1377 over 353 frames.
421c020k_noisy HERE 
LOG (lattice-best-path:main():lattice-best-path.cc:99) For utterance 421c020l_noisy, best cost 47.2477 + -242.675 = -195.428 over 934 frames.
421c020l_noisy <UNK> 
LOG (lattice-best-path:main():lattice-best-path.cc:99) For utterance 421c020m_noisy, best cost 61.3148 + -261.853 = -200.538 over 971 frames.
421c020m_noisy I THINK 
LOG (lattice-best-path:main():lattice-best-path.cc:99) For utterance 421c020n_noisy, best cost 52.5325 + -280.998 = -228.466 over 1025 frames.
421c020n_noisy <UNK> <UNK> 
LOG (lattice-best-path:main():lattice-best-path.cc:99) For utterance 421c020o_noisy, best cost 33.8593 + -271.132 = -237.272 over 983 frames.
421c020o_noisy WATCH 
LOG (lattice-best-path:main():lattice-best-path.cc:99) For utterance 421c020p_noisy, best cost 56.4964 + -307.099 = -250.602 over 1125 frames.
421c020p_noisy <UNK> <UNK> 
LOG (lattice-best-path:main():lattice-best-path.cc:99) For utterance 421c020q_noisy, best cost 43.5732 + -243.41 = -199.837 over 925 frames.
421c020q_noisy <UNK> 
LOG (lattice-best-path:main():lattice-best-path.cc:99) For utterance 421c020r_noisy, best cost 31.3935 + -405.902 = -374.508 over 1073 frames.
421c020r_noisy A LOT 
LOG (lattice-best-path:main():lattice-best-path.cc:99) For utterance 421c020s_noisy, best cost 29.2337 + -344.046 = -314.813 over 794 frames.
421c020s_noisy A LAW 
LOG (lattice-best-path:main():lattice-best-path.cc:99) For utterance 421c020t_noisy, best cost 31.1745 + -335.023 = -303.848 over 727 frames.
421c020t_noisy A LAW 
LOG (lattice-best-path:main():lattice-best-path.cc:99) For utterance 421c020u_noisy, best cost 30.8956 + -184.027 = -153.132 over 490 frames.
421c020u_noisy A I 
LOG (lattice-best-path:main():lattice-best-path.cc:99) For utterance 421c020v_noisy, best cost 23.2848 + -95.6469 = -72.3621 over 279 frames.
421c020v_noisy A LAW 
LOG (lattice-best-path:main():lattice-best-path.cc:99) For utterance 421c020w_noisy, best cost 36.0449 + -321.285 = -285.24 over 953 frames.
421c020w_noisy A LOT 
LOG (lattice-best-path:main():lattice-best-path.cc:99) For utterance 421c020x_noisy, best cost 29.7972 + -175.159 = -145.362 over 600 frames.
421c020x_noisy A LOT 
LOG (lattice-best-path:main():lattice-best-path.cc:99) For utterance 421c020y_noisy, best cost 49.5588 + -268.578 = -219.019 over 1052 frames.
421c020y_noisy <UNK> 
LOG (lattice-best-path:main():lattice-best-path.cc:99) For utterance 421c020z_noisy, best cost 29.5331 + -224.858 = -195.324 over 818 frames.
421c020z_noisy A LOT 
LOG (lattice-best-path:main():lattice-best-path.cc:99) For utterance 421c0210_noisy, best cost 18.6925 + -258.218 = -239.525 over 846 frames.
421c0210_noisy A 
LOG (lattice-best-path:main():lattice-best-path.cc:99) For utterance 421c0211_noisy, best cost 30.137 + -193.112 = -162.975 over 680 frames.
421c0211_noisy A LOT 
LOG (lattice-best-path:main():lattice-best-path.cc:99) For utterance 421c0212_noisy, best cost 27.8179 + -119.674 = -91.8561 over 452 frames.
421c0212_noisy <UNK> 
LOG (lattice-best-path:main():lattice-best-path.cc:99) For utterance 421c0213_noisy, best cost 24.5957 + -95.3796 = -70.7839 over 357 frames.
421c0213_noisy <UNK> 
LOG (lattice-best-path:main():lattice-best-path.cc:99) For utterance 421c0214_noisy, best cost 36.6752 + -114.572 = -77.8964 over 432 frames.
421c0214_noisy HE THOUGHT 
LOG (lattice-best-path:main():lattice-best-path.cc:99) For utterance 422c0201_noisy, best cost 116.452 + -255.875 = -139.424 over 897 frames.
422c0201_noisy A N. A. S. D. P.'S SHORT INTEREST FIGURES FOR THE FIRST MONTH <UNK> 
LOG (lattice-best-path:main():lattice-best-path.cc:99) For utterance 422c0202_noisy, best cost 72.2203 + -162.322 = -90.1019 over 720 frames.
422c0202_noisy INVESTORS THINKING OF SELLING 
LOG (lattice-best-path:main():lattice-best-path.cc:99) For utterance 422c0203_noisy, best cost 88.7133 + -146.767 = -58.054 over 522 frames.
422c0203_noisy ALLOW THE SALE FOR A SMALL INVESTORS EXPECT 
LOG (lattice-best-path:main():lattice-best-path.cc:99) For utterance 422c0204_noisy, best cost 103.907 + -187.526 = -83.6191 over 662 frames.
422c0204_noisy INVESTORS EXPECT PROFIT RISE REALIZE SALES GROWTH 
LOG (lattice-best-path:main():lattice-best-path.cc:99) For utterance 422c0205_noisy, best cost 131.376 + -205.417 = -74.0407 over 883 frames.
422c0205_noisy <UNK> FINANCIAL SERVICES CONCERNS THEORY THEORY TRANSACTION ON MARCH NINETEENTH 
LOG (lattice-best-path:main():lattice-best-path.cc:99) For utterance 422c0206_noisy, best cost 83.5826 + -153.542 = -69.9596 over 642 frames.
422c0206_noisy BOTH COMPANIES SAID THEY ENDED NEGOTIATIONS HERE 
LOG (lattice-best-path:main():lattice-best-path.cc:99) For utterance 422c0207_noisy, best cost 55.5384 + -86.9895 = -31.4511 over 302 frames.
422c0207_noisy CREDITORS SAVINGS BASES 
LOG (lattice-best-path:main():lattice-best-path.cc:99) For utterance 422c0208_noisy, best cost 64.5807 + -90.1094 = -25.5287 over 340 frames.
422c0208_noisy THE VOTERS HERE AND LIVE WITH 
LOG (lattice-best-path:main():lattice-best-path.cc:99) For utterance 422c0209_noisy, best cost 31.9432 + -67.2278 = -35.2846 over 326 frames.
422c0209_noisy SAYS <UNK> 
LOG (lattice-best-path:main():lattice-best-path.cc:99) For utterance 422c020a_noisy, best cost 23.7045 + -45.6487 = -21.9442 over 185 frames.
422c020a_noisy THE MARKET 
LOG (lattice-best-path:main():lattice-best-path.cc:99) For utterance 422c020b_noisy, best cost 28.3889 + -53.9488 = -25.5598 over 206 frames.
422c020b_noisy IN JULY 
LOG (lattice-best-path:main():lattice-best-path.cc:99) For utterance 422c020c_noisy, best cost 94.0071 + -127.956 = -33.9491 over 376 frames.
422c020c_noisy SHE TRADER IN NEW YORK OR TOKYO BASED BANK AGREES 
LOG (lattice-best-path:main():lattice-best-path.cc:99) For utterance 422c020d_noisy, best cost 88.0229 + -144.875 = -56.8526 over 475 frames.
422c020d_noisy EVEN JAPANESE THOUSAND DOLLARS IS AVAILABLE HE SAYS 
LOG (lattice-best-path:main():lattice-best-path.cc:99) For utterance 422c020e_noisy, best cost 82.7827 + -141.986 = -59.2028 over 487 frames.
422c020e_noisy THE TREND IS INEVITABLE UNLESS THE GOVERNMENT AUTHORITIES 
LOG (lattice-best-path:main():lattice-best-path.cc:99) For utterance 422c020f_noisy, best cost 58.4 + -81.0023 = -22.6024 over 285 frames.
422c020f_noisy EVERYTHING IS DONE HE SAID YESTERDAY 
LOG (lattice-best-path:main():lattice-best-path.cc:99) For utterance 422c020g_noisy, best cost 76.0339 + -96.83 = -20.7961 over 338 frames.
422c020g_noisy MOST IMPORTANT HE SAID HIS COMPANY IS REBUILDING 
LOG (lattice-best-path:main():lattice-best-path.cc:99) For utterance 422c020h_noisy, best cost 147.752 + -242.513 = -94.7602 over 737 frames.
422c020h_noisy FORD'S EFFORTS DREXEL HAD GREAT WESTERN UNION'S PROXY STATEMENT TWENTY FOUR MILLION DOLLARS 
LOG (lattice-best-path:main():lattice-best-path.cc:99) For utterance 422c020i_noisy, best cost 92.3581 + -140.528 = -48.1703 over 448 frames.
422c020i_noisy TRADERS SAID THE REASON THE FIRST EVER FOR THE DOLLAR 
LOG (lattice-best-path:main():lattice-best-path.cc:99) For utterance 422c020j_noisy, best cost 106.888 + -204.75 = -97.8623 over 713 frames.
422c020j_noisy THE DOLLAR STILL THINK THE LAW CREATING SHEARSON LEHMAN BROTHERS INCORPORATED 
LOG (lattice-best-path:main():lattice-best-path.cc:99) For utterance 422c020k_noisy, best cost 83.7341 + -167.045 = -83.3106 over 720 frames.
422c020k_noisy A LIKELY CANDIDATE FOR CURRENCY RESERVES OFFERS 
LOG (lattice-best-path:main():lattice-best-path.cc:99) For utterance 422c020l_noisy, best cost 40.5033 + -167.078 = -126.575 over 574 frames.
422c020l_noisy WAS THIN 
LOG (lattice-best-path:main():lattice-best-path.cc:99) For utterance 422c020m_noisy, best cost 18.9776 + -107.716 = -88.7387 over 370 frames.
422c020m_noisy WATCH 
LOG (lattice-best-path:main():lattice-best-path.cc:99) For utterance 422c020n_noisy, best cost 22.6987 + -143.149 = -120.45 over 492 frames.
422c020n_noisy WATCH 
LOG (lattice-best-path:main():lattice-best-path.cc:99) For utterance 422c020o_noisy, best cost 42.4736 + -142.15 = -99.6763 over 586 frames.
422c020o_noisy LAST MONTH 
LOG (lattice-best-path:main():lattice-best-path.cc:99) For utterance 422c020p_noisy, best cost 44.1408 + -190.867 = -146.726 over 781 frames.
422c020p_noisy BOTH <UNK> 
LOG (lattice-best-path:main():lattice-best-path.cc:99) For utterance 422c020q_noisy, best cost 41.3707 + -212.746 = -171.375 over 757 frames.
422c020q_noisy BOTH <UNK> 
LOG (lattice-best-path:main():lattice-best-path.cc:99) For utterance 422c020r_noisy, best cost 44.1616 + -191.944 = -147.783 over 692 frames.
422c020r_noisy <UNK> GROWTH 
LOG (lattice-best-path:main():lattice-best-path.cc:99) For utterance 422c020s_noisy, best cost 49.6202 + -243.689 = -194.068 over 710 frames.
422c020s_noisy A I THINK 
LOG (lattice-best-path:main():lattice-best-path.cc:99) For utterance 422c020t_noisy, best cost 37.6926 + -140.943 = -103.25 over 395 frames.
422c020t_noisy THINGS 
LOG (lattice-best-path:main():lattice-best-path.cc:99) For utterance 422c020u_noisy, best cost 65.0397 + -263.296 = -198.256 over 875 frames.
422c020u_noisy THIN 
LOG (lattice-best-path:main():lattice-best-path.cc:99) For utterance 422c020v_noisy, best cost 31.7952 + -196.424 = -164.628 over 667 frames.
422c020v_noisy ALLIED <UNK> 
LOG (lattice-best-path:main():lattice-best-path.cc:99) For utterance 422c020w_noisy, best cost 43.2973 + -183.066 = -139.769 over 673 frames.
422c020w_noisy <UNK> THING 
LOG (lattice-best-path:main():lattice-best-path.cc:99) For utterance 422c020x_noisy, best cost 37.36 + -181.806 = -144.446 over 713 frames.
422c020x_noisy <UNK> 
LOG (lattice-best-path:main():lattice-best-path.cc:99) For utterance 422c020y_noisy, best cost 47.3758 + -235.246 = -187.87 over 926 frames.
422c020y_noisy BOTH <UNK> 
LOG (lattice-best-path:main():lattice-best-path.cc:99) For utterance 422c020z_noisy, best cost 35.3543 + -400.357 = -365.003 over 876 frames.
422c020z_noisy A I 
LOG (lattice-scale:main():lattice-scale.cc:90) Done 410 lattices.
LOG (lattice-best-path:main():lattice-best-path.cc:99) For utterance 422c0210_noisy, best cost 29.5787 + -193.282 = -163.704 over 376 frames.
422c0210_noisy A I 
LOG (lattice-best-path:main():lattice-best-path.cc:99) For utterance 422c0211_noisy, best cost 25.7221 + -235.23 = -209.508 over 490 frames.
422c0211_noisy A LAW 
LOG (lattice-best-path:main():lattice-best-path.cc:99) For utterance 422c0212_noisy, best cost 26.2229 + -295.337 = -269.114 over 629 frames.
422c0212_noisy A LOT 
LOG (lattice-best-path:main():lattice-best-path.cc:99) For utterance 422c0213_noisy, best cost 23.6544 + -111.578 = -87.9236 over 311 frames.
422c0213_noisy A LAW 
LOG (lattice-best-path:main():lattice-best-path.cc:99) For utterance 422c0214_noisy, best cost 23.2444 + -99.2343 = -75.9898 over 275 frames.
422c0214_noisy A LAW 
LOG (lattice-add-penalty:main():lattice-add-penalty.cc:62) Done adding word insertion penalty to 410 lattices.
LOG (lattice-best-path:main():lattice-best-path.cc:99) For utterance 422c0215_noisy, best cost 37.4037 + -176.155 = -138.752 over 664 frames.
422c0215_noisy <UNK> 
LOG (lattice-best-path:main():lattice-best-path.cc:99) For utterance 422c0216_noisy, best cost 30.7405 + -187.759 = -157.018 over 550 frames.
422c0216_noisy A LAW <UNK> 
LOG (lattice-best-path:main():lattice-best-path.cc:124) Overall cost per frame is -0.223164 = 0.079005 [graph] + -0.302169 [acoustic] over 275859 frames.
LOG (lattice-best-path:main():lattice-best-path.cc:128) Done 410 lattices, failed for 0
# Accounting: time=2 threads=1
# Ended (code 0) at Mon Feb 27 09:19:38 GMT 2017, elapsed time 2 seconds
