# lattice-scale --inv-acoustic-scale=8 "ark:gunzip -c exp_augmented/nnet2_online/nnet_a_gpu_fast_online/decode_catch_noisy/lat.*.gz|" ark:- | lattice-add-penalty --word-ins-penalty=0.0 ark:- ark:- | lattice-best-path --word-symbol-table=exp_augmented/tri4a/miro_grammar_graph/words.txt ark:- ark,t:- | utils/int2sym.pl -f 2- exp_augmented/tri4a/miro_grammar_graph/words.txt | local/wer_hyp_filter > exp_augmented/nnet2_online/nnet_a_gpu_fast_online/decode_catch_noisy/scoring_kaldi/penalty_0.0/8.txt 
# Started at Mon Feb 27 09:44:34 GMT 2017
#
lattice-best-path --word-symbol-table=exp_augmented/tri4a/miro_grammar_graph/words.txt ark:- ark,t:- 
lattice-add-penalty --word-ins-penalty=0.0 ark:- ark:- 
lattice-scale --inv-acoustic-scale=8 'ark:gunzip -c exp_augmented/nnet2_online/nnet_a_gpu_fast_online/decode_catch_noisy/lat.*.gz|' ark:- 
LOG (lattice-best-path:main():lattice-best-path.cc:99) For utterance 01m_catch-0.496-2.068, best cost 10.9544 + -70.2996 = -59.3452 over 155 frames.
01m_catch-0.496-2.068 HELLO MIRO 
LOG (lattice-best-path:main():lattice-best-path.cc:99) For utterance 01m_catch-10.875-12.405, best cost 10.233 + -61.8186 = -51.5856 over 151 frames.
01m_catch-10.875-12.405 STAY THERE 
LOG (lattice-best-path:main():lattice-best-path.cc:99) For utterance 01m_catch-13.480-15.134, best cost 10.6816 + -55.2079 = -44.5263 over 163 frames.
01m_catch-13.480-15.134 WAKE UP 
LOG (lattice-best-path:main():lattice-best-path.cc:99) For utterance 01m_catch-16.127-17.285, best cost 10.9488 + -50.237 = -39.2882 over 114 frames.
01m_catch-16.127-17.285 NOD YOUR HEAD 
LOG (lattice-best-path:main():lattice-best-path.cc:99) For utterance 01m_catch-18.608-20.096, best cost 11.4511 + -69.7164 = -58.2653 over 147 frames.
01m_catch-18.608-20.096 GO TO SLEEP 
LOG (lattice-best-path:main():lattice-best-path.cc:99) For utterance 01m_catch-2.564-4.176, best cost 11.1069 + -63.7848 = -52.6779 over 159 frames.
01m_catch-2.564-4.176 HELLO MIRO 
LOG (lattice-best-path:main():lattice-best-path.cc:99) For utterance 01m_catch-21.709-23.156, best cost 12.2408 + -62.503 = -50.2622 over 143 frames.
01m_catch-21.709-23.156 ARE YOU HAPPY 
LOG (lattice-best-path:main():lattice-best-path.cc:99) For utterance 01m_catch-23.901-25.348, best cost 10.988 + -56.3154 = -45.3274 over 143 frames.
01m_catch-23.901-25.348 ARE YOU SAD 
LOG (lattice-best-path:main():lattice-best-path.cc:99) For utterance 01m_catch-26.382-27.912, best cost 12.9657 + -53.6114 = -40.6457 over 151 frames.
01m_catch-26.382-27.912 HOW ARE YOU FEELING 
LOG (lattice-best-path:main():lattice-best-path.cc:99) For utterance 01m_catch-28.573-30.021, best cost 10.3404 + -63.2874 = -52.947 over 143 frames.
01m_catch-28.573-30.021 WAKE UP 
LOG (lattice-best-path:main():lattice-best-path.cc:99) For utterance 01m_catch-6.079-7.402, best cost 10.1787 + -39.465 = -29.2863 over 130 frames.
01m_catch-6.079-7.402 HEY MIRO 
LOG (lattice-best-path:main():lattice-best-path.cc:99) For utterance 01m_catch-8.312-9.511, best cost 10.3967 + -40.8424 = -30.4457 over 118 frames.
01m_catch-8.312-9.511 GO TO SLEEP 
LOG (lattice-best-path:main():lattice-best-path.cc:99) For utterance 02m_catch-0.455-2.068, best cost 11.5155 + -60.462 = -48.9465 over 159 frames.
02m_catch-0.455-2.068 HELLO MIRO 
LOG (lattice-best-path:main():lattice-best-path.cc:99) For utterance 02m_catch-10.503-11.992, best cost 11.9525 + -45.7724 = -33.82 over 147 frames.
02m_catch-10.503-11.992 WAG YOUR TAIL 
LOG (lattice-best-path:main():lattice-best-path.cc:99) For utterance 02m_catch-12.488-13.853, best cost 11.4988 + -36.0837 = -24.5849 over 135 frames.
02m_catch-12.488-13.853 NOD YOUR HEAD 
LOG (lattice-best-path:main():lattice-best-path.cc:99) For utterance 02m_catch-14.721-16.127, best cost 11.0745 + -57.6095 = -46.5349 over 139 frames.
02m_catch-14.721-16.127 GO TO SLEEP 
LOG (lattice-best-path:main():lattice-best-path.cc:99) For utterance 02m_catch-16.582-17.905, best cost 10.8725 + -35.3445 = -24.472 over 130 frames.
02m_catch-16.582-17.905 ARE YOU HAPPY 
LOG (lattice-best-path:main():lattice-best-path.cc:99) For utterance 02m_catch-18.153-19.642, best cost 10.7038 + -27.0725 = -16.3687 over 147 frames.
02m_catch-18.153-19.642 ARE YOU SAD 
LOG (lattice-best-path:main():lattice-best-path.cc:99) For utterance 02m_catch-2.895-4.383, best cost 10.7112 + -55.3188 = -44.6076 over 147 frames.
02m_catch-2.895-4.383 HELLO MIRO 
LOG (lattice-best-path:main():lattice-best-path.cc:99) For utterance 02m_catch-20.221-21.875, best cost 13.0962 + -52.5643 = -39.4681 over 163 frames.
02m_catch-20.221-21.875 HOW ARE YOU FEELING 
LOG (lattice-best-path:main():lattice-best-path.cc:99) For utterance 02m_catch-22.412-23.570, best cost 8.91741 + -41.3878 = -32.4704 over 114 frames.
02m_catch-22.412-23.570 WAKE UP 
LOG (lattice-best-path:main():lattice-best-path.cc:99) For utterance 02m_catch-4.921-6.120, best cost 9.71137 + -41.2687 = -31.5574 over 118 frames.
02m_catch-4.921-6.120 HEY MIRO 
LOG (lattice-best-path:main():lattice-best-path.cc:99) For utterance 02m_catch-6.823-8.022, best cost 9.48531 + -21.0106 = -11.5253 over 118 frames.
02m_catch-6.823-8.022 COME HERE 
LOG (lattice-best-path:main():lattice-best-path.cc:99) For utterance 02m_catch-8.684-9.883, best cost 8.75607 + -30.3661 = -21.61 over 118 frames.
02m_catch-8.684-9.883 STAY THERE 
LOG (lattice-best-path:main():lattice-best-path.cc:99) For utterance 03f_catch-10.104-12.000, best cost 12.8822 + -79.7845 = -66.9023 over 188 frames.
03f_catch-10.104-12.000 COME HERE 
LOG (lattice-best-path:main():lattice-best-path.cc:99) For utterance 03f_catch-12.131-13.995, best cost 8.98719 + -76.6348 = -67.6476 over 184 frames.
03f_catch-12.131-13.995 !SIL 
LOG (lattice-best-path:main():lattice-best-path.cc:99) For utterance 03f_catch-14.256-15.989, best cost 8.61321 + -62.4953 = -53.882 over 171 frames.
03f_catch-14.256-15.989 !SIL 
LOG (lattice-best-path:main():lattice-best-path.cc:99) For utterance 03f_catch-15.989-17.722, best cost 8.61321 + -62.6455 = -54.0323 over 171 frames.
03f_catch-15.989-17.722 !SIL 
LOG (lattice-best-path:main():lattice-best-path.cc:99) For utterance 03f_catch-17.755-19.717, best cost 13.6838 + -69.2597 = -55.5759 over 194 frames.
03f_catch-17.755-19.717 GO TO SLEEP 
LOG (lattice-best-path:main():lattice-best-path.cc:99) For utterance 03f_catch-19.717-22.169, best cost 15.9761 + -103.432 = -87.4557 over 243 frames.
03f_catch-19.717-22.169 ARE YOU SAD 
LOG (lattice-best-path:main():lattice-best-path.cc:99) For utterance 03f_catch-22.169-24.196, best cost 12.9395 + -74.163 = -61.2235 over 201 frames.
03f_catch-22.169-24.196 HI MIRO 
LOG (lattice-scale:main():lattice-scale.cc:90) Done 96 lattices.
LOG (lattice-best-path:main():lattice-best-path.cc:99) For utterance 03f_catch-24.196-26.223, best cost 14.5844 + -79.6245 = -65.04 over 201 frames.
03f_catch-24.196-26.223 ARE YOU SAD 
LOG (lattice-best-path:main():lattice-best-path.cc:99) For utterance 03f_catch-26.223-28.251, best cost 12.1213 + -90.2588 = -78.1376 over 201 frames.
03f_catch-26.223-28.251 WAKE UP 
LOG (lattice-best-path:main():lattice-best-path.cc:99) For utterance 03f_catch-4.316-6.311, best cost 9.38994 + -78.4314 = -69.0414 over 198 frames.
03f_catch-4.316-6.311 !SIL 
LOG (lattice-best-path:main():lattice-best-path.cc:99) For utterance 03f_catch-6.441-8.240, best cost 11.3963 + -73.7955 = -62.3992 over 178 frames.
03f_catch-6.441-8.240 HI MIRO 
LOG (lattice-best-path:main():lattice-best-path.cc:99) For utterance 03f_catch-8.371-10.104, best cost 8.61321 + -69.0662 = -60.453 over 171 frames.
03f_catch-8.371-10.104 !SIL 
LOG (lattice-best-path:main():lattice-best-path.cc:99) For utterance 04m_catch-0.785-2.093, best cost 10.4353 + -50.5343 = -40.099 over 129 frames.
04m_catch-0.785-2.093 HELLO MIRO 
LOG (lattice-best-path:main():lattice-best-path.cc:99) For utterance 04m_catch-10.725-11.869, best cost 9.96237 + -41.0291 = -31.0667 over 112 frames.
04m_catch-10.725-11.869 GO TO SLEEP 
LOG (lattice-best-path:main():lattice-best-path.cc:99) For utterance 04m_catch-11.902-13.700, best cost 12.7365 + -67.1858 = -54.4493 over 178 frames.
04m_catch-11.902-13.700 ARE YOU HAPPY 
LOG (lattice-best-path:main():lattice-best-path.cc:99) For utterance 04m_catch-13.798-15.139, best cost 10.2766 + -54.555 = -44.2783 over 132 frames.
04m_catch-13.798-15.139 ARE YOU SAD 
LOG (lattice-best-path:main():lattice-best-path.cc:99) For utterance 04m_catch-15.204-16.512, best cost 12.2715 + -43.5991 = -31.3276 over 129 frames.
04m_catch-15.204-16.512 HOW ARE YOU FEELING 
LOG (lattice-best-path:main():lattice-best-path.cc:99) For utterance 04m_catch-16.512-17.886, best cost 9.63295 + -61.3904 = -51.7574 over 135 frames.
04m_catch-16.512-17.886 WAKE UP 
LOG (lattice-best-path:main():lattice-best-path.cc:99) For utterance 04m_catch-2.256-3.433, best cost 9.37272 + -41.7807 = -32.408 over 116 frames.
04m_catch-2.256-3.433 HI MIRO 
LOG (lattice-best-path:main():lattice-best-path.cc:99) For utterance 04m_catch-3.466-5.035, best cost 10.8455 + -64.129 = -53.2835 over 155 frames.
04m_catch-3.466-5.035 HEY MIRO 
LOG (lattice-best-path:main():lattice-best-path.cc:99) For utterance 04m_catch-5.101-6.114, best cost 8.48898 + -24.7115 = -16.2225 over 99 frames.
04m_catch-5.101-6.114 COME HERE 
LOG (lattice-best-path:main():lattice-best-path.cc:99) For utterance 04m_catch-6.147-7.553, best cost 11.5436 + -48.7431 = -37.1995 over 139 frames.
04m_catch-6.147-7.553 STAY THERE 
LOG (lattice-best-path:main():lattice-best-path.cc:99) For utterance 04m_catch-7.619-9.025, best cost 12.0832 + -44.7433 = -32.6601 over 139 frames.
04m_catch-7.619-9.025 WAG YOUR TAIL 
LOG (lattice-best-path:main():lattice-best-path.cc:99) For utterance 04m_catch-9.025-10.627, best cost 12.1547 + -75.347 = -63.1924 over 158 frames.
04m_catch-9.025-10.627 NOD YOUR HEAD 
LOG (lattice-best-path:main():lattice-best-path.cc:99) For utterance 05m_catch-0.589-2.158, best cost 10.7088 + -62.6387 = -51.9298 over 155 frames.
05m_catch-0.589-2.158 HELLO MIRO 
LOG (lattice-best-path:main():lattice-best-path.cc:99) For utterance 05m_catch-10.005-12.294, best cost 15.7209 + -92.499 = -76.7781 over 227 frames.
05m_catch-10.005-12.294 STAY THERE 
LOG (lattice-best-path:main():lattice-best-path.cc:99) For utterance 05m_catch-12.621-14.420, best cost 13.5405 + -74.4131 = -60.8726 over 178 frames.
05m_catch-12.621-14.420 WAG YOUR TAIL 
LOG (lattice-best-path:main():lattice-best-path.cc:99) For utterance 05m_catch-14.812-16.643, best cost 12.6491 + -44.2671 = -31.618 over 181 frames.
05m_catch-14.812-16.643 NOD YOUR HEAD 
LOG (lattice-best-path:main():lattice-best-path.cc:99) For utterance 05m_catch-16.905-18.899, best cost 13.0833 + -83.4004 = -70.3172 over 197 frames.
05m_catch-16.905-18.899 GO TO SLEEP 
LOG (lattice-best-path:main():lattice-best-path.cc:99) For utterance 05m_catch-19.095-20.763, best cost 12.2348 + -67.4716 = -55.2368 over 165 frames.
05m_catch-19.095-20.763 ARE YOU HAPPY 
LOG (lattice-best-path:main():lattice-best-path.cc:99) For utterance 05m_catch-2.616-4.872, best cost 13.9233 + -81.9368 = -68.0136 over 224 frames.
05m_catch-2.616-4.872 HELLO MIRO 
LOG (lattice-best-path:main():lattice-best-path.cc:99) For utterance 05m_catch-21.123-22.823, best cost 11.8688 + -35.7242 = -23.8554 over 168 frames.
05m_catch-21.123-22.823 ARE YOU SAD 
LOG (lattice-best-path:main():lattice-best-path.cc:99) For utterance 05m_catch-23.019-24.883, best cost 14.0278 + -70.1464 = -56.1186 over 184 frames.
05m_catch-23.019-24.883 HOW ARE YOU FEELING 
LOG (lattice-best-path:main():lattice-best-path.cc:99) For utterance 05m_catch-25.014-26.550, best cost 10.3724 + -64.3793 = -54.007 over 152 frames.
05m_catch-25.014-26.550 WAKE UP 
LOG (lattice-best-path:main():lattice-best-path.cc:99) For utterance 05m_catch-5.134-6.866, best cost 11.5297 + -67.279 = -55.7493 over 171 frames.
05m_catch-5.134-6.866 HEY MIRO 
LOG (lattice-best-path:main():lattice-best-path.cc:99) For utterance 05m_catch-7.357-9.580, best cost 14.0902 + -58.5643 = -44.4741 over 220 frames.
05m_catch-7.357-9.580 NOD YOUR HEAD 
LOG (lattice-best-path:main():lattice-best-path.cc:99) For utterance 06m_catch-0.098-1.144, best cost 9.49374 + -23.7926 = -14.2989 over 103 frames.
06m_catch-0.098-1.144 HELLO MIRO 
LOG (lattice-best-path:main():lattice-best-path.cc:99) For utterance 06m_catch-1.275-2.518, best cost 10.4461 + -33.0125 = -22.5664 over 122 frames.
06m_catch-1.275-2.518 ARE YOU SAD 
LOG (lattice-best-path:main():lattice-best-path.cc:99) For utterance 06m_catch-10.561-12.000, best cost 11.2914 + -55.5146 = -44.2231 over 142 frames.
06m_catch-10.561-12.000 ARE YOU HAPPY 
LOG (lattice-best-path:main():lattice-best-path.cc:99) For utterance 06m_catch-12.000-13.210, best cost 10.0463 + -39.6747 = -29.6284 over 119 frames.
06m_catch-12.000-13.210 ARE YOU SAD 
LOG (lattice-best-path:main():lattice-best-path.cc:99) For utterance 06m_catch-13.569-14.812, best cost 11.3083 + -41.6024 = -30.2941 over 122 frames.
06m_catch-13.569-14.812 HOW ARE YOU FEELING 
LOG (lattice-best-path:main():lattice-best-path.cc:99) For utterance 06m_catch-14.845-16.251, best cost 9.77173 + -60.1037 = -50.332 over 139 frames.
06m_catch-14.845-16.251 WAKE UP 
LOG (lattice-best-path:main():lattice-best-path.cc:99) For utterance 06m_catch-2.518-3.924, best cost 12.1366 + -42.421 = -30.2844 over 139 frames.
06m_catch-2.518-3.924 HOW ARE YOU FEELING 
LOG (lattice-best-path:main():lattice-best-path.cc:99) For utterance 06m_catch-3.924-5.232, best cost 9.4936 + -42.542 = -33.0484 over 129 frames.
06m_catch-3.924-5.232 COME HERE 
LOG (lattice-best-path:main():lattice-best-path.cc:99) For utterance 06m_catch-5.232-6.507, best cost 9.59701 + -49.5068 = -39.9098 over 126 frames.
06m_catch-5.232-6.507 STAY THERE 
LOG (lattice-best-path:main():lattice-best-path.cc:99) For utterance 06m_catch-6.540-7.847, best cost 10.8698 + -47.0305 = -36.1607 over 129 frames.
06m_catch-6.540-7.847 WAG YOUR TAIL 
LOG (lattice-best-path:main():lattice-best-path.cc:99) For utterance 06m_catch-7.847-9.123, best cost 9.51434 + -40.2912 = -30.7768 over 126 frames.
06m_catch-7.847-9.123 HELLO MIRO 
LOG (lattice-best-path:main():lattice-best-path.cc:99) For utterance 06m_catch-9.123-10.463, best cost 10.5154 + -53.5231 = -43.0077 over 132 frames.
06m_catch-9.123-10.463 GO TO SLEEP 
LOG (lattice-best-path:main():lattice-best-path.cc:99) For utterance 07f_catch-1.210-3.172, best cost 12.5295 + -88.995 = -76.4656 over 194 frames.
07f_catch-1.210-3.172 HELLO MIRO 
LOG (lattice-add-penalty:main():lattice-add-penalty.cc:62) Done adding word insertion penalty to 96 lattices.
LOG (lattice-best-path:main():lattice-best-path.cc:99) For utterance 07f_catch-12.719-15.302, best cost 14.6123 + -96.9347 = -82.3223 over 256 frames.
07f_catch-12.719-15.302 COME HERE 
LOG (lattice-best-path:main():lattice-best-path.cc:99) For utterance 07f_catch-17.134-19.226, best cost 12.2867 + -71.9274 = -59.6407 over 207 frames.
07f_catch-17.134-19.226 WAKE UP 
LOG (lattice-best-path:main():lattice-best-path.cc:99) For utterance 07f_catch-20.926-23.281, best cost 15.213 + -77.8717 = -62.6587 over 234 frames.
07f_catch-20.926-23.281 WAG YOUR TAIL 
LOG (lattice-best-path:main():lattice-best-path.cc:99) For utterance 07f_catch-25.504-28.283, best cost 16.9918 + -95.4871 = -78.4953 over 276 frames.
07f_catch-25.504-28.283 NOD YOUR HEAD 
LOG (lattice-best-path:main():lattice-best-path.cc:99) For utterance 07f_catch-30.572-33.351, best cost 16.9391 + -116.025 = -99.0858 over 276 frames.
07f_catch-30.572-33.351 GO TO SLEEP 
LOG (lattice-best-path:main():lattice-best-path.cc:99) For utterance 07f_catch-34.986-37.602, best cost 17.2143 + -77.7324 = -60.5181 over 260 frames.
07f_catch-34.986-37.602 HOW ARE YOU FEELING 
LOG (lattice-best-path:main():lattice-best-path.cc:99) For utterance 07f_catch-38.583-41.068, best cost 14.534 + -72.2477 = -57.7137 over 247 frames.
07f_catch-38.583-41.068 WAKE UP 
LOG (lattice-best-path:main():lattice-best-path.cc:99) For utterance 07f_catch-42.343-45.384, best cost 19.0538 + -105.209 = -86.1551 over 302 frames.
07f_catch-42.343-45.384 HOW ARE YOU FEELING 
LOG (lattice-best-path:main():lattice-best-path.cc:99) For utterance 07f_catch-46.038-47.869, best cost 11.6358 + -68.1327 = -56.4969 over 181 frames.
07f_catch-46.038-47.869 WAKE UP 
LOG (lattice-best-path:main():lattice-best-path.cc:99) For utterance 07f_catch-5.199-7.128, best cost 11.796 + -62.2527 = -50.4567 over 191 frames.
07f_catch-5.199-7.128 HI MIRO 
LOG (lattice-best-path:main():lattice-best-path.cc:99) For utterance 07f_catch-9.155-11.313, best cost 12.6391 + -67.4573 = -54.8182 over 214 frames.
07f_catch-9.155-11.313 HEY MIRO 
LOG (lattice-best-path:main():lattice-best-path.cc:99) For utterance 08f_catch-0.131-2.158, best cost 12.6627 + -63.3318 = -50.6692 over 201 frames.
08f_catch-0.131-2.158 HELLO MIRO 
LOG (lattice-best-path:main():lattice-best-path.cc:99) For utterance 08f_catch-10.790-12.850, best cost 15.068 + -70.5193 = -55.4513 over 204 frames.
08f_catch-10.790-12.850 ARE YOU SAD 
LOG (lattice-best-path:main():lattice-best-path.cc:99) For utterance 08f_catch-13.504-16.120, best cost 15.3258 + -88.4079 = -73.0821 over 260 frames.
08f_catch-13.504-16.120 HELLO MIRO 
LOG (lattice-best-path:main():lattice-best-path.cc:99) For utterance 08f_catch-16.480-18.670, best cost 15.0727 + -88.3949 = -73.3223 over 217 frames.
08f_catch-16.480-18.670 GO TO SLEEP 
LOG (lattice-best-path:main():lattice-best-path.cc:99) For utterance 08f_catch-18.932-21.351, best cost 15.092 + -78.3909 = -63.2989 over 240 frames.
08f_catch-18.932-21.351 ARE YOU HAPPY 
LOG (lattice-best-path:main():lattice-best-path.cc:99) For utterance 08f_catch-2.256-3.826, best cost 11.1333 + -61.7621 = -50.6288 over 155 frames.
08f_catch-2.256-3.826 HELLO MIRO 
LOG (lattice-best-path:main():lattice-best-path.cc:99) For utterance 08f_catch-21.351-23.019, best cost 11.3648 + -49.8962 = -38.5315 over 165 frames.
08f_catch-21.351-23.019 ARE YOU SAD 
LOG (lattice-best-path:main():lattice-best-path.cc:99) For utterance 08f_catch-23.444-25.798, best cost 16.4108 + -86.5544 = -70.1436 over 233 frames.
08f_catch-23.444-25.798 HOW ARE YOU FEELING 
LOG (lattice-best-path:main():lattice-best-path.cc:99) For utterance 08f_catch-25.831-27.368, best cost 10.9653 + -51.738 = -40.7727 over 152 frames.
08f_catch-25.831-27.368 WAKE UP 
LOG (lattice-best-path:main():lattice-best-path.cc:99) For utterance 08f_catch-4.153-6.016, best cost 12.4319 + -60.1827 = -47.7508 over 184 frames.
08f_catch-4.153-6.016 HELLO MIRO 
LOG (lattice-best-path:main():lattice-best-path.cc:99) For utterance 08f_catch-6.278-7.978, best cost 13.4976 + -53.9153 = -40.4177 over 168 frames.
08f_catch-6.278-7.978 ARE YOU SAD 
LOG (lattice-best-path:main():lattice-best-path.cc:99) For utterance 08f_catch-8.240-10.332, best cost 13.2613 + -63.8352 = -50.5739 over 207 frames.
08f_catch-8.240-10.332 HEY MIRO 
LOG (lattice-best-path:main():lattice-best-path.cc:124) Overall cost per frame is -0.291314 = 0.0704302 [graph] + -0.361744 [acoustic] over 16248 frames.
LOG (lattice-best-path:main():lattice-best-path.cc:128) Done 96 lattices, failed for 0
# Accounting: time=0 threads=1
# Ended (code 0) at Mon Feb 27 09:44:34 GMT 2017, elapsed time 0 seconds
