# online2-wav-nnet2-latgen-faster --online=true --do-endpointing=false --config=exp_augmented/nnet2_online/nnet_a_gpu_fast_online/conf/online_nnet2_decoding.conf --max-active=7000 --beam=15.0 --lattice-beam=6.0 --acoustic-scale=0.1 --word-symbol-table=exp_augmented/tri4a/miro_grammar_graph/words.txt exp_augmented/nnet2_online/nnet_a_gpu_fast_online/final.mdl exp_augmented/tri4a/miro_grammar_graph/HCLG.fst ark:data/catch_miro/split8/6/spk2utt "ark,s,cs:extract-segments scp,p:data/catch_miro/split8/6/wav.scp data/catch_miro/split8/6/segments ark:- |" "ark:|gzip -c > exp_augmented/nnet2_online/nnet_a_gpu_fast_online/decode_catch/lat.6.gz" 
# Started at Mon Feb 27 09:22:30 GMT 2017
#
online2-wav-nnet2-latgen-faster --online=true --do-endpointing=false --config=exp_augmented/nnet2_online/nnet_a_gpu_fast_online/conf/online_nnet2_decoding.conf --max-active=7000 --beam=15.0 --lattice-beam=6.0 --acoustic-scale=0.1 --word-symbol-table=exp_augmented/tri4a/miro_grammar_graph/words.txt exp_augmented/nnet2_online/nnet_a_gpu_fast_online/final.mdl exp_augmented/tri4a/miro_grammar_graph/HCLG.fst ark:data/catch_miro/split8/6/spk2utt 'ark,s,cs:extract-segments scp,p:data/catch_miro/split8/6/wav.scp data/catch_miro/split8/6/segments ark:- |' 'ark:|gzip -c > exp_augmented/nnet2_online/nnet_a_gpu_fast_online/decode_catch/lat.6.gz' 
LOG (online2-wav-nnet2-latgen-faster:ComputeDerivedVars():ivector-extractor.cc:183) Computing derived variables for iVector extractor
LOG (online2-wav-nnet2-latgen-faster:ComputeDerivedVars():ivector-extractor.cc:204) Done.
extract-segments scp,p:data/catch_miro/split8/6/wav.scp data/catch_miro/split8/6/segments ark:- 
06m_catch-0.098-1.144 HELLO MIRO 
LOG (online2-wav-nnet2-latgen-faster:main():online2-wav-nnet2-latgen-faster.cc:273) Decoded utterance 06m_catch-0.098-1.144
06m_catch-1.275-2.518 ARE YOU SAD 
LOG (online2-wav-nnet2-latgen-faster:main():online2-wav-nnet2-latgen-faster.cc:273) Decoded utterance 06m_catch-1.275-2.518
06m_catch-10.561-12.000 ARE YOU HAPPY 
LOG (online2-wav-nnet2-latgen-faster:main():online2-wav-nnet2-latgen-faster.cc:273) Decoded utterance 06m_catch-10.561-12.000
06m_catch-12.000-13.210 ARE YOU SAD 
LOG (online2-wav-nnet2-latgen-faster:main():online2-wav-nnet2-latgen-faster.cc:273) Decoded utterance 06m_catch-12.000-13.210
06m_catch-13.569-14.812 HOW ARE YOU FEELING 
LOG (online2-wav-nnet2-latgen-faster:main():online2-wav-nnet2-latgen-faster.cc:273) Decoded utterance 06m_catch-13.569-14.812
06m_catch-14.845-16.251 WAKE UP 
LOG (online2-wav-nnet2-latgen-faster:main():online2-wav-nnet2-latgen-faster.cc:273) Decoded utterance 06m_catch-14.845-16.251
06m_catch-2.518-3.924 HEY MIRO 
LOG (online2-wav-nnet2-latgen-faster:main():online2-wav-nnet2-latgen-faster.cc:273) Decoded utterance 06m_catch-2.518-3.924
06m_catch-3.924-5.232 COME HERE 
LOG (online2-wav-nnet2-latgen-faster:main():online2-wav-nnet2-latgen-faster.cc:273) Decoded utterance 06m_catch-3.924-5.232
06m_catch-5.232-6.507 STAY THERE 
LOG (online2-wav-nnet2-latgen-faster:main():online2-wav-nnet2-latgen-faster.cc:273) Decoded utterance 06m_catch-5.232-6.507
06m_catch-6.540-7.847 WAG YOUR TAIL 
LOG (online2-wav-nnet2-latgen-faster:main():online2-wav-nnet2-latgen-faster.cc:273) Decoded utterance 06m_catch-6.540-7.847
LOG (extract-segments:main():extract-segments.cc:194) Successfully processed 12 lines out of 12 in the segments file. 
06m_catch-7.847-9.123 WAG YOUR TAIL 
LOG (online2-wav-nnet2-latgen-faster:main():online2-wav-nnet2-latgen-faster.cc:273) Decoded utterance 06m_catch-7.847-9.123
06m_catch-9.123-10.463 GO TO SLEEP 
LOG (online2-wav-nnet2-latgen-faster:main():online2-wav-nnet2-latgen-faster.cc:273) Decoded utterance 06m_catch-9.123-10.463
LOG (online2-wav-nnet2-latgen-faster:Print():online-timing.cc:36) Timing stats: real-time factor was 1.02788 (note: this cannot be less than one.)
LOG (online2-wav-nnet2-latgen-faster:Print():online-timing.cc:38) Average delay was 0.0360097 seconds.
LOG (online2-wav-nnet2-latgen-faster:Print():online-timing.cc:42) Percentage of time spent idling was 79.6684
LOG (online2-wav-nnet2-latgen-faster:Print():online-timing.cc:44) Longest delay was 0.0464661 seconds for utterance '06m_catch-7.847-9.123'
LOG (online2-wav-nnet2-latgen-faster:main():online2-wav-nnet2-latgen-faster.cc:279) Decoded 12 utterances, 0 with errors.
LOG (online2-wav-nnet2-latgen-faster:main():online2-wav-nnet2-latgen-faster.cc:281) Overall likelihood per frame was 0.201785 per frame over 1528 frames.
# Accounting: time=4 threads=1
# Ended (code 0) at Mon Feb 27 09:22:34 GMT 2017, elapsed time 4 seconds
