# online2-wav-nnet2-latgen-faster --online=true --do-endpointing=false --config=exp_augmented/nnet2_online/nnet_a_gpu_fast_online/conf/online_nnet2_decoding.conf --max-active=7000 --beam=15.0 --lattice-beam=6.0 --acoustic-scale=0.1 --word-symbol-table=exp_augmented/tri4a/miro_grammar_graph/words.txt exp_augmented/nnet2_online/nnet_a_gpu_fast_online/final.mdl exp_augmented/tri4a/miro_grammar_graph/HCLG.fst ark:data/catch_miro/split8/4/spk2utt "ark,s,cs:extract-segments scp,p:data/catch_miro/split8/4/wav.scp data/catch_miro/split8/4/segments ark:- |" "ark:|gzip -c > exp_augmented/nnet2_online/nnet_a_gpu_fast_online/decode_catch/lat.4.gz" 
# Started at Mon Feb 27 09:22:30 GMT 2017
#
online2-wav-nnet2-latgen-faster --online=true --do-endpointing=false --config=exp_augmented/nnet2_online/nnet_a_gpu_fast_online/conf/online_nnet2_decoding.conf --max-active=7000 --beam=15.0 --lattice-beam=6.0 --acoustic-scale=0.1 --word-symbol-table=exp_augmented/tri4a/miro_grammar_graph/words.txt exp_augmented/nnet2_online/nnet_a_gpu_fast_online/final.mdl exp_augmented/tri4a/miro_grammar_graph/HCLG.fst ark:data/catch_miro/split8/4/spk2utt 'ark,s,cs:extract-segments scp,p:data/catch_miro/split8/4/wav.scp data/catch_miro/split8/4/segments ark:- |' 'ark:|gzip -c > exp_augmented/nnet2_online/nnet_a_gpu_fast_online/decode_catch/lat.4.gz' 
LOG (online2-wav-nnet2-latgen-faster:ComputeDerivedVars():ivector-extractor.cc:183) Computing derived variables for iVector extractor
LOG (online2-wav-nnet2-latgen-faster:ComputeDerivedVars():ivector-extractor.cc:204) Done.
extract-segments scp,p:data/catch_miro/split8/4/wav.scp data/catch_miro/split8/4/segments ark:- 
04m_catch-0.785-2.093 HELLO MIRO 
LOG (online2-wav-nnet2-latgen-faster:main():online2-wav-nnet2-latgen-faster.cc:273) Decoded utterance 04m_catch-0.785-2.093
04m_catch-10.725-11.869 GO TO SLEEP 
LOG (online2-wav-nnet2-latgen-faster:main():online2-wav-nnet2-latgen-faster.cc:273) Decoded utterance 04m_catch-10.725-11.869
04m_catch-11.902-13.700 ARE YOU HAPPY 
LOG (online2-wav-nnet2-latgen-faster:main():online2-wav-nnet2-latgen-faster.cc:273) Decoded utterance 04m_catch-11.902-13.700
04m_catch-13.798-15.139 ARE YOU SAD 
LOG (online2-wav-nnet2-latgen-faster:main():online2-wav-nnet2-latgen-faster.cc:273) Decoded utterance 04m_catch-13.798-15.139
04m_catch-15.204-16.512 HOW ARE YOU FEELING 
LOG (online2-wav-nnet2-latgen-faster:main():online2-wav-nnet2-latgen-faster.cc:273) Decoded utterance 04m_catch-15.204-16.512
04m_catch-16.512-17.886 WAKE UP 
LOG (online2-wav-nnet2-latgen-faster:main():online2-wav-nnet2-latgen-faster.cc:273) Decoded utterance 04m_catch-16.512-17.886
04m_catch-2.256-3.433 HI MIRO 
LOG (online2-wav-nnet2-latgen-faster:main():online2-wav-nnet2-latgen-faster.cc:273) Decoded utterance 04m_catch-2.256-3.433
04m_catch-3.466-5.035 HEY MIRO 
LOG (online2-wav-nnet2-latgen-faster:main():online2-wav-nnet2-latgen-faster.cc:273) Decoded utterance 04m_catch-3.466-5.035
04m_catch-5.101-6.114 COME HERE 
LOG (online2-wav-nnet2-latgen-faster:main():online2-wav-nnet2-latgen-faster.cc:273) Decoded utterance 04m_catch-5.101-6.114
04m_catch-6.147-7.553 STAY THERE 
LOG (online2-wav-nnet2-latgen-faster:main():online2-wav-nnet2-latgen-faster.cc:273) Decoded utterance 04m_catch-6.147-7.553
LOG (extract-segments:main():extract-segments.cc:194) Successfully processed 12 lines out of 12 in the segments file. 
04m_catch-7.619-9.025 WAG YOUR TAIL 
LOG (online2-wav-nnet2-latgen-faster:main():online2-wav-nnet2-latgen-faster.cc:273) Decoded utterance 04m_catch-7.619-9.025
04m_catch-9.025-10.627 NOD YOUR HEAD 
LOG (online2-wav-nnet2-latgen-faster:main():online2-wav-nnet2-latgen-faster.cc:273) Decoded utterance 04m_catch-9.025-10.627
LOG (online2-wav-nnet2-latgen-faster:Print():online-timing.cc:36) Timing stats: real-time factor was 1.0243 (note: this cannot be less than one.)
LOG (online2-wav-nnet2-latgen-faster:Print():online-timing.cc:38) Average delay was 0.0332996 seconds.
LOG (online2-wav-nnet2-latgen-faster:Print():online-timing.cc:42) Percentage of time spent idling was 81.0971
LOG (online2-wav-nnet2-latgen-faster:Print():online-timing.cc:44) Longest delay was 0.0563979 seconds for utterance '04m_catch-5.101-6.114'
LOG (online2-wav-nnet2-latgen-faster:main():online2-wav-nnet2-latgen-faster.cc:279) Decoded 12 utterances, 0 with errors.
LOG (online2-wav-nnet2-latgen-faster:main():online2-wav-nnet2-latgen-faster.cc:281) Overall likelihood per frame was 0.23218 per frame over 1621 frames.
# Accounting: time=4 threads=1
# Ended (code 0) at Mon Feb 27 09:22:34 GMT 2017, elapsed time 4 seconds
