# online2-wav-nnet2-latgen-faster --online=true --do-endpointing=false --config=exp_augmented/nnet2_online/nnet_a_gpu_fast_online/conf/online_nnet2_decoding.conf --max-active=7000 --beam=15.0 --lattice-beam=6.0 --acoustic-scale=0.1 --word-symbol-table=exp_augmented/tri4a/graph/words.txt exp_augmented/nnet2_online/nnet_a_gpu_fast_online/final.mdl exp_augmented/tri4a/graph/HCLG.fst ark:data/new_robot/avg_ch/dt05_miro/split10/8/spk2utt "ark,s,cs:extract-segments scp,p:data/new_robot/avg_ch/dt05_miro/split10/8/wav.scp data/new_robot/avg_ch/dt05_miro/split10/8/segments ark:- |" "ark:|gzip -c > exp_augmented/nnet2_online/nnet_a_gpu_fast_online/decode_dt05_avg/lat.8.gz" 
# Started at Sat Feb 25 12:03:53 GMT 2017
#
online2-wav-nnet2-latgen-faster --online=true --do-endpointing=false --config=exp_augmented/nnet2_online/nnet_a_gpu_fast_online/conf/online_nnet2_decoding.conf --max-active=7000 --beam=15.0 --lattice-beam=6.0 --acoustic-scale=0.1 --word-symbol-table=exp_augmented/tri4a/graph/words.txt exp_augmented/nnet2_online/nnet_a_gpu_fast_online/final.mdl exp_augmented/tri4a/graph/HCLG.fst ark:data/new_robot/avg_ch/dt05_miro/split10/8/spk2utt 'ark,s,cs:extract-segments scp,p:data/new_robot/avg_ch/dt05_miro/split10/8/wav.scp data/new_robot/avg_ch/dt05_miro/split10/8/segments ark:- |' 'ark:|gzip -c > exp_augmented/nnet2_online/nnet_a_gpu_fast_online/decode_dt05_avg/lat.8.gz' 
LOG (online2-wav-nnet2-latgen-faster:ComputeDerivedVars():ivector-extractor.cc:183) Computing derived variables for iVector extractor
LOG (online2-wav-nnet2-latgen-faster:ComputeDerivedVars():ivector-extractor.cc:204) Done.
extract-segments scp,p:data/new_robot/avg_ch/dt05_miro/split10/8/wav.scp data/new_robot/avg_ch/dt05_miro/split10/8/segments ark:- 
421c0201 UNDERWRITERS LED BY MERRILL LYNCH CAPITAL MARKETS TENTATIVELY PRICED A PROPOSED ONE HUNDRED NINETY SIX POINT SEVEN MILLION DOLLAR OFFERING OF MORTGAGE REVENUE BONDS BY THE CALIFORNIA HOUSING FINANCE AGENCY 
LOG (online2-wav-nnet2-latgen-faster:main():online2-wav-nnet2-latgen-faster.cc:273) Decoded utterance 421c0201
421c0202 THE OFFERING INCLUDES ZERO COUPON BONDS GOLD CAPITAL APPRECIATION BONDS 
LOG (online2-wav-nnet2-latgen-faster:main():online2-wav-nnet2-latgen-faster.cc:273) Decoded utterance 421c0202
421c0203 YIELDS RANGE FROM FOUR POINT EIGHT PERCENT IN NINETEEN NINETY TO SEVEN POINT TWO PERCENT AND ZERO COUPON BONDS DUE IN TWO THOUSAND TWO 
LOG (online2-wav-nnet2-latgen-faster:main():online2-wav-nnet2-latgen-faster.cc:273) Decoded utterance 421c0203
421c0204 SO CLEARLY THE ADVOCATES OF SANCTIONS WITH THE FOREIGN POLICY VICTORS 
LOG (online2-wav-nnet2-latgen-faster:main():online2-wav-nnet2-latgen-faster.cc:273) Decoded utterance 421c0204
421c0205 AT LEAST IN THE U. S. THEY WERE 
LOG (online2-wav-nnet2-latgen-faster:main():online2-wav-nnet2-latgen-faster.cc:273) Decoded utterance 421c0205
421c0206 WHAT ABOUT IN SOUTH AFRICA ITSELF 
LOG (online2-wav-nnet2-latgen-faster:main():online2-wav-nnet2-latgen-faster.cc:273) Decoded utterance 421c0206
421c0207 THAT'S ANOTHER STORY 
LOG (online2-wav-nnet2-latgen-faster:main():online2-wav-nnet2-latgen-faster.cc:273) Decoded utterance 421c0207
421c0208 FEW PEOPLE PREDICTED DIVIDEND CUT THE G. M. HOWEVER 
LOG (online2-wav-nnet2-latgen-faster:main():online2-wav-nnet2-latgen-faster.cc:273) Decoded utterance 421c0208
421c0209 ONE INVESTMENT OFFICER SAYS MR. SMITH WAS ASKED LAST WEEK WHAT IT WOULD TAKE TO CUT THE DIVIDEND 
LOG (online2-wav-nnet2-latgen-faster:main():online2-wav-nnet2-latgen-faster.cc:273) Decoded utterance 421c0209
421c020a IT WOULD TAKE A NEW CHAIRMAN THE EXECUTIVE IS SAID TO HAVE REPLIED 
LOG (online2-wav-nnet2-latgen-faster:main():online2-wav-nnet2-latgen-faster.cc:273) Decoded utterance 421c020a
421c020b SEPARATELY SHELL OIL COMPANY'S NET INCOME ROSE TWENTY ONE PERCENT 
LOG (online2-wav-nnet2-latgen-faster:main():online2-wav-nnet2-latgen-faster.cc:273) Decoded utterance 421c020b
421c020c OCCIDENTAL PETROLEUM CORPORATION REPORTED A TWENTY THREE PERCENT PROFIT JUMP THOUGH THE COMPANY WOULD HAVE HAD A LOSS WITH OUT THE ONE TIME ITEM 
LOG (online2-wav-nnet2-latgen-faster:main():online2-wav-nnet2-latgen-faster.cc:273) Decoded utterance 421c020c
421c020d PHILLIPS PETROLEUM CORPORATION'S PROFIT MEANWHILE PLUNGED SIXTY THREE PERCENT IN MID WEEK NATURAL GAS PRICES 
LOG (online2-wav-nnet2-latgen-faster:main():online2-wav-nnet2-latgen-faster.cc:273) Decoded utterance 421c020d
421c020e AND PENNZOIL COMPANY'S NET INCOME TUMBLED SEVENTY ONE PERCENT LARGELY FROM A ONE TIME CHARGE 
LOG (online2-wav-nnet2-latgen-faster:main():online2-wav-nnet2-latgen-faster.cc:273) Decoded utterance 421c020e
421c020f STOCKS REBOUNDED SHARPLY PUSHING THE DOW JONES INDUSTRIALS UP A RECORD SEVENTY FIVE POINT TWO THREE POINTS TO TWO THOUSAND FIVE HUNDRED SIXTY EIGHT POINT OH FIVE 
LOG (online2-wav-nnet2-latgen-faster:main():online2-wav-nnet2-latgen-faster.cc:273) Decoded utterance 421c020f
421c020g THE RALLY FUELED BY A STRONGER DOLLAR AND BOND MARKET SNAPPED A FIVE DAY DECLINE IN WHICH THE INDUSTRIALS LOST OVER ONE HUNDRED TWENTY POINTS 
LOG (online2-wav-nnet2-latgen-faster:main():online2-wav-nnet2-latgen-faster.cc:273) Decoded utterance 421c020g
421c020h THE DOLLAR ROSE ZERO POINT NINE PERCENT AGAINST THE YEN WHILE SOME LONG TERM TREASURY BONDS REACH THE HIGHEST LEVEL IN A WEEK 
LOG (online2-wav-nnet2-latgen-faster:main():online2-wav-nnet2-latgen-faster.cc:273) Decoded utterance 421c020h
421c020i SOME LOCAL MANUFACTURERS HAVE AVOIDED THE TIGHT LABOR MARKET BY CONTRACTING WORK TO FACTORIES IN CHINA 
LOG (online2-wav-nnet2-latgen-faster:main():online2-wav-nnet2-latgen-faster.cc:273) Decoded utterance 421c020i
421c020j MANUFACTURERS ALSO OF URGING THE GOVERNMENT TO EASE IMMIGRATION RULES SO THEY CAN IMPORT WORKERS FROM NEIGHBORING COUNTRIES 
LOG (online2-wav-nnet2-latgen-faster:main():online2-wav-nnet2-latgen-faster.cc:273) Decoded utterance 421c020j
421c020k AND MANY COMPANIES ARE IMPROVING EQUIPMENT 
LOG (online2-wav-nnet2-latgen-faster:main():online2-wav-nnet2-latgen-faster.cc:273) Decoded utterance 421c020k
421c020l THE GOVERNMENT PREDICTS SPENDING FOR PLANT A MACHINERY WILL GROW TWENTY FIVE PERCENT THIS YEAR UP FROM NINE POINT EIGHT PERCENT LAST YEAR ARE NOW 
LOG (online2-wav-nnet2-latgen-faster:main():online2-wav-nnet2-latgen-faster.cc:273) Decoded utterance 421c020l
421c020m THE FINANCIAL TIMES THIRTY SHARE INDEX CLOSED UP SEVEN POINT SIX POINTS AT ONE THOUSAND THREE HUNDRED NINETY EIGHT POINT SEVEN 
LOG (online2-wav-nnet2-latgen-faster:main():online2-wav-nnet2-latgen-faster.cc:273) Decoded utterance 421c020m
421c020n VOLUME WAS A VERY MODEST THREE HUNDRED FIFTY TWO POINT TWO MILLION SHARES DOWN FROM THREE HUNDRED SIXTY SIX POINT FOUR MILLION SHARES A DAY EARLIER 
LOG (online2-wav-nnet2-latgen-faster:main():online2-wav-nnet2-latgen-faster.cc:273) Decoded utterance 421c020n
421c020o THE ONE HUNDRED SHARE INDEX WAS UP TEN POINT OH POINTS AT ONE THOUSAND SEVEN HUNDRED FORTY THREE POINT FOUR AT THE CLOSE 
LOG (online2-wav-nnet2-latgen-faster:main():online2-wav-nnet2-latgen-faster.cc:273) Decoded utterance 421c020o
421c020p ALL TOLD AMOCO SAID IT REPLACED ONE HUNDRED THIRTY PERCENT OF THE RESERVES THAT IT PRODUCE LAST YEAR RECOVERING FROM A WEAK RECORD IN NINETEEN EIGHTY SIX 
LOG (online2-wav-nnet2-latgen-faster:main():online2-wav-nnet2-latgen-faster.cc:273) Decoded utterance 421c020p
421c020q EXXON CORPORATION SAID EARLIER THIS WEEK THAT IT REPLACED ONE HUNDRED FOURTEEN PERCENT OF ITS OIL AND GAS PRODUCTION IN NINETEEN EIGHTY SEVEN 
LOG (online2-wav-nnet2-latgen-faster:main():online2-wav-nnet2-latgen-faster.cc:273) Decoded utterance 421c020q
421c020r TEXACO INCORPORATED WHICH HAS HAD ONE OF THE WORST RECORDS OF THE BIG INTEGRATED OIL COMPANIES REPLACED SEVENTY PERCENT OF ITS PRODUCTION LAST YEAR 
LOG (online2-wav-nnet2-latgen-faster:main():online2-wav-nnet2-latgen-faster.cc:273) Decoded utterance 421c020r
421c020s ALTHOUGH THAT IS UP FROM FORTY SIX PERCENT IN NINETEEN EIGHTY SIX TEXACO'S PRODUCTION ALSO FELL LAST YEAR 
LOG (online2-wav-nnet2-latgen-faster:main():online2-wav-nnet2-latgen-faster.cc:273) Decoded utterance 421c020s
421c020t ENERGY FUTURES PRICES ROSE FOLLOWING AN EXPLOSION AT A MAJOR U. S. REFINING PLANT 
LOG (online2-wav-nnet2-latgen-faster:main():online2-wav-nnet2-latgen-faster.cc:273) Decoded utterance 421c020t
421c020u STOCKS FELL IN NERVOUS TRADING WALL BONDS WERE NARROWLY MIXED 
LOG (online2-wav-nnet2-latgen-faster:main():online2-wav-nnet2-latgen-faster.cc:273) Decoded utterance 421c020u
421c020v THE DOLLAR STRENGTHENED 
LOG (online2-wav-nnet2-latgen-faster:main():online2-wav-nnet2-latgen-faster.cc:273) Decoded utterance 421c020v
421c020w AN ISSUE OF TEN MILLION COMMON SHARES OF BETHLEHEM STEEL WAS PRICED AT NINETEEN DOLLARS A SHARE THROUGH SALOMON BROTHERS INCORPORATED 
LOG (online2-wav-nnet2-latgen-faster:main():online2-wav-nnet2-latgen-faster.cc:273) Decoded utterance 421c020w
421c020x THE OFFERING SIZE WAS INCREASED FROM THE EIGHT MILLION SHARES ORIGINALLY PLANNED 
LOG (online2-wav-nnet2-latgen-faster:main():online2-wav-nnet2-latgen-faster.cc:273) Decoded utterance 421c020x
421c020y IN NEW YORK STOCK EXCHANGE COMPOSITE TRADING YESTERDAY THE COMPANY'S STOCK ROSE SIXTY TWO POINT FIVE CENTS TO NINETEEN POINT SIX TWO FIVE DOLLARS 
LOG (online2-wav-nnet2-latgen-faster:main():online2-wav-nnet2-latgen-faster.cc:273) Decoded utterance 421c020y
421c020z A CITICORP PORTFOLIO MANAGER SAYS THE UNIT'S NEW OWNER COULD LOSE QUITE A FEW CURRENT MANAGERS 
LOG (online2-wav-nnet2-latgen-faster:main():online2-wav-nnet2-latgen-faster.cc:273) Decoded utterance 421c020z
421c0210 BUT THE OFFER THE OPINION THAT ROBERT WADE THE UNIT'S CHIEF AND HALF A DOZEN OTHER SENIOR PEOPLE WILL GO WITH U. S. F. AND G. 
LOG (online2-wav-nnet2-latgen-faster:main():online2-wav-nnet2-latgen-faster.cc:273) Decoded utterance 421c0210
421c0211 NEW OWNERS SOMETIMES OFFER ATTRACTIVE LONGER TERM CONTRACTS TO SENIOR PEOPLE HE SAID 
LOG (online2-wav-nnet2-latgen-faster:main():online2-wav-nnet2-latgen-faster.cc:273) Decoded utterance 421c0211
421c0212 CRITICS SAY THE FEDERAL APPROACH WAS WRONG FROM THE START 
LOG (online2-wav-nnet2-latgen-faster:main():online2-wav-nnet2-latgen-faster.cc:273) Decoded utterance 421c0212
421c0213 THE HOSPITAL INDUSTRY IS GOVERNMENT FUNDED 
LOG (online2-wav-nnet2-latgen-faster:main():online2-wav-nnet2-latgen-faster.cc:273) Decoded utterance 421c0213
LOG (extract-segments:main():extract-segments.cc:194) Successfully processed 40 lines out of 40 in the segments file. 
421c0214 IT SHOULD BE GOVERNMENT REGULATED SAYS DOCTOR WOLFE 
LOG (online2-wav-nnet2-latgen-faster:main():online2-wav-nnet2-latgen-faster.cc:273) Decoded utterance 421c0214
LOG (online2-wav-nnet2-latgen-faster:Print():online-timing.cc:36) Timing stats: real-time factor was 1.02259 (note: this cannot be less than one.)
LOG (online2-wav-nnet2-latgen-faster:Print():online-timing.cc:38) Average delay was 0.16557 seconds.
LOG (online2-wav-nnet2-latgen-faster:Print():online-timing.cc:42) Percentage of time spent idling was 53.4471
LOG (online2-wav-nnet2-latgen-faster:Print():online-timing.cc:44) Longest delay was 1.24118 seconds for utterance '421c020l'
LOG (online2-wav-nnet2-latgen-faster:main():online2-wav-nnet2-latgen-faster.cc:279) Decoded 40 utterances, 0 with errors.
LOG (online2-wav-nnet2-latgen-faster:main():online2-wav-nnet2-latgen-faster.cc:281) Overall likelihood per frame was 0.401653 per frame over 29239 frames.
# Accounting: time=150 threads=1
# Ended (code 0) at Sat Feb 25 12:06:23 GMT 2017, elapsed time 150 seconds
