# online2-wav-nnet2-latgen-faster --online=true --do-endpointing=false --config=exp_augmented/nnet2_online/nnet_a_gpu_fast_online/conf/online_nnet2_decoding.conf --max-active=7000 --beam=15.0 --lattice-beam=6.0 --acoustic-scale=0.1 --word-symbol-table=exp_augmented/tri4a/graph/words.txt exp_augmented/nnet2_online/nnet_a_gpu_fast_online/final.mdl exp_augmented/tri4a/graph/HCLG.fst ark:data/new_robot/avg_ch/dt05_miro/split10/4/spk2utt "ark,s,cs:extract-segments scp,p:data/new_robot/avg_ch/dt05_miro/split10/4/wav.scp data/new_robot/avg_ch/dt05_miro/split10/4/segments ark:- |" "ark:|gzip -c > exp_augmented/nnet2_online/nnet_a_gpu_fast_online/decode_dt05_avg/lat.4.gz" 
# Started at Sat Feb 25 12:03:53 GMT 2017
#
online2-wav-nnet2-latgen-faster --online=true --do-endpointing=false --config=exp_augmented/nnet2_online/nnet_a_gpu_fast_online/conf/online_nnet2_decoding.conf --max-active=7000 --beam=15.0 --lattice-beam=6.0 --acoustic-scale=0.1 --word-symbol-table=exp_augmented/tri4a/graph/words.txt exp_augmented/nnet2_online/nnet_a_gpu_fast_online/final.mdl exp_augmented/tri4a/graph/HCLG.fst ark:data/new_robot/avg_ch/dt05_miro/split10/4/spk2utt 'ark,s,cs:extract-segments scp,p:data/new_robot/avg_ch/dt05_miro/split10/4/wav.scp data/new_robot/avg_ch/dt05_miro/split10/4/segments ark:- |' 'ark:|gzip -c > exp_augmented/nnet2_online/nnet_a_gpu_fast_online/decode_dt05_avg/lat.4.gz' 
LOG (online2-wav-nnet2-latgen-faster:ComputeDerivedVars():ivector-extractor.cc:183) Computing derived variables for iVector extractor
LOG (online2-wav-nnet2-latgen-faster:ComputeDerivedVars():ivector-extractor.cc:204) Done.
extract-segments scp,p:data/new_robot/avg_ch/dt05_miro/split10/4/wav.scp data/new_robot/avg_ch/dt05_miro/split10/4/segments ark:- 
053c0101 IF THE SUIT WAS FILED UNDER THE FALSE CLAIMS ACT WHICH ALLOWS PRIVATE CITIZENS TO SUE ON BEHALF OF THE GOVERNMENT 
LOG (online2-wav-nnet2-latgen-faster:main():online2-wav-nnet2-latgen-faster.cc:273) Decoded utterance 053c0101
053c0102 UNDER THE LAW THE JUSTICE DEPARTMENT CAN ELECT TO TAKE OVER AS PLAINTIFF 
LOG (online2-wav-nnet2-latgen-faster:main():online2-wav-nnet2-latgen-faster.cc:273) Decoded utterance 053c0102
053c0103 A SPOKESWOMAN FOR THE DEPARTMENT SAID NO SUCH DECISION HAD BEEN MADE YET 
LOG (online2-wav-nnet2-latgen-faster:main():online2-wav-nnet2-latgen-faster.cc:273) Decoded utterance 053c0103
053c0104 IN ADDITION I. B. M.'S PRICING STRATEGY COULD HURT COMPETITORS 
LOG (online2-wav-nnet2-latgen-faster:main():online2-wav-nnet2-latgen-faster.cc:273) Decoded utterance 053c0104
053c0105 FOR EXAMPLE THE COMPANY PLANS BIG DISCOUNTS ON THE NEW ONE THOUSAND SIX HUNDRED NINETY FIVE DOLLAR MACHINE FOR SCHOOLS THE MAIN APPLE MARKET 
LOG (online2-wav-nnet2-latgen-faster:main():online2-wav-nnet2-latgen-faster.cc:273) Decoded utterance 053c0105
053c0106 ONE OF THE NEW P. C. OFFERS OR HOUSE DOUBLE THE MEMORY IS SLIGHTLY MORE STORES FOR ELEVEN PERCENT LAST THE COMPETING COMPAQ MACHINE 
LOG (online2-wav-nnet2-latgen-faster:main():online2-wav-nnet2-latgen-faster.cc:273) Decoded utterance 053c0106
053c0107 I. B. M. P. C.S TRADITIONALLY ARE PRICED HIGHER THAN RIVAL BRANDS WHICH TYPICALLY MUST UNDERCUT IDEA PRICES BY FIFTEEN PERCENT 
LOG (online2-wav-nnet2-latgen-faster:main():online2-wav-nnet2-latgen-faster.cc:273) Decoded utterance 053c0107
053c0108 THE TASK FORCE REPORT ISN'T ALL BAD 
LOG (online2-wav-nnet2-latgen-faster:main():online2-wav-nnet2-latgen-faster.cc:273) Decoded utterance 053c0108
053c0109 IT DOES CALL FOR ELIMINATING SOME GOVERNMENT OBSTACLES TO THE DEVELOPMENT OF A HEALTHY LONG TERM CARE INSURANCE MARKET 
LOG (online2-wav-nnet2-latgen-faster:main():online2-wav-nnet2-latgen-faster.cc:273) Decoded utterance 053c0109
053c010a AND THE IDEA OF LETTING EMPLOYERS PRE FUND POST RETIREMENT MEDICAL EXPENSES THAT SURELY BETTER THAN HAVING GOVERNMENT DO IT 
LOG (online2-wav-nnet2-latgen-faster:main():online2-wav-nnet2-latgen-faster.cc:273) Decoded utterance 053c010a
053c010b ACTIVELY TRADED THIRTY YEAR TREASURY ISSUES LAST WEEK PLUNGED ABOUT THREE POINTS OR ABOUT THIRTY DOLLARS FOR EACH ONE THOUSAND DOLLAR FACE AMOUNT 
LOG (online2-wav-nnet2-latgen-faster:main():online2-wav-nnet2-latgen-faster.cc:273) Decoded utterance 053c010b
053c010c PRICES WERE DOWN EVERY DAY THAT THURSDAY BUT THEY ROSE ONLY SLIGHTLY 
LOG (online2-wav-nnet2-latgen-faster:main():online2-wav-nnet2-latgen-faster.cc:273) Decoded utterance 053c010c
053c010d THE YIELD ON THE LATEST THIRTY YEAR TREASURY BOND SURGED TO EIGHT POINT EIGHT THREE PERCENT FROM EIGHT POINT FIVE SIX PERCENT A WEEK EARLIER 
LOG (online2-wav-nnet2-latgen-faster:main():online2-wav-nnet2-latgen-faster.cc:273) Decoded utterance 053c010d
053c010e SINCE THE EARLY NINETEEN EIGHTIES DATA GENERAL HAS TRIED TO COMPETE HEAD ON WITH INTERNATIONAL BUSINESS MACHINES CORPORATION AND DIGITAL EQUIPMENT CORPORATION FOR LARGE CUSTOMERS 
LOG (online2-wav-nnet2-latgen-faster:main():online2-wav-nnet2-latgen-faster.cc:273) Decoded utterance 053c010e
053c010f IN NINETEEN EIGHTY FOUR THE COMPANY WON SEVERAL MULTIMILLION DOLLAR ACCOUNTS AND SALES AND EARNINGS SOARED 
LOG (online2-wav-nnet2-latgen-faster:main():online2-wav-nnet2-latgen-faster.cc:273) Decoded utterance 053c010f
053c010g SINCE THEN HOWEVER RESULTS HAVE BEEN BEFORE 
LOG (online2-wav-nnet2-latgen-faster:main():online2-wav-nnet2-latgen-faster.cc:273) Decoded utterance 053c010g
053c010h PER SHARE EARNINGS FOR THE FISCAL YEAR FELL ABOUT TWENTY ONE PERCENT THE COMPANY ESTIMATED REFLECTING AN EIGHTEEN PERCENT INCREASE IN AVERAGE SHARES OUTSTANDING 
LOG (online2-wav-nnet2-latgen-faster:main():online2-wav-nnet2-latgen-faster.cc:273) Decoded utterance 053c010h
053c010i THE BRANFORD CONNECTICUT BASED COMPANY HAD STOCK OFFERINGS IN NINETEEN EIGHTY SIX AND NINETEEN EIGHTY SEVEN TO REDUCE DEBT 
LOG (online2-wav-nnet2-latgen-faster:main():online2-wav-nnet2-latgen-faster.cc:273) Decoded utterance 053c010i
053c010j THE COMPANY WHICH MAKES MOTOR VEHICLE REPLACEMENT PARTS SAID SALES EXCEEDED ONE BILLION DOLLARS FOR THE FISCAL YEAR 
LOG (online2-wav-nnet2-latgen-faster:main():online2-wav-nnet2-latgen-faster.cc:273) Decoded utterance 053c010j
053c010k IN A STATEMENT R. L. R. SAID THE BROKERAGE UNIT GENERATED SUBSTANTIALLY ALL OF ITS REVENUE 
LOG (online2-wav-nnet2-latgen-faster:main():online2-wav-nnet2-latgen-faster.cc:273) Decoded utterance 053c010k
053c010l IT SAID IT IS NEGOTIATING THE SALE OF CERTAIN ASSETS OF THE BROKERAGE UNIT 
LOG (online2-wav-nnet2-latgen-faster:main():online2-wav-nnet2-latgen-faster.cc:273) Decoded utterance 053c010l
053c010m THE PARENT COMPANY ADDED THAT IT MAY SEEK OTHER BUSINESS OPPORTUNITIES SUBJECT TO THE AVAILABILITY OF FINANCING WHICH MAY NOT BE AVAILABLE 
LOG (online2-wav-nnet2-latgen-faster:main():online2-wav-nnet2-latgen-faster.cc:273) Decoded utterance 053c010m
053c010n THE DOW JONES INDUSTRIALS STOCK TWENTY FIVE POINT TWO OH TO ONE THOUSAND NINE HUNDRED THIRTY FIVE POINT OH ONE 
LOG (online2-wav-nnet2-latgen-faster:main():online2-wav-nnet2-latgen-faster.cc:273) Decoded utterance 053c010n
053c010o THE DOW JONES INDUSTRIALS DROPPED TWENTY FIVE POINT TWO OH TO ONE THOUSAND NINE HUNDRED THIRTY FIVE POINT OH ONE 
LOG (online2-wav-nnet2-latgen-faster:main():online2-wav-nnet2-latgen-faster.cc:273) Decoded utterance 053c010o
053c010p THE DOLLAR WAS LITTLE CHANGED 
LOG (online2-wav-nnet2-latgen-faster:main():online2-wav-nnet2-latgen-faster.cc:273) Decoded utterance 053c010p
053c010q THE ASSESSMENT IS PROBABLY EVEN MORE APPROPRIATE NOW MARKET ANALYSTS SAY 
LOG (online2-wav-nnet2-latgen-faster:main():online2-wav-nnet2-latgen-faster.cc:273) Decoded utterance 053c010q
053c010r ONE OF THE FEW AREAS OF STRONG GROWTH EARLIER NINETEEN EIGHTY SEVEN WITH THE NEW ISSUE MARKET FOR INTERNATIONAL EQUITIES AND EQUITY RELATED BONDS 
LOG (online2-wav-nnet2-latgen-faster:main():online2-wav-nnet2-latgen-faster.cc:273) Decoded utterance 053c010r
053c010s SUCH ACTIVITY HAS ALL BUT ENDED SENT STOCK PRICES PLUNGED THE ANALYSTS SAY 
LOG (online2-wav-nnet2-latgen-faster:main():online2-wav-nnet2-latgen-faster.cc:273) Decoded utterance 053c010s
053c010t INSTITUTIONAL INVESTORS FUELED THE RISE BY SHIFTING ASSETS TO THE FUNDS IN RESPONSE TO DECLINING RATES AVAILABLE ON SHORT TERM SECURITIES IN THE MARKET 
LOG (online2-wav-nnet2-latgen-faster:main():online2-wav-nnet2-latgen-faster.cc:273) Decoded utterance 053c010t
053c010u ALSO INDIVIDUAL INVESTORS CONCERN OVER VOLATILITY IN FINANCIAL MARKETS MAY HAVE CONTRIBUTED TO THE INCREASE SHE SAID 
LOG (online2-wav-nnet2-latgen-faster:main():online2-wav-nnet2-latgen-faster.cc:273) Decoded utterance 053c010u
053c010v LAST FRIDAY THE DOW JONES INDUSTRIAL AVERAGE POSTED ITS THIRD BIGGEST POINT DECLINE EVER 
LOG (online2-wav-nnet2-latgen-faster:main():online2-wav-nnet2-latgen-faster.cc:273) Decoded utterance 053c010v
053c010w THE FINANCIAL TIMES THIRTY SHARE INDEX CLOSED OFF SEVEN POINT FOUR POINTS AT ONE THOUSAND FOUR HUNDRED THIRTY POINT SEVEN 
LOG (online2-wav-nnet2-latgen-faster:main():online2-wav-nnet2-latgen-faster.cc:273) Decoded utterance 053c010w
053c010x VOLUME WAS A MODERATE FOUR HUNDRED FIFTY FOUR POINT SEVEN MILLION SHARES PICKING UP SLIGHTLY FROM WEDNESDAY'S FOUR HUNDRED TWENTY SEVEN POINT FOUR MILLION SHARES 
LOG (online2-wav-nnet2-latgen-faster:main():online2-wav-nnet2-latgen-faster.cc:273) Decoded utterance 053c010x
053c010y THE ONE HUNDRED SHARE INDEX WAS OFF FIVE POINT TWO POINTS AT ONE THOUSAND SEVEN HUNDRED EIGHTY NINE POINT FIVE 
LOG (online2-wav-nnet2-latgen-faster:main():online2-wav-nnet2-latgen-faster.cc:273) Decoded utterance 053c010y
053c010z JOB SECURITY CLAUSES GIVE UNION SOMETHING POSITIVE TO TAKE BACK TO THEIR MEMBERS HAD MODEST COST TO THE EMPLOYERS 
LOG (online2-wav-nnet2-latgen-faster:main():online2-wav-nnet2-latgen-faster.cc:273) Decoded utterance 053c010z
053c0110 BUT THEY CAN LOOK MORE GENEROUS THAT THEY ARE 
LOG (online2-wav-nnet2-latgen-faster:main():online2-wav-nnet2-latgen-faster.cc:273) Decoded utterance 053c0110
053c0111 AUTO CONTRACTS PROVIDE FOR JOB SECURITY BUT BECAUSE THAT LIMIT THE FUNDS AVAILABLE FOR IT THEY HAVEN'T PREVENTED SIZABLE LAYOFFS 
LOG (online2-wav-nnet2-latgen-faster:main():online2-wav-nnet2-latgen-faster.cc:273) Decoded utterance 053c0111
053c0112 WE COULD DISTRIBUTE THE BONDS IN JAPAN IN EUROPE IN THE U. K. BUT NOT IN THE U. S. MR. LABRECQUE HE SAID 
LOG (online2-wav-nnet2-latgen-faster:main():online2-wav-nnet2-latgen-faster.cc:273) Decoded utterance 053c0112
053c0113 THESE POWERS ARE IMPORTANT TO US 
LOG (online2-wav-nnet2-latgen-faster:main():online2-wav-nnet2-latgen-faster.cc:273) Decoded utterance 053c0113
053c0114 OUR CUSTOMERS WANT THAT 
LOG (online2-wav-nnet2-latgen-faster:main():online2-wav-nnet2-latgen-faster.cc:273) Decoded utterance 053c0114
LOG (extract-segments:main():extract-segments.cc:194) Successfully processed 41 lines out of 41 in the segments file. 
053c0115 THE QUESTION IS WHETHER U. S. BANKS WILL BE ALLOWED TO COMPETE 
LOG (online2-wav-nnet2-latgen-faster:main():online2-wav-nnet2-latgen-faster.cc:273) Decoded utterance 053c0115
LOG (online2-wav-nnet2-latgen-faster:Print():online-timing.cc:36) Timing stats: real-time factor was 1.02131 (note: this cannot be less than one.)
LOG (online2-wav-nnet2-latgen-faster:Print():online-timing.cc:38) Average delay was 0.153879 seconds.
LOG (online2-wav-nnet2-latgen-faster:Print():online-timing.cc:42) Percentage of time spent idling was 48.3597
LOG (online2-wav-nnet2-latgen-faster:Print():online-timing.cc:44) Longest delay was 0.28106 seconds for utterance '053c0106'
LOG (online2-wav-nnet2-latgen-faster:main():online2-wav-nnet2-latgen-faster.cc:279) Decoded 41 utterances, 0 with errors.
LOG (online2-wav-nnet2-latgen-faster:main():online2-wav-nnet2-latgen-faster.cc:281) Overall likelihood per frame was 0.382163 per frame over 29523 frames.
# Accounting: time=166 threads=1
# Ended (code 0) at Sat Feb 25 12:06:39 GMT 2017, elapsed time 166 seconds
