# online2-wav-nnet2-latgen-faster --online=true --do-endpointing=false --config=exp_augmented/nnet2_online/nnet_a_gpu_fast_online/conf/online_nnet2_decoding.conf --max-active=7000 --beam=15.0 --lattice-beam=6.0 --acoustic-scale=0.1 --word-symbol-table=exp_augmented/tri4a/graph/words.txt exp_augmented/nnet2_online/nnet_a_gpu_fast_online/final.mdl exp_augmented/tri4a/graph/HCLG.fst ark:data/new_robot/avg_ch/dt05_miro/split10/3/spk2utt "ark,s,cs:extract-segments scp,p:data/new_robot/avg_ch/dt05_miro/split10/3/wav.scp data/new_robot/avg_ch/dt05_miro/split10/3/segments ark:- |" "ark:|gzip -c > exp_augmented/nnet2_online/nnet_a_gpu_fast_online/decode_dt05_avg/lat.3.gz" 
# Started at Sat Feb 25 12:03:53 GMT 2017
#
online2-wav-nnet2-latgen-faster --online=true --do-endpointing=false --config=exp_augmented/nnet2_online/nnet_a_gpu_fast_online/conf/online_nnet2_decoding.conf --max-active=7000 --beam=15.0 --lattice-beam=6.0 --acoustic-scale=0.1 --word-symbol-table=exp_augmented/tri4a/graph/words.txt exp_augmented/nnet2_online/nnet_a_gpu_fast_online/final.mdl exp_augmented/tri4a/graph/HCLG.fst ark:data/new_robot/avg_ch/dt05_miro/split10/3/spk2utt 'ark,s,cs:extract-segments scp,p:data/new_robot/avg_ch/dt05_miro/split10/3/wav.scp data/new_robot/avg_ch/dt05_miro/split10/3/segments ark:- |' 'ark:|gzip -c > exp_augmented/nnet2_online/nnet_a_gpu_fast_online/decode_dt05_avg/lat.3.gz' 
LOG (online2-wav-nnet2-latgen-faster:ComputeDerivedVars():ivector-extractor.cc:183) Computing derived variables for iVector extractor
LOG (online2-wav-nnet2-latgen-faster:ComputeDerivedVars():ivector-extractor.cc:204) Done.
extract-segments scp,p:data/new_robot/avg_ch/dt05_miro/split10/3/wav.scp data/new_robot/avg_ch/dt05_miro/split10/3/segments ark:- 
052c0101 <UNK> THE NEED FOR ECONOMY HAS ALSO HELD TO A HANDFUL THE EXPENSE OF THE ALL IMPORTANT LONGITUDINAL SERVE AS THE FALL OF THE PEOPLE OVER MANY YEARS 
LOG (online2-wav-nnet2-latgen-faster:main():online2-wav-nnet2-latgen-faster.cc:273) Decoded utterance 052c0101
052c0102 FOR EXAMPLE THE GOVERNMENT LIKE TO KNOW MORE ABOUT THE WAY ELDERLY PEOPLE MOVE FROM INDEPENDENT LIVING THE COMMITTEE CARE TO PERHAPS A NURSING HOME OR HOSPITAL 
LOG (online2-wav-nnet2-latgen-faster:main():online2-wav-nnet2-latgen-faster.cc:273) Decoded utterance 052c0102
052c0103 WITH SUCH KNOWLEDGE PLANNERS CAN BETTER DETERMINE WHETHER MORE COMMITTEE CARE FACILITIES TO REDUCE THE NEED FOR NURSING HOMES OR HOSPITALS 
LOG (online2-wav-nnet2-latgen-faster:main():online2-wav-nnet2-latgen-faster.cc:273) Decoded utterance 052c0103
052c0104 STERLING DRUG INCORPORATED INCREASED THE QUARTERLY DIVIDEND FIFTEEN PERCENT TO THIRTY EIGHT CENTS A SHARE FROM THIRTY THREE CENTS 
LOG (online2-wav-nnet2-latgen-faster:main():online2-wav-nnet2-latgen-faster.cc:273) Decoded utterance 052c0104
052c0105 THE NEW YORK PHARMACEUTICAL AND CONSUMER PRODUCTS CONCERN SAID THE RATE REFLECTS THE BOARD'S CONFIDENCE IN THE CONTINUING STRENGTH IN GROWTH BUSINESS 
LOG (online2-wav-nnet2-latgen-faster:main():online2-wav-nnet2-latgen-faster.cc:273) Decoded utterance 052c0105
052c0106 THE DIVIDEND IS PAYABLE JUNE FIRST TO STOCK OF RECORD MAY SEVENTH 
LOG (online2-wav-nnet2-latgen-faster:main():online2-wav-nnet2-latgen-faster.cc:273) Decoded utterance 052c0106
052c0107 REGIONAL BANKS APPEAR WILLING TO ACCEPT BIG LOSSES UNDER THE MEXICAN DEBT PLAN PUTTING PRESSURE ON BIG BANKS 
LOG (online2-wav-nnet2-latgen-faster:main():online2-wav-nnet2-latgen-faster.cc:273) Decoded utterance 052c0107
052c0108 ALSO TWO BANKS BOOSTED FOR LOAN LOSS RESERVES 
LOG (online2-wav-nnet2-latgen-faster:main():online2-wav-nnet2-latgen-faster.cc:273) Decoded utterance 052c0108
052c0109 MEANWHILE MEXICO HAS DONE BETTER THAN OTHER BIG DEBTORS IN WINNING CONCESSIONS 
LOG (online2-wav-nnet2-latgen-faster:main():online2-wav-nnet2-latgen-faster.cc:273) Decoded utterance 052c0109
052c010a DAYTON HUDSON SAID MR. SELLS IT HAPPEN IMPORTANT EQUITY POSITION IN THE COMPANY HE IS JOINING 
LOG (online2-wav-nnet2-latgen-faster:main():online2-wav-nnet2-latgen-faster.cc:273) Decoded utterance 052c010a
052c010b MR. SELLS WHO WASN'T AVAILABLE FOR COMMENT SAID IN AN APPARENT STATEMENT I ALWAYS WANTED TO RUN MY OWN COMPANY 
LOG (online2-wav-nnet2-latgen-faster:main():online2-wav-nnet2-latgen-faster.cc:273) Decoded utterance 052c010b
052c010c NOW GET TO DO IT AND I'M VERY EXCITED 
LOG (online2-wav-nnet2-latgen-faster:main():online2-wav-nnet2-latgen-faster.cc:273) Decoded utterance 052c010c
052c010d OF THE TOTAL FACE AMOUNT OUTSTANDING OF TWELVE WESTERN UNION DEBT SERIES EIGHTEEN POINT SIX PERCENT HAD BEEN TENDERED AS OF THURSDAY 
LOG (online2-wav-nnet2-latgen-faster:main():online2-wav-nnet2-latgen-faster.cc:273) Decoded utterance 052c010d
052c010e THE SWAP OFFER REQUIRES AT LEAST EIGHTY PERCENT OF THE TOTAL TO BE TENDERED 
LOG (online2-wav-nnet2-latgen-faster:main():online2-wav-nnet2-latgen-faster.cc:273) Decoded utterance 052c010e
052c010f WESTERN UNION SAID MAY AGAIN EXTEND ITS DEADLINE 
LOG (online2-wav-nnet2-latgen-faster:main():online2-wav-nnet2-latgen-faster.cc:273) Decoded utterance 052c010f
052c010g THE NIKKEI INDEX OF TWO HUNDRED TWENTY FIVE SELECTED ISSUES EDGED UP TWELVE POINT FOUR THREE POINTS TO CLOSE AT TWENTY FIVE THOUSAND SIX HUNDRED SEVENTEEN POINT EIGHT TWO 
LOG (online2-wav-nnet2-latgen-faster:main():online2-wav-nnet2-latgen-faster.cc:273) Decoded utterance 052c010g
052c010h THE TOKYO STOCK EXCHANGE'S FIRST SECTION INDEX FELL ONE POINT SEVEN EIGHT POINTS TO CLOSE AT TWO THOUSAND ONE HUNDRED TWO POINT FIVE FIVE 
LOG (online2-wav-nnet2-latgen-faster:main():online2-wav-nnet2-latgen-faster.cc:273) Decoded utterance 052c010h
052c010i FIRST SECTION VOLUME WAS ESTIMATED AT A HEAVY ONE POINT SIX BILLION SHARES UP FROM ONE POINT THREE BILLION SHARES WEDNESDAY 
LOG (online2-wav-nnet2-latgen-faster:main():online2-wav-nnet2-latgen-faster.cc:273) Decoded utterance 052c010i
052c010j RECOGNITION SAID IT REORGANIZED ITS U. S. BUSINESS THE THREE UNITS SALES AND SERVICE FEDERAL GOVERNMENT SALES AND SALES FELL AND SPECIAL PRODUCTS 
LOG (online2-wav-nnet2-latgen-faster:main():online2-wav-nnet2-latgen-faster.cc:273) Decoded utterance 052c010j
052c010k THE COMPANY SAID THE THREE GROUPS WILL OPERATE AS A UNIT 
LOG (online2-wav-nnet2-latgen-faster:main():online2-wav-nnet2-latgen-faster.cc:273) Decoded utterance 052c010k
052c010l IT SAID IT PUT THREE KEY EXECUTIVES IN CHARGE OF THE GROUP'S TO FOCUS EFFORTS ON INCREASING SALES PRODUCTIVITY IN THE U. S. 
LOG (online2-wav-nnet2-latgen-faster:main():online2-wav-nnet2-latgen-faster.cc:273) Decoded utterance 052c010l
052c010m IN ELECTRICAL SECTOR SIEMENS RECOVERED SOME OF THE LOSS IT HAD TUESDAY WHEN REPORTED A NINE PERCENT DECLINE IN FIRST HALF GROUP PROFIT 
LOG (online2-wav-nnet2-latgen-faster:main():online2-wav-nnet2-latgen-faster.cc:273) Decoded utterance 052c010m
052c010n THE STOCK FIRM FOUR POINT SEVEN OH TO THREE HUNDRED THIRTY SEVEN POINT FIVE OH 
LOG (online2-wav-nnet2-latgen-faster:main():online2-wav-nnet2-latgen-faster.cc:273) Decoded utterance 052c010n
052c010o A. E. G. CLIMBED TWO POINT FOUR OH TO TWO HUNDRED TEN POINT FOUR OH 
LOG (online2-wav-nnet2-latgen-faster:main():online2-wav-nnet2-latgen-faster.cc:273) Decoded utterance 052c010o
052c010p LAST NOVEMBER OFFERED A. KNOPF INCORPORATED THE BOOK PUBLISHER MADE MS. AMSTERDAM THE SENIOR EDITOR 
LOG (online2-wav-nnet2-latgen-faster:main():online2-wav-nnet2-latgen-faster.cc:273) Decoded utterance 052c010p
052c010q SHE ALSO HAS WORKED AT NEW YORK MAGAZINE ANOTHER WAVE IS A PUBLICATION OF THE WASHINGTON POST 
LOG (online2-wav-nnet2-latgen-faster:main():online2-wav-nnet2-latgen-faster.cc:273) Decoded utterance 052c010q
052c010r MS. AMSTERDAM DECLINED TO COMMENT 
LOG (online2-wav-nnet2-latgen-faster:main():online2-wav-nnet2-latgen-faster.cc:273) Decoded utterance 052c010r
052c010s IN A MINUTE THE DEAL IS CLOSED 
LOG (online2-wav-nnet2-latgen-faster:main():online2-wav-nnet2-latgen-faster.cc:273) Decoded utterance 052c010s
052c010t MR. BARRETT SAYS HE PAID ONE HUNDRED SEVENTY FIVE THOUSAND DOLLARS FOR THE ROLLS ONLY SIX MONTHS AGO 
LOG (online2-wav-nnet2-latgen-faster:main():online2-wav-nnet2-latgen-faster.cc:273) Decoded utterance 052c010t
052c010u HE EXPECTS THE JAPANESE AGENT TO SELL IT FOR TWO HUNDRED SEVENTY FIVE THOUSAND DOLLARS 
LOG (online2-wav-nnet2-latgen-faster:main():online2-wav-nnet2-latgen-faster.cc:273) Decoded utterance 052c010u
052c010v THE FOREST PRODUCTS CONCERN SAID THE WORKERS AT THE AFFECTED PLANS A RETURN TO WORK YESTERDAY ENDING A TWO MONTH STRIKE 
LOG (online2-wav-nnet2-latgen-faster:main():online2-wav-nnet2-latgen-faster.cc:273) Decoded utterance 052c010v
052c010w THE COMPANY SAID THE WESTERN COUNCIL OF INDUSTRIAL WORKERS RATIFIED ECONOMIC TERMS OF THE NEW THREE YEAR AGREEMENT ON FRIDAY 
LOG (online2-wav-nnet2-latgen-faster:main():online2-wav-nnet2-latgen-faster.cc:273) Decoded utterance 052c010w
052c010x IT SAID VARIOUS LOCAL PLANNED ISSUE WAS STILL BE RESOLVED BEFORE THE CONTRACT IS CONCLUDED 
LOG (online2-wav-nnet2-latgen-faster:main():online2-wav-nnet2-latgen-faster.cc:273) Decoded utterance 052c010x
052c010y WHAT IS WRONG WITH THIS PICTURE 
LOG (online2-wav-nnet2-latgen-faster:main():online2-wav-nnet2-latgen-faster.cc:273) Decoded utterance 052c010y
052c010z WELL TO BEGIN WITH MR. MILKEN AS A RUNNING FOR OFFICE OR FOR MR. CONGENIALITY 
LOG (online2-wav-nnet2-latgen-faster:main():online2-wav-nnet2-latgen-faster.cc:273) Decoded utterance 052c010z
052c0110 HE IS THE HEAD OF THE HUGE JUNK BOND OPERATION OF DREXEL BURNHAM LAMBERT INCORPORATED 
LOG (online2-wav-nnet2-latgen-faster:main():online2-wav-nnet2-latgen-faster.cc:273) Decoded utterance 052c0110
052c0111 AND MORE THAN THAT HE IS THE CENTRAL FIGURE IN THE SECURITIES INDUSTRY'S INSIDER TRADING SCANDAL 
LOG (online2-wav-nnet2-latgen-faster:main():online2-wav-nnet2-latgen-faster.cc:273) Decoded utterance 052c0111
052c0112 IN A ONE HUNDRED EIGHTY FOUR PAGE CIVIL COMPLAINT SECURITIES AND EXCHANGE COMMISSION LAST MONTH ACCUSED THE POWERFUL FINANCIER A CATALOG OF SECURITIES LAW VIOLATIONS 
LOG (online2-wav-nnet2-latgen-faster:main():online2-wav-nnet2-latgen-faster.cc:273) Decoded utterance 052c0112
052c0113 HE HAS BEEN TOLD BY THE JUSTICE DEPARTMENT THAT FOR LONG MAY BE INDICTED ON CRIMINAL CHARGES 
LOG (online2-wav-nnet2-latgen-faster:main():online2-wav-nnet2-latgen-faster.cc:273) Decoded utterance 052c0113
052c0114 AN F. B. I. REPORT CONCLUDED THAT THE NUMBER OF VIOLENT CRIMES REPORTED IN THE U. S. LAST YEAR INCREASED FIVE POINT FIVE PERCENT FOR NINETEEN EIGHTY SEVEN 
LOG (online2-wav-nnet2-latgen-faster:main():online2-wav-nnet2-latgen-faster.cc:273) Decoded utterance 052c0114
052c0115 THERE WERE THIRTEEN POINT NINE MILLION CRIMES REPORTED IN NINETEEN EIGHTY EIGHT 
LOG (online2-wav-nnet2-latgen-faster:main():online2-wav-nnet2-latgen-faster.cc:273) Decoded utterance 052c0115
LOG (extract-segments:main():extract-segments.cc:194) Successfully processed 42 lines out of 42 in the segments file. 
052c0116 MURDERS ROSE TWO POINT NINE PERCENT TO TWENTY THOUSAND SIX HUNDRED SEVENTY FIVE THE PERIOD 
LOG (online2-wav-nnet2-latgen-faster:main():online2-wav-nnet2-latgen-faster.cc:273) Decoded utterance 052c0116
LOG (online2-wav-nnet2-latgen-faster:Print():online-timing.cc:36) Timing stats: real-time factor was 1.02935 (note: this cannot be less than one.)
LOG (online2-wav-nnet2-latgen-faster:Print():online-timing.cc:38) Average delay was 0.194783 seconds.
LOG (online2-wav-nnet2-latgen-faster:Print():online-timing.cc:42) Percentage of time spent idling was 45.5985
LOG (online2-wav-nnet2-latgen-faster:Print():online-timing.cc:44) Longest delay was 1.22011 seconds for utterance '052c0101'
LOG (online2-wav-nnet2-latgen-faster:main():online2-wav-nnet2-latgen-faster.cc:279) Decoded 42 utterances, 0 with errors.
LOG (online2-wav-nnet2-latgen-faster:main():online2-wav-nnet2-latgen-faster.cc:281) Overall likelihood per frame was 0.373372 per frame over 27785 frames.
# Accounting: time=167 threads=1
# Ended (code 0) at Sat Feb 25 12:06:40 GMT 2017, elapsed time 167 seconds
