# online2-wav-nnet2-latgen-faster --online=true --do-endpointing=false --config=exp_augmented/nnet2_online/nnet_a_gpu_fast_online/conf/online_nnet2_decoding.conf --max-active=7000 --beam=15.0 --lattice-beam=6.0 --acoustic-scale=0.1 --word-symbol-table=exp_augmented/tri4a/graph/words.txt exp_augmented/nnet2_online/nnet_a_gpu_fast_online/final.mdl exp_augmented/tri4a/graph/HCLG.fst ark:data/new_robot/avg_ch/dt05_miro/split10/7/spk2utt "ark,s,cs:extract-segments scp,p:data/new_robot/avg_ch/dt05_miro/split10/7/wav.scp data/new_robot/avg_ch/dt05_miro/split10/7/segments ark:- |" "ark:|gzip -c > exp_augmented/nnet2_online/nnet_a_gpu_fast_online/decode_dt05_avg/lat.7.gz" 
# Started at Sat Feb 25 12:03:53 GMT 2017
#
online2-wav-nnet2-latgen-faster --online=true --do-endpointing=false --config=exp_augmented/nnet2_online/nnet_a_gpu_fast_online/conf/online_nnet2_decoding.conf --max-active=7000 --beam=15.0 --lattice-beam=6.0 --acoustic-scale=0.1 --word-symbol-table=exp_augmented/tri4a/graph/words.txt exp_augmented/nnet2_online/nnet_a_gpu_fast_online/final.mdl exp_augmented/tri4a/graph/HCLG.fst ark:data/new_robot/avg_ch/dt05_miro/split10/7/spk2utt 'ark,s,cs:extract-segments scp,p:data/new_robot/avg_ch/dt05_miro/split10/7/wav.scp data/new_robot/avg_ch/dt05_miro/split10/7/segments ark:- |' 'ark:|gzip -c > exp_augmented/nnet2_online/nnet_a_gpu_fast_online/decode_dt05_avg/lat.7.gz' 
LOG (online2-wav-nnet2-latgen-faster:ComputeDerivedVars():ivector-extractor.cc:183) Computing derived variables for iVector extractor
LOG (online2-wav-nnet2-latgen-faster:ComputeDerivedVars():ivector-extractor.cc:204) Done.
extract-segments scp,p:data/new_robot/avg_ch/dt05_miro/split10/7/wav.scp data/new_robot/avg_ch/dt05_miro/split10/7/segments ark:- 
420c0201 A FEW OBSERVERS ARE OPTIMISTIC ABOUT THE COURTS OTHER PROBLEMS 
LOG (online2-wav-nnet2-latgen-faster:main():online2-wav-nnet2-latgen-faster.cc:273) Decoded utterance 420c0201
420c0202 ACCORDING TO THE ADMINISTRATIVE OFFICES OF THE U. S. COURTS ONLY HALF OF THE FIFTY BANKRUPTCY JUDGES WHOSE TERMS EXPIRE BY NINETEEN EIGHTY EIGHT WILL RETURN 
LOG (online2-wav-nnet2-latgen-faster:main():online2-wav-nnet2-latgen-faster.cc:273) Decoded utterance 420c0202
420c0203 THE AGENCY ALSO PREDICTS THAT THE NUMBER OF BANKRUPTCY FILINGS WILL RISE SEVENTEEN PERCENT IN THE YEAR ENDING SEPTEMBER THIRTIETH NINETEEN EIGHTY SEVEN 
LOG (online2-wav-nnet2-latgen-faster:main():online2-wav-nnet2-latgen-faster.cc:273) Decoded utterance 420c0203
420c0204 EXPENSES FROM THE DELAY NINE MILE POINT TWO NUCLEAR PLANT ACCOUNT FOR TWO HUNDRED SIXTY NINE MILLION DOLLARS OF THE WRITE OFF 
LOG (online2-wav-nnet2-latgen-faster:main():online2-wav-nnet2-latgen-faster.cc:273) Decoded utterance 420c0204
420c0205 REGULATORS AREN'T ALLOWING THE UTILITY AN EIGHTEEN PERCENT UNDER THE PROJECT TO PASS THEM ALONG TO CUSTOMERS 
LOG (online2-wav-nnet2-latgen-faster:main():online2-wav-nnet2-latgen-faster.cc:273) Decoded utterance 420c0205
420c0206 THE FOUR OTHER UTILITY COMPANY OWNERS WILL ALSO HAVE TO TAKE WRITE OFFS 
LOG (online2-wav-nnet2-latgen-faster:main():online2-wav-nnet2-latgen-faster.cc:273) Decoded utterance 420c0206
420c0207 BUT THOSE CHARGES AREN'T REQUIRED TO BE MADE UNTIL THE NINETEEN EIGHTY EIGHT FIRST QUARTER OR UNDER CERTAIN CIRCUMSTANCES EVEN LATER 
LOG (online2-wav-nnet2-latgen-faster:main():online2-wav-nnet2-latgen-faster.cc:273) Decoded utterance 420c0207
420c0208 LAST MONTH THE OVERALL GOODS PRODUCING EMPLOYMENT FELL SIXTY EIGHT THOUSAND AFTER A THIRTY TWO THOUSAND JOB RISE IN FEBRUARY 
LOG (online2-wav-nnet2-latgen-faster:main():online2-wav-nnet2-latgen-faster.cc:273) Decoded utterance 420c0208
420c0209 THE DEPARTMENT SAID THE DECLINE IN FACTORY JOB HAS CONCENTRATED IN MOTOR VEHICLES AND ELECTRICAL AND ELECTRONIC EQUIPMENT 
LOG (online2-wav-nnet2-latgen-faster:main():online2-wav-nnet2-latgen-faster.cc:273) Decoded utterance 420c0209
420c020a CONSTRUCTION EMPLOYMENT FELL FORTY SEVEN THOUSAND AFTER A FIFTEEN THOUSAND JOB DECLINE THE MONTH BEFORE 
LOG (online2-wav-nnet2-latgen-faster:main():online2-wav-nnet2-latgen-faster.cc:273) Decoded utterance 420c020a
420c020b MINING EMPLOYMENT WHICH INCLUDES THE OIL AND GAS EXTRACTION INDUSTRY ROSE THREE THOUSAND AFTER A ONE THOUSAND JOB RISE 
LOG (online2-wav-nnet2-latgen-faster:main():online2-wav-nnet2-latgen-faster.cc:273) Decoded utterance 420c020b
420c020c INTERNATIONAL MOBILE MACHINES CORPORATION SOLD ONE MILLION SHARES OF TWO DOLLAR AND FIFTY CENT CUMULATIVE PREFERRED AT TWENTY FIVE DOLLARS EACH 
LOG (online2-wav-nnet2-latgen-faster:main():online2-wav-nnet2-latgen-faster.cc:273) Decoded utterance 420c020c
420c020d DREXEL BURNHAM LAMBERT INCORPORATED WAS LEAD UNDERWRITER 
LOG (online2-wav-nnet2-latgen-faster:main():online2-wav-nnet2-latgen-faster.cc:273) Decoded utterance 420c020d
420c020e THE STOCK IS CONVERTIBLE AT ANY TIME INTO COMMON AT THE INITIAL PRICE OF TWELVE DOLLARS A SHARE SUBJECT TO ADJUSTMENT DECEMBER FIFTEENTH NINETEEN EIGHTY EIGHT 
LOG (online2-wav-nnet2-latgen-faster:main():online2-wav-nnet2-latgen-faster.cc:273) Decoded utterance 420c020e
420c020f PROCEEDS WILL BE USED FOR PRODUCT DEVELOPMENT WORKING CAPITAL AND GENERAL PURPOSES 
LOG (online2-wav-nnet2-latgen-faster:main():online2-wav-nnet2-latgen-faster.cc:273) Decoded utterance 420c020f
420c020g THE PHILADELPHIA BASED CONCERN DEVELOPS AND DESIGNS ADVANCED TELECOMMUNICATIONS SYSTEMS 
LOG (online2-wav-nnet2-latgen-faster:main():online2-wav-nnet2-latgen-faster.cc:273) Decoded utterance 420c020g
420c020h IN OVER THE COUNTER TRADING FRIDAY THE COMPANY'S COMMON CLOSED AT TEN DOLLARS AND TWENTY FIVE CENTS A SHARE DOWN FIFTY CENTS 
LOG (online2-wav-nnet2-latgen-faster:main():online2-wav-nnet2-latgen-faster.cc:273) Decoded utterance 420c020h
420c020i STOCK PRICES WERE ALSO MIXED IN PARIS ZURICH AND STOCKHOLM 
LOG (online2-wav-nnet2-latgen-faster:main():online2-wav-nnet2-latgen-faster.cc:273) Decoded utterance 420c020i
420c020j STOCKS ROSE IN AMSTERDAM AND WERE LOWER IN BRUSSELS AND MILAN 
LOG (online2-wav-nnet2-latgen-faster:main():online2-wav-nnet2-latgen-faster.cc:273) Decoded utterance 420c020j
420c020k MOST EUROPEAN TRADERS WERE REPORTEDLY STAY OUT OF ACTION UNTIL THE TRADE FIGURES ARE RELEASED 
LOG (online2-wav-nnet2-latgen-faster:main():online2-wav-nnet2-latgen-faster.cc:273) Decoded utterance 420c020k
420c020l A DROP IN OIL PRICES COULD ALSO PROVIDE SOME PRICE RELIEF AS IT DID IN NINETEEN EIGHTY SIX 
LOG (online2-wav-nnet2-latgen-faster:main():online2-wav-nnet2-latgen-faster.cc:273) Decoded utterance 420c020l
420c020m THE RECENT FAILURE OF THE ORGANIZATION OF PETROLEUM EXPORTING COUNTRIES TO REACH AN AGREEMENT LIMITING PRODUCTION SUGGEST PRICES MIGHT FALL SOME 
LOG (online2-wav-nnet2-latgen-faster:main():online2-wav-nnet2-latgen-faster.cc:273) Decoded utterance 420c020m
420c020n BUT ANY DIVIDEND PLAY SHOULD ASSOCIATED WITH OIL PRICES IS LIKELY TO BE TEMPORARY 
LOG (online2-wav-nnet2-latgen-faster:main():online2-wav-nnet2-latgen-faster.cc:273) Decoded utterance 420c020n
420c020o BUT SOME OPERATOR SAID N. B. C. MAY RUN INTO PROBLEMS 
LOG (online2-wav-nnet2-latgen-faster:main():online2-wav-nnet2-latgen-faster.cc:273) Decoded utterance 420c020o
420c020p FOR ONE THING THERE'S CURRENTLY A SHORTAGE OF CHANNEL CAPACITY AT MANY CABLE SYSTEMS 
LOG (online2-wav-nnet2-latgen-faster:main():online2-wav-nnet2-latgen-faster.cc:273) Decoded utterance 420c020p
420c020q ALSO CABLE OPERATORS ALREADY ARE SIGNING UP FOR ANOTHER PROPOSED NEW CABLE NETWORK TURNER BROADCASTING SYSTEMS INCORPORATED'S T. AND T. SCHEDULED FOR OCTOBER THIRD LAUNCH 
LOG (online2-wav-nnet2-latgen-faster:main():online2-wav-nnet2-latgen-faster.cc:273) Decoded utterance 420c020q
420c020r THIS TIME AROUND WALL STREET FIRMS ARGUE THAT PROGRAM TRADING HAS ITS USES AND IS MISUNDERSTOOD 
LOG (online2-wav-nnet2-latgen-faster:main():online2-wav-nnet2-latgen-faster.cc:273) Decoded utterance 420c020r
420c020s WE BELIEVE PROGRAM TRADING IS IMPORTANT AS A SOURCE OF LIQUIDITY MORGAN STANLEY SAID 
LOG (online2-wav-nnet2-latgen-faster:main():online2-wav-nnet2-latgen-faster.cc:273) Decoded utterance 420c020s
420c020t AT A MERRILL LYNCH SPOKESMAN SAID ALL OF HIS FIRM'S PROGRAM TRADING SIMPLY REFLECTS REQUESTS FROM CUSTOMERS FOR SUCH TRADING 
LOG (online2-wav-nnet2-latgen-faster:main():online2-wav-nnet2-latgen-faster.cc:273) Decoded utterance 420c020t
420c020u THE MINNEAPOLIS MINNESOTA BASED COMPANY SAID THE OFFERING WILL BEGIN IN SEPTEMBER BUT IT HASN'T SET A RECORD DATA PRICE 
LOG (online2-wav-nnet2-latgen-faster:main():online2-wav-nnet2-latgen-faster.cc:273) Decoded utterance 420c020u
420c020v A SPOKESMAN SAID THE COMPANY EXPECTS TO MORE THAN DOUBLE ITS SHARES OUTSTANDING TO ABOUT NINETEEN POINT TWO MILLION FROM EIGHT POINT TWO MILLION AS A RESULT OF THE OFFERING 
LOG (online2-wav-nnet2-latgen-faster:main():online2-wav-nnet2-latgen-faster.cc:273) Decoded utterance 420c020v
420c020w PATTERN PROCESSING MAKES MACHINE VISION SYSTEMS FOR USE IN AUTOMATED INSPECTIONS 
LOG (online2-wav-nnet2-latgen-faster:main():online2-wav-nnet2-latgen-faster.cc:273) Decoded utterance 420c020w
420c020x IN OVER THE COUNTER TRADING FRIDAY IT WAS QUOTED AT TWENTY FIVE CENTS A SHARE BID 
LOG (online2-wav-nnet2-latgen-faster:main():online2-wav-nnet2-latgen-faster.cc:273) Decoded utterance 420c020x
420c020y THIS RETAILER SAID IT OFFERED FOR SALE TWO HUNDRED MILLION DOLLARS IN NOTES DUE AUGUST FIRST NINETEEN NINETY SIX 
LOG (online2-wav-nnet2-latgen-faster:main():online2-wav-nnet2-latgen-faster.cc:273) Decoded utterance 420c020y
420c020z DEAN WITTER REYNOLDS INCORPORATED GOLDMAN SACHS AND COMPANY AND MORGAN STANLEY AND COMPANY ARE HANDLING THE SALE 
LOG (online2-wav-nnet2-latgen-faster:main():online2-wav-nnet2-latgen-faster.cc:273) Decoded utterance 420c020z
420c0210 PROCEEDS WILL BE ADDED THIS YEAR'S GENERAL FUNDS TO REDUCE ITS SHORT TERM BORROWINGS 
LOG (online2-wav-nnet2-latgen-faster:main():online2-wav-nnet2-latgen-faster.cc:273) Decoded utterance 420c0210
420c0211 PROCEEDS ALSO MAY BE USED EVENTUALLY TO BUY BACK COMMON SHARES THE COMPANY SAID 
LOG (online2-wav-nnet2-latgen-faster:main():online2-wav-nnet2-latgen-faster.cc:273) Decoded utterance 420c0211
420c0212 SEARS IS APPROVED THE BUYBACK OF AS MANY AS FORTY MILLION OF ITS COMMON SHARES OUTSTANDING 
LOG (online2-wav-nnet2-latgen-faster:main():online2-wav-nnet2-latgen-faster.cc:273) Decoded utterance 420c0212
420c0213 AS OF JUNE THIRTIETH SEARS HAD THREE HUNDRED FORTY FIVE POINT EIGHT MILLION SHARES OUTSTANDING 
LOG (online2-wav-nnet2-latgen-faster:main():online2-wav-nnet2-latgen-faster.cc:273) Decoded utterance 420c0213
LOG (extract-segments:main():extract-segments.cc:194) Successfully processed 40 lines out of 40 in the segments file. 
420c0214 THE NOTES WILL BEAR INTEREST AT EIGHT POINT FIVE FIVE PERCENT PAYABLE FEBRUARY FIRST AND AUGUST FIRST OF EACH YEAR BEGINNING FEBRUARY FIRST NINETEEN NINETY 
LOG (online2-wav-nnet2-latgen-faster:main():online2-wav-nnet2-latgen-faster.cc:273) Decoded utterance 420c0214
LOG (online2-wav-nnet2-latgen-faster:Print():online-timing.cc:36) Timing stats: real-time factor was 1.02 (note: this cannot be less than one.)
LOG (online2-wav-nnet2-latgen-faster:Print():online-timing.cc:38) Average delay was 0.147114 seconds.
LOG (online2-wav-nnet2-latgen-faster:Print():online-timing.cc:42) Percentage of time spent idling was 52.9772
LOG (online2-wav-nnet2-latgen-faster:Print():online-timing.cc:44) Longest delay was 0.369652 seconds for utterance '420c0205'
LOG (online2-wav-nnet2-latgen-faster:main():online2-wav-nnet2-latgen-faster.cc:279) Decoded 40 utterances, 0 with errors.
LOG (online2-wav-nnet2-latgen-faster:main():online2-wav-nnet2-latgen-faster.cc:281) Overall likelihood per frame was 0.402909 per frame over 29336 frames.
# Accounting: time=151 threads=1
# Ended (code 0) at Sat Feb 25 12:06:24 GMT 2017, elapsed time 151 seconds
