# online2-wav-nnet2-latgen-faster --online=true --do-endpointing=false --config=exp_augmented/nnet2_online/nnet_a_gpu_fast_online/conf/online_nnet2_decoding.conf --max-active=7000 --beam=15.0 --lattice-beam=6.0 --acoustic-scale=0.1 --word-symbol-table=exp_augmented/tri4a/graph/words.txt exp_augmented/nnet2_online/nnet_a_gpu_fast_online/final.mdl exp_augmented/tri4a/graph/HCLG.fst ark:data/new_robot/avg_ch/dt05_miro/split10/2/spk2utt "ark,s,cs:extract-segments scp,p:data/new_robot/avg_ch/dt05_miro/split10/2/wav.scp data/new_robot/avg_ch/dt05_miro/split10/2/segments ark:- |" "ark:|gzip -c > exp_augmented/nnet2_online/nnet_a_gpu_fast_online/decode_dt05_avg/lat.2.gz" 
# Started at Sat Feb 25 12:03:53 GMT 2017
#
online2-wav-nnet2-latgen-faster --online=true --do-endpointing=false --config=exp_augmented/nnet2_online/nnet_a_gpu_fast_online/conf/online_nnet2_decoding.conf --max-active=7000 --beam=15.0 --lattice-beam=6.0 --acoustic-scale=0.1 --word-symbol-table=exp_augmented/tri4a/graph/words.txt exp_augmented/nnet2_online/nnet_a_gpu_fast_online/final.mdl exp_augmented/tri4a/graph/HCLG.fst ark:data/new_robot/avg_ch/dt05_miro/split10/2/spk2utt 'ark,s,cs:extract-segments scp,p:data/new_robot/avg_ch/dt05_miro/split10/2/wav.scp data/new_robot/avg_ch/dt05_miro/split10/2/segments ark:- |' 'ark:|gzip -c > exp_augmented/nnet2_online/nnet_a_gpu_fast_online/decode_dt05_avg/lat.2.gz' 
LOG (online2-wav-nnet2-latgen-faster:ComputeDerivedVars():ivector-extractor.cc:183) Computing derived variables for iVector extractor
LOG (online2-wav-nnet2-latgen-faster:ComputeDerivedVars():ivector-extractor.cc:204) Done.
extract-segments scp,p:data/new_robot/avg_ch/dt05_miro/split10/2/wav.scp data/new_robot/avg_ch/dt05_miro/split10/2/segments ark:- 
051c0101 OR SO CLEARLY THE ADVOCATES OF SANCTIONS WERE THE FOREIGN POLICY VICTORS 
LOG (online2-wav-nnet2-latgen-faster:main():online2-wav-nnet2-latgen-faster.cc:273) Decoded utterance 051c0101
051c0102 AT LEAST IN THE U. S. THEY WERE 
LOG (online2-wav-nnet2-latgen-faster:main():online2-wav-nnet2-latgen-faster.cc:273) Decoded utterance 051c0102
051c0103 WHAT ABOUT IN SOUTH AFRICA ITSELF 
LOG (online2-wav-nnet2-latgen-faster:main():online2-wav-nnet2-latgen-faster.cc:273) Decoded utterance 051c0103
051c0104 THAT'S ANOTHER STORY 
LOG (online2-wav-nnet2-latgen-faster:main():online2-wav-nnet2-latgen-faster.cc:273) Decoded utterance 051c0104
051c0105 IN THE BOND MARKET PRICES OF SOME LONG TERM TREASURY ISSUES FELL TO THEIR LOWEST LEVELS IN ABOUT THREE MONTHS 
LOG (online2-wav-nnet2-latgen-faster:main():online2-wav-nnet2-latgen-faster.cc:273) Decoded utterance 051c0105
051c0106 ACTIVELY TRADED THIRTY YEAR BONDS DROPPED ABOUT A POINT OR AROUND TEN DOLLARS FOR EACH ONE THOUSAND DOLLAR FACE AMOUNT 
LOG (online2-wav-nnet2-latgen-faster:main():online2-wav-nnet2-latgen-faster.cc:273) Decoded utterance 051c0106
051c0107 CORPORATE AND MUNICIPAL BOND PRICES ALSO SLUMPED 
LOG (online2-wav-nnet2-latgen-faster:main():online2-wav-nnet2-latgen-faster.cc:273) Decoded utterance 051c0107
051c0108 THIS IS THE SECOND CONSECUTIVE QUARTER IN WHICH THE DIVIDEND WAS REDUCED 
LOG (online2-wav-nnet2-latgen-faster:main():online2-wav-nnet2-latgen-faster.cc:273) Decoded utterance 051c0108
051c0109 IN NOVEMBER IT WAS CUT TO SEVENTEEN POINT FIVE CENTS FROM TWENTY TWO POINT FIVE CENTS 
LOG (online2-wav-nnet2-latgen-faster:main():online2-wav-nnet2-latgen-faster.cc:273) Decoded utterance 051c0109
051c010a THE NEW DIVIDEND IS PAYABLE MARCH SIXTH TO STOCK OF RECORD FEBRUARY NINETEENTH 
LOG (online2-wav-nnet2-latgen-faster:main():online2-wav-nnet2-latgen-faster.cc:273) Decoded utterance 051c010a
051c010b THE NOVEMBER DROP BROUGHT THE INDEX TO ONE HUNDRED NINETY POINT TWO PERCENT OF ITS NINETEEN SIXTY SEVEN AVERAGE FROM ONE HUNDRED NINETY THREE POINT FIVE PERCENT IN OCTOBER 
LOG (online2-wav-nnet2-latgen-faster:main():online2-wav-nnet2-latgen-faster.cc:273) Decoded utterance 051c010b
051c010c THE OCTOBER RISE WAS INITIALLY REPORTED AS A ZERO POINT TWO PERCENT DROP 
LOG (online2-wav-nnet2-latgen-faster:main():online2-wav-nnet2-latgen-faster.cc:273) Decoded utterance 051c010c
051c010d IN YESTERDAY'S RELEASE THE DEPARTMENT ALSO REVISED SEPTEMBER PERFORMANCE TO A ZERO POINT TWO PERCENT RISE AFTER PREVIOUSLY REPORTING AND UNCHANGED FROM HIM 
LOG (online2-wav-nnet2-latgen-faster:main():online2-wav-nnet2-latgen-faster.cc:273) Decoded utterance 051c010d
051c010e FOR THE KOREAN ECONOMY HE FAVORS FREE TRADE 
LOG (online2-wav-nnet2-latgen-faster:main():online2-wav-nnet2-latgen-faster.cc:273) Decoded utterance 051c010e
051c010f I THINK WE HAVE TO OPEN OUR MARKETS 
LOG (online2-wav-nnet2-latgen-faster:main():online2-wav-nnet2-latgen-faster.cc:273) Decoded utterance 051c010f
051c010g IF HE ADDS THAT MORE EFFORT SHOULD BE MADE TO REALIZE A FAIR DISTRIBUTION OF INCOME BUT HE IS SHORT ON SPECIFICS 
LOG (online2-wav-nnet2-latgen-faster:main():online2-wav-nnet2-latgen-faster.cc:273) Decoded utterance 051c010g
051c010h THE POLICY NEED FOR THIS WILL BE FURTHER DEVELOPED 
LOG (online2-wav-nnet2-latgen-faster:main():online2-wav-nnet2-latgen-faster.cc:273) Decoded utterance 051c010h
051c010i YESTERDAY'S ACTION DIDN'T AFFECT THE FOURTH L. T. V. PLAN THE PENSION AGENCY TO GO OVER IN SEPTEMBER NINETEEN EIGHTY SIX 
LOG (online2-wav-nnet2-latgen-faster:main():online2-wav-nnet2-latgen-faster.cc:273) Decoded utterance 051c010i
051c010j WHEN THE FEDERAL PENSION INSURERS THAT DID THIS FUND HAD JUST SEVEN THOUSAND SEVEN HUNDRED DOLLARS AND TO MEET TWO HUNDRED THIRTY MILLION DOLLARS IN OBLIGATIONS 
LOG (online2-wav-nnet2-latgen-faster:main():online2-wav-nnet2-latgen-faster.cc:273) Decoded utterance 051c010j
051c010k THE THREE OTHER PENSION PLANS HAD MORE THAN ONE BILLION DOLLARS IN ASSETS WILL EVEN LARGER LIABILITIES 
LOG (online2-wav-nnet2-latgen-faster:main():online2-wav-nnet2-latgen-faster.cc:273) Decoded utterance 051c010k
051c010l THE AGREEMENT CALLS FOR A FEE A CLOSELY HELD INVESTMENT GROUP TO OFFER REMAINING HOLDERS TWELVE DOLLARS A SHARE 
LOG (online2-wav-nnet2-latgen-faster:main():online2-wav-nnet2-latgen-faster.cc:273) Decoded utterance 051c010l
051c010m THE PROPOSAL PER SHARE PRICE INCLUDES TEN DOLLARS CASH AND TWO DOLLARS OF UNSPECIFIED SECURITIES 
LOG (online2-wav-nnet2-latgen-faster:main():online2-wav-nnet2-latgen-faster.cc:273) Decoded utterance 051c010m
051c010n IN AMERICAN STOCK EXCHANGE COMPOSITE TRADING YESTERDAY SUN CITY CLOSED AT TEN DOLLARS AND FIFTY CENTS A SHARE UP ONE POINT EIGHT SEVEN FIVE DOLLARS 
LOG (online2-wav-nnet2-latgen-faster:main():online2-wav-nnet2-latgen-faster.cc:273) Decoded utterance 051c010n
051c010o MR. FICKLING START OF THE COMPANY IN NINETEEN SIXTY NINE WITH EIGHTY GENERAL HOSPITALS AND NURSING HOMES ALONG WITH A SMALL CONSTRUCTION OPERATIONS 
LOG (online2-wav-nnet2-latgen-faster:main():online2-wav-nnet2-latgen-faster.cc:273) Decoded utterance 051c010o
051c010p HE AND HIS FAMILY OWN ABOUT TWENTY NINE PERCENT OF THE COMPANY'S CLASS A COMMON SHARES AND ABOUT NINETY ONE POINT FIVE PERCENT OF THE CLASS B. COMMON 
LOG (online2-wav-nnet2-latgen-faster:main():online2-wav-nnet2-latgen-faster.cc:273) Decoded utterance 051c010p
051c010q THAT GIVES HIM VOTING CONTROL OVER SEVENTY FIVE PERCENT OF THE COMPANY'S COMMON 
LOG (online2-wav-nnet2-latgen-faster:main():online2-wav-nnet2-latgen-faster.cc:273) Decoded utterance 051c010q
051c010r IN THE ECONOMIC PLANNING BOARD WHICH ANNOUNCED THE MEASURES SAID THE GOVERNMENT'S GOAL IS TO HOLD INFLATION BELOW FIVE PERCENT THIS YEAR 
LOG (online2-wav-nnet2-latgen-faster:main():online2-wav-nnet2-latgen-faster.cc:273) Decoded utterance 051c010r
051c010s CONSUMER PRICES ROSE ONE POINT SIX PERCENT FIGURE THE HIGHEST MONTHLY INCREASE SINCE MID NINETEEN EIGHTY ONE 
LOG (online2-wav-nnet2-latgen-faster:main():online2-wav-nnet2-latgen-faster.cc:273) Decoded utterance 051c010s
051c010t IN THE PREVIOUS FOUR YEARS ANNUAL INCREASES WERE WELL BELOW THREE PERCENT 
LOG (online2-wav-nnet2-latgen-faster:main():online2-wav-nnet2-latgen-faster.cc:273) Decoded utterance 051c010t
051c010u PRICES OF MUNICIPAL BONDS GAINED AS MUCH AS THREE EIGHTHS POINT 
LOG (online2-wav-nnet2-latgen-faster:main():online2-wav-nnet2-latgen-faster.cc:273) Decoded utterance 051c010u
051c010v ALTHOUGH THE FOREIGN EXCHANGE MARKET RARELY HAS MUCH IMPACT ON TAX EXEMPT SECURITIES TRADERS SAID THE DOLLAR'S LATE RALLY YESTERDAY HELPED BUOY MUNICIPAL PRICES 
LOG (online2-wav-nnet2-latgen-faster:main():online2-wav-nnet2-latgen-faster.cc:273) Decoded utterance 051c010v
051c010w <UNK> IN FUTURES TRADING MUNICIPAL BONDS FOR JUNE DELIVERY ROSE SIX THIRTY SECONDS TO EIGHT THOUSAND FIVE HUNDRED TWENTY SEVEN 
LOG (online2-wav-nnet2-latgen-faster:main():online2-wav-nnet2-latgen-faster.cc:273) Decoded utterance 051c010w
051c010x THE ALL ORDINARIES INDEX WHICH FELL ELEVEN POINT THREE TUESDAY SLID ONE POINT FIVE TO ONE THOUSAND FOUR HUNDRED FORTY THREE POINT TWO 
LOG (online2-wav-nnet2-latgen-faster:main():online2-wav-nnet2-latgen-faster.cc:273) Decoded utterance 051c010x
051c010y THE BROKER SAID SOME FOREIGN INVESTORS SOLD STOCKS TO REALIZE CURRENCY GAINS ON THE RECENT RISE OF THE AUSTRALIAN DOLLAR 
LOG (online2-wav-nnet2-latgen-faster:main():online2-wav-nnet2-latgen-faster.cc:273) Decoded utterance 051c010y
051c010z THE CURRENCY WAS QUOTED LATE IN THE DAY IN SYDNEY AND SEVENTY SEVEN POINT OH NINE U. S. CENTS 
LOG (online2-wav-nnet2-latgen-faster:main():online2-wav-nnet2-latgen-faster.cc:273) Decoded utterance 051c010z
051c0110 <UNK> WE LOOK FAR HIGHER THAN STANDARD RETURNS MR. SPERLING SAYS 
LOG (online2-wav-nnet2-latgen-faster:main():online2-wav-nnet2-latgen-faster.cc:273) Decoded utterance 051c0110
051c0111 IN TODAY'S MARKET THERE ALMOST NEVER AVAILABLE 
LOG (online2-wav-nnet2-latgen-faster:main():online2-wav-nnet2-latgen-faster.cc:273) Decoded utterance 051c0111
051c0112 THERE ARE TOO MANY FOREIGN INSTITUTIONAL PLAYERS WILLING TO PAY HIGHER PRICES THAN WE ARE 
LOG (online2-wav-nnet2-latgen-faster:main():online2-wav-nnet2-latgen-faster.cc:273) Decoded utterance 051c0112
051c0113 MANY INSTITUTIONAL PLAYERS INVESTOR HOLDING MORE CASH THAN USUAL 
LOG (online2-wav-nnet2-latgen-faster:main():online2-wav-nnet2-latgen-faster.cc:273) Decoded utterance 051c0113
051c0114 IN THE BULL MARKET OF NINETEEN EIGHTY SIX TO EIGHTY SEVEN CASH POSITIONS EXCEEDING FIVE PERCENT OF ASSETS WOULD HELP DOWN OVERALL RETURNS 
LOG (online2-wav-nnet2-latgen-faster:main():online2-wav-nnet2-latgen-faster.cc:273) Decoded utterance 051c0114
LOG (extract-segments:main():extract-segments.cc:194) Successfully processed 41 lines out of 41 in the segments file. 
051c0115 NOW MANY INSTITUTIONS SAY THEIR CASH LEVELS OR TEN PERCENT OR MORE AND A FEW OR THIRTY PERCENT OR MORE 
LOG (online2-wav-nnet2-latgen-faster:main():online2-wav-nnet2-latgen-faster.cc:273) Decoded utterance 051c0115
LOG (online2-wav-nnet2-latgen-faster:Print():online-timing.cc:36) Timing stats: real-time factor was 1.0276 (note: this cannot be less than one.)
LOG (online2-wav-nnet2-latgen-faster:Print():online-timing.cc:38) Average delay was 0.213013 seconds.
LOG (online2-wav-nnet2-latgen-faster:Print():online-timing.cc:42) Percentage of time spent idling was 45.0582
LOG (online2-wav-nnet2-latgen-faster:Print():online-timing.cc:44) Longest delay was 1.31222 seconds for utterance '051c010p'
LOG (online2-wav-nnet2-latgen-faster:main():online2-wav-nnet2-latgen-faster.cc:279) Decoded 41 utterances, 0 with errors.
LOG (online2-wav-nnet2-latgen-faster:main():online2-wav-nnet2-latgen-faster.cc:281) Overall likelihood per frame was 0.382621 per frame over 31567 frames.
# Accounting: time=190 threads=1
# Ended (code 0) at Sat Feb 25 12:07:03 GMT 2017, elapsed time 190 seconds
