# online2-wav-nnet2-latgen-faster --online=true --do-endpointing=false --config=exp_augmented/nnet2_online/nnet_a_gpu_fast_online/conf/online_nnet2_decoding.conf --max-active=7000 --beam=15.0 --lattice-beam=6.0 --acoustic-scale=0.1 --word-symbol-table=exp_augmented/tri4a/miro_grammar_graph/words.txt exp_augmented/nnet2_online/nnet_a_gpu_fast_online/final.mdl exp_augmented/tri4a/miro_grammar_graph/HCLG.fst ark:data/noisy_catch/split8/2/spk2utt "ark,s,cs:extract-segments scp,p:data/noisy_catch/split8/2/wav.scp data/noisy_catch/split8/2/segments ark:- |" "ark:|gzip -c > exp_augmented/nnet2_online/nnet_a_gpu_fast_online/decode_catch_noisy/lat.2.gz" 
# Started at Mon Feb 27 09:44:26 GMT 2017
#
online2-wav-nnet2-latgen-faster --online=true --do-endpointing=false --config=exp_augmented/nnet2_online/nnet_a_gpu_fast_online/conf/online_nnet2_decoding.conf --max-active=7000 --beam=15.0 --lattice-beam=6.0 --acoustic-scale=0.1 --word-symbol-table=exp_augmented/tri4a/miro_grammar_graph/words.txt exp_augmented/nnet2_online/nnet_a_gpu_fast_online/final.mdl exp_augmented/tri4a/miro_grammar_graph/HCLG.fst ark:data/noisy_catch/split8/2/spk2utt 'ark,s,cs:extract-segments scp,p:data/noisy_catch/split8/2/wav.scp data/noisy_catch/split8/2/segments ark:- |' 'ark:|gzip -c > exp_augmented/nnet2_online/nnet_a_gpu_fast_online/decode_catch_noisy/lat.2.gz' 
LOG (online2-wav-nnet2-latgen-faster:ComputeDerivedVars():ivector-extractor.cc:183) Computing derived variables for iVector extractor
LOG (online2-wav-nnet2-latgen-faster:ComputeDerivedVars():ivector-extractor.cc:204) Done.
extract-segments scp,p:data/noisy_catch/split8/2/wav.scp data/noisy_catch/split8/2/segments ark:- 
02m_catch-0.455-2.068 HELLO MIRO 
LOG (online2-wav-nnet2-latgen-faster:main():online2-wav-nnet2-latgen-faster.cc:273) Decoded utterance 02m_catch-0.455-2.068
02m_catch-10.503-11.992 WAG YOUR TAIL 
LOG (online2-wav-nnet2-latgen-faster:main():online2-wav-nnet2-latgen-faster.cc:273) Decoded utterance 02m_catch-10.503-11.992
02m_catch-12.488-13.853 NOD YOUR HEAD 
LOG (online2-wav-nnet2-latgen-faster:main():online2-wav-nnet2-latgen-faster.cc:273) Decoded utterance 02m_catch-12.488-13.853
02m_catch-14.721-16.127 GO TO SLEEP 
LOG (online2-wav-nnet2-latgen-faster:main():online2-wav-nnet2-latgen-faster.cc:273) Decoded utterance 02m_catch-14.721-16.127
02m_catch-16.582-17.905 ARE YOU HAPPY 
LOG (online2-wav-nnet2-latgen-faster:main():online2-wav-nnet2-latgen-faster.cc:273) Decoded utterance 02m_catch-16.582-17.905
02m_catch-18.153-19.642 ARE YOU SAD 
LOG (online2-wav-nnet2-latgen-faster:main():online2-wav-nnet2-latgen-faster.cc:273) Decoded utterance 02m_catch-18.153-19.642
02m_catch-2.895-4.383 HELLO MIRO 
LOG (online2-wav-nnet2-latgen-faster:main():online2-wav-nnet2-latgen-faster.cc:273) Decoded utterance 02m_catch-2.895-4.383
02m_catch-20.221-21.875 HOW ARE YOU FEELING 
LOG (online2-wav-nnet2-latgen-faster:main():online2-wav-nnet2-latgen-faster.cc:273) Decoded utterance 02m_catch-20.221-21.875
02m_catch-22.412-23.570 WAKE UP 
LOG (online2-wav-nnet2-latgen-faster:main():online2-wav-nnet2-latgen-faster.cc:273) Decoded utterance 02m_catch-22.412-23.570
02m_catch-4.921-6.120 HEY MIRO 
LOG (online2-wav-nnet2-latgen-faster:main():online2-wav-nnet2-latgen-faster.cc:273) Decoded utterance 02m_catch-4.921-6.120
LOG (extract-segments:main():extract-segments.cc:194) Successfully processed 12 lines out of 12 in the segments file. 
02m_catch-6.823-8.022 COME HERE 
LOG (online2-wav-nnet2-latgen-faster:main():online2-wav-nnet2-latgen-faster.cc:273) Decoded utterance 02m_catch-6.823-8.022
02m_catch-8.684-9.883 STAY THERE 
LOG (online2-wav-nnet2-latgen-faster:main():online2-wav-nnet2-latgen-faster.cc:273) Decoded utterance 02m_catch-8.684-9.883
LOG (online2-wav-nnet2-latgen-faster:Print():online-timing.cc:36) Timing stats: real-time factor was 1.03006 (note: this cannot be less than one.)
LOG (online2-wav-nnet2-latgen-faster:Print():online-timing.cc:38) Average delay was 0.0415438 seconds.
LOG (online2-wav-nnet2-latgen-faster:Print():online-timing.cc:42) Percentage of time spent idling was 79.3318
LOG (online2-wav-nnet2-latgen-faster:Print():online-timing.cc:44) Longest delay was 0.0634339 seconds for utterance '02m_catch-6.823-8.022'
LOG (online2-wav-nnet2-latgen-faster:main():online2-wav-nnet2-latgen-faster.cc:279) Decoded 12 utterances, 0 with errors.
LOG (online2-wav-nnet2-latgen-faster:main():online2-wav-nnet2-latgen-faster.cc:281) Overall likelihood per frame was 0.168265 per frame over 1635 frames.
# Accounting: time=5 threads=1
# Ended (code 0) at Mon Feb 27 09:44:31 GMT 2017, elapsed time 5 seconds
