# online2-wav-nnet2-latgen-faster --online=true --do-endpointing=false --config=exp_augmented/nnet2_online/nnet_a_gpu_fast_online/conf/online_nnet2_decoding.conf --max-active=7000 --beam=15.0 --lattice-beam=6.0 --acoustic-scale=0.1 --word-symbol-table=exp_augmented/tri4a/graph/words.txt exp_augmented/nnet2_online/nnet_a_gpu_fast_online/final.mdl exp_augmented/tri4a/graph/HCLG.fst ark:data/new_robot/dev_augmented/split10/9/spk2utt "ark,s,cs:extract-segments scp,p:data/new_robot/dev_augmented/split10/9/wav.scp data/new_robot/dev_augmented/split10/9/segments ark:- |" "ark:|gzip -c > exp_augmented/nnet2_online/nnet_a_gpu_fast_online/decode_dt05_noisy/lat.9.gz" 
# Started at Mon Feb 27 09:11:04 GMT 2017
#
online2-wav-nnet2-latgen-faster --online=true --do-endpointing=false --config=exp_augmented/nnet2_online/nnet_a_gpu_fast_online/conf/online_nnet2_decoding.conf --max-active=7000 --beam=15.0 --lattice-beam=6.0 --acoustic-scale=0.1 --word-symbol-table=exp_augmented/tri4a/graph/words.txt exp_augmented/nnet2_online/nnet_a_gpu_fast_online/final.mdl exp_augmented/tri4a/graph/HCLG.fst ark:data/new_robot/dev_augmented/split10/9/spk2utt 'ark,s,cs:extract-segments scp,p:data/new_robot/dev_augmented/split10/9/wav.scp data/new_robot/dev_augmented/split10/9/segments ark:- |' 'ark:|gzip -c > exp_augmented/nnet2_online/nnet_a_gpu_fast_online/decode_dt05_noisy/lat.9.gz' 
LOG (online2-wav-nnet2-latgen-faster:ComputeDerivedVars():ivector-extractor.cc:183) Computing derived variables for iVector extractor
LOG (online2-wav-nnet2-latgen-faster:ComputeDerivedVars():ivector-extractor.cc:204) Done.
extract-segments scp,p:data/new_robot/dev_augmented/split10/9/wav.scp data/new_robot/dev_augmented/split10/9/segments ark:- 
422c0201_noisy A N. A. S. D. HAS SHORT INTEREST FIGURES FOR THE FIRST MONTH ALSO LAST MONTH <UNK> 
LOG (online2-wav-nnet2-latgen-faster:main():online2-wav-nnet2-latgen-faster.cc:273) Decoded utterance 422c0201_noisy
422c0202_noisy INVESTORS ARE THINKING OF SELLING THOUGHT 
LOG (online2-wav-nnet2-latgen-faster:main():online2-wav-nnet2-latgen-faster.cc:273) Decoded utterance 422c0202_noisy
422c0203_noisy A OR SALE OF A SALE OR A SMALL INVESTORS EXPECTING 
LOG (online2-wav-nnet2-latgen-faster:main():online2-wav-nnet2-latgen-faster.cc:273) Decoded utterance 422c0203_noisy
422c0204_noisy INVESTORS EXPECT PROFIT ON THE PRIZE REALIZE SALES GROWTH 
LOG (online2-wav-nnet2-latgen-faster:main():online2-wav-nnet2-latgen-faster.cc:273) Decoded utterance 422c0204_noisy
422c0205_noisy <UNK> FINANCIAL SERVICES CONCERNS THING IS <UNK> READ AND LEERY OF THE TRANSACTION WAS <UNK> ON MARCH NINETEENTH <UNK> 
LOG (online2-wav-nnet2-latgen-faster:main():online2-wav-nnet2-latgen-faster.cc:273) Decoded utterance 422c0205_noisy
422c0206_noisy SPOKESMEN FOR BOTH COMPANIES SAID THEY ENDED NEARLY A THIRD YEAR 
LOG (online2-wav-nnet2-latgen-faster:main():online2-wav-nnet2-latgen-faster.cc:273) Decoded utterance 422c0206_noisy
422c0207_noisy CREDITORS SAVINGS BASES 
LOG (online2-wav-nnet2-latgen-faster:main():online2-wav-nnet2-latgen-faster.cc:273) Decoded utterance 422c0207_noisy
422c0208_noisy THE VOTERS HERE AND LIVE WITH 
LOG (online2-wav-nnet2-latgen-faster:main():online2-wav-nnet2-latgen-faster.cc:273) Decoded utterance 422c0208_noisy
422c0209_noisy BUSH'S IS NO <UNK> 
LOG (online2-wav-nnet2-latgen-faster:main():online2-wav-nnet2-latgen-faster.cc:273) Decoded utterance 422c0209_noisy
422c020a_noisy THE MARKET 
LOG (online2-wav-nnet2-latgen-faster:main():online2-wav-nnet2-latgen-faster.cc:273) Decoded utterance 422c020a_noisy
422c020b_noisy IN JULY 
LOG (online2-wav-nnet2-latgen-faster:main():online2-wav-nnet2-latgen-faster.cc:273) Decoded utterance 422c020b_noisy
422c020c_noisy SHE TRADER IN NEW YORK FOR A TOKYO BASED BANK AGREES 
LOG (online2-wav-nnet2-latgen-faster:main():online2-wav-nnet2-latgen-faster.cc:273) Decoded utterance 422c020c_noisy
422c020d_noisy IN A JAPANESE THOUSAND DOLLARS IS AVAILABLE HE SAYS 
LOG (online2-wav-nnet2-latgen-faster:main():online2-wav-nnet2-latgen-faster.cc:273) Decoded utterance 422c020d_noisy
422c020e_noisy THE TREND IS INEVITABLE UNLESS THE GOVERNMENT AUTHORITIES 
LOG (online2-wav-nnet2-latgen-faster:main():online2-wav-nnet2-latgen-faster.cc:273) Decoded utterance 422c020e_noisy
422c020f_noisy EVERYTHING IS DONE HE SAID YESTERDAY 
LOG (online2-wav-nnet2-latgen-faster:main():online2-wav-nnet2-latgen-faster.cc:273) Decoded utterance 422c020f_noisy
422c020g_noisy IT WAS IMPORTANT TO SAVE HIS COMPANY IS REBUILDING 
LOG (online2-wav-nnet2-latgen-faster:main():online2-wav-nnet2-latgen-faster.cc:273) Decoded utterance 422c020g_noisy
422c020h_noisy FORD'S EFFORTS DREXEL HAD GREAT WESTERN UNION'S PROXY STATEMENT TWENTY FOUR MILLION DOLLARS 
LOG (online2-wav-nnet2-latgen-faster:main():online2-wav-nnet2-latgen-faster.cc:273) Decoded utterance 422c020h_noisy
422c020i_noisy TRADERS SAID THE REASON FOR THE FIRST EVER BOTH <UNK> AND THE DOLLAR 
LOG (online2-wav-nnet2-latgen-faster:main():online2-wav-nnet2-latgen-faster.cc:273) Decoded utterance 422c020i_noisy
422c020j_noisy THE DOLLAR IS STILL THINK THAT THE LAW CREATING SHEARSON LEHMAN BROTHERS INCORPORATED 
LOG (online2-wav-nnet2-latgen-faster:main():online2-wav-nnet2-latgen-faster.cc:273) Decoded utterance 422c020j_noisy
422c020k_noisy A LIKELY HE WAS PAID FOR CURRENCY RESERVES ARE MORE YEARS 
LOG (online2-wav-nnet2-latgen-faster:main():online2-wav-nnet2-latgen-faster.cc:273) Decoded utterance 422c020k_noisy
422c020l_noisy WAS THIN 
LOG (online2-wav-nnet2-latgen-faster:main():online2-wav-nnet2-latgen-faster.cc:273) Decoded utterance 422c020l_noisy
422c020m_noisy WATCH 
LOG (online2-wav-nnet2-latgen-faster:main():online2-wav-nnet2-latgen-faster.cc:273) Decoded utterance 422c020m_noisy
422c020n_noisy WATCH 
LOG (online2-wav-nnet2-latgen-faster:main():online2-wav-nnet2-latgen-faster.cc:273) Decoded utterance 422c020n_noisy
422c020o_noisy LAST MONTH 
LOG (online2-wav-nnet2-latgen-faster:main():online2-wav-nnet2-latgen-faster.cc:273) Decoded utterance 422c020o_noisy
422c020p_noisy BOTH <UNK> 
LOG (online2-wav-nnet2-latgen-faster:main():online2-wav-nnet2-latgen-faster.cc:273) Decoded utterance 422c020p_noisy
422c020q_noisy BOTH <UNK> 
LOG (online2-wav-nnet2-latgen-faster:main():online2-wav-nnet2-latgen-faster.cc:273) Decoded utterance 422c020q_noisy
422c020r_noisy <UNK> GROWTH 
LOG (online2-wav-nnet2-latgen-faster:main():online2-wav-nnet2-latgen-faster.cc:273) Decoded utterance 422c020r_noisy
422c020s_noisy A I THINK 
LOG (online2-wav-nnet2-latgen-faster:main():online2-wav-nnet2-latgen-faster.cc:273) Decoded utterance 422c020s_noisy
422c020t_noisy THIN 
LOG (online2-wav-nnet2-latgen-faster:main():online2-wav-nnet2-latgen-faster.cc:273) Decoded utterance 422c020t_noisy
422c020u_noisy THIN 
LOG (online2-wav-nnet2-latgen-faster:main():online2-wav-nnet2-latgen-faster.cc:273) Decoded utterance 422c020u_noisy
422c020v_noisy A LAW <UNK> 
LOG (online2-wav-nnet2-latgen-faster:main():online2-wav-nnet2-latgen-faster.cc:273) Decoded utterance 422c020v_noisy
422c020w_noisy <UNK> WITH <UNK> 
LOG (online2-wav-nnet2-latgen-faster:main():online2-wav-nnet2-latgen-faster.cc:273) Decoded utterance 422c020w_noisy
422c020x_noisy <UNK> 
LOG (online2-wav-nnet2-latgen-faster:main():online2-wav-nnet2-latgen-faster.cc:273) Decoded utterance 422c020x_noisy
422c020y_noisy BOTH <UNK> 
LOG (online2-wav-nnet2-latgen-faster:main():online2-wav-nnet2-latgen-faster.cc:273) Decoded utterance 422c020y_noisy
422c020z_noisy A I 
LOG (online2-wav-nnet2-latgen-faster:main():online2-wav-nnet2-latgen-faster.cc:273) Decoded utterance 422c020z_noisy
422c0210_noisy A I 
LOG (online2-wav-nnet2-latgen-faster:main():online2-wav-nnet2-latgen-faster.cc:273) Decoded utterance 422c0210_noisy
422c0211_noisy A LAW 
LOG (online2-wav-nnet2-latgen-faster:main():online2-wav-nnet2-latgen-faster.cc:273) Decoded utterance 422c0211_noisy
422c0212_noisy A LOT 
LOG (online2-wav-nnet2-latgen-faster:main():online2-wav-nnet2-latgen-faster.cc:273) Decoded utterance 422c0212_noisy
422c0213_noisy A LAW 
LOG (online2-wav-nnet2-latgen-faster:main():online2-wav-nnet2-latgen-faster.cc:273) Decoded utterance 422c0213_noisy
422c0214_noisy A LAW 
LOG (online2-wav-nnet2-latgen-faster:main():online2-wav-nnet2-latgen-faster.cc:273) Decoded utterance 422c0214_noisy
422c0215_noisy READ 
LOG (online2-wav-nnet2-latgen-faster:main():online2-wav-nnet2-latgen-faster.cc:273) Decoded utterance 422c0215_noisy
LOG (extract-segments:main():extract-segments.cc:194) Successfully processed 42 lines out of 42 in the segments file. 
422c0216_noisy A LAW <UNK> 
LOG (online2-wav-nnet2-latgen-faster:main():online2-wav-nnet2-latgen-faster.cc:273) Decoded utterance 422c0216_noisy
LOG (online2-wav-nnet2-latgen-faster:Print():online-timing.cc:36) Timing stats: real-time factor was 1.62353 (note: this cannot be less than one.)
LOG (online2-wav-nnet2-latgen-faster:Print():online-timing.cc:38) Average delay was 3.52333 seconds.
LOG (online2-wav-nnet2-latgen-faster:Print():online-timing.cc:42) Percentage of time spent idling was 16.7469
LOG (online2-wav-nnet2-latgen-faster:Print():online-timing.cc:44) Longest delay was 11.502 seconds for utterance '422c020y_noisy'
LOG (online2-wav-nnet2-latgen-faster:main():online2-wav-nnet2-latgen-faster.cc:279) Decoded 42 utterances, 0 with errors.
LOG (online2-wav-nnet2-latgen-faster:main():online2-wav-nnet2-latgen-faster.cc:281) Overall likelihood per frame was 0.267124 per frame over 23646 frames.
# Accounting: time=352 threads=1
# Ended (code 0) at Mon Feb 27 09:16:56 GMT 2017, elapsed time 352 seconds
