# online2-wav-nnet2-latgen-faster --online=true --do-endpointing=false --config=exp_augmented/nnet2_online/nnet_a_gpu_fast_online/conf/online_nnet2_decoding.conf --max-active=7000 --beam=15.0 --lattice-beam=6.0 --acoustic-scale=0.1 --word-symbol-table=exp_augmented/tri4a/graph/words.txt exp_augmented/nnet2_online/nnet_a_gpu_fast_online/final.mdl exp_augmented/tri4a/graph/HCLG.fst ark:data/new_robot/dev_augmented/split10/2/spk2utt "ark,s,cs:extract-segments scp,p:data/new_robot/dev_augmented/split10/2/wav.scp data/new_robot/dev_augmented/split10/2/segments ark:- |" "ark:|gzip -c > exp_augmented/nnet2_online/nnet_a_gpu_fast_online/decode_dt05_noisy/lat.2.gz" 
# Started at Mon Feb 27 09:11:04 GMT 2017
#
online2-wav-nnet2-latgen-faster --online=true --do-endpointing=false --config=exp_augmented/nnet2_online/nnet_a_gpu_fast_online/conf/online_nnet2_decoding.conf --max-active=7000 --beam=15.0 --lattice-beam=6.0 --acoustic-scale=0.1 --word-symbol-table=exp_augmented/tri4a/graph/words.txt exp_augmented/nnet2_online/nnet_a_gpu_fast_online/final.mdl exp_augmented/tri4a/graph/HCLG.fst ark:data/new_robot/dev_augmented/split10/2/spk2utt 'ark,s,cs:extract-segments scp,p:data/new_robot/dev_augmented/split10/2/wav.scp data/new_robot/dev_augmented/split10/2/segments ark:- |' 'ark:|gzip -c > exp_augmented/nnet2_online/nnet_a_gpu_fast_online/decode_dt05_noisy/lat.2.gz' 
LOG (online2-wav-nnet2-latgen-faster:ComputeDerivedVars():ivector-extractor.cc:183) Computing derived variables for iVector extractor
LOG (online2-wav-nnet2-latgen-faster:ComputeDerivedVars():ivector-extractor.cc:204) Done.
extract-segments scp,p:data/new_robot/dev_augmented/split10/2/wav.scp data/new_robot/dev_augmented/split10/2/segments ark:- 
051c0101_noisy A LOAD HE ADVOCATES SAY FOREIGN POLICY 
LOG (online2-wav-nnet2-latgen-faster:main():online2-wav-nnet2-latgen-faster.cc:273) Decoded utterance 051c0101_noisy
051c0102_noisy THE U. S. 
LOG (online2-wav-nnet2-latgen-faster:main():online2-wav-nnet2-latgen-faster.cc:273) Decoded utterance 051c0102_noisy
051c0103_noisy I THOUGHT ABOUT SOUTH AFRICA 
LOG (online2-wav-nnet2-latgen-faster:main():online2-wav-nnet2-latgen-faster.cc:273) Decoded utterance 051c0103_noisy
051c0104_noisy HALF OF GROWTH 
LOG (online2-wav-nnet2-latgen-faster:main():online2-wav-nnet2-latgen-faster.cc:273) Decoded utterance 051c0104_noisy
051c0105_noisy THE BOND MARKET PRICES OF <UNK> 
LOG (online2-wav-nnet2-latgen-faster:main():online2-wav-nnet2-latgen-faster.cc:273) Decoded utterance 051c0105_noisy
051c0106_noisy RE YOUR CAR PROFIT GROWTH FOR A TEN DOLLAR ONE THOUSAND DOLLAR FACE 
LOG (online2-wav-nnet2-latgen-faster:main():online2-wav-nnet2-latgen-faster.cc:273) Decoded utterance 051c0106_noisy
051c0107_noisy CORPORATE BOND PRICES 
LOG (online2-wav-nnet2-latgen-faster:main():online2-wav-nnet2-latgen-faster.cc:273) Decoded utterance 051c0107_noisy
051c0108_noisy WITH <UNK> WHICH IT DOES 
LOG (online2-wav-nnet2-latgen-faster:main():online2-wav-nnet2-latgen-faster.cc:273) Decoded utterance 051c0108_noisy
051c0109_noisy BOTH <UNK> PRIZE 
LOG (online2-wav-nnet2-latgen-faster:main():online2-wav-nnet2-latgen-faster.cc:273) Decoded utterance 051c0109_noisy
051c010a_noisy HE THOUGHT THE MERC THOUGHT GROWTH 
LOG (online2-wav-nnet2-latgen-faster:main():online2-wav-nnet2-latgen-faster.cc:273) Decoded utterance 051c010a_noisy
051c010b_noisy THE VOTE WERE DROPPED FOR ONE THING HE SAYS AT ONE HUNDRED EIGHTY FIVE 
LOG (online2-wav-nnet2-latgen-faster:main():online2-wav-nnet2-latgen-faster.cc:273) Decoded utterance 051c010b_noisy
051c010c_noisy EUROPE WILL RISE THIS YEAR SAYS <UNK> <UNK> CROP 
LOG (online2-wav-nnet2-latgen-faster:main():online2-wav-nnet2-latgen-faster.cc:273) Decoded utterance 051c010c_noisy
051c010d_noisy YESTERDAY'S RALLY THEME PARK BOTH <UNK> PRIZE FOR <UNK> 
LOG (online2-wav-nnet2-latgen-faster:main():online2-wav-nnet2-latgen-faster.cc:273) Decoded utterance 051c010d_noisy
051c010e_noisy A LAW 
LOG (online2-wav-nnet2-latgen-faster:main():online2-wav-nnet2-latgen-faster.cc:273) Decoded utterance 051c010e_noisy
051c010f_noisy WATCH 
LOG (online2-wav-nnet2-latgen-faster:main():online2-wav-nnet2-latgen-faster.cc:273) Decoded utterance 051c010f_noisy
051c010g_noisy THINK OF 
LOG (online2-wav-nnet2-latgen-faster:main():online2-wav-nnet2-latgen-faster.cc:273) Decoded utterance 051c010g_noisy
051c010h_noisy <UNK> THOUGHT <UNK> 
LOG (online2-wav-nnet2-latgen-faster:main():online2-wav-nnet2-latgen-faster.cc:273) Decoded utterance 051c010h_noisy
051c010i_noisy <UNK> BOTH 
LOG (online2-wav-nnet2-latgen-faster:main():online2-wav-nnet2-latgen-faster.cc:273) Decoded utterance 051c010i_noisy
051c010j_noisy BOTH 
LOG (online2-wav-nnet2-latgen-faster:main():online2-wav-nnet2-latgen-faster.cc:273) Decoded utterance 051c010j_noisy
051c010k_noisy THIN 
LOG (online2-wav-nnet2-latgen-faster:main():online2-wav-nnet2-latgen-faster.cc:273) Decoded utterance 051c010k_noisy
051c010l_noisy BOTH 
LOG (online2-wav-nnet2-latgen-faster:main():online2-wav-nnet2-latgen-faster.cc:273) Decoded utterance 051c010l_noisy
051c010m_noisy BOTH <UNK> 
LOG (online2-wav-nnet2-latgen-faster:main():online2-wav-nnet2-latgen-faster.cc:273) Decoded utterance 051c010m_noisy
051c010n_noisy <UNK> WITH <UNK> 
LOG (online2-wav-nnet2-latgen-faster:main():online2-wav-nnet2-latgen-faster.cc:273) Decoded utterance 051c010n_noisy
051c010o_noisy SOUTH <UNK> DEAL 
LOG (online2-wav-nnet2-latgen-faster:main():online2-wav-nnet2-latgen-faster.cc:273) Decoded utterance 051c010o_noisy
051c010p_noisy <UNK> HE THOUGHT 
LOG (online2-wav-nnet2-latgen-faster:main():online2-wav-nnet2-latgen-faster.cc:273) Decoded utterance 051c010p_noisy
051c010q_noisy A LOT 
LOG (online2-wav-nnet2-latgen-faster:main():online2-wav-nnet2-latgen-faster.cc:273) Decoded utterance 051c010q_noisy
051c010r_noisy A LAW 
LOG (online2-wav-nnet2-latgen-faster:main():online2-wav-nnet2-latgen-faster.cc:273) Decoded utterance 051c010r_noisy
051c010s_noisy A LOT 
LOG (online2-wav-nnet2-latgen-faster:main():online2-wav-nnet2-latgen-faster.cc:273) Decoded utterance 051c010s_noisy
051c010t_noisy WATCH 
LOG (online2-wav-nnet2-latgen-faster:main():online2-wav-nnet2-latgen-faster.cc:273) Decoded utterance 051c010t_noisy
051c010u_noisy A LAW <UNK> 
LOG (online2-wav-nnet2-latgen-faster:main():online2-wav-nnet2-latgen-faster.cc:273) Decoded utterance 051c010u_noisy
051c010v_noisy <UNK> BOTH 
LOG (online2-wav-nnet2-latgen-faster:main():online2-wav-nnet2-latgen-faster.cc:273) Decoded utterance 051c010v_noisy
051c010w_noisy <UNK> TRADE WITH <UNK> 
LOG (online2-wav-nnet2-latgen-faster:main():online2-wav-nnet2-latgen-faster.cc:273) Decoded utterance 051c010w_noisy
051c010x_noisy <UNK> <UNK> THE <UNK> DEAL 
LOG (online2-wav-nnet2-latgen-faster:main():online2-wav-nnet2-latgen-faster.cc:273) Decoded utterance 051c010x_noisy
051c010y_noisy <UNK> <UNK> THOUGHT 
LOG (online2-wav-nnet2-latgen-faster:main():online2-wav-nnet2-latgen-faster.cc:273) Decoded utterance 051c010y_noisy
051c010z_noisy A LOT 
LOG (online2-wav-nnet2-latgen-faster:main():online2-wav-nnet2-latgen-faster.cc:273) Decoded utterance 051c010z_noisy
051c0110_noisy SALE OF BOTH 
LOG (online2-wav-nnet2-latgen-faster:main():online2-wav-nnet2-latgen-faster.cc:273) Decoded utterance 051c0110_noisy
051c0111_noisy A LOT OF THINGS 
LOG (online2-wav-nnet2-latgen-faster:main():online2-wav-nnet2-latgen-faster.cc:273) Decoded utterance 051c0111_noisy
051c0112_noisy BOTH <UNK> GROWTH 
LOG (online2-wav-nnet2-latgen-faster:main():online2-wav-nnet2-latgen-faster.cc:273) Decoded utterance 051c0112_noisy
051c0113_noisy MANY THOUGHT 
LOG (online2-wav-nnet2-latgen-faster:main():online2-wav-nnet2-latgen-faster.cc:273) Decoded utterance 051c0113_noisy
051c0114_noisy BOTH <UNK> 
LOG (online2-wav-nnet2-latgen-faster:main():online2-wav-nnet2-latgen-faster.cc:273) Decoded utterance 051c0114_noisy
LOG (extract-segments:main():extract-segments.cc:194) Successfully processed 41 lines out of 41 in the segments file. 
051c0115_noisy SOUTH <UNK> DEAL 
LOG (online2-wav-nnet2-latgen-faster:main():online2-wav-nnet2-latgen-faster.cc:273) Decoded utterance 051c0115_noisy
LOG (online2-wav-nnet2-latgen-faster:Print():online-timing.cc:36) Timing stats: real-time factor was 1.59952 (note: this cannot be less than one.)
LOG (online2-wav-nnet2-latgen-faster:Print():online-timing.cc:38) Average delay was 4.62783 seconds.
LOG (online2-wav-nnet2-latgen-faster:Print():online-timing.cc:42) Percentage of time spent idling was 11.8989
LOG (online2-wav-nnet2-latgen-faster:Print():online-timing.cc:44) Longest delay was 17.2208 seconds for utterance '051c010b_noisy'
LOG (online2-wav-nnet2-latgen-faster:main():online2-wav-nnet2-latgen-faster.cc:279) Decoded 41 utterances, 0 with errors.
LOG (online2-wav-nnet2-latgen-faster:main():online2-wav-nnet2-latgen-faster.cc:281) Overall likelihood per frame was 0.289471 per frame over 31567 frames.
# Accounting: time=476 threads=1
# Ended (code 0) at Mon Feb 27 09:19:00 GMT 2017, elapsed time 476 seconds
