# online2-wav-nnet2-latgen-faster --online=true --do-endpointing=false --config=exp_augmented/nnet2_online/nnet_a_gpu_fast_online/conf/online_nnet2_decoding.conf --max-active=7000 --beam=15.0 --lattice-beam=6.0 --acoustic-scale=0.1 --word-symbol-table=exp_augmented/tri4a/graph/words.txt exp_augmented/nnet2_online/nnet_a_gpu_fast_online/final.mdl exp_augmented/tri4a/graph/HCLG.fst ark:data/new_robot/dev_augmented/split10/3/spk2utt "ark,s,cs:extract-segments scp,p:data/new_robot/dev_augmented/split10/3/wav.scp data/new_robot/dev_augmented/split10/3/segments ark:- |" "ark:|gzip -c > exp_augmented/nnet2_online/nnet_a_gpu_fast_online/decode_dt05_noisy/lat.3.gz" 
# Started at Mon Feb 27 09:11:04 GMT 2017
#
online2-wav-nnet2-latgen-faster --online=true --do-endpointing=false --config=exp_augmented/nnet2_online/nnet_a_gpu_fast_online/conf/online_nnet2_decoding.conf --max-active=7000 --beam=15.0 --lattice-beam=6.0 --acoustic-scale=0.1 --word-symbol-table=exp_augmented/tri4a/graph/words.txt exp_augmented/nnet2_online/nnet_a_gpu_fast_online/final.mdl exp_augmented/tri4a/graph/HCLG.fst ark:data/new_robot/dev_augmented/split10/3/spk2utt 'ark,s,cs:extract-segments scp,p:data/new_robot/dev_augmented/split10/3/wav.scp data/new_robot/dev_augmented/split10/3/segments ark:- |' 'ark:|gzip -c > exp_augmented/nnet2_online/nnet_a_gpu_fast_online/decode_dt05_noisy/lat.3.gz' 
LOG (online2-wav-nnet2-latgen-faster:ComputeDerivedVars():ivector-extractor.cc:183) Computing derived variables for iVector extractor
LOG (online2-wav-nnet2-latgen-faster:ComputeDerivedVars():ivector-extractor.cc:204) Done.
extract-segments scp,p:data/new_robot/dev_augmented/split10/3/wav.scp data/new_robot/dev_augmented/split10/3/segments ark:- 
052c0101_noisy A LEVERAGED ECONOMY HAS ALSO HELPED <UNK> THE SURVEY 
LOG (online2-wav-nnet2-latgen-faster:main():online2-wav-nnet2-latgen-faster.cc:273) Decoded utterance 052c0101_noisy
052c0102_noisy FOR EXAMPLE LIKE FOR ABOUT HALF YEARS 
LOG (online2-wav-nnet2-latgen-faster:main():online2-wav-nnet2-latgen-faster.cc:273) Decoded utterance 052c0102_noisy
052c0103_noisy WITH SUCH KNOWLEDGE BETTER TERM GROWTH WAS <UNK> 
LOG (online2-wav-nnet2-latgen-faster:main():online2-wav-nnet2-latgen-faster.cc:273) Decoded utterance 052c0103_noisy
052c0104_noisy STERLING DRUG FOR A QUARTERLY DIVIDEND THIRTY EIGHTH TO THIRTY THREE 
LOG (online2-wav-nnet2-latgen-faster:main():online2-wav-nnet2-latgen-faster.cc:273) Decoded utterance 052c0104_noisy
052c0105_noisy NEW YORK PHARMACEUTICAL PRODUCTS CONCERN SAID THE RATE FOR PROFIT GROWTH 
LOG (online2-wav-nnet2-latgen-faster:main():online2-wav-nnet2-latgen-faster.cc:273) Decoded utterance 052c0105_noisy
052c0106_noisy THE DIVIDEND IS PAYABLE JUNE FIRST TO STOCK OF RECORD MAY EIGHTH 
LOG (online2-wav-nnet2-latgen-faster:main():online2-wav-nnet2-latgen-faster.cc:273) Decoded utterance 052c0106_noisy
052c0107_noisy REGIONAL BANKS HERE WILL THINK WAS THE FACT THAT THE PRESSURE ON THE MATTER 
LOG (online2-wav-nnet2-latgen-faster:main():online2-wav-nnet2-latgen-faster.cc:273) Decoded utterance 052c0107_noisy
052c0108_noisy ALSO TWO BANKS BOTH FOR LOAN LOSS RESERVE 
LOG (online2-wav-nnet2-latgen-faster:main():online2-wav-nnet2-latgen-faster.cc:273) Decoded utterance 052c0108_noisy
052c0109_noisy MEANWHILE TEXACO THINK THAT WHEN HE SAID 
LOG (online2-wav-nnet2-latgen-faster:main():online2-wav-nnet2-latgen-faster.cc:273) Decoded utterance 052c0109_noisy
052c010a_noisy THE HUDSON SAID MR. SELLS WHAT HAPPENED FOR EQUITIES A COMPANY HE IS <UNK> 
LOG (online2-wav-nnet2-latgen-faster:main():online2-wav-nnet2-latgen-faster.cc:273) Decoded utterance 052c010a_noisy
052c010b_noisy MR. SELLS WHO WASN'T AVAILABLE FOR COMMENT SAID A STATE OF ALL WITH WATER ON MY OWN COMPANY 
LOG (online2-wav-nnet2-latgen-faster:main():online2-wav-nnet2-latgen-faster.cc:273) Decoded utterance 052c010b_noisy
052c010c_noisy NOW I GET <UNK> AND VERY EXCITED 
LOG (online2-wav-nnet2-latgen-faster:main():online2-wav-nnet2-latgen-faster.cc:273) Decoded utterance 052c010c_noisy
052c010d_noisy OF THE TOTAL FACE AMOUNT OUTSTANDING WHILE WESTERN UNION THE EIGHTEENTH <UNK> WITH OTHERS 
LOG (online2-wav-nnet2-latgen-faster:main():online2-wav-nnet2-latgen-faster.cc:273) Decoded utterance 052c010d_noisy
052c010e_noisy THE SWAP OFFER MARKET LEAST EIGHTY PERCENT OF THE TOTAL WEEK 
LOG (online2-wav-nnet2-latgen-faster:main():online2-wav-nnet2-latgen-faster.cc:273) Decoded utterance 052c010e_noisy
052c010f_noisy A LAW 
LOG (online2-wav-nnet2-latgen-faster:main():online2-wav-nnet2-latgen-faster.cc:273) Decoded utterance 052c010f_noisy
052c010g_noisy WANT THINGS 
LOG (online2-wav-nnet2-latgen-faster:main():online2-wav-nnet2-latgen-faster.cc:273) Decoded utterance 052c010g_noisy
052c010h_noisy BOTH <UNK> 
LOG (online2-wav-nnet2-latgen-faster:main():online2-wav-nnet2-latgen-faster.cc:273) Decoded utterance 052c010h_noisy
052c010i_noisy GROWTH IN BOTH <UNK> 
LOG (online2-wav-nnet2-latgen-faster:main():online2-wav-nnet2-latgen-faster.cc:273) Decoded utterance 052c010i_noisy
052c010j_noisy A I THOUGHT 
LOG (online2-wav-nnet2-latgen-faster:main():online2-wav-nnet2-latgen-faster.cc:273) Decoded utterance 052c010j_noisy
052c010k_noisy A LOT 
LOG (online2-wav-nnet2-latgen-faster:main():online2-wav-nnet2-latgen-faster.cc:273) Decoded utterance 052c010k_noisy
052c010l_noisy A LOT 
LOG (online2-wav-nnet2-latgen-faster:main():online2-wav-nnet2-latgen-faster.cc:273) Decoded utterance 052c010l_noisy
052c010m_noisy THIN 
LOG (online2-wav-nnet2-latgen-faster:main():online2-wav-nnet2-latgen-faster.cc:273) Decoded utterance 052c010m_noisy
052c010n_noisy BOTH 
LOG (online2-wav-nnet2-latgen-faster:main():online2-wav-nnet2-latgen-faster.cc:273) Decoded utterance 052c010n_noisy
052c010o_noisy A LOT 
LOG (online2-wav-nnet2-latgen-faster:main():online2-wav-nnet2-latgen-faster.cc:273) Decoded utterance 052c010o_noisy
052c010p_noisy THE <UNK> <UNK> 
LOG (online2-wav-nnet2-latgen-faster:main():online2-wav-nnet2-latgen-faster.cc:273) Decoded utterance 052c010p_noisy
052c010q_noisy HE <UNK> BOTH 
LOG (online2-wav-nnet2-latgen-faster:main():online2-wav-nnet2-latgen-faster.cc:273) Decoded utterance 052c010q_noisy
052c010r_noisy <UNK> <UNK> 
LOG (online2-wav-nnet2-latgen-faster:main():online2-wav-nnet2-latgen-faster.cc:273) Decoded utterance 052c010r_noisy
052c010s_noisy BOTH <UNK> 
LOG (online2-wav-nnet2-latgen-faster:main():online2-wav-nnet2-latgen-faster.cc:273) Decoded utterance 052c010s_noisy
052c010t_noisy A LOT 
LOG (online2-wav-nnet2-latgen-faster:main():online2-wav-nnet2-latgen-faster.cc:273) Decoded utterance 052c010t_noisy
052c010u_noisy A I 
LOG (online2-wav-nnet2-latgen-faster:main():online2-wav-nnet2-latgen-faster.cc:273) Decoded utterance 052c010u_noisy
052c010v_noisy A LAW 
LOG (online2-wav-nnet2-latgen-faster:main():online2-wav-nnet2-latgen-faster.cc:273) Decoded utterance 052c010v_noisy
052c010w_noisy A I 
LOG (online2-wav-nnet2-latgen-faster:main():online2-wav-nnet2-latgen-faster.cc:273) Decoded utterance 052c010w_noisy
052c010x_noisy A LOT 
LOG (online2-wav-nnet2-latgen-faster:main():online2-wav-nnet2-latgen-faster.cc:273) Decoded utterance 052c010x_noisy
052c010y_noisy A LOT 
LOG (online2-wav-nnet2-latgen-faster:main():online2-wav-nnet2-latgen-faster.cc:273) Decoded utterance 052c010y_noisy
052c010z_noisy A LOT 
LOG (online2-wav-nnet2-latgen-faster:main():online2-wav-nnet2-latgen-faster.cc:273) Decoded utterance 052c010z_noisy
052c0110_noisy A LOT 
LOG (online2-wav-nnet2-latgen-faster:main():online2-wav-nnet2-latgen-faster.cc:273) Decoded utterance 052c0110_noisy
052c0111_noisy A LUCKY 
LOG (online2-wav-nnet2-latgen-faster:main():online2-wav-nnet2-latgen-faster.cc:273) Decoded utterance 052c0111_noisy
052c0112_noisy A LOT 
LOG (online2-wav-nnet2-latgen-faster:main():online2-wav-nnet2-latgen-faster.cc:273) Decoded utterance 052c0112_noisy
052c0113_noisy A LOT 
LOG (online2-wav-nnet2-latgen-faster:main():online2-wav-nnet2-latgen-faster.cc:273) Decoded utterance 052c0113_noisy
052c0114_noisy A LOT 
LOG (online2-wav-nnet2-latgen-faster:main():online2-wav-nnet2-latgen-faster.cc:273) Decoded utterance 052c0114_noisy
052c0115_noisy A LAW <UNK> 
LOG (online2-wav-nnet2-latgen-faster:main():online2-wav-nnet2-latgen-faster.cc:273) Decoded utterance 052c0115_noisy
LOG (extract-segments:main():extract-segments.cc:194) Successfully processed 42 lines out of 42 in the segments file. 
052c0116_noisy A LAW 
LOG (online2-wav-nnet2-latgen-faster:main():online2-wav-nnet2-latgen-faster.cc:273) Decoded utterance 052c0116_noisy
LOG (online2-wav-nnet2-latgen-faster:Print():online-timing.cc:36) Timing stats: real-time factor was 1.52438 (note: this cannot be less than one.)
LOG (online2-wav-nnet2-latgen-faster:Print():online-timing.cc:38) Average delay was 3.47954 seconds.
LOG (online2-wav-nnet2-latgen-faster:Print():online-timing.cc:42) Percentage of time spent idling was 19.7794
LOG (online2-wav-nnet2-latgen-faster:Print():online-timing.cc:44) Longest delay was 19.5781 seconds for utterance '052c010p_noisy'
LOG (online2-wav-nnet2-latgen-faster:main():online2-wav-nnet2-latgen-faster.cc:279) Decoded 42 utterances, 0 with errors.
LOG (online2-wav-nnet2-latgen-faster:main():online2-wav-nnet2-latgen-faster.cc:281) Overall likelihood per frame was 0.295081 per frame over 27785 frames.
# Accounting: time=376 threads=1
# Ended (code 0) at Mon Feb 27 09:17:20 GMT 2017, elapsed time 376 seconds
