# online2-wav-nnet2-latgen-faster --online=true --do-endpointing=false --config=exp_augmented/nnet2_online/nnet_a_gpu_fast_online/conf/online_nnet2_decoding.conf --max-active=7000 --beam=15.0 --lattice-beam=6.0 --acoustic-scale=0.1 --word-symbol-table=exp_augmented/tri4a/graph/words.txt exp_augmented/nnet2_online/nnet_a_gpu_fast_online/final.mdl exp_augmented/tri4a/graph/HCLG.fst ark:data/new_robot/dev_augmented/split10/4/spk2utt "ark,s,cs:extract-segments scp,p:data/new_robot/dev_augmented/split10/4/wav.scp data/new_robot/dev_augmented/split10/4/segments ark:- |" "ark:|gzip -c > exp_augmented/nnet2_online/nnet_a_gpu_fast_online/decode_dt05_noisy/lat.4.gz" 
# Started at Mon Feb 27 09:11:04 GMT 2017
#
online2-wav-nnet2-latgen-faster --online=true --do-endpointing=false --config=exp_augmented/nnet2_online/nnet_a_gpu_fast_online/conf/online_nnet2_decoding.conf --max-active=7000 --beam=15.0 --lattice-beam=6.0 --acoustic-scale=0.1 --word-symbol-table=exp_augmented/tri4a/graph/words.txt exp_augmented/nnet2_online/nnet_a_gpu_fast_online/final.mdl exp_augmented/tri4a/graph/HCLG.fst ark:data/new_robot/dev_augmented/split10/4/spk2utt 'ark,s,cs:extract-segments scp,p:data/new_robot/dev_augmented/split10/4/wav.scp data/new_robot/dev_augmented/split10/4/segments ark:- |' 'ark:|gzip -c > exp_augmented/nnet2_online/nnet_a_gpu_fast_online/decode_dt05_noisy/lat.4.gz' 
LOG (online2-wav-nnet2-latgen-faster:ComputeDerivedVars():ivector-extractor.cc:183) Computing derived variables for iVector extractor
LOG (online2-wav-nnet2-latgen-faster:ComputeDerivedVars():ivector-extractor.cc:204) Done.
extract-segments scp,p:data/new_robot/dev_augmented/split10/4/wav.scp data/new_robot/dev_augmented/split10/4/segments ark:- 
053c0101_noisy A I HEALTH <UNK> LAST MONTH <UNK> OUT 
LOG (online2-wav-nnet2-latgen-faster:main():online2-wav-nnet2-latgen-faster.cc:273) Decoded utterance 053c0101_noisy
053c0102_noisy A FEDERAL LAW THE JUSTICE DEPARTMENT 
LOG (online2-wav-nnet2-latgen-faster:main():online2-wav-nnet2-latgen-faster.cc:273) Decoded utterance 053c0102_noisy
053c0103_noisy BOTH ARE <UNK> 
LOG (online2-wav-nnet2-latgen-faster:main():online2-wav-nnet2-latgen-faster.cc:273) Decoded utterance 053c0103_noisy
053c0104_noisy IN ADDITION <UNK> SAID 
LOG (online2-wav-nnet2-latgen-faster:main():online2-wav-nnet2-latgen-faster.cc:273) Decoded utterance 053c0104_noisy
053c0105_noisy FOR THEM 
LOG (online2-wav-nnet2-latgen-faster:main():online2-wav-nnet2-latgen-faster.cc:273) Decoded utterance 053c0105_noisy
053c0106_noisy ONE OF THE <UNK> THEORY AUTHORITY WITH <UNK> 
LOG (online2-wav-nnet2-latgen-faster:main():online2-wav-nnet2-latgen-faster.cc:273) Decoded utterance 053c0106_noisy
053c0107_noisy I'D BE PRICED HIGHER FRIDAY G. THING HE SAYS 
LOG (online2-wav-nnet2-latgen-faster:main():online2-wav-nnet2-latgen-faster.cc:273) Decoded utterance 053c0107_noisy
053c0108_noisy IT HAD THOUGHT 
LOG (online2-wav-nnet2-latgen-faster:main():online2-wav-nnet2-latgen-faster.cc:273) Decoded utterance 053c0108_noisy
053c0109_noisy THAT'S HOW HE THOUGHT HE THOUGHT 
LOG (online2-wav-nnet2-latgen-faster:main():online2-wav-nnet2-latgen-faster.cc:273) Decoded utterance 053c0109_noisy
053c010a_noisy CAN HE DO BETTER 
LOG (online2-wav-nnet2-latgen-faster:main():online2-wav-nnet2-latgen-faster.cc:273) Decoded utterance 053c010a_noisy
053c010b_noisy AT A THREE YEAR TREASURY BONDS PLUNGED THIRTY DOLLARS EACH 
LOG (online2-wav-nnet2-latgen-faster:main():online2-wav-nnet2-latgen-faster.cc:273) Decoded utterance 053c010b_noisy
053c010c_noisy PRICES FOR THREE DAYS THURSDAY GROWTH LATELY 
LOG (online2-wav-nnet2-latgen-faster:main():online2-wav-nnet2-latgen-faster.cc:273) Decoded utterance 053c010c_noisy
053c010d_noisy THE OFFER A YEAR TREASURY BONDS G. THINGS 
LOG (online2-wav-nnet2-latgen-faster:main():online2-wav-nnet2-latgen-faster.cc:273) Decoded utterance 053c010d_noisy
053c010e_noisy THE HUGE IS TRYING TO REACH AGE RANGE ARMS 
LOG (online2-wav-nnet2-latgen-faster:main():online2-wav-nnet2-latgen-faster.cc:273) Decoded utterance 053c010e_noisy
053c010f_noisy I THINK IT IS 
LOG (online2-wav-nnet2-latgen-faster:main():online2-wav-nnet2-latgen-faster.cc:273) Decoded utterance 053c010f_noisy
053c010g_noisy THINGS 
LOG (online2-wav-nnet2-latgen-faster:main():online2-wav-nnet2-latgen-faster.cc:273) Decoded utterance 053c010g_noisy
053c010h_noisy BOTH <UNK> 
LOG (online2-wav-nnet2-latgen-faster:main():online2-wav-nnet2-latgen-faster.cc:273) Decoded utterance 053c010h_noisy
053c010i_noisy <UNK> 
LOG (online2-wav-nnet2-latgen-faster:main():online2-wav-nnet2-latgen-faster.cc:273) Decoded utterance 053c010i_noisy
053c010j_noisy <UNK> 
LOG (online2-wav-nnet2-latgen-faster:main():online2-wav-nnet2-latgen-faster.cc:273) Decoded utterance 053c010j_noisy
053c010k_noisy <UNK> 
LOG (online2-wav-nnet2-latgen-faster:main():online2-wav-nnet2-latgen-faster.cc:273) Decoded utterance 053c010k_noisy
053c010l_noisy <UNK> 
LOG (online2-wav-nnet2-latgen-faster:main():online2-wav-nnet2-latgen-faster.cc:273) Decoded utterance 053c010l_noisy
053c010m_noisy <UNK> 
LOG (online2-wav-nnet2-latgen-faster:main():online2-wav-nnet2-latgen-faster.cc:273) Decoded utterance 053c010m_noisy
053c010n_noisy <UNK> 
LOG (online2-wav-nnet2-latgen-faster:main():online2-wav-nnet2-latgen-faster.cc:273) Decoded utterance 053c010n_noisy
053c010o_noisy <UNK> 
LOG (online2-wav-nnet2-latgen-faster:main():online2-wav-nnet2-latgen-faster.cc:273) Decoded utterance 053c010o_noisy
053c010p_noisy <UNK> 
LOG (online2-wav-nnet2-latgen-faster:main():online2-wav-nnet2-latgen-faster.cc:273) Decoded utterance 053c010p_noisy
053c010q_noisy THEME 
LOG (online2-wav-nnet2-latgen-faster:main():online2-wav-nnet2-latgen-faster.cc:273) Decoded utterance 053c010q_noisy
053c010r_noisy WAS <UNK> 
LOG (online2-wav-nnet2-latgen-faster:main():online2-wav-nnet2-latgen-faster.cc:273) Decoded utterance 053c010r_noisy
053c010s_noisy A I 
LOG (online2-wav-nnet2-latgen-faster:main():online2-wav-nnet2-latgen-faster.cc:273) Decoded utterance 053c010s_noisy
053c010t_noisy A I 
LOG (online2-wav-nnet2-latgen-faster:main():online2-wav-nnet2-latgen-faster.cc:273) Decoded utterance 053c010t_noisy
053c010u_noisy A LAW 
LOG (online2-wav-nnet2-latgen-faster:main():online2-wav-nnet2-latgen-faster.cc:273) Decoded utterance 053c010u_noisy
053c010v_noisy A LOT 
LOG (online2-wav-nnet2-latgen-faster:main():online2-wav-nnet2-latgen-faster.cc:273) Decoded utterance 053c010v_noisy
053c010w_noisy A I 
LOG (online2-wav-nnet2-latgen-faster:main():online2-wav-nnet2-latgen-faster.cc:273) Decoded utterance 053c010w_noisy
053c010x_noisy <UNK> 
LOG (online2-wav-nnet2-latgen-faster:main():online2-wav-nnet2-latgen-faster.cc:273) Decoded utterance 053c010x_noisy
053c010y_noisy <UNK> 
LOG (online2-wav-nnet2-latgen-faster:main():online2-wav-nnet2-latgen-faster.cc:273) Decoded utterance 053c010y_noisy
053c010z_noisy A LAW 
LOG (online2-wav-nnet2-latgen-faster:main():online2-wav-nnet2-latgen-faster.cc:273) Decoded utterance 053c010z_noisy
053c0110_noisy A I 
LOG (online2-wav-nnet2-latgen-faster:main():online2-wav-nnet2-latgen-faster.cc:273) Decoded utterance 053c0110_noisy
053c0111_noisy A LOT 
LOG (online2-wav-nnet2-latgen-faster:main():online2-wav-nnet2-latgen-faster.cc:273) Decoded utterance 053c0111_noisy
053c0112_noisy <UNK> 
LOG (online2-wav-nnet2-latgen-faster:main():online2-wav-nnet2-latgen-faster.cc:273) Decoded utterance 053c0112_noisy
053c0113_noisy <UNK> 
LOG (online2-wav-nnet2-latgen-faster:main():online2-wav-nnet2-latgen-faster.cc:273) Decoded utterance 053c0113_noisy
053c0114_noisy <UNK> 
LOG (online2-wav-nnet2-latgen-faster:main():online2-wav-nnet2-latgen-faster.cc:273) Decoded utterance 053c0114_noisy
LOG (extract-segments:main():extract-segments.cc:194) Successfully processed 41 lines out of 41 in the segments file. 
053c0115_noisy <UNK> 
LOG (online2-wav-nnet2-latgen-faster:main():online2-wav-nnet2-latgen-faster.cc:273) Decoded utterance 053c0115_noisy
LOG (online2-wav-nnet2-latgen-faster:Print():online-timing.cc:36) Timing stats: real-time factor was 1.83994 (note: this cannot be less than one.)
LOG (online2-wav-nnet2-latgen-faster:Print():online-timing.cc:38) Average delay was 6.06521 seconds.
LOG (online2-wav-nnet2-latgen-faster:Print():online-timing.cc:42) Percentage of time spent idling was 14.6574
LOG (online2-wav-nnet2-latgen-faster:Print():online-timing.cc:44) Longest delay was 13.666 seconds for utterance '053c010x_noisy'
LOG (online2-wav-nnet2-latgen-faster:main():online2-wav-nnet2-latgen-faster.cc:279) Decoded 41 utterances, 0 with errors.
LOG (online2-wav-nnet2-latgen-faster:main():online2-wav-nnet2-latgen-faster.cc:281) Overall likelihood per frame was 0.275151 per frame over 29523 frames.
# Accounting: time=508 threads=1
# Ended (code 0) at Mon Feb 27 09:19:32 GMT 2017, elapsed time 508 seconds
