# lattice-scale --inv-acoustic-scale=15 "ark:gunzip -c exp_augmented/nnet2_online/nnet_a_gpu_fast_online/decode_catch_noisy/lat.*.gz|" ark:- | lattice-add-penalty --word-ins-penalty=0.5 ark:- ark:- | lattice-best-path --word-symbol-table=exp_augmented/tri4a/miro_grammar_graph/words.txt ark:- ark,t:- | utils/int2sym.pl -f 2- exp_augmented/tri4a/miro_grammar_graph/words.txt | local/wer_hyp_filter > exp_augmented/nnet2_online/nnet_a_gpu_fast_online/decode_catch_noisy/scoring_kaldi/penalty_0.5/15.txt 
# Started at Mon Feb 27 09:44:34 GMT 2017
#
lattice-scale --inv-acoustic-scale=15 'ark:gunzip -c exp_augmented/nnet2_online/nnet_a_gpu_fast_online/decode_catch_noisy/lat.*.gz|' ark:- 
lattice-best-path --word-symbol-table=exp_augmented/tri4a/miro_grammar_graph/words.txt ark:- ark,t:- 
lattice-add-penalty --word-ins-penalty=0.5 ark:- ark:- 
LOG (lattice-best-path:main():lattice-best-path.cc:99) For utterance 01m_catch-0.496-2.068, best cost 11.9544 + -37.4931 = -25.5387 over 155 frames.
01m_catch-0.496-2.068 HELLO MIRO 
LOG (lattice-best-path:main():lattice-best-path.cc:99) For utterance 01m_catch-10.875-12.405, best cost 11.233 + -32.9699 = -21.7369 over 151 frames.
01m_catch-10.875-12.405 STAY THERE 
LOG (lattice-best-path:main():lattice-best-path.cc:99) For utterance 01m_catch-13.480-15.134, best cost 11.6816 + -29.4442 = -17.7626 over 163 frames.
01m_catch-13.480-15.134 WAKE UP 
LOG (lattice-best-path:main():lattice-best-path.cc:99) For utterance 01m_catch-16.127-17.285, best cost 12.4488 + -26.7931 = -14.3443 over 114 frames.
01m_catch-16.127-17.285 NOD YOUR HEAD 
LOG (lattice-best-path:main():lattice-best-path.cc:99) For utterance 01m_catch-18.608-20.096, best cost 12.9511 + -37.1821 = -24.231 over 147 frames.
01m_catch-18.608-20.096 GO TO SLEEP 
LOG (lattice-best-path:main():lattice-best-path.cc:99) For utterance 01m_catch-2.564-4.176, best cost 12.1069 + -34.0186 = -21.9116 over 159 frames.
01m_catch-2.564-4.176 HELLO MIRO 
LOG (lattice-best-path:main():lattice-best-path.cc:99) For utterance 01m_catch-21.709-23.156, best cost 13.7408 + -33.335 = -19.5942 over 143 frames.
01m_catch-21.709-23.156 ARE YOU HAPPY 
LOG (lattice-best-path:main():lattice-best-path.cc:99) For utterance 01m_catch-23.901-25.348, best cost 12.488 + -30.0349 = -17.5469 over 143 frames.
01m_catch-23.901-25.348 ARE YOU SAD 
LOG (lattice-best-path:main():lattice-best-path.cc:99) For utterance 01m_catch-26.382-27.912, best cost 14.9657 + -28.5927 = -13.6271 over 151 frames.
01m_catch-26.382-27.912 HOW ARE YOU FEELING 
LOG (lattice-best-path:main():lattice-best-path.cc:99) For utterance 01m_catch-28.573-30.021, best cost 11.3404 + -33.7533 = -22.4129 over 143 frames.
01m_catch-28.573-30.021 WAKE UP 
LOG (lattice-best-path:main():lattice-best-path.cc:99) For utterance 01m_catch-6.079-7.402, best cost 11.1787 + -21.048 = -9.86932 over 130 frames.
01m_catch-6.079-7.402 HEY MIRO 
LOG (lattice-best-path:main():lattice-best-path.cc:99) For utterance 01m_catch-8.312-9.511, best cost 11.8967 + -21.7826 = -9.88591 over 118 frames.
01m_catch-8.312-9.511 GO TO SLEEP 
LOG (lattice-best-path:main():lattice-best-path.cc:99) For utterance 02m_catch-0.455-2.068, best cost 12.5155 + -32.2464 = -19.7309 over 159 frames.
02m_catch-0.455-2.068 HELLO MIRO 
LOG (lattice-best-path:main():lattice-best-path.cc:99) For utterance 02m_catch-10.503-11.992, best cost 13.4525 + -24.412 = -10.9595 over 147 frames.
02m_catch-10.503-11.992 WAG YOUR TAIL 
LOG (lattice-best-path:main():lattice-best-path.cc:99) For utterance 02m_catch-12.488-13.853, best cost 12.9988 + -19.2447 = -6.2458 over 135 frames.
02m_catch-12.488-13.853 NOD YOUR HEAD 
LOG (lattice-best-path:main():lattice-best-path.cc:99) For utterance 02m_catch-14.721-16.127, best cost 12.5745 + -30.7251 = -18.1505 over 139 frames.
02m_catch-14.721-16.127 GO TO SLEEP 
LOG (lattice-best-path:main():lattice-best-path.cc:99) For utterance 02m_catch-16.582-17.905, best cost 12.3725 + -18.8504 = -6.47791 over 130 frames.
02m_catch-16.582-17.905 ARE YOU HAPPY 
LOG (lattice-best-path:main():lattice-best-path.cc:99) For utterance 02m_catch-18.153-19.642, best cost 12.2038 + -14.4387 = -2.2349 over 147 frames.
02m_catch-18.153-19.642 ARE YOU SAD 
LOG (lattice-best-path:main():lattice-best-path.cc:99) For utterance 02m_catch-2.895-4.383, best cost 11.7112 + -29.5034 = -17.7921 over 147 frames.
02m_catch-2.895-4.383 HELLO MIRO 
LOG (lattice-best-path:main():lattice-best-path.cc:99) For utterance 02m_catch-20.221-21.875, best cost 15.0962 + -28.0343 = -12.9381 over 163 frames.
02m_catch-20.221-21.875 HOW ARE YOU FEELING 
LOG (lattice-best-path:main():lattice-best-path.cc:99) For utterance 02m_catch-22.412-23.570, best cost 9.91741 + -22.0735 = -12.1561 over 114 frames.
02m_catch-22.412-23.570 WAKE UP 
LOG (lattice-best-path:main():lattice-best-path.cc:99) For utterance 02m_catch-4.921-6.120, best cost 10.7114 + -22.01 = -11.2986 over 118 frames.
02m_catch-4.921-6.120 HEY MIRO 
LOG (lattice-best-path:main():lattice-best-path.cc:99) For utterance 02m_catch-6.823-8.022, best cost 10.4853 + -11.2056 = -0.720333 over 118 frames.
02m_catch-6.823-8.022 COME HERE 
LOG (lattice-best-path:main():lattice-best-path.cc:99) For utterance 02m_catch-8.684-9.883, best cost 9.75607 + -16.1952 = -6.43917 over 118 frames.
02m_catch-8.684-9.883 STAY THERE 
LOG (lattice-best-path:main():lattice-best-path.cc:99) For utterance 03f_catch-10.104-12.000, best cost 9.60226 + -38.2829 = -28.6806 over 188 frames.
03f_catch-10.104-12.000 !SIL 
LOG (lattice-best-path:main():lattice-best-path.cc:99) For utterance 03f_catch-12.131-13.995, best cost 9.48719 + -40.8719 = -31.3847 over 184 frames.
03f_catch-12.131-13.995 !SIL 
LOG (lattice-best-path:main():lattice-best-path.cc:99) For utterance 03f_catch-14.256-15.989, best cost 9.11321 + -33.3308 = -24.2176 over 171 frames.
03f_catch-14.256-15.989 !SIL 
LOG (lattice-best-path:main():lattice-best-path.cc:99) For utterance 03f_catch-15.989-17.722, best cost 9.11321 + -33.4109 = -24.2977 over 171 frames.
03f_catch-15.989-17.722 !SIL 
LOG (lattice-best-path:main():lattice-best-path.cc:99) For utterance 03f_catch-17.755-19.717, best cost 9.77487 + -32.1423 = -22.3674 over 194 frames.
03f_catch-17.755-19.717 !SIL 
LOG (lattice-best-path:main():lattice-best-path.cc:99) For utterance 03f_catch-19.717-22.169, best cost 17.4761 + -55.1637 = -37.6875 over 243 frames.
03f_catch-19.717-22.169 ARE YOU SAD 
LOG (lattice-best-path:main():lattice-best-path.cc:99) For utterance 03f_catch-22.169-24.196, best cost 13.9395 + -39.5536 = -25.6141 over 201 frames.
03f_catch-22.169-24.196 HI MIRO 
LOG (lattice-best-path:main():lattice-best-path.cc:99) For utterance 03f_catch-24.196-26.223, best cost 16.0844 + -42.4664 = -26.3819 over 201 frames.
03f_catch-24.196-26.223 ARE YOU SAD 
LOG (lattice-scale:main():lattice-scale.cc:90) Done 96 lattices.
LOG (lattice-best-path:main():lattice-best-path.cc:99) For utterance 03f_catch-26.223-28.251, best cost 13.1213 + -48.138 = -35.0168 over 201 frames.
03f_catch-26.223-28.251 WAKE UP 
LOG (lattice-best-path:main():lattice-best-path.cc:99) For utterance 03f_catch-4.316-6.311, best cost 9.88994 + -41.8301 = -31.9401 over 198 frames.
03f_catch-4.316-6.311 !SIL 
LOG (lattice-best-path:main():lattice-best-path.cc:99) For utterance 03f_catch-6.441-8.240, best cost 12.3963 + -39.3576 = -26.9613 over 178 frames.
03f_catch-6.441-8.240 HI MIRO 
LOG (lattice-best-path:main():lattice-best-path.cc:99) For utterance 03f_catch-8.371-10.104, best cost 9.11321 + -36.8353 = -27.7221 over 171 frames.
03f_catch-8.371-10.104 !SIL 
LOG (lattice-best-path:main():lattice-best-path.cc:99) For utterance 04m_catch-0.785-2.093, best cost 11.4353 + -26.9516 = -15.5164 over 129 frames.
04m_catch-0.785-2.093 HELLO MIRO 
LOG (lattice-best-path:main():lattice-best-path.cc:99) For utterance 04m_catch-10.725-11.869, best cost 11.4624 + -21.8822 = -10.4198 over 112 frames.
04m_catch-10.725-11.869 GO TO SLEEP 
LOG (lattice-best-path:main():lattice-best-path.cc:99) For utterance 04m_catch-11.902-13.700, best cost 14.2365 + -35.8324 = -21.5959 over 178 frames.
04m_catch-11.902-13.700 ARE YOU HAPPY 
LOG (lattice-best-path:main():lattice-best-path.cc:99) For utterance 04m_catch-13.798-15.139, best cost 11.7766 + -29.096 = -17.3193 over 132 frames.
04m_catch-13.798-15.139 ARE YOU SAD 
LOG (lattice-best-path:main():lattice-best-path.cc:99) For utterance 04m_catch-15.204-16.512, best cost 14.2715 + -23.2528 = -8.98137 over 129 frames.
04m_catch-15.204-16.512 HOW ARE YOU FEELING 
LOG (lattice-best-path:main():lattice-best-path.cc:99) For utterance 04m_catch-16.512-17.886, best cost 10.6329 + -32.7415 = -22.1086 over 135 frames.
04m_catch-16.512-17.886 WAKE UP 
LOG (lattice-best-path:main():lattice-best-path.cc:99) For utterance 04m_catch-2.256-3.433, best cost 10.3727 + -22.283 = -11.9103 over 116 frames.
04m_catch-2.256-3.433 HI MIRO 
LOG (lattice-best-path:main():lattice-best-path.cc:99) For utterance 04m_catch-3.466-5.035, best cost 11.8455 + -34.2021 = -22.3566 over 155 frames.
04m_catch-3.466-5.035 HEY MIRO 
LOG (lattice-best-path:main():lattice-best-path.cc:99) For utterance 04m_catch-5.101-6.114, best cost 9.48898 + -13.1795 = -3.69048 over 99 frames.
04m_catch-5.101-6.114 COME HERE 
LOG (lattice-best-path:main():lattice-best-path.cc:99) For utterance 04m_catch-6.147-7.553, best cost 12.5436 + -25.9963 = -13.4527 over 139 frames.
04m_catch-6.147-7.553 STAY THERE 
LOG (lattice-best-path:main():lattice-best-path.cc:99) For utterance 04m_catch-7.619-9.025, best cost 13.5832 + -23.8631 = -10.2799 over 139 frames.
04m_catch-7.619-9.025 WAG YOUR TAIL 
LOG (lattice-best-path:main():lattice-best-path.cc:99) For utterance 04m_catch-9.025-10.627, best cost 13.6547 + -40.1851 = -26.5304 over 158 frames.
04m_catch-9.025-10.627 NOD YOUR HEAD 
LOG (lattice-best-path:main():lattice-best-path.cc:99) For utterance 05m_catch-0.589-2.158, best cost 11.7088 + -33.4073 = -21.6984 over 155 frames.
05m_catch-0.589-2.158 HELLO MIRO 
LOG (lattice-best-path:main():lattice-best-path.cc:99) For utterance 05m_catch-10.005-12.294, best cost 16.7209 + -49.3328 = -32.6119 over 227 frames.
05m_catch-10.005-12.294 STAY THERE 
LOG (lattice-best-path:main():lattice-best-path.cc:99) For utterance 05m_catch-12.621-14.420, best cost 15.0405 + -39.687 = -24.6465 over 178 frames.
05m_catch-12.621-14.420 WAG YOUR TAIL 
LOG (lattice-best-path:main():lattice-best-path.cc:99) For utterance 05m_catch-14.812-16.643, best cost 14.1491 + -23.6091 = -9.46 over 181 frames.
05m_catch-14.812-16.643 NOD YOUR HEAD 
LOG (lattice-best-path:main():lattice-best-path.cc:99) For utterance 05m_catch-16.905-18.899, best cost 14.5833 + -44.4802 = -29.897 over 197 frames.
05m_catch-16.905-18.899 GO TO SLEEP 
LOG (lattice-best-path:main():lattice-best-path.cc:99) For utterance 05m_catch-19.095-20.763, best cost 13.7348 + -35.9848 = -22.25 over 165 frames.
05m_catch-19.095-20.763 ARE YOU HAPPY 
LOG (lattice-best-path:main():lattice-best-path.cc:99) For utterance 05m_catch-2.616-4.872, best cost 14.9233 + -43.6997 = -28.7764 over 224 frames.
05m_catch-2.616-4.872 HELLO MIRO 
LOG (lattice-best-path:main():lattice-best-path.cc:99) For utterance 05m_catch-21.123-22.823, best cost 13.3688 + -19.0529 = -5.68414 over 168 frames.
05m_catch-21.123-22.823 ARE YOU SAD 
LOG (lattice-best-path:main():lattice-best-path.cc:99) For utterance 05m_catch-23.019-24.883, best cost 16.0278 + -37.4114 = -21.3836 over 184 frames.
05m_catch-23.019-24.883 HOW ARE YOU FEELING 
LOG (lattice-best-path:main():lattice-best-path.cc:99) For utterance 05m_catch-25.014-26.550, best cost 11.3724 + -34.3356 = -22.9633 over 152 frames.
05m_catch-25.014-26.550 WAKE UP 
LOG (lattice-best-path:main():lattice-best-path.cc:99) For utterance 05m_catch-5.134-6.866, best cost 12.5297 + -35.8822 = -23.3524 over 171 frames.
05m_catch-5.134-6.866 HEY MIRO 
LOG (lattice-best-path:main():lattice-best-path.cc:99) For utterance 05m_catch-7.357-9.580, best cost 14.9636 + -30.9607 = -15.9971 over 220 frames.
05m_catch-7.357-9.580 HELLO MIRO 
LOG (lattice-best-path:main():lattice-best-path.cc:99) For utterance 06m_catch-0.098-1.144, best cost 10.4937 + -12.6894 = -2.19564 over 103 frames.
06m_catch-0.098-1.144 HELLO MIRO 
LOG (lattice-best-path:main():lattice-best-path.cc:99) For utterance 06m_catch-1.275-2.518, best cost 11.9461 + -17.6067 = -5.66056 over 122 frames.
06m_catch-1.275-2.518 ARE YOU SAD 
LOG (lattice-best-path:main():lattice-best-path.cc:99) For utterance 06m_catch-10.561-12.000, best cost 12.7914 + -29.6078 = -16.8163 over 142 frames.
06m_catch-10.561-12.000 ARE YOU HAPPY 
LOG (lattice-best-path:main():lattice-best-path.cc:99) For utterance 06m_catch-12.000-13.210, best cost 11.5463 + -21.1598 = -9.61357 over 119 frames.
06m_catch-12.000-13.210 ARE YOU SAD 
LOG (lattice-best-path:main():lattice-best-path.cc:99) For utterance 06m_catch-13.569-14.812, best cost 13.3083 + -22.1879 = -8.87968 over 122 frames.
06m_catch-13.569-14.812 HOW ARE YOU FEELING 
LOG (lattice-best-path:main():lattice-best-path.cc:99) For utterance 06m_catch-14.845-16.251, best cost 10.7717 + -32.0553 = -21.2836 over 139 frames.
06m_catch-14.845-16.251 WAKE UP 
LOG (lattice-best-path:main():lattice-best-path.cc:99) For utterance 06m_catch-2.518-3.924, best cost 12.7202 + -21.7982 = -9.07796 over 139 frames.
06m_catch-2.518-3.924 GO TO SLEEP 
LOG (lattice-best-path:main():lattice-best-path.cc:99) For utterance 06m_catch-3.924-5.232, best cost 10.4936 + -22.6891 = -12.1955 over 129 frames.
06m_catch-3.924-5.232 COME HERE 
LOG (lattice-best-path:main():lattice-best-path.cc:99) For utterance 06m_catch-5.232-6.507, best cost 10.597 + -26.4037 = -15.8066 over 126 frames.
06m_catch-5.232-6.507 STAY THERE 
LOG (lattice-best-path:main():lattice-best-path.cc:99) For utterance 06m_catch-6.540-7.847, best cost 12.3698 + -25.083 = -12.7132 over 129 frames.
06m_catch-6.540-7.847 WAG YOUR TAIL 
LOG (lattice-best-path:main():lattice-best-path.cc:99) For utterance 06m_catch-7.847-9.123, best cost 10.5143 + -21.4886 = -10.9743 over 126 frames.
06m_catch-7.847-9.123 HELLO MIRO 
LOG (lattice-best-path:main():lattice-best-path.cc:99) For utterance 06m_catch-9.123-10.463, best cost 12.0154 + -28.5456 = -16.5302 over 132 frames.
06m_catch-9.123-10.463 GO TO SLEEP 
LOG (lattice-best-path:main():lattice-best-path.cc:99) For utterance 07f_catch-1.210-3.172, best cost 13.5295 + -47.464 = -33.9346 over 194 frames.
07f_catch-1.210-3.172 HELLO MIRO 
LOG (lattice-add-penalty:main():lattice-add-penalty.cc:62) Done adding word insertion penalty to 96 lattices.
LOG (lattice-best-path:main():lattice-best-path.cc:99) For utterance 07f_catch-12.719-15.302, best cost 15.6123 + -51.6985 = -36.0862 over 256 frames.
07f_catch-12.719-15.302 COME HERE 
LOG (lattice-best-path:main():lattice-best-path.cc:99) For utterance 07f_catch-17.134-19.226, best cost 13.2867 + -38.3613 = -25.0746 over 207 frames.
07f_catch-17.134-19.226 WAKE UP 
LOG (lattice-best-path:main():lattice-best-path.cc:99) For utterance 07f_catch-20.926-23.281, best cost 16.713 + -41.5316 = -24.8186 over 234 frames.
07f_catch-20.926-23.281 WAG YOUR TAIL 
LOG (lattice-best-path:main():lattice-best-path.cc:99) For utterance 07f_catch-25.504-28.283, best cost 18.4918 + -50.9265 = -32.4347 over 276 frames.
07f_catch-25.504-28.283 NOD YOUR HEAD 
LOG (lattice-best-path:main():lattice-best-path.cc:99) For utterance 07f_catch-30.572-33.351, best cost 18.4391 + -61.8799 = -43.4408 over 276 frames.
07f_catch-30.572-33.351 GO TO SLEEP 
LOG (lattice-best-path:main():lattice-best-path.cc:99) For utterance 07f_catch-34.986-37.602, best cost 17.6193 + -40.6875 = -23.0682 over 260 frames.
07f_catch-34.986-37.602 ARE YOU HAPPY 
LOG (lattice-best-path:main():lattice-best-path.cc:99) For utterance 07f_catch-38.583-41.068, best cost 15.534 + -38.5321 = -22.9981 over 247 frames.
07f_catch-38.583-41.068 WAKE UP 
LOG (lattice-best-path:main():lattice-best-path.cc:99) For utterance 07f_catch-42.343-45.384, best cost 21.0538 + -56.1114 = -35.0577 over 302 frames.
07f_catch-42.343-45.384 HOW ARE YOU FEELING 
LOG (lattice-best-path:main():lattice-best-path.cc:99) For utterance 07f_catch-46.038-47.869, best cost 12.6358 + -36.3374 = -23.7016 over 181 frames.
07f_catch-46.038-47.869 WAKE UP 
LOG (lattice-best-path:main():lattice-best-path.cc:99) For utterance 07f_catch-5.199-7.128, best cost 12.796 + -33.2014 = -20.4054 over 191 frames.
07f_catch-5.199-7.128 HI MIRO 
LOG (lattice-best-path:main():lattice-best-path.cc:99) For utterance 07f_catch-9.155-11.313, best cost 13.6391 + -35.9772 = -22.3381 over 214 frames.
07f_catch-9.155-11.313 HEY MIRO 
LOG (lattice-best-path:main():lattice-best-path.cc:99) For utterance 08f_catch-0.131-2.158, best cost 13.6627 + -33.777 = -20.1143 over 201 frames.
08f_catch-0.131-2.158 HELLO MIRO 
LOG (lattice-best-path:main():lattice-best-path.cc:99) For utterance 08f_catch-10.790-12.850, best cost 10.0626 + -31.4206 = -21.3581 over 204 frames.
08f_catch-10.790-12.850 !SIL 
LOG (lattice-best-path:main():lattice-best-path.cc:99) For utterance 08f_catch-13.504-16.120, best cost 16.3258 + -47.1509 = -30.8251 over 260 frames.
08f_catch-13.504-16.120 HELLO MIRO 
LOG (lattice-best-path:main():lattice-best-path.cc:99) For utterance 08f_catch-16.480-18.670, best cost 16.5727 + -47.144 = -30.5713 over 217 frames.
08f_catch-16.480-18.670 GO TO SLEEP 
LOG (lattice-best-path:main():lattice-best-path.cc:99) For utterance 08f_catch-18.932-21.351, best cost 16.592 + -41.8085 = -25.2165 over 240 frames.
08f_catch-18.932-21.351 ARE YOU HAPPY 
LOG (lattice-best-path:main():lattice-best-path.cc:99) For utterance 08f_catch-2.256-3.826, best cost 12.1333 + -32.9398 = -20.8065 over 155 frames.
08f_catch-2.256-3.826 HELLO MIRO 
LOG (lattice-best-path:main():lattice-best-path.cc:99) For utterance 08f_catch-21.351-23.019, best cost 12.8648 + -26.6113 = -13.7465 over 165 frames.
08f_catch-21.351-23.019 ARE YOU SAD 
LOG (lattice-best-path:main():lattice-best-path.cc:99) For utterance 08f_catch-23.444-25.798, best cost 18.4108 + -46.1624 = -27.7516 over 233 frames.
08f_catch-23.444-25.798 HOW ARE YOU FEELING 
LOG (lattice-best-path:main():lattice-best-path.cc:99) For utterance 08f_catch-25.831-27.368, best cost 11.9653 + -27.5936 = -15.6283 over 152 frames.
08f_catch-25.831-27.368 WAKE UP 
LOG (lattice-best-path:main():lattice-best-path.cc:99) For utterance 08f_catch-4.153-6.016, best cost 13.4319 + -32.0975 = -18.6655 over 184 frames.
08f_catch-4.153-6.016 HELLO MIRO 
LOG (lattice-best-path:main():lattice-best-path.cc:99) For utterance 08f_catch-6.278-7.978, best cost 9.0269 + -25.4109 = -16.384 over 168 frames.
08f_catch-6.278-7.978 !SIL 
LOG (lattice-best-path:main():lattice-best-path.cc:99) For utterance 08f_catch-8.240-10.332, best cost 13.19 + -33.2799 = -20.0899 over 207 frames.
08f_catch-8.240-10.332 STAY THERE 
LOG (lattice-best-path:main():lattice-best-path.cc:124) Overall cost per frame is -0.1154 = 0.0762233 [graph] + -0.191624 [acoustic] over 16248 frames.
LOG (lattice-best-path:main():lattice-best-path.cc:128) Done 96 lattices, failed for 0
# Accounting: time=1 threads=1
# Ended (code 0) at Mon Feb 27 09:44:35 GMT 2017, elapsed time 1 seconds
