nohup: ignoring input
steps/nnet2/train_pnorm_fast.sh --stage -10 --num-epochs 8 --num-epochs-extra 4 --splice-width 7 --feat-type raw --cmvn-opts --norm-means=false --norm-vars=false --num-threads 1 --minibatch-size 512 --parallel-opts -l gpu=1 --num-jobs-nnet 6 --num-hidden-layers 4 --mix-up 4000 --initial-learning-rate 0.02 --final-learning-rate 0.004 --cmd run.pl --mem 2G --pnorm-input-dim 2400 --pnorm-output-dim 300 /home/samuel/wsj-pf-data/data/augmented-train-wsj-pf /home/samuel/wsj-pf-data/lang/wsj-pfstar-with-eval /home/samuel/wsj-pf-data/exp_augmented/nnet2_online/tri4a_ali exp/nnet2_online/nnet_a_gpu_baseline
steps/nnet2/train_pnorm_fast.sh: calling get_lda.sh
steps/nnet2/get_lda.sh --cmvn-opts --norm-means=false --norm-vars=false --feat-type raw --transform-dir /home/samuel/wsj-pf-data/exp_augmented/nnet2_online/tri4a_ali --splice-width 7 --cmd run.pl --mem 2G /home/samuel/wsj-pf-data/data/augmented-train-wsj-pf /home/samuel/wsj-pf-data/lang/wsj-pfstar-with-eval /home/samuel/wsj-pf-data/exp_augmented/nnet2_online/tri4a_ali exp/nnet2_online/nnet_a_gpu_baseline
steps/nnet2/get_lda.sh: feature type is raw
feat-to-dim 'ark,s,cs:utils/subset_scp.pl --quiet 250 /home/samuel/wsj-pf-data/data/augmented-train-wsj-pf/split40/1/feats.scp | apply-cmvn --norm-means=false --norm-vars=false --utt2spk=ark:/home/samuel/wsj-pf-data/data/augmented-train-wsj-pf/split40/1/utt2spk scp:/home/samuel/wsj-pf-data/data/augmented-train-wsj-pf/split40/1/cmvn.scp scp:- ark:- |' - 
apply-cmvn --norm-means=false --norm-vars=false --utt2spk=ark:/home/samuel/wsj-pf-data/data/augmented-train-wsj-pf/split40/1/utt2spk scp:/home/samuel/wsj-pf-data/data/augmented-train-wsj-pf/split40/1/cmvn.scp scp:- ark:- 
WARNING (feat-to-dim:Close():kaldi-io.cc:500) Pipe utils/subset_scp.pl --quiet 250 /home/samuel/wsj-pf-data/data/augmented-train-wsj-pf/split40/1/feats.scp | apply-cmvn --norm-means=false --norm-vars=false --utt2spk=ark:/home/samuel/wsj-pf-data/data/augmented-train-wsj-pf/split40/1/utt2spk scp:/home/samuel/wsj-pf-data/data/augmented-train-wsj-pf/split40/1/cmvn.scp scp:- ark:- | had nonzero return status 36096
feat-to-dim 'ark,s,cs:utils/subset_scp.pl --quiet 250 /home/samuel/wsj-pf-data/data/augmented-train-wsj-pf/split40/1/feats.scp | apply-cmvn --norm-means=false --norm-vars=false --utt2spk=ark:/home/samuel/wsj-pf-data/data/augmented-train-wsj-pf/split40/1/utt2spk scp:/home/samuel/wsj-pf-data/data/augmented-train-wsj-pf/split40/1/cmvn.scp scp:- ark:- | splice-feats --left-context=7 --right-context=7 ark:- ark:- |' - 
apply-cmvn --norm-means=false --norm-vars=false --utt2spk=ark:/home/samuel/wsj-pf-data/data/augmented-train-wsj-pf/split40/1/utt2spk scp:/home/samuel/wsj-pf-data/data/augmented-train-wsj-pf/split40/1/cmvn.scp scp:- ark:- 
splice-feats --left-context=7 --right-context=7 ark:- ark:- 
WARNING (feat-to-dim:Close():kaldi-io.cc:500) Pipe utils/subset_scp.pl --quiet 250 /home/samuel/wsj-pf-data/data/augmented-train-wsj-pf/split40/1/feats.scp | apply-cmvn --norm-means=false --norm-vars=false --utt2spk=ark:/home/samuel/wsj-pf-data/data/augmented-train-wsj-pf/split40/1/utt2spk scp:/home/samuel/wsj-pf-data/data/augmented-train-wsj-pf/split40/1/cmvn.scp scp:- ark:- | splice-feats --left-context=7 --right-context=7 ark:- ark:- | had nonzero return status 36096
steps/nnet2/get_lda.sh: Accumulating LDA statistics.
steps/nnet2/get_lda.sh: Finished estimating LDA
steps/nnet2/train_pnorm_fast.sh: calling get_egs.sh
steps/nnet2/get_egs.sh --cmvn-opts --norm-means=false --norm-vars=false --feat-type raw --transform-dir /home/samuel/wsj-pf-data/exp_augmented/nnet2_online/tri4a_ali --splice-width 7 --samples-per-iter 200000 --num-jobs-nnet 6 --stage 0 --cmd run.pl --mem 2G --io-opts -tc 5 /home/samuel/wsj-pf-data/data/augmented-train-wsj-pf /home/samuel/wsj-pf-data/lang/wsj-pfstar-with-eval /home/samuel/wsj-pf-data/exp_augmented/nnet2_online/tri4a_ali exp/nnet2_online/nnet_a_gpu_baseline
steps/nnet2/get_egs.sh: feature type is raw
steps/nnet2/get_egs.sh: working out number of frames of training data
utils/data/get_utt2dur.sh: working out /home/samuel/wsj-pf-data/data/augmented-train-wsj-pf/utt2dur from /home/samuel/wsj-pf-data/data/augmented-train-wsj-pf/segments
utils/data/get_utt2dur.sh: computed /home/samuel/wsj-pf-data/data/augmented-train-wsj-pf/utt2dur
feat-to-len scp:/home/samuel/wsj-pf-data/data/augmented-train-wsj-pf/feats.scp ark,t:- 
steps/nnet2/get_egs.sh: Every epoch, splitting the data up into 110 iterations,
steps/nnet2/get_egs.sh: giving samples-per-iteration of 199765 (you requested 200000).
Getting validation and training subset examples.
steps/nnet2/get_egs.sh: extracting validation and training-subset alignments.
copy-int-vector ark:- ark,t:- 
LOG (copy-int-vector:main():copy-int-vector.cc:83) Copied 707000 vectors of int32.
Getting subsets of validation examples for diagnostics and combination.
Creating training examples
Generating training examples on disk
steps/nnet2/get_egs.sh: rearranging examples into parts for different parallel jobs
Shuffling the order of training examples
(in order to avoid stressing the disk, these won't all run at once).
steps/nnet2/get_egs.sh: Finished preparing training examples
steps/nnet2/train_pnorm_fast.sh: initializing neural net
Training transition probabilities and setting priors
prepare vector assignment for FixedScaleComponent before softmax
(use priors^-0.25 and rescale to average 1)
insert an additional layer of FixedScaleComponent before softmax
nnet-am-info exp/nnet2_online/nnet_a_gpu_baseline/0.mdl 
LOG (nnet-am-info:main():nnet-am-info.cc:76) Printed info about exp/nnet2_online/nnet_a_gpu_baseline/0.mdl
nnet-insert --insert-at=6 --randomize-next-component=false exp/nnet2_online/nnet_a_gpu_baseline/0.mdl - exp/nnet2_online/nnet_a_gpu_baseline/0.mdl 
nnet-init exp/nnet2_online/nnet_a_gpu_baseline/per_element.config - 
LOG (nnet-init:main():nnet-init.cc:69) Initialized raw neural net and wrote it to -
LOG (nnet-insert:main():nnet-insert.cc:106) Inserted 1 components at position 6
LOG (nnet-insert:main():nnet-insert.cc:132) Write neural-net acoustic model to exp/nnet2_online/nnet_a_gpu_baseline/0.mdl
steps/nnet2/train_pnorm_fast.sh: Will train for 8 + 4 epochs, equalling 
steps/nnet2/train_pnorm_fast.sh: 880 + 440 = 1320 iterations, 
steps/nnet2/train_pnorm_fast.sh: (while reducing learning rate) + (with constant learning rate).
steps/nnet2/train_pnorm_fast.sh: Will not do mix up
Training neural net (pass 0)
Training neural net (pass 1)
nnet-am-info exp/nnet2_online/nnet_a_gpu_baseline/1.mdl 
LOG (nnet-am-info:main():nnet-am-info.cc:76) Printed info about exp/nnet2_online/nnet_a_gpu_baseline/1.mdl
Training neural net (pass 2)
Training neural net (pass 3)
nnet-am-info exp/nnet2_online/nnet_a_gpu_baseline/3.mdl 
LOG (nnet-am-info:main():nnet-am-info.cc:76) Printed info about exp/nnet2_online/nnet_a_gpu_baseline/3.mdl
Training neural net (pass 4)
Training neural net (pass 5)
nnet-am-info exp/nnet2_online/nnet_a_gpu_baseline/5.mdl 
LOG (nnet-am-info:main():nnet-am-info.cc:76) Printed info about exp/nnet2_online/nnet_a_gpu_baseline/5.mdl
Training neural net (pass 6)
Training neural net (pass 7)
Training neural net (pass 8)
Training neural net (pass 9)
Training neural net (pass 10)
Training neural net (pass 11)
Training neural net (pass 12)
Training neural net (pass 13)
Training neural net (pass 14)
Training neural net (pass 15)
Training neural net (pass 16)
Training neural net (pass 17)
Training neural net (pass 18)
Training neural net (pass 19)
Training neural net (pass 20)
Training neural net (pass 21)
Training neural net (pass 22)
Training neural net (pass 23)
Training neural net (pass 24)
Training neural net (pass 25)
Training neural net (pass 26)
Training neural net (pass 27)
Training neural net (pass 28)
Training neural net (pass 29)
Training neural net (pass 30)
Training neural net (pass 31)
Training neural net (pass 32)
Training neural net (pass 33)
Training neural net (pass 34)
Training neural net (pass 35)
Training neural net (pass 36)
Training neural net (pass 37)
Training neural net (pass 38)
Training neural net (pass 39)
Training neural net (pass 40)
Training neural net (pass 41)
Training neural net (pass 42)
Training neural net (pass 43)
Training neural net (pass 44)
Training neural net (pass 45)
Training neural net (pass 46)
Training neural net (pass 47)
Training neural net (pass 48)
Training neural net (pass 49)
Training neural net (pass 50)
Training neural net (pass 51)
Training neural net (pass 52)
Training neural net (pass 53)
Training neural net (pass 54)
Training neural net (pass 55)
Training neural net (pass 56)
Training neural net (pass 57)
Training neural net (pass 58)
Training neural net (pass 59)
Training neural net (pass 60)
Training neural net (pass 61)
Training neural net (pass 62)
Training neural net (pass 63)
Training neural net (pass 64)
Training neural net (pass 65)
Training neural net (pass 66)
Training neural net (pass 67)
Training neural net (pass 68)
Training neural net (pass 69)
Training neural net (pass 70)
Training neural net (pass 71)
Training neural net (pass 72)
Training neural net (pass 73)
Training neural net (pass 74)
Training neural net (pass 75)
Training neural net (pass 76)
Training neural net (pass 77)
Training neural net (pass 78)
Training neural net (pass 79)
Training neural net (pass 80)
Training neural net (pass 81)
Training neural net (pass 82)
Training neural net (pass 83)
Training neural net (pass 84)
Training neural net (pass 85)
Training neural net (pass 86)
Training neural net (pass 87)
Training neural net (pass 88)
Training neural net (pass 89)
Training neural net (pass 90)
Training neural net (pass 91)
Training neural net (pass 92)
Training neural net (pass 93)
Training neural net (pass 94)
Training neural net (pass 95)
Training neural net (pass 96)
Training neural net (pass 97)
Training neural net (pass 98)
Training neural net (pass 99)
Training neural net (pass 100)
Training neural net (pass 101)
Training neural net (pass 102)
Training neural net (pass 103)
Training neural net (pass 104)
Training neural net (pass 105)
Training neural net (pass 106)
Training neural net (pass 107)
Training neural net (pass 108)
Training neural net (pass 109)
Training neural net (pass 110)
Training neural net (pass 111)
Training neural net (pass 112)
Training neural net (pass 113)
Training neural net (pass 114)
Training neural net (pass 115)
Training neural net (pass 116)
Training neural net (pass 117)
Training neural net (pass 118)
Training neural net (pass 119)
Training neural net (pass 120)
Training neural net (pass 121)
Training neural net (pass 122)
Training neural net (pass 123)
Training neural net (pass 124)
Training neural net (pass 125)
Training neural net (pass 126)
Training neural net (pass 127)
Training neural net (pass 128)
Training neural net (pass 129)
Training neural net (pass 130)
Training neural net (pass 131)
Training neural net (pass 132)
Training neural net (pass 133)
Training neural net (pass 134)
Training neural net (pass 135)
Training neural net (pass 136)
Training neural net (pass 137)
Training neural net (pass 138)
Training neural net (pass 139)
Training neural net (pass 140)
Training neural net (pass 141)
Training neural net (pass 142)
Training neural net (pass 143)
Training neural net (pass 144)
Training neural net (pass 145)
Training neural net (pass 146)
Training neural net (pass 147)
Training neural net (pass 148)
Training neural net (pass 149)
Training neural net (pass 150)
Training neural net (pass 151)
Training neural net (pass 152)
Training neural net (pass 153)
Training neural net (pass 154)
Training neural net (pass 155)
Training neural net (pass 156)
Training neural net (pass 157)
Training neural net (pass 158)
Training neural net (pass 159)
Training neural net (pass 160)
Training neural net (pass 161)
Training neural net (pass 162)
Training neural net (pass 163)
Training neural net (pass 164)
Training neural net (pass 165)
Training neural net (pass 166)
Training neural net (pass 167)
Training neural net (pass 168)
Training neural net (pass 169)
Training neural net (pass 170)
Training neural net (pass 171)
Training neural net (pass 172)
Training neural net (pass 173)
Training neural net (pass 174)
Training neural net (pass 175)
Training neural net (pass 176)
Training neural net (pass 177)
Training neural net (pass 178)
Training neural net (pass 179)
Training neural net (pass 180)
Training neural net (pass 181)
Training neural net (pass 182)
Training neural net (pass 183)
Training neural net (pass 184)
Training neural net (pass 185)
Training neural net (pass 186)
Training neural net (pass 187)
Training neural net (pass 188)
Training neural net (pass 189)
Training neural net (pass 190)
Training neural net (pass 191)
Training neural net (pass 192)
Training neural net (pass 193)
Training neural net (pass 194)
Training neural net (pass 195)
Training neural net (pass 196)
Training neural net (pass 197)
Training neural net (pass 198)
Training neural net (pass 199)
Training neural net (pass 200)
Training neural net (pass 201)
Training neural net (pass 202)
Training neural net (pass 203)
Training neural net (pass 204)
Training neural net (pass 205)
Training neural net (pass 206)
Training neural net (pass 207)
Training neural net (pass 208)
Training neural net (pass 209)
Training neural net (pass 210)
Training neural net (pass 211)
Training neural net (pass 212)
Training neural net (pass 213)
Training neural net (pass 214)
Training neural net (pass 215)
Training neural net (pass 216)
Training neural net (pass 217)
Training neural net (pass 218)
Training neural net (pass 219)
Training neural net (pass 220)
Training neural net (pass 221)
Training neural net (pass 222)
Training neural net (pass 223)
Training neural net (pass 224)
Training neural net (pass 225)
Training neural net (pass 226)
Training neural net (pass 227)
Training neural net (pass 228)
Training neural net (pass 229)
Training neural net (pass 230)
Training neural net (pass 231)
Training neural net (pass 232)
Training neural net (pass 233)
Training neural net (pass 234)
Training neural net (pass 235)
Training neural net (pass 236)
Training neural net (pass 237)
Training neural net (pass 238)
Training neural net (pass 239)
Training neural net (pass 240)
Training neural net (pass 241)
Training neural net (pass 242)
Training neural net (pass 243)
Training neural net (pass 244)
Training neural net (pass 245)
Training neural net (pass 246)
Training neural net (pass 247)
Training neural net (pass 248)
Training neural net (pass 249)
Training neural net (pass 250)
Training neural net (pass 251)
Training neural net (pass 252)
Training neural net (pass 253)
Training neural net (pass 254)
Training neural net (pass 255)
Training neural net (pass 256)
Training neural net (pass 257)
Training neural net (pass 258)
Training neural net (pass 259)
Training neural net (pass 260)
Training neural net (pass 261)
Training neural net (pass 262)
Training neural net (pass 263)
Training neural net (pass 264)
Training neural net (pass 265)
Training neural net (pass 266)
Training neural net (pass 267)
Training neural net (pass 268)
Training neural net (pass 269)
Training neural net (pass 270)
Training neural net (pass 271)
Training neural net (pass 272)
Training neural net (pass 273)
Training neural net (pass 274)
Training neural net (pass 275)
Training neural net (pass 276)
Training neural net (pass 277)
Training neural net (pass 278)
Training neural net (pass 279)
Training neural net (pass 280)
Training neural net (pass 281)
Training neural net (pass 282)
Training neural net (pass 283)
Training neural net (pass 284)
Training neural net (pass 285)
Training neural net (pass 286)
Training neural net (pass 287)
Training neural net (pass 288)
Training neural net (pass 289)
Training neural net (pass 290)
Training neural net (pass 291)
Training neural net (pass 292)
Training neural net (pass 293)
Training neural net (pass 294)
Training neural net (pass 295)
Training neural net (pass 296)
Training neural net (pass 297)
Training neural net (pass 298)
Training neural net (pass 299)
Training neural net (pass 300)
Training neural net (pass 301)
Training neural net (pass 302)
Training neural net (pass 303)
Training neural net (pass 304)
Training neural net (pass 305)
Training neural net (pass 306)
Training neural net (pass 307)
Training neural net (pass 308)
Training neural net (pass 309)
Training neural net (pass 310)
Training neural net (pass 311)
Training neural net (pass 312)
Training neural net (pass 313)
Training neural net (pass 314)
Training neural net (pass 315)
Training neural net (pass 316)
Training neural net (pass 317)
Training neural net (pass 318)
Training neural net (pass 319)
Training neural net (pass 320)
Training neural net (pass 321)
Training neural net (pass 322)
Training neural net (pass 323)
Training neural net (pass 324)
Training neural net (pass 325)
Training neural net (pass 326)
Training neural net (pass 327)
Training neural net (pass 328)
Training neural net (pass 329)
Training neural net (pass 330)
Training neural net (pass 331)
Training neural net (pass 332)
Training neural net (pass 333)
Training neural net (pass 334)
Training neural net (pass 335)
Training neural net (pass 336)
Training neural net (pass 337)
Training neural net (pass 338)
Training neural net (pass 339)
Training neural net (pass 340)
Training neural net (pass 341)
Training neural net (pass 342)
Training neural net (pass 343)
Training neural net (pass 344)
Training neural net (pass 345)
Training neural net (pass 346)
Training neural net (pass 347)
Training neural net (pass 348)
Training neural net (pass 349)
Training neural net (pass 350)
Training neural net (pass 351)
Training neural net (pass 352)
Training neural net (pass 353)
Training neural net (pass 354)
Training neural net (pass 355)
Training neural net (pass 356)
Training neural net (pass 357)
Training neural net (pass 358)
Training neural net (pass 359)
Training neural net (pass 360)
Training neural net (pass 361)
Training neural net (pass 362)
Training neural net (pass 363)
Training neural net (pass 364)
Training neural net (pass 365)
Training neural net (pass 366)
Training neural net (pass 367)
Training neural net (pass 368)
Training neural net (pass 369)
Training neural net (pass 370)
Training neural net (pass 371)
Training neural net (pass 372)
Training neural net (pass 373)
Training neural net (pass 374)
Training neural net (pass 375)
Training neural net (pass 376)
Training neural net (pass 377)
Training neural net (pass 378)
Training neural net (pass 379)
Training neural net (pass 380)
Training neural net (pass 381)
Training neural net (pass 382)
Training neural net (pass 383)
Training neural net (pass 384)
Training neural net (pass 385)
Training neural net (pass 386)
Training neural net (pass 387)
Training neural net (pass 388)
Training neural net (pass 389)
Training neural net (pass 390)
Training neural net (pass 391)
Training neural net (pass 392)
Training neural net (pass 393)
Training neural net (pass 394)
Training neural net (pass 395)
Training neural net (pass 396)
Training neural net (pass 397)
Training neural net (pass 398)
Training neural net (pass 399)
Training neural net (pass 400)
Training neural net (pass 401)
Training neural net (pass 402)
Training neural net (pass 403)
Training neural net (pass 404)
Training neural net (pass 405)
Training neural net (pass 406)
Training neural net (pass 407)
Training neural net (pass 408)
Training neural net (pass 409)
Training neural net (pass 410)
Training neural net (pass 411)
Training neural net (pass 412)
Training neural net (pass 413)
Training neural net (pass 414)
Training neural net (pass 415)
Training neural net (pass 416)
Training neural net (pass 417)
Training neural net (pass 418)
Training neural net (pass 419)
Training neural net (pass 420)
Training neural net (pass 421)
Training neural net (pass 422)
Training neural net (pass 423)
Training neural net (pass 424)
Training neural net (pass 425)
Training neural net (pass 426)
Training neural net (pass 427)
Training neural net (pass 428)
Training neural net (pass 429)
Training neural net (pass 430)
Training neural net (pass 431)
Training neural net (pass 432)
Training neural net (pass 433)
Training neural net (pass 434)
Training neural net (pass 435)
Training neural net (pass 436)
Training neural net (pass 437)
Training neural net (pass 438)
Training neural net (pass 439)
Training neural net (pass 440)
Training neural net (pass 441)
Training neural net (pass 442)
Training neural net (pass 443)
Training neural net (pass 444)
Training neural net (pass 445)
Training neural net (pass 446)
Training neural net (pass 447)
Training neural net (pass 448)
Training neural net (pass 449)
Training neural net (pass 450)
Training neural net (pass 451)
Training neural net (pass 452)
Training neural net (pass 453)
Training neural net (pass 454)
Training neural net (pass 455)
Training neural net (pass 456)
Training neural net (pass 457)
Training neural net (pass 458)
Training neural net (pass 459)
Training neural net (pass 460)
Training neural net (pass 461)
Training neural net (pass 462)
Training neural net (pass 463)
Training neural net (pass 464)
Training neural net (pass 465)
Training neural net (pass 466)
Training neural net (pass 467)
Training neural net (pass 468)
Training neural net (pass 469)
Training neural net (pass 470)
Training neural net (pass 471)
Training neural net (pass 472)
Training neural net (pass 473)
Training neural net (pass 474)
Training neural net (pass 475)
Training neural net (pass 476)
Training neural net (pass 477)
Training neural net (pass 478)
Training neural net (pass 479)
Training neural net (pass 480)
Training neural net (pass 481)
Training neural net (pass 482)
Training neural net (pass 483)
Training neural net (pass 484)
Training neural net (pass 485)
Training neural net (pass 486)
Training neural net (pass 487)
Training neural net (pass 488)
Training neural net (pass 489)
Training neural net (pass 490)
Training neural net (pass 491)
Training neural net (pass 492)
Training neural net (pass 493)
Training neural net (pass 494)
Training neural net (pass 495)
Training neural net (pass 496)
Training neural net (pass 497)
Training neural net (pass 498)
Training neural net (pass 499)
Training neural net (pass 500)
Training neural net (pass 501)
Training neural net (pass 502)
Training neural net (pass 503)
Training neural net (pass 504)
Training neural net (pass 505)
Training neural net (pass 506)
Training neural net (pass 507)
Training neural net (pass 508)
Training neural net (pass 509)
Training neural net (pass 510)
Training neural net (pass 511)
Training neural net (pass 512)
Training neural net (pass 513)
Training neural net (pass 514)
Training neural net (pass 515)
Training neural net (pass 516)
Training neural net (pass 517)
Training neural net (pass 518)
Training neural net (pass 519)
Training neural net (pass 520)
Training neural net (pass 521)
Training neural net (pass 522)
Training neural net (pass 523)
Training neural net (pass 524)
Training neural net (pass 525)
Training neural net (pass 526)
Training neural net (pass 527)
Training neural net (pass 528)
Training neural net (pass 529)
Training neural net (pass 530)
Training neural net (pass 531)
Training neural net (pass 532)
Training neural net (pass 533)
Training neural net (pass 534)
Training neural net (pass 535)
Training neural net (pass 536)
Training neural net (pass 537)
Training neural net (pass 538)
Training neural net (pass 539)
Training neural net (pass 540)
Training neural net (pass 541)
Training neural net (pass 542)
Training neural net (pass 543)
Training neural net (pass 544)
Training neural net (pass 545)
Training neural net (pass 546)
Training neural net (pass 547)
Training neural net (pass 548)
Training neural net (pass 549)
Training neural net (pass 550)
Training neural net (pass 551)
Training neural net (pass 552)
Training neural net (pass 553)
Training neural net (pass 554)
Training neural net (pass 555)
Training neural net (pass 556)
Training neural net (pass 557)
Training neural net (pass 558)
Training neural net (pass 559)
Training neural net (pass 560)
Training neural net (pass 561)
Training neural net (pass 562)
Training neural net (pass 563)
Training neural net (pass 564)
Training neural net (pass 565)
Training neural net (pass 566)
Training neural net (pass 567)
Training neural net (pass 568)
Training neural net (pass 569)
Training neural net (pass 570)
Training neural net (pass 571)
Training neural net (pass 572)
Training neural net (pass 573)
Training neural net (pass 574)
Training neural net (pass 575)
Training neural net (pass 576)
Training neural net (pass 577)
Training neural net (pass 578)
Training neural net (pass 579)
Training neural net (pass 580)
Training neural net (pass 581)
Training neural net (pass 582)
Training neural net (pass 583)
Training neural net (pass 584)
Training neural net (pass 585)
Training neural net (pass 586)
Training neural net (pass 587)
Training neural net (pass 588)
Training neural net (pass 589)
Training neural net (pass 590)
Training neural net (pass 591)
Training neural net (pass 592)
Training neural net (pass 593)
Training neural net (pass 594)
Training neural net (pass 595)
Training neural net (pass 596)
Training neural net (pass 597)
Training neural net (pass 598)
Training neural net (pass 599)
Training neural net (pass 600)
Training neural net (pass 601)
Training neural net (pass 602)
Training neural net (pass 603)
Training neural net (pass 604)
Training neural net (pass 605)
Training neural net (pass 606)
Training neural net (pass 607)
Training neural net (pass 608)
Training neural net (pass 609)
Training neural net (pass 610)
Training neural net (pass 611)
Training neural net (pass 612)
Training neural net (pass 613)
Training neural net (pass 614)
Training neural net (pass 615)
Training neural net (pass 616)
Training neural net (pass 617)
Training neural net (pass 618)
Training neural net (pass 619)
Training neural net (pass 620)
Training neural net (pass 621)
Training neural net (pass 622)
Training neural net (pass 623)
Training neural net (pass 624)
Training neural net (pass 625)
Training neural net (pass 626)
Training neural net (pass 627)
Training neural net (pass 628)
Training neural net (pass 629)
Training neural net (pass 630)
Training neural net (pass 631)
Training neural net (pass 632)
Training neural net (pass 633)
Training neural net (pass 634)
Training neural net (pass 635)
Training neural net (pass 636)
Training neural net (pass 637)
Training neural net (pass 638)
Training neural net (pass 639)
Training neural net (pass 640)
Training neural net (pass 641)
Training neural net (pass 642)
Training neural net (pass 643)
Training neural net (pass 644)
Training neural net (pass 645)
Training neural net (pass 646)
Training neural net (pass 647)
Training neural net (pass 648)
Training neural net (pass 649)
Training neural net (pass 650)
Training neural net (pass 651)
Training neural net (pass 652)
Training neural net (pass 653)
Training neural net (pass 654)
Training neural net (pass 655)
Training neural net (pass 656)
Training neural net (pass 657)
Training neural net (pass 658)
Training neural net (pass 659)
Training neural net (pass 660)
Training neural net (pass 661)
Training neural net (pass 662)
Training neural net (pass 663)
Training neural net (pass 664)
Warning: the mix up opertion is disabled!
    Ignore mix up leaves number specified
Training neural net (pass 665)
Training neural net (pass 666)
Training neural net (pass 667)
Training neural net (pass 668)
Training neural net (pass 669)
Training neural net (pass 670)
Training neural net (pass 671)
Training neural net (pass 672)
Training neural net (pass 673)
Training neural net (pass 674)
Training neural net (pass 675)
Training neural net (pass 676)
Training neural net (pass 677)
Training neural net (pass 678)
Training neural net (pass 679)
Training neural net (pass 680)
Training neural net (pass 681)
Training neural net (pass 682)
Training neural net (pass 683)
Training neural net (pass 684)
Training neural net (pass 685)
Training neural net (pass 686)
Training neural net (pass 687)
Training neural net (pass 688)
Training neural net (pass 689)
Training neural net (pass 690)
Training neural net (pass 691)
Training neural net (pass 692)
Training neural net (pass 693)
Training neural net (pass 694)
Training neural net (pass 695)
Training neural net (pass 696)
Training neural net (pass 697)
Training neural net (pass 698)
Training neural net (pass 699)
Training neural net (pass 700)
Training neural net (pass 701)
Training neural net (pass 702)
Training neural net (pass 703)
Training neural net (pass 704)
Training neural net (pass 705)
Training neural net (pass 706)
Training neural net (pass 707)
Training neural net (pass 708)
Training neural net (pass 709)
Training neural net (pass 710)
Training neural net (pass 711)
Training neural net (pass 712)
Training neural net (pass 713)
Training neural net (pass 714)
Training neural net (pass 715)
Training neural net (pass 716)
Training neural net (pass 717)
Training neural net (pass 718)
Training neural net (pass 719)
Training neural net (pass 720)
Training neural net (pass 721)
Training neural net (pass 722)
Training neural net (pass 723)
Training neural net (pass 724)
Training neural net (pass 725)
Training neural net (pass 726)
Training neural net (pass 727)
Training neural net (pass 728)
Training neural net (pass 729)
Training neural net (pass 730)
Training neural net (pass 731)
Training neural net (pass 732)
Training neural net (pass 733)
Training neural net (pass 734)
Training neural net (pass 735)
Training neural net (pass 736)
Training neural net (pass 737)
Training neural net (pass 738)
Training neural net (pass 739)
Training neural net (pass 740)
Training neural net (pass 741)
Training neural net (pass 742)
Training neural net (pass 743)
Training neural net (pass 744)
Training neural net (pass 745)
Training neural net (pass 746)
Training neural net (pass 747)
Training neural net (pass 748)
Training neural net (pass 749)
Training neural net (pass 750)
Training neural net (pass 751)
Training neural net (pass 752)
Training neural net (pass 753)
Training neural net (pass 754)
Training neural net (pass 755)
Training neural net (pass 756)
Training neural net (pass 757)
Training neural net (pass 758)
Training neural net (pass 759)
Training neural net (pass 760)
Training neural net (pass 761)
Training neural net (pass 762)
Training neural net (pass 763)
Training neural net (pass 764)
Training neural net (pass 765)
Training neural net (pass 766)
Training neural net (pass 767)
Training neural net (pass 768)
Training neural net (pass 769)
Training neural net (pass 770)
Training neural net (pass 771)
Training neural net (pass 772)
Training neural net (pass 773)
Training neural net (pass 774)
Training neural net (pass 775)
Training neural net (pass 776)
Training neural net (pass 777)
Training neural net (pass 778)
Training neural net (pass 779)
Training neural net (pass 780)
Training neural net (pass 781)
Training neural net (pass 782)
Training neural net (pass 783)
Training neural net (pass 784)
Training neural net (pass 785)
Training neural net (pass 786)
Training neural net (pass 787)
Training neural net (pass 788)
Training neural net (pass 789)
Training neural net (pass 790)
Training neural net (pass 791)
Training neural net (pass 792)
Training neural net (pass 793)
Training neural net (pass 794)
Training neural net (pass 795)
Training neural net (pass 796)
Training neural net (pass 797)
Training neural net (pass 798)
Training neural net (pass 799)
Training neural net (pass 800)
Training neural net (pass 801)
Training neural net (pass 802)
Training neural net (pass 803)
Training neural net (pass 804)
Training neural net (pass 805)
Training neural net (pass 806)
Training neural net (pass 807)
Training neural net (pass 808)
Training neural net (pass 809)
Training neural net (pass 810)
Training neural net (pass 811)
Training neural net (pass 812)
Training neural net (pass 813)
Training neural net (pass 814)
Training neural net (pass 815)
Training neural net (pass 816)
Training neural net (pass 817)
Training neural net (pass 818)
Training neural net (pass 819)
Training neural net (pass 820)
Training neural net (pass 821)
Training neural net (pass 822)
Training neural net (pass 823)
Training neural net (pass 824)
Training neural net (pass 825)
Training neural net (pass 826)
Training neural net (pass 827)
Training neural net (pass 828)
Training neural net (pass 829)
Training neural net (pass 830)
Training neural net (pass 831)
Training neural net (pass 832)
Training neural net (pass 833)
Training neural net (pass 834)
Training neural net (pass 835)
Training neural net (pass 836)
Training neural net (pass 837)
Training neural net (pass 838)
Training neural net (pass 839)
Training neural net (pass 840)
Training neural net (pass 841)
Training neural net (pass 842)
Training neural net (pass 843)
Training neural net (pass 844)
Training neural net (pass 845)
Training neural net (pass 846)
Training neural net (pass 847)
Training neural net (pass 848)
Training neural net (pass 849)
Training neural net (pass 850)
Training neural net (pass 851)
Training neural net (pass 852)
Training neural net (pass 853)
Training neural net (pass 854)
Training neural net (pass 855)
Training neural net (pass 856)
Training neural net (pass 857)
Training neural net (pass 858)
Training neural net (pass 859)
Training neural net (pass 860)
Training neural net (pass 861)
Training neural net (pass 862)
Training neural net (pass 863)
Training neural net (pass 864)
Training neural net (pass 865)
Training neural net (pass 866)
Training neural net (pass 867)
Training neural net (pass 868)
Training neural net (pass 869)
Training neural net (pass 870)
Training neural net (pass 871)
Training neural net (pass 872)
Training neural net (pass 873)
Training neural net (pass 874)
Training neural net (pass 875)
Training neural net (pass 876)
Training neural net (pass 877)
Training neural net (pass 878)
Training neural net (pass 879)
Training neural net (pass 880)
Training neural net (pass 881)
Training neural net (pass 882)
Training neural net (pass 883)
Training neural net (pass 884)
Training neural net (pass 885)
Training neural net (pass 886)
Training neural net (pass 887)
Training neural net (pass 888)
Training neural net (pass 889)
Training neural net (pass 890)
Training neural net (pass 891)
Training neural net (pass 892)
Training neural net (pass 893)
Training neural net (pass 894)
Training neural net (pass 895)
Training neural net (pass 896)
Training neural net (pass 897)
Training neural net (pass 898)
Training neural net (pass 899)
Training neural net (pass 900)
Training neural net (pass 901)
Training neural net (pass 902)
Training neural net (pass 903)
Training neural net (pass 904)
Training neural net (pass 905)
Training neural net (pass 906)
Training neural net (pass 907)
Training neural net (pass 908)
Training neural net (pass 909)
Training neural net (pass 910)
Training neural net (pass 911)
Training neural net (pass 912)
Training neural net (pass 913)
Training neural net (pass 914)
Training neural net (pass 915)
Training neural net (pass 916)
Training neural net (pass 917)
Training neural net (pass 918)
Training neural net (pass 919)
Training neural net (pass 920)
Training neural net (pass 921)
Training neural net (pass 922)
Training neural net (pass 923)
Training neural net (pass 924)
Training neural net (pass 925)
Training neural net (pass 926)
Training neural net (pass 927)
Training neural net (pass 928)
Training neural net (pass 929)
Training neural net (pass 930)
Training neural net (pass 931)
Training neural net (pass 932)
Training neural net (pass 933)
Training neural net (pass 934)
Training neural net (pass 935)
Training neural net (pass 936)
Training neural net (pass 937)
Training neural net (pass 938)
Training neural net (pass 939)
Training neural net (pass 940)
Training neural net (pass 941)
Training neural net (pass 942)
Training neural net (pass 943)
Training neural net (pass 944)
Training neural net (pass 945)
Training neural net (pass 946)
Training neural net (pass 947)
Training neural net (pass 948)
Training neural net (pass 949)
Training neural net (pass 950)
Training neural net (pass 951)
Training neural net (pass 952)
Training neural net (pass 953)
Training neural net (pass 954)
Training neural net (pass 955)
Training neural net (pass 956)
Training neural net (pass 957)
Training neural net (pass 958)
Training neural net (pass 959)
Training neural net (pass 960)
Training neural net (pass 961)
Training neural net (pass 962)
Training neural net (pass 963)
Training neural net (pass 964)
Training neural net (pass 965)
Training neural net (pass 966)
Training neural net (pass 967)
Training neural net (pass 968)
Training neural net (pass 969)
Training neural net (pass 970)
Training neural net (pass 971)
Training neural net (pass 972)
Training neural net (pass 973)
Training neural net (pass 974)
Training neural net (pass 975)
Training neural net (pass 976)
Training neural net (pass 977)
Training neural net (pass 978)
Training neural net (pass 979)
Training neural net (pass 980)
Training neural net (pass 981)
Training neural net (pass 982)
Training neural net (pass 983)
Training neural net (pass 984)
Training neural net (pass 985)
Training neural net (pass 986)
Training neural net (pass 987)
Training neural net (pass 988)
Training neural net (pass 989)
Training neural net (pass 990)
Training neural net (pass 991)
Training neural net (pass 992)
Training neural net (pass 993)
Training neural net (pass 994)
Training neural net (pass 995)
Training neural net (pass 996)
Training neural net (pass 997)
Training neural net (pass 998)
Training neural net (pass 999)
Training neural net (pass 1000)
Training neural net (pass 1001)
Training neural net (pass 1002)
Training neural net (pass 1003)
Training neural net (pass 1004)
Training neural net (pass 1005)
Training neural net (pass 1006)
Training neural net (pass 1007)
Training neural net (pass 1008)
Training neural net (pass 1009)
Training neural net (pass 1010)
Training neural net (pass 1011)
Training neural net (pass 1012)
Training neural net (pass 1013)
Training neural net (pass 1014)
Training neural net (pass 1015)
Training neural net (pass 1016)
Training neural net (pass 1017)
Training neural net (pass 1018)
Training neural net (pass 1019)
Training neural net (pass 1020)
Training neural net (pass 1021)
Training neural net (pass 1022)
Training neural net (pass 1023)
Training neural net (pass 1024)
Training neural net (pass 1025)
Training neural net (pass 1026)
Training neural net (pass 1027)
Training neural net (pass 1028)
Training neural net (pass 1029)
Training neural net (pass 1030)
Training neural net (pass 1031)
Training neural net (pass 1032)
Training neural net (pass 1033)
Training neural net (pass 1034)
Training neural net (pass 1035)
Training neural net (pass 1036)
Training neural net (pass 1037)
Training neural net (pass 1038)
Training neural net (pass 1039)
Training neural net (pass 1040)
Training neural net (pass 1041)
Training neural net (pass 1042)
Training neural net (pass 1043)
Training neural net (pass 1044)
Training neural net (pass 1045)
Training neural net (pass 1046)
Training neural net (pass 1047)
Training neural net (pass 1048)
Training neural net (pass 1049)
Training neural net (pass 1050)
Training neural net (pass 1051)
Training neural net (pass 1052)
Training neural net (pass 1053)
Training neural net (pass 1054)
Training neural net (pass 1055)
Training neural net (pass 1056)
Training neural net (pass 1057)
Training neural net (pass 1058)
Training neural net (pass 1059)
Training neural net (pass 1060)
Training neural net (pass 1061)
Training neural net (pass 1062)
Training neural net (pass 1063)
Training neural net (pass 1064)
Training neural net (pass 1065)
Training neural net (pass 1066)
Training neural net (pass 1067)
Training neural net (pass 1068)
Training neural net (pass 1069)
Training neural net (pass 1070)
Training neural net (pass 1071)
Training neural net (pass 1072)
Training neural net (pass 1073)
Training neural net (pass 1074)
Training neural net (pass 1075)
Training neural net (pass 1076)
Training neural net (pass 1077)
Training neural net (pass 1078)
Training neural net (pass 1079)
Training neural net (pass 1080)
Training neural net (pass 1081)
Training neural net (pass 1082)
Training neural net (pass 1083)
Training neural net (pass 1084)
Training neural net (pass 1085)
Training neural net (pass 1086)
Training neural net (pass 1087)
Training neural net (pass 1088)
Training neural net (pass 1089)
Training neural net (pass 1090)
Training neural net (pass 1091)
Training neural net (pass 1092)
Training neural net (pass 1093)
Training neural net (pass 1094)
Training neural net (pass 1095)
Training neural net (pass 1096)
Training neural net (pass 1097)
Training neural net (pass 1098)
Training neural net (pass 1099)
Training neural net (pass 1100)
Training neural net (pass 1101)
Training neural net (pass 1102)
Training neural net (pass 1103)
Training neural net (pass 1104)
Training neural net (pass 1105)
Training neural net (pass 1106)
Training neural net (pass 1107)
Training neural net (pass 1108)
Training neural net (pass 1109)
Training neural net (pass 1110)
Training neural net (pass 1111)
Training neural net (pass 1112)
Training neural net (pass 1113)
Training neural net (pass 1114)
Training neural net (pass 1115)
Training neural net (pass 1116)
Training neural net (pass 1117)
Training neural net (pass 1118)
Training neural net (pass 1119)
Training neural net (pass 1120)
Training neural net (pass 1121)
Training neural net (pass 1122)
Training neural net (pass 1123)
Training neural net (pass 1124)
Training neural net (pass 1125)
Training neural net (pass 1126)
Training neural net (pass 1127)
Training neural net (pass 1128)
Training neural net (pass 1129)
Training neural net (pass 1130)
Training neural net (pass 1131)
Training neural net (pass 1132)
Training neural net (pass 1133)
Training neural net (pass 1134)
Training neural net (pass 1135)
Training neural net (pass 1136)
Training neural net (pass 1137)
Training neural net (pass 1138)
Training neural net (pass 1139)
Training neural net (pass 1140)
Training neural net (pass 1141)
Training neural net (pass 1142)
Training neural net (pass 1143)
Training neural net (pass 1144)
Training neural net (pass 1145)
Training neural net (pass 1146)
Training neural net (pass 1147)
Training neural net (pass 1148)
Training neural net (pass 1149)
Training neural net (pass 1150)
Training neural net (pass 1151)
Training neural net (pass 1152)
Training neural net (pass 1153)
Training neural net (pass 1154)
Training neural net (pass 1155)
Training neural net (pass 1156)
Training neural net (pass 1157)
Training neural net (pass 1158)
Training neural net (pass 1159)
Training neural net (pass 1160)
Training neural net (pass 1161)
Training neural net (pass 1162)
Training neural net (pass 1163)
Training neural net (pass 1164)
Training neural net (pass 1165)
Training neural net (pass 1166)
Training neural net (pass 1167)
Training neural net (pass 1168)
Training neural net (pass 1169)
Training neural net (pass 1170)
Training neural net (pass 1171)
Training neural net (pass 1172)
Training neural net (pass 1173)
Training neural net (pass 1174)
Training neural net (pass 1175)
Training neural net (pass 1176)
Training neural net (pass 1177)
Training neural net (pass 1178)
Training neural net (pass 1179)
Training neural net (pass 1180)
Training neural net (pass 1181)
Training neural net (pass 1182)
Training neural net (pass 1183)
Training neural net (pass 1184)
Training neural net (pass 1185)
Training neural net (pass 1186)
Training neural net (pass 1187)
Training neural net (pass 1188)
Training neural net (pass 1189)
Training neural net (pass 1190)
Training neural net (pass 1191)
Training neural net (pass 1192)
Training neural net (pass 1193)
Training neural net (pass 1194)
Training neural net (pass 1195)
Training neural net (pass 1196)
Training neural net (pass 1197)
Training neural net (pass 1198)
Training neural net (pass 1199)
Training neural net (pass 1200)
Training neural net (pass 1201)
Training neural net (pass 1202)
Training neural net (pass 1203)
Training neural net (pass 1204)
Training neural net (pass 1205)
Training neural net (pass 1206)
Training neural net (pass 1207)
Training neural net (pass 1208)
Training neural net (pass 1209)
Training neural net (pass 1210)
Training neural net (pass 1211)
Training neural net (pass 1212)
Training neural net (pass 1213)
Training neural net (pass 1214)
Training neural net (pass 1215)
Training neural net (pass 1216)
Training neural net (pass 1217)
Training neural net (pass 1218)
Training neural net (pass 1219)
Training neural net (pass 1220)
Training neural net (pass 1221)
Training neural net (pass 1222)
Training neural net (pass 1223)
Training neural net (pass 1224)
Training neural net (pass 1225)
Training neural net (pass 1226)
Training neural net (pass 1227)
Training neural net (pass 1228)
Training neural net (pass 1229)
Training neural net (pass 1230)
Training neural net (pass 1231)
Training neural net (pass 1232)
Training neural net (pass 1233)
Training neural net (pass 1234)
Training neural net (pass 1235)
Training neural net (pass 1236)
Training neural net (pass 1237)
Training neural net (pass 1238)
Training neural net (pass 1239)
Training neural net (pass 1240)
Training neural net (pass 1241)
Training neural net (pass 1242)
Training neural net (pass 1243)
Training neural net (pass 1244)
Training neural net (pass 1245)
Training neural net (pass 1246)
Training neural net (pass 1247)
Training neural net (pass 1248)
Training neural net (pass 1249)
Training neural net (pass 1250)
Training neural net (pass 1251)
Training neural net (pass 1252)
Training neural net (pass 1253)
Training neural net (pass 1254)
Training neural net (pass 1255)
Training neural net (pass 1256)
Training neural net (pass 1257)
Training neural net (pass 1258)
Training neural net (pass 1259)
Training neural net (pass 1260)
Training neural net (pass 1261)
Training neural net (pass 1262)
Training neural net (pass 1263)
Training neural net (pass 1264)
Training neural net (pass 1265)
Training neural net (pass 1266)
Training neural net (pass 1267)
Training neural net (pass 1268)
Training neural net (pass 1269)
Training neural net (pass 1270)
Training neural net (pass 1271)
Training neural net (pass 1272)
Training neural net (pass 1273)
Training neural net (pass 1274)
Training neural net (pass 1275)
Training neural net (pass 1276)
Training neural net (pass 1277)
Training neural net (pass 1278)
Training neural net (pass 1279)
Training neural net (pass 1280)
Training neural net (pass 1281)
Training neural net (pass 1282)
Training neural net (pass 1283)
Training neural net (pass 1284)
Training neural net (pass 1285)
Training neural net (pass 1286)
Training neural net (pass 1287)
Training neural net (pass 1288)
Training neural net (pass 1289)
Training neural net (pass 1290)
Training neural net (pass 1291)
Training neural net (pass 1292)
Training neural net (pass 1293)
Training neural net (pass 1294)
Training neural net (pass 1295)
Training neural net (pass 1296)
Training neural net (pass 1297)
Training neural net (pass 1298)
Training neural net (pass 1299)
Training neural net (pass 1300)
Training neural net (pass 1301)
Training neural net (pass 1302)
Training neural net (pass 1303)
Training neural net (pass 1304)
Training neural net (pass 1305)
Training neural net (pass 1306)
Training neural net (pass 1307)
Training neural net (pass 1308)
Training neural net (pass 1309)
Training neural net (pass 1310)
Training neural net (pass 1311)
Training neural net (pass 1312)
Training neural net (pass 1313)
Training neural net (pass 1314)
Training neural net (pass 1315)
Training neural net (pass 1316)
Training neural net (pass 1317)
Training neural net (pass 1318)
Training neural net (pass 1319)
Doing final combination to produce final.mdl
Getting average posterior for purposes of adjusting the priors.
Re-adjusting priors based on computed posteriors
Done
Cleaning up data
steps/nnet2/remove_egs.sh: Finished deleting examples in exp/nnet2_online/nnet_a_gpu_baseline/egs
steps/nnet2/decode.sh --nj 13 --cmd run.pl --mem 2G /home/samuel/wsj-pf-data/exp_augmented/tri4a/graph /home/samuel/wsj-pf-data/data/wsj/head_eval_test/5dB_hires exp/nnet2_online/nnet_a_gpu_baseline/decode_head_5dB
steps/nnet2/decode.sh: feature type is raw
run.pl: 13 / 13 failed, log is in exp/nnet2_online/nnet_a_gpu_baseline/decode_head_5dB/log/decode.*.log
