nohup: ignoring input
steps/nnet2/train_pnorm_fast.sh --stage -10 --num-epochs 2 --num-epochs-extra 1 --splice-width 7 --feat-type raw --cmvn-opts --norm-means=false --norm-vars=false --num-threads 1 --minibatch-size 512 --parallel-opts -l gpu=1 --num-jobs-nnet 6 --num-hidden-layers 4 --mix-up 4000 --initial-learning-rate 0.02 --final-learning-rate 0.004 --cmd run.pl --mem 2G --pnorm-input-dim 2400 --pnorm-output-dim 300 /home/samuel/wsj-pf-data/data/augmented-train-wsj-pf /home/samuel/wsj-pf-data/lang/wsj-pfstar-with-eval /home/samuel/wsj-pf-data/exp_augmented/nnet2_online/tri4a_ali /home/samuel/wsj-pf-data/exp_augmented/nnet2_online/nnet_a_gpu_baseline_0.25_epoch
steps/nnet2/train_pnorm_fast.sh: calling get_lda.sh
steps/nnet2/get_lda.sh --cmvn-opts --norm-means=false --norm-vars=false --feat-type raw --transform-dir /home/samuel/wsj-pf-data/exp_augmented/nnet2_online/tri4a_ali --splice-width 7 --cmd run.pl --mem 2G /home/samuel/wsj-pf-data/data/augmented-train-wsj-pf /home/samuel/wsj-pf-data/lang/wsj-pfstar-with-eval /home/samuel/wsj-pf-data/exp_augmented/nnet2_online/tri4a_ali /home/samuel/wsj-pf-data/exp_augmented/nnet2_online/nnet_a_gpu_baseline_0.25_epoch
steps/nnet2/get_lda.sh: feature type is raw
feat-to-dim 'ark,s,cs:utils/subset_scp.pl --quiet 250 /home/samuel/wsj-pf-data/data/augmented-train-wsj-pf/split40/1/feats.scp | apply-cmvn --norm-means=false --norm-vars=false --utt2spk=ark:/home/samuel/wsj-pf-data/data/augmented-train-wsj-pf/split40/1/utt2spk scp:/home/samuel/wsj-pf-data/data/augmented-train-wsj-pf/split40/1/cmvn.scp scp:- ark:- |' - 
apply-cmvn --norm-means=false --norm-vars=false --utt2spk=ark:/home/samuel/wsj-pf-data/data/augmented-train-wsj-pf/split40/1/utt2spk scp:/home/samuel/wsj-pf-data/data/augmented-train-wsj-pf/split40/1/cmvn.scp scp:- ark:- 
WARNING (feat-to-dim:Close():kaldi-io.cc:500) Pipe utils/subset_scp.pl --quiet 250 /home/samuel/wsj-pf-data/data/augmented-train-wsj-pf/split40/1/feats.scp | apply-cmvn --norm-means=false --norm-vars=false --utt2spk=ark:/home/samuel/wsj-pf-data/data/augmented-train-wsj-pf/split40/1/utt2spk scp:/home/samuel/wsj-pf-data/data/augmented-train-wsj-pf/split40/1/cmvn.scp scp:- ark:- | had nonzero return status 36096
feat-to-dim 'ark,s,cs:utils/subset_scp.pl --quiet 250 /home/samuel/wsj-pf-data/data/augmented-train-wsj-pf/split40/1/feats.scp | apply-cmvn --norm-means=false --norm-vars=false --utt2spk=ark:/home/samuel/wsj-pf-data/data/augmented-train-wsj-pf/split40/1/utt2spk scp:/home/samuel/wsj-pf-data/data/augmented-train-wsj-pf/split40/1/cmvn.scp scp:- ark:- | splice-feats --left-context=7 --right-context=7 ark:- ark:- |' - 
splice-feats --left-context=7 --right-context=7 ark:- ark:- 
apply-cmvn --norm-means=false --norm-vars=false --utt2spk=ark:/home/samuel/wsj-pf-data/data/augmented-train-wsj-pf/split40/1/utt2spk scp:/home/samuel/wsj-pf-data/data/augmented-train-wsj-pf/split40/1/cmvn.scp scp:- ark:- 
WARNING (feat-to-dim:Close():kaldi-io.cc:500) Pipe utils/subset_scp.pl --quiet 250 /home/samuel/wsj-pf-data/data/augmented-train-wsj-pf/split40/1/feats.scp | apply-cmvn --norm-means=false --norm-vars=false --utt2spk=ark:/home/samuel/wsj-pf-data/data/augmented-train-wsj-pf/split40/1/utt2spk scp:/home/samuel/wsj-pf-data/data/augmented-train-wsj-pf/split40/1/cmvn.scp scp:- ark:- | splice-feats --left-context=7 --right-context=7 ark:- ark:- | had nonzero return status 36096
steps/nnet2/get_lda.sh: Accumulating LDA statistics.
steps/nnet2/get_lda.sh: Finished estimating LDA
steps/nnet2/train_pnorm_fast.sh: calling get_egs.sh
steps/nnet2/get_egs.sh --cmvn-opts --norm-means=false --norm-vars=false --feat-type raw --transform-dir /home/samuel/wsj-pf-data/exp_augmented/nnet2_online/tri4a_ali --splice-width 7 --samples-per-iter 200000 --num-jobs-nnet 6 --stage 0 --cmd run.pl --mem 2G --io-opts -tc 5 /home/samuel/wsj-pf-data/data/augmented-train-wsj-pf /home/samuel/wsj-pf-data/lang/wsj-pfstar-with-eval /home/samuel/wsj-pf-data/exp_augmented/nnet2_online/tri4a_ali /home/samuel/wsj-pf-data/exp_augmented/nnet2_online/nnet_a_gpu_baseline_0.25_epoch
steps/nnet2/get_egs.sh: feature type is raw
steps/nnet2/get_egs.sh: working out number of frames of training data
feat-to-len scp:/home/samuel/wsj-pf-data/data/augmented-train-wsj-pf/feats.scp ark,t:- 
steps/nnet2/get_egs.sh: Every epoch, splitting the data up into 110 iterations,
steps/nnet2/get_egs.sh: giving samples-per-iteration of 199765 (you requested 200000).
Getting validation and training subset examples.
steps/nnet2/get_egs.sh: extracting validation and training-subset alignments.
copy-int-vector ark:- ark,t:- 
LOG (copy-int-vector:main():copy-int-vector.cc:83) Copied 707000 vectors of int32.
Getting subsets of validation examples for diagnostics and combination.
Creating training examples
Generating training examples on disk
steps/nnet2/get_egs.sh: rearranging examples into parts for different parallel jobs
Shuffling the order of training examples
(in order to avoid stressing the disk, these won't all run at once).
steps/nnet2/get_egs.sh: Finished preparing training examples
steps/nnet2/train_pnorm_fast.sh: initializing neural net
Training transition probabilities and setting priors
prepare vector assignment for FixedScaleComponent before softmax
(use priors^-0.25 and rescale to average 1)
insert an additional layer of FixedScaleComponent before softmax
nnet-am-info /home/samuel/wsj-pf-data/exp_augmented/nnet2_online/nnet_a_gpu_baseline_0.25_epoch/0.mdl 
LOG (nnet-am-info:main():nnet-am-info.cc:76) Printed info about /home/samuel/wsj-pf-data/exp_augmented/nnet2_online/nnet_a_gpu_baseline_0.25_epoch/0.mdl
nnet-init /home/samuel/wsj-pf-data/exp_augmented/nnet2_online/nnet_a_gpu_baseline_0.25_epoch/per_element.config - 
LOG (nnet-init:main():nnet-init.cc:69) Initialized raw neural net and wrote it to -
nnet-insert --insert-at=6 --randomize-next-component=false /home/samuel/wsj-pf-data/exp_augmented/nnet2_online/nnet_a_gpu_baseline_0.25_epoch/0.mdl - /home/samuel/wsj-pf-data/exp_augmented/nnet2_online/nnet_a_gpu_baseline_0.25_epoch/0.mdl 
LOG (nnet-insert:main():nnet-insert.cc:106) Inserted 1 components at position 6
LOG (nnet-insert:main():nnet-insert.cc:132) Write neural-net acoustic model to /home/samuel/wsj-pf-data/exp_augmented/nnet2_online/nnet_a_gpu_baseline_0.25_epoch/0.mdl
steps/nnet2/train_pnorm_fast.sh: Will train for 2 + 1 epochs, equalling 
steps/nnet2/train_pnorm_fast.sh: 220 + 110 = 330 iterations, 
steps/nnet2/train_pnorm_fast.sh: (while reducing learning rate) + (with constant learning rate).
steps/nnet2/train_pnorm_fast.sh: Will not do mix up
Training neural net (pass 0)
Training neural net (pass 1)
nnet-am-info /home/samuel/wsj-pf-data/exp_augmented/nnet2_online/nnet_a_gpu_baseline_0.25_epoch/1.mdl 
LOG (nnet-am-info:main():nnet-am-info.cc:76) Printed info about /home/samuel/wsj-pf-data/exp_augmented/nnet2_online/nnet_a_gpu_baseline_0.25_epoch/1.mdl
Training neural net (pass 2)
Training neural net (pass 3)
nnet-am-info /home/samuel/wsj-pf-data/exp_augmented/nnet2_online/nnet_a_gpu_baseline_0.25_epoch/3.mdl 
LOG (nnet-am-info:main():nnet-am-info.cc:76) Printed info about /home/samuel/wsj-pf-data/exp_augmented/nnet2_online/nnet_a_gpu_baseline_0.25_epoch/3.mdl
Training neural net (pass 4)
Training neural net (pass 5)
nnet-am-info /home/samuel/wsj-pf-data/exp_augmented/nnet2_online/nnet_a_gpu_baseline_0.25_epoch/5.mdl 
LOG (nnet-am-info:main():nnet-am-info.cc:76) Printed info about /home/samuel/wsj-pf-data/exp_augmented/nnet2_online/nnet_a_gpu_baseline_0.25_epoch/5.mdl
Training neural net (pass 6)
Training neural net (pass 7)
Training neural net (pass 8)
Training neural net (pass 9)
Training neural net (pass 10)
Training neural net (pass 11)
Training neural net (pass 12)
Training neural net (pass 13)
Training neural net (pass 14)
Training neural net (pass 15)
Training neural net (pass 16)
Training neural net (pass 17)
Training neural net (pass 18)
Training neural net (pass 19)
Training neural net (pass 20)
Training neural net (pass 21)
Training neural net (pass 22)
Training neural net (pass 23)
Training neural net (pass 24)
Training neural net (pass 25)
Training neural net (pass 26)
Training neural net (pass 27)
Training neural net (pass 28)
Training neural net (pass 29)
Training neural net (pass 30)
Training neural net (pass 31)
Training neural net (pass 32)
Training neural net (pass 33)
Training neural net (pass 34)
Training neural net (pass 35)
Training neural net (pass 36)
Training neural net (pass 37)
Training neural net (pass 38)
Training neural net (pass 39)
Training neural net (pass 40)
Training neural net (pass 41)
Training neural net (pass 42)
Training neural net (pass 43)
Training neural net (pass 44)
Training neural net (pass 45)
Training neural net (pass 46)
Training neural net (pass 47)
Training neural net (pass 48)
Training neural net (pass 49)
Training neural net (pass 50)
Training neural net (pass 51)
Training neural net (pass 52)
Training neural net (pass 53)
Training neural net (pass 54)
Training neural net (pass 55)
Training neural net (pass 56)
Training neural net (pass 57)
Training neural net (pass 58)
Training neural net (pass 59)
Training neural net (pass 60)
Training neural net (pass 61)
Training neural net (pass 62)
Training neural net (pass 63)
Training neural net (pass 64)
Training neural net (pass 65)
Training neural net (pass 66)
Training neural net (pass 67)
Training neural net (pass 68)
Training neural net (pass 69)
Training neural net (pass 70)
Training neural net (pass 71)
Training neural net (pass 72)
Training neural net (pass 73)
Training neural net (pass 74)
Training neural net (pass 75)
Training neural net (pass 76)
Training neural net (pass 77)
Training neural net (pass 78)
Training neural net (pass 79)
Training neural net (pass 80)
Training neural net (pass 81)
Training neural net (pass 82)
Training neural net (pass 83)
Training neural net (pass 84)
Training neural net (pass 85)
Training neural net (pass 86)
Training neural net (pass 87)
Training neural net (pass 88)
Training neural net (pass 89)
Training neural net (pass 90)
Training neural net (pass 91)
Training neural net (pass 92)
Training neural net (pass 93)
Training neural net (pass 94)
Training neural net (pass 95)
Training neural net (pass 96)
Training neural net (pass 97)
Training neural net (pass 98)
Training neural net (pass 99)
Training neural net (pass 100)
Training neural net (pass 101)
Training neural net (pass 102)
Training neural net (pass 103)
Training neural net (pass 104)
Training neural net (pass 105)
Training neural net (pass 106)
Training neural net (pass 107)
Training neural net (pass 108)
Training neural net (pass 109)
Training neural net (pass 110)
Training neural net (pass 111)
Training neural net (pass 112)
Training neural net (pass 113)
Training neural net (pass 114)
Training neural net (pass 115)
Training neural net (pass 116)
Training neural net (pass 117)
Training neural net (pass 118)
Training neural net (pass 119)
Training neural net (pass 120)
Training neural net (pass 121)
Training neural net (pass 122)
Training neural net (pass 123)
Training neural net (pass 124)
Training neural net (pass 125)
Training neural net (pass 126)
Training neural net (pass 127)
Training neural net (pass 128)
Training neural net (pass 129)
Training neural net (pass 130)
Training neural net (pass 131)
Training neural net (pass 132)
Training neural net (pass 133)
Training neural net (pass 134)
Training neural net (pass 135)
Training neural net (pass 136)
Training neural net (pass 137)
Training neural net (pass 138)
Training neural net (pass 139)
Training neural net (pass 140)
Training neural net (pass 141)
Training neural net (pass 142)
Training neural net (pass 143)
Training neural net (pass 144)
Training neural net (pass 145)
Training neural net (pass 146)
Training neural net (pass 147)
Training neural net (pass 148)
Training neural net (pass 149)
Training neural net (pass 150)
Training neural net (pass 151)
Training neural net (pass 152)
Training neural net (pass 153)
Training neural net (pass 154)
Training neural net (pass 155)
Training neural net (pass 156)
Training neural net (pass 157)
Training neural net (pass 158)
Training neural net (pass 159)
Training neural net (pass 160)
Training neural net (pass 161)
Training neural net (pass 162)
Training neural net (pass 163)
Training neural net (pass 164)
Training neural net (pass 165)
Training neural net (pass 166)
Training neural net (pass 167)
Training neural net (pass 168)
Training neural net (pass 169)
Warning: the mix up opertion is disabled!
    Ignore mix up leaves number specified
Training neural net (pass 170)
Training neural net (pass 171)
Training neural net (pass 172)
Training neural net (pass 173)
Training neural net (pass 174)
Training neural net (pass 175)
Training neural net (pass 176)
Training neural net (pass 177)
Training neural net (pass 178)
Training neural net (pass 179)
Training neural net (pass 180)
Training neural net (pass 181)
Training neural net (pass 182)
Training neural net (pass 183)
Training neural net (pass 184)
Training neural net (pass 185)
Training neural net (pass 186)
Training neural net (pass 187)
Training neural net (pass 188)
Training neural net (pass 189)
Training neural net (pass 190)
Training neural net (pass 191)
Training neural net (pass 192)
Training neural net (pass 193)
Training neural net (pass 194)
Training neural net (pass 195)
Training neural net (pass 196)
Training neural net (pass 197)
Training neural net (pass 198)
Training neural net (pass 199)
Training neural net (pass 200)
Training neural net (pass 201)
Training neural net (pass 202)
Training neural net (pass 203)
Training neural net (pass 204)
Training neural net (pass 205)
Training neural net (pass 206)
Training neural net (pass 207)
Training neural net (pass 208)
Training neural net (pass 209)
Training neural net (pass 210)
Training neural net (pass 211)
Training neural net (pass 212)
Training neural net (pass 213)
Training neural net (pass 214)
Training neural net (pass 215)
Training neural net (pass 216)
Training neural net (pass 217)
Training neural net (pass 218)
Training neural net (pass 219)
Training neural net (pass 220)
Training neural net (pass 221)
Training neural net (pass 222)
Training neural net (pass 223)
Training neural net (pass 224)
Training neural net (pass 225)
Training neural net (pass 226)
Training neural net (pass 227)
Training neural net (pass 228)
Training neural net (pass 229)
Training neural net (pass 230)
Training neural net (pass 231)
Training neural net (pass 232)
Training neural net (pass 233)
Training neural net (pass 234)
Training neural net (pass 235)
Training neural net (pass 236)
Training neural net (pass 237)
Training neural net (pass 238)
Training neural net (pass 239)
Training neural net (pass 240)
Training neural net (pass 241)
Training neural net (pass 242)
Training neural net (pass 243)
Training neural net (pass 244)
Training neural net (pass 245)
Training neural net (pass 246)
Training neural net (pass 247)
Training neural net (pass 248)
Training neural net (pass 249)
Training neural net (pass 250)
Training neural net (pass 251)
Training neural net (pass 252)
Training neural net (pass 253)
Training neural net (pass 254)
Training neural net (pass 255)
Training neural net (pass 256)
Training neural net (pass 257)
Training neural net (pass 258)
Training neural net (pass 259)
Training neural net (pass 260)
Training neural net (pass 261)
Training neural net (pass 262)
Training neural net (pass 263)
Training neural net (pass 264)
Training neural net (pass 265)
Training neural net (pass 266)
Training neural net (pass 267)
Training neural net (pass 268)
Training neural net (pass 269)
Training neural net (pass 270)
Training neural net (pass 271)
Training neural net (pass 272)
Training neural net (pass 273)
Training neural net (pass 274)
Training neural net (pass 275)
Training neural net (pass 276)
Training neural net (pass 277)
Training neural net (pass 278)
Training neural net (pass 279)
Training neural net (pass 280)
Training neural net (pass 281)
Training neural net (pass 282)
Training neural net (pass 283)
Training neural net (pass 284)
Training neural net (pass 285)
Training neural net (pass 286)
Training neural net (pass 287)
Training neural net (pass 288)
Training neural net (pass 289)
Training neural net (pass 290)
Training neural net (pass 291)
Training neural net (pass 292)
Training neural net (pass 293)
Training neural net (pass 294)
Training neural net (pass 295)
Training neural net (pass 296)
Training neural net (pass 297)
Training neural net (pass 298)
Training neural net (pass 299)
Training neural net (pass 300)
Training neural net (pass 301)
Training neural net (pass 302)
Training neural net (pass 303)
Training neural net (pass 304)
Training neural net (pass 305)
Training neural net (pass 306)
Training neural net (pass 307)
Training neural net (pass 308)
Training neural net (pass 309)
Training neural net (pass 310)
Training neural net (pass 311)
Training neural net (pass 312)
Training neural net (pass 313)
Training neural net (pass 314)
Training neural net (pass 315)
Training neural net (pass 316)
Training neural net (pass 317)
Training neural net (pass 318)
Training neural net (pass 319)
Training neural net (pass 320)
Training neural net (pass 321)
Training neural net (pass 322)
Training neural net (pass 323)
Training neural net (pass 324)
Training neural net (pass 325)
Training neural net (pass 326)
Training neural net (pass 327)
Training neural net (pass 328)
Training neural net (pass 329)
Doing final combination to produce final.mdl
Getting average posterior for purposes of adjusting the priors.
Re-adjusting priors based on computed posteriors
Done
Cleaning up data
steps/nnet2/remove_egs.sh: Finished deleting examples in /home/samuel/wsj-pf-data/exp_augmented/nnet2_online/nnet_a_gpu_baseline_0.25_epoch/egs
steps/nnet2/decode.sh --nj 13 --cmd run.pl --mem 2G /home/samuel/wsj-pf-data/exp_augmented/tri4a/graph /home/samuel/wsj-pf-data/data/wsj/head_eval_test/5dB_hires /home/samuel/wsj-pf-data/exp_augmented/nnet2_online/nnet_a_gpu_baseline_0.25_epoch/decode_head_5dB
steps/nnet2/decode.sh: feature type is raw
run.pl: 13 / 13 failed, log is in /home/samuel/wsj-pf-data/exp_augmented/nnet2_online/nnet_a_gpu_baseline_0.25_epoch/decode_head_5dB/log/decode.*.log
