nohup: ignoring input
steps/align_fmllr.sh --nj 32 --cmd run.pl /home/samuel/museum-data/kaldi_data/1234 /home/samuel/museum-data/wsj-pfstar-with-museum /home/samuel/wsj-pf-data/exp_augmented/tri4a /home/samuel/wsj-pf-data/exp_augmented/tri4a_ali_museum
steps/align_fmllr.sh: feature type is lda
steps/align_fmllr.sh: compiling training graphs
steps/align_fmllr.sh: aligning data in /home/samuel/museum-data/kaldi_data/1234 using /home/samuel/wsj-pf-data/exp_augmented/tri4a/final.alimdl and speaker-independent features.
steps/align_fmllr.sh: computing fMLLR transforms
steps/align_fmllr.sh: doing final alignment.
steps/align_fmllr.sh: done aligning data.
23 warnings in /home/samuel/wsj-pf-data/exp_augmented/tri4a_ali_museum/log/fmllr.*.log
128 warnings in /home/samuel/wsj-pf-data/exp_augmented/tri4a_ali_museum/log/align_pass1.*.log
56 warnings in /home/samuel/wsj-pf-data/exp_augmented/tri4a_ali_museum/log/align_pass2.*.log
steps/train_sat.sh --cmd run.pl 4200 40000 /home/samuel/museum-data/kaldi_data/1234 /home/samuel/museum-data/wsj-pfstar-with-museum /home/samuel/wsj-pf-data/exp_augmented/tri4a_ali_museum /home/samuel/wsj-pf-data/exp_augmented/tri5a_museum
steps/train_sat.sh: feature type is lda
steps/train_sat.sh: Using transforms from /home/samuel/wsj-pf-data/exp_augmented/tri4a_ali_museum
steps/train_sat.sh: Accumulating tree stats
steps/train_sat.sh: Getting questions for tree clustering.
steps/train_sat.sh: Building the tree
steps/train_sat.sh: Initializing the model
WARNING (gmm-init-model:InitAmGmm():gmm-init-model.cc:55) Tree has pdf-id 1 with no stats; corresponding phone list: 6 7 8 9 10 
WARNING (gmm-init-model:InitAmGmm():gmm-init-model.cc:55) Tree has pdf-id 2 with no stats; corresponding phone list: 11 12 13 14 
WARNING (gmm-init-model:InitAmGmm():gmm-init-model.cc:55) Tree has pdf-id 3 with no stats; corresponding phone list: 15 16 17 18 
WARNING (gmm-init-model:InitAmGmm():gmm-init-model.cc:55) Tree has pdf-id 4 with no stats; corresponding phone list: 19 20 21 22 
WARNING (gmm-init-model:InitAmGmm():gmm-init-model.cc:55) Tree has pdf-id 5 with no stats; corresponding phone list: 23 24 25 26 
WARNING (gmm-init-model:InitAmGmm():gmm-init-model.cc:55) Tree has pdf-id 6 with no stats; corresponding phone list: 27 28 29 30 
WARNING (gmm-init-model:InitAmGmm():gmm-init-model.cc:55) Tree has pdf-id 7 with no stats; corresponding phone list: 31 32 33 34 
WARNING (gmm-init-model:InitAmGmm():gmm-init-model.cc:55) Tree has pdf-id 9 with no stats; corresponding phone list: 39 40 41 42 
WARNING (gmm-init-model:InitAmGmm():gmm-init-model.cc:55) Tree has pdf-id 10 with no stats; corresponding phone list: 43 44 45 46 
WARNING (gmm-init-model:InitAmGmm():gmm-init-model.cc:55) Tree has pdf-id 11 with no stats; corresponding phone list: 47 48 49 50 
WARNING (gmm-init-model:InitAmGmm():gmm-init-model.cc:55) Tree has pdf-id 12 with no stats; corresponding phone list: 51 52 53 54 
WARNING (gmm-init-model:InitAmGmm():gmm-init-model.cc:55) Tree has pdf-id 13 with no stats; corresponding phone list: 55 56 57 58 
WARNING (gmm-init-model:InitAmGmm():gmm-init-model.cc:55) Tree has pdf-id 14 with no stats; corresponding phone list: 59 60 61 62 
WARNING (gmm-init-model:InitAmGmm():gmm-init-model.cc:55) Tree has pdf-id 15 with no stats; corresponding phone list: 63 64 65 66 
WARNING (gmm-init-model:InitAmGmm():gmm-init-model.cc:55) Tree has pdf-id 16 with no stats; corresponding phone list: 67 68 69 70 
WARNING (gmm-init-model:InitAmGmm():gmm-init-model.cc:55) Tree has pdf-id 17 with no stats; corresponding phone list: 71 72 73 74 
WARNING (gmm-init-model:InitAmGmm():gmm-init-model.cc:55) Tree has pdf-id 18 with no stats; corresponding phone list: 75 76 77 78 
WARNING (gmm-init-model:InitAmGmm():gmm-init-model.cc:55) Tree has pdf-id 20 with no stats; corresponding phone list: 83 84 85 86 
WARNING (gmm-init-model:InitAmGmm():gmm-init-model.cc:55) Tree has pdf-id 21 with no stats; corresponding phone list: 87 88 89 90 
WARNING (gmm-init-model:InitAmGmm():gmm-init-model.cc:55) Tree has pdf-id 22 with no stats; corresponding phone list: 91 92 93 94 
WARNING (gmm-init-model:InitAmGmm():gmm-init-model.cc:55) Tree has pdf-id 23 with no stats; corresponding phone list: 95 96 97 98 
WARNING (gmm-init-model:InitAmGmm():gmm-init-model.cc:55) Tree has pdf-id 25 with no stats; corresponding phone list: 103 104 105 106 
WARNING (gmm-init-model:InitAmGmm():gmm-init-model.cc:55) Tree has pdf-id 27 with no stats; corresponding phone list: 111 112 113 114 
WARNING (gmm-init-model:InitAmGmm():gmm-init-model.cc:55) Tree has pdf-id 28 with no stats; corresponding phone list: 115 116 117 118 
WARNING (gmm-init-model:InitAmGmm():gmm-init-model.cc:55) Tree has pdf-id 29 with no stats; corresponding phone list: 119 120 121 122 
WARNING (gmm-init-model:InitAmGmm():gmm-init-model.cc:55) Tree has pdf-id 31 with no stats; corresponding phone list: 127 128 129 130 
WARNING (gmm-init-model:InitAmGmm():gmm-init-model.cc:55) Tree has pdf-id 32 with no stats; corresponding phone list: 131 132 133 134 
WARNING (gmm-init-model:InitAmGmm():gmm-init-model.cc:55) Tree has pdf-id 33 with no stats; corresponding phone list: 135 136 137 138 
WARNING (gmm-init-model:InitAmGmm():gmm-init-model.cc:55) Tree has pdf-id 34 with no stats; corresponding phone list: 139 140 141 142 
WARNING (gmm-init-model:InitAmGmm():gmm-init-model.cc:55) Tree has pdf-id 35 with no stats; corresponding phone list: 143 144 145 146 
WARNING (gmm-init-model:InitAmGmm():gmm-init-model.cc:55) Tree has pdf-id 36 with no stats; corresponding phone list: 147 148 149 150 
WARNING (gmm-init-model:InitAmGmm():gmm-init-model.cc:55) Tree has pdf-id 37 with no stats; corresponding phone list: 151 152 153 154 
WARNING (gmm-init-model:InitAmGmm():gmm-init-model.cc:55) Tree has pdf-id 38 with no stats; corresponding phone list: 155 156 157 158 
WARNING (gmm-init-model:InitAmGmm():gmm-init-model.cc:55) Tree has pdf-id 40 with no stats; corresponding phone list: 163 164 165 166 
WARNING (gmm-init-model:InitAmGmm():gmm-init-model.cc:55) Tree has pdf-id 52 with no stats; corresponding phone list: 211 212 213 214 
WARNING (gmm-init-model:InitAmGmm():gmm-init-model.cc:55) Tree has pdf-id 59 with no stats; corresponding phone list: 239 240 241 242 
WARNING (gmm-init-model:InitAmGmm():gmm-init-model.cc:55) Tree has pdf-id 70 with no stats; corresponding phone list: 283 284 285 286 
WARNING (gmm-init-model:InitAmGmm():gmm-init-model.cc:55) Tree has pdf-id 74 with no stats; corresponding phone list: 299 300 301 302 
WARNING (gmm-init-model:InitAmGmm():gmm-init-model.cc:55) Tree has pdf-id 77 with no stats; corresponding phone list: 311 312 313 314 
This is a bad warning.
steps/train_sat.sh: Converting alignments from /home/samuel/wsj-pf-data/exp_augmented/tri4a_ali_museum to use current tree
steps/train_sat.sh: Compiling graphs of transcripts
Pass 1
Pass 2
Estimating fMLLR transforms
Pass 3
Pass 4
Estimating fMLLR transforms
Pass 5
Pass 6
Estimating fMLLR transforms
Pass 7
Pass 8
Pass 9
Pass 10
Aligning data
Pass 11
Pass 12
Estimating fMLLR transforms
Pass 13
Pass 14
Pass 15
Pass 16
Pass 17
Pass 18
Pass 19
Pass 20
Aligning data
Pass 21
Pass 22
Pass 23
Pass 24
Pass 25
Pass 26
Pass 27
Pass 28
Pass 29
Pass 30
Aligning data
Pass 31
Pass 32
Pass 33
Pass 34
96 warnings in /home/samuel/wsj-pf-data/exp_augmented/tri5a_museum/log/fmllr.*.*.log
28 warnings in /home/samuel/wsj-pf-data/exp_augmented/tri5a_museum/log/align.*.*.log
39 warnings in /home/samuel/wsj-pf-data/exp_augmented/tri5a_museum/log/questions.log
3963 warnings in /home/samuel/wsj-pf-data/exp_augmented/tri5a_museum/log/update.*.log
73 warnings in /home/samuel/wsj-pf-data/exp_augmented/tri5a_museum/log/init_model.log
95 warnings in /home/samuel/wsj-pf-data/exp_augmented/tri5a_museum/log/est_alimdl.log
1 warnings in /home/samuel/wsj-pf-data/exp_augmented/tri5a_museum/log/build_tree.log
68 warnings in /home/samuel/wsj-pf-data/exp_augmented/tri5a_museum/log/acc.*.*.log
steps/train_sat.sh: Likelihood evolution:
-44.6673 -44.3979 -44.2866 -44.0418 -43.4274 -42.775 -42.385 -42.1005 -41.8423 -41.466 -41.1523 -40.6806 -40.3862 -40.1621 -39.966 -39.7897 -39.6292 -39.4919 -39.3636 -39.221 -39.0724 -38.9419 -38.804 -38.6447 -38.4794 -38.3063 -38.1344 -37.9609 -37.7931 -37.6272 -37.462 -37.3106 -37.1667 -37.0409 
Done
steps/decode_fmllr.sh --nj 32 --cmd run.pl --mem 2G /home/samuel/wsj-pf-data/exp_augmented/tri4a/graph_wsj_pf_museum /home/samuel/museum-data/kaldi_data/0 /home/samuel/wsj-pf-data/exp_augmented/tri5a_museum/decode_museum_0_wsj_pf_museum
Mismatch in number of pdfs with /home/samuel/wsj-pf-data/exp_augmented/tri5a_museum/final.alimdl
