# lattice-scale --inv-acoustic-scale=7 "ark:gunzip -c exp_augmented/nnet2_online/nnet_a_gpu_fast_online/decode_dt05_noisy/lat.*.gz|" ark:- | lattice-add-penalty --word-ins-penalty=0.5 ark:- ark:- | lattice-best-path --word-symbol-table=exp_augmented/tri4a/graph/words.txt ark:- ark,t:- | utils/int2sym.pl -f 2- exp_augmented/tri4a/graph/words.txt | local/wer_hyp_filter > exp_augmented/nnet2_online/nnet_a_gpu_fast_online/decode_dt05_noisy/scoring_kaldi/penalty_0.5/7.txt 
# Started at Mon Feb 27 09:19:34 GMT 2017
#
lattice-add-penalty --word-ins-penalty=0.5 ark:- ark:- 
lattice-scale --inv-acoustic-scale=7 'ark:gunzip -c exp_augmented/nnet2_online/nnet_a_gpu_fast_online/decode_dt05_noisy/lat.*.gz|' ark:- 
lattice-best-path --word-symbol-table=exp_augmented/tri4a/graph/words.txt ark:- ark,t:- 
LOG (lattice-best-path:main():lattice-best-path.cc:99) For utterance 050c0101_noisy, best cost 48.18 + -378.866 = -330.686 over 761 frames.
050c0101_noisy A LEADER 
LOG (lattice-best-path:main():lattice-best-path.cc:99) For utterance 050c0102_noisy, best cost 49.2489 + -424.376 = -375.127 over 858 frames.
050c0102_noisy HERE 
LOG (lattice-best-path:main():lattice-best-path.cc:99) For utterance 050c0103_noisy, best cost 38.1761 + -355.541 = -317.365 over 716 frames.
050c0103_noisy <UNK> 
LOG (lattice-best-path:main():lattice-best-path.cc:99) For utterance 050c0104_noisy, best cost 51.1264 + -443.548 = -392.422 over 897 frames.
050c0104_noisy BOTH 
LOG (lattice-best-path:main():lattice-best-path.cc:99) For utterance 050c0105_noisy, best cost 45.3963 + -332.027 = -286.631 over 734 frames.
050c0105_noisy BOTH 
LOG (lattice-best-path:main():lattice-best-path.cc:99) For utterance 050c0106_noisy, best cost 36.9707 + -247.834 = -210.863 over 534 frames.
050c0106_noisy BOTH 
LOG (lattice-best-path:main():lattice-best-path.cc:99) For utterance 050c0107_noisy, best cost 49.7996 + -416.427 = -366.628 over 936 frames.
050c0107_noisy HE SAID 
LOG (lattice-best-path:main():lattice-best-path.cc:99) For utterance 050c0108_noisy, best cost 40.3112 + -290.606 = -250.295 over 608 frames.
050c0108_noisy BOTH <UNK> 
LOG (lattice-best-path:main():lattice-best-path.cc:99) For utterance 050c0109_noisy, best cost 35.9194 + -297.91 = -261.991 over 638 frames.
050c0109_noisy <UNK> 
LOG (lattice-best-path:main():lattice-best-path.cc:99) For utterance 050c010a_noisy, best cost 24.792 + -162.21 = -137.418 over 361 frames.
050c010a_noisy <UNK> 
LOG (lattice-best-path:main():lattice-best-path.cc:99) For utterance 050c010b_noisy, best cost 59.4519 + -349.401 = -289.949 over 763 frames.
050c010b_noisy HERE THE STATE 
LOG (lattice-best-path:main():lattice-best-path.cc:99) For utterance 050c010c_noisy, best cost 21.5602 + -208.246 = -186.686 over 542 frames.
050c010c_noisy FOR YEARS 
LOG (lattice-best-path:main():lattice-best-path.cc:99) For utterance 050c010d_noisy, best cost 41.8448 + -358.993 = -317.148 over 639 frames.
050c010d_noisy <UNK> SAID YEARS 
LOG (lattice-best-path:main():lattice-best-path.cc:99) For utterance 050c010e_noisy, best cost 21.9718 + -342.406 = -320.434 over 763 frames.
050c010e_noisy FOR YEARS 
LOG (lattice-best-path:main():lattice-best-path.cc:99) For utterance 050c010f_noisy, best cost 19.6044 + -323.901 = -304.297 over 613 frames.
050c010f_noisy FEES 
LOG (lattice-best-path:main():lattice-best-path.cc:99) For utterance 050c010g_noisy, best cost 23.5344 + -455.817 = -432.283 over 681 frames.
050c010g_noisy WAS 
LOG (lattice-best-path:main():lattice-best-path.cc:99) For utterance 050c010h_noisy, best cost 22.6043 + -611.924 = -589.32 over 1024 frames.
050c010h_noisy WAS <UNK> 
LOG (lattice-best-path:main():lattice-best-path.cc:99) For utterance 050c010i_noisy, best cost 25.2624 + -252.539 = -227.276 over 547 frames.
050c010i_noisy WATCH 
LOG (lattice-best-path:main():lattice-best-path.cc:99) For utterance 050c010j_noisy, best cost 28.9519 + -228.605 = -199.653 over 470 frames.
050c010j_noisy <UNK> 
LOG (lattice-best-path:main():lattice-best-path.cc:99) For utterance 050c010k_noisy, best cost 38.3545 + -342.018 = -303.663 over 710 frames.
050c010k_noisy <UNK> 
LOG (lattice-best-path:main():lattice-best-path.cc:99) For utterance 050c010l_noisy, best cost 34.2827 + -291.425 = -257.143 over 612 frames.
050c010l_noisy <UNK> 
LOG (lattice-best-path:main():lattice-best-path.cc:99) For utterance 050c010m_noisy, best cost 90.2529 + -658.415 = -568.162 over 1194 frames.
050c010m_noisy SALE THEME 
LOG (lattice-best-path:main():lattice-best-path.cc:99) For utterance 050c010n_noisy, best cost 51.8329 + -369.468 = -317.635 over 638 frames.
050c010n_noisy THIN 
LOG (lattice-best-path:main():lattice-best-path.cc:99) For utterance 050c010o_noisy, best cost 36.4149 + -335.955 = -299.54 over 649 frames.
050c010o_noisy <UNK> WILL 
LOG (lattice-best-path:main():lattice-best-path.cc:99) For utterance 050c010p_noisy, best cost 31.6856 + -253.516 = -221.831 over 460 frames.
050c010p_noisy <UNK> WILL 
LOG (lattice-best-path:main():lattice-best-path.cc:99) For utterance 050c010q_noisy, best cost 24.6639 + -123.133 = -98.4693 over 233 frames.
050c010q_noisy SALE 
LOG (lattice-best-path:main():lattice-best-path.cc:99) For utterance 050c010r_noisy, best cost 37.1061 + -490.925 = -453.819 over 861 frames.
050c010r_noisy <UNK> THINGS 
LOG (lattice-best-path:main():lattice-best-path.cc:99) For utterance 050c010s_noisy, best cost 28.976 + -264.717 = -235.741 over 494 frames.
050c010s_noisy <UNK> WILL 
LOG (lattice-best-path:main():lattice-best-path.cc:99) For utterance 050c010t_noisy, best cost 19.9696 + -361.828 = -341.858 over 687 frames.
050c010t_noisy <UNK> 
LOG (lattice-best-path:main():lattice-best-path.cc:99) For utterance 050c010u_noisy, best cost 17.9738 + -530.105 = -512.132 over 1035 frames.
050c010u_noisy <UNK> 
LOG (lattice-best-path:main():lattice-best-path.cc:99) For utterance 050c010v_noisy, best cost 19.9612 + -402.283 = -382.322 over 696 frames.
050c010v_noisy WATCH 
LOG (lattice-best-path:main():lattice-best-path.cc:99) For utterance 050c010w_noisy, best cost 24.3006 + -304.123 = -279.823 over 453 frames.
050c010w_noisy A LAW 
LOG (lattice-best-path:main():lattice-best-path.cc:99) For utterance 050c010x_noisy, best cost 25.4851 + -159.582 = -134.097 over 309 frames.
050c010x_noisy A LAW 
LOG (lattice-best-path:main():lattice-best-path.cc:99) For utterance 050c010y_noisy, best cost 59.2194 + -616.55 = -557.33 over 1243 frames.
050c010y_noisy <UNK> 
LOG (lattice-best-path:main():lattice-best-path.cc:99) For utterance 050c010z_noisy, best cost 38.1375 + -295.028 = -256.891 over 604 frames.
050c010z_noisy A LAW <UNK> 
LOG (lattice-best-path:main():lattice-best-path.cc:99) For utterance 050c0110_noisy, best cost 36.1311 + -431.5 = -395.369 over 893 frames.
050c0110_noisy THOUGH 
LOG (lattice-best-path:main():lattice-best-path.cc:99) For utterance 050c0111_noisy, best cost 38.2677 + -337.746 = -299.478 over 710 frames.
050c0111_noisy <UNK> 
LOG (lattice-best-path:main():lattice-best-path.cc:99) For utterance 050c0112_noisy, best cost 35.5928 + -279.251 = -243.658 over 501 frames.
050c0112_noisy A I 
LOG (lattice-best-path:main():lattice-best-path.cc:99) For utterance 050c0113_noisy, best cost 25.725 + -332.87 = -307.145 over 670 frames.
050c0113_noisy THOUGH 
LOG (lattice-best-path:main():lattice-best-path.cc:99) For utterance 050c0114_noisy, best cost 38.0423 + -321.668 = -283.625 over 658 frames.
050c0114_noisy <UNK> THOUGH 
LOG (lattice-best-path:main():lattice-best-path.cc:99) For utterance 050c0115_noisy, best cost 36.3826 + -366.633 = -330.251 over 748 frames.
050c0115_noisy THE SALE 
LOG (lattice-best-path:main():lattice-best-path.cc:99) For utterance 050c0116_noisy, best cost 31.6957 + -170.73 = -139.034 over 325 frames.
050c0116_noisy A I 
LOG (lattice-best-path:main():lattice-best-path.cc:99) For utterance 423c0201_noisy, best cost 128.059 + -336.104 = -208.045 over 552 frames.
423c0201_noisy TAXPAYERS OF THE CHIEF ADVANTAGE THEY NEITHER CREDIT CARDS WOULD BE EXCHANGES 
LOG (lattice-best-path:main():lattice-best-path.cc:99) For utterance 423c0202_noisy, best cost 118.597 + -343.644 = -225.047 over 529 frames.
423c0202_noisy PAYMENTS CHARGED AS LATE AS APRIL FIFTEENTH WOULD BE THE I. R. S. SAYS 
LOG (lattice-best-path:main():lattice-best-path.cc:99) For utterance 423c0203_noisy, best cost 182.357 + -473.539 = -291.182 over 872 frames.
423c0203_noisy THE CASE TWO YEARS GENERALLY WOULD HAVE ANOTHER MONTH OF CREDIT CARD BILLS CAME TO ZERO FOR TOP MONEY MANAGERS 
LOG (lattice-best-path:main():lattice-best-path.cc:99) For utterance 423c0204_noisy, best cost 112.923 + -306.011 = -193.088 over 534 frames.
423c0204_noisy E. SOUTH OF ONLY TWO JAPANESE COMPANIES OR FIRE SALES RISE 
LOG (lattice-best-path:main():lattice-best-path.cc:99) For utterance 423c0205_noisy, best cost 92.3524 + -328.342 = -235.99 over 511 frames.
423c0205_noisy THE OTHER WAS MITSUBISHI MOTORS CORPORATION'S U. S. SALES OPERATION 
LOG (lattice-best-path:main():lattice-best-path.cc:99) For utterance 423c0206_noisy, best cost 235.278 + -654.539 = -419.262 over 1034 frames.
423c0206_noisy BOTH COMPANIES OFFERED DEALERS CASH INCENTIVES DURING THE MONTH BE SOFT THREE OF ITS FAST SELLING CARS AND MITSUBISHI ON ALTHOUGH <UNK> ADDS 
LOG (lattice-best-path:main():lattice-best-path.cc:99) For utterance 423c0207_noisy, best cost 138.079 + -404.039 = -265.96 over 619 frames.
423c0207_noisy REPRESENTATIVES FOR THE TWO IMPORTERS SAID THE PROGRAMS OF <UNK> NEW INCENTIVES HAPPENS 
LOG (lattice-best-path:main():lattice-best-path.cc:99) For utterance 423c0208_noisy, best cost 91.9679 + -281.698 = -189.73 over 389 frames.
423c0208_noisy PEOPLE DON'T VOTE PRIMARILY ON THE BASIS OF ISSUES HE SAYS 
LOG (lattice-best-path:main():lattice-best-path.cc:99) For utterance 423c0209_noisy, best cost 64.1063 + -168.15 = -104.044 over 286 frames.
423c0209_noisy THEY VOTE ON A SENSE OF LEADERSHIP 
LOG (lattice-best-path:main():lattice-best-path.cc:99) For utterance 423c020a_noisy, best cost 122.235 + -304.73 = -182.495 over 572 frames.
423c020a_noisy IT WON INDEPENDENCE SEE US AS DIRECTION OF CURRENCIES FRIDAY THINGS 
LOG (lattice-best-path:main():lattice-best-path.cc:99) For utterance 423c020b_noisy, best cost 91.0354 + -262.909 = -171.873 over 461 frames.
423c020b_noisy MY POSITION ON CONTRA AID IS ON <UNK> BOTH ACTIONS 
LOG (lattice-best-path:main():lattice-best-path.cc:99) For utterance 423c020c_noisy, best cost 205.061 + -599.071 = -394.011 over 918 frames.
423c020c_noisy PRIOR TO THE FILING THE COMPANY SAID IT HAD BEEN ATTEMPTING TO SETTLE ITS STAFF WITH CREDITORS AND TO GAIN ADDITIONAL BANK FINANCING TO CONTINUE GROWING OPERATIONS 
LOG (lattice-best-path:main():lattice-best-path.cc:99) For utterance 423c020d_noisy, best cost 80.9808 + -246.18 = -165.199 over 341 frames.
423c020d_noisy <UNK> ALL SETTLEMENT TALKS C. STAFF <UNK> FILES 
LOG (lattice-best-path:main():lattice-best-path.cc:99) For utterance 423c020e_noisy, best cost 116.253 + -430.589 = -314.337 over 610 frames.
423c020e_noisy THE COMPANY SAID IT HASN'T BEEN ABLE TO OBTAIN THE BANK FINANCING FOR THE CAN <UNK> OPERATIONS 
LOG (lattice-best-path:main():lattice-best-path.cc:99) For utterance 423c020f_noisy, best cost 147.435 + -372.059 = -224.624 over 599 frames.
423c020f_noisy THE COMPANY HAS THIRTY THIRD CHOICE STORES AROUND THE MAN WHO ASKED IN SOUTHEAST THURSDAY'S 
LOG (lattice-best-path:main():lattice-best-path.cc:99) For utterance 423c020g_noisy, best cost 141.45 + -421.828 = -280.378 over 670 frames.
423c020g_noisy THE LATEST GOVERNMENT FIGURES <UNK> SHOW THE PRODUCER PRICE <UNK> FELL ZERO POINT TWO PERCENT LAST <UNK> 
LOG (lattice-best-path:main():lattice-best-path.cc:99) For utterance 423c020h_noisy, best cost 117.057 + -375.999 = -258.943 over 711 frames.
423c020h_noisy AFTER EXCLUDING FOOD AND ENERGY THIRD OF ALL <UNK> PRICES ROSE <UNK> THREE YEARS 
LOG (lattice-best-path:main():lattice-best-path.cc:99) For utterance 423c020i_noisy, best cost 43.1467 + -215.561 = -172.415 over 525 frames.
423c020i_noisy SOMETHING OF HIS 
LOG (lattice-best-path:main():lattice-best-path.cc:99) For utterance 423c020j_noisy, best cost 27.8344 + -211.715 = -183.881 over 458 frames.
423c020j_noisy <UNK> <UNK> THINGS 
LOG (lattice-best-path:main():lattice-best-path.cc:99) For utterance 423c020k_noisy, best cost 53.2872 + -259.893 = -206.605 over 548 frames.
423c020k_noisy <UNK> G. THINKING <UNK> 
LOG (lattice-best-path:main():lattice-best-path.cc:99) For utterance 423c020l_noisy, best cost 80.2658 + -329.435 = -249.169 over 648 frames.
423c020l_noisy THE THEORY THINK CREDITORS EIGHTH <UNK> 
LOG (lattice-best-path:main():lattice-best-path.cc:99) For utterance 423c020m_noisy, best cost 25.712 + -108.064 = -82.3523 over 220 frames.
423c020m_noisy <UNK> H. <UNK> 
LOG (lattice-best-path:main():lattice-best-path.cc:99) For utterance 423c020n_noisy, best cost 69.4525 + -396.774 = -327.321 over 732 frames.
423c020n_noisy <UNK> PRICES HAS A THEORY EIGHTH 
LOG (lattice-best-path:main():lattice-best-path.cc:99) For utterance 423c020o_noisy, best cost 28.4323 + -175.699 = -147.267 over 287 frames.
423c020o_noisy <UNK> YOUTH 
LOG (lattice-best-path:main():lattice-best-path.cc:99) For utterance 423c020p_noisy, best cost 37.9384 + -232.533 = -194.595 over 477 frames.
423c020p_noisy A THIN <UNK> <UNK> 
LOG (lattice-best-path:main():lattice-best-path.cc:99) For utterance 423c020q_noisy, best cost 42.0293 + -268.386 = -226.357 over 553 frames.
423c020q_noisy HE'S ESTABLISH 
LOG (lattice-best-path:main():lattice-best-path.cc:99) For utterance 423c020r_noisy, best cost 52.8064 + -352.452 = -299.646 over 628 frames.
423c020r_noisy <UNK> <UNK> THEME 
LOG (lattice-best-path:main():lattice-best-path.cc:99) For utterance 423c020s_noisy, best cost 69.2169 + -475.078 = -405.861 over 814 frames.
423c020s_noisy <UNK> THINKING EIGHTH <UNK> 
LOG (lattice-best-path:main():lattice-best-path.cc:99) For utterance 423c020t_noisy, best cost 31.6155 + -263.127 = -231.511 over 566 frames.
423c020t_noisy BOTH <UNK> 
LOG (lattice-best-path:main():lattice-best-path.cc:99) For utterance 423c020u_noisy, best cost 40.0279 + -337.684 = -297.656 over 677 frames.
423c020u_noisy HE THINKS <UNK> 
LOG (lattice-best-path:main():lattice-best-path.cc:99) For utterance 423c020v_noisy, best cost 33.2629 + -183.028 = -149.765 over 356 frames.
423c020v_noisy HE THOUGHT <UNK> 
LOG (lattice-best-path:main():lattice-best-path.cc:99) For utterance 423c020w_noisy, best cost 34.2228 + -255.082 = -220.859 over 512 frames.
423c020w_noisy BOTH <UNK> 
LOG (lattice-best-path:main():lattice-best-path.cc:99) For utterance 423c020x_noisy, best cost 42.3127 + -310.129 = -267.816 over 669 frames.
423c020x_noisy BOTH <UNK> <UNK> <UNK> 
LOG (lattice-best-path:main():lattice-best-path.cc:99) For utterance 423c020y_noisy, best cost 53.0167 + -426.279 = -373.263 over 975 frames.
423c020y_noisy A THIN <UNK> 
LOG (lattice-best-path:main():lattice-best-path.cc:99) For utterance 423c020z_noisy, best cost 28.4185 + -447.663 = -419.245 over 810 frames.
423c020z_noisy A LAW 
LOG (lattice-best-path:main():lattice-best-path.cc:99) For utterance 423c0210_noisy, best cost 24.9763 + -315.111 = -290.135 over 512 frames.
423c0210_noisy A LAW 
LOG (lattice-best-path:main():lattice-best-path.cc:99) For utterance 423c0211_noisy, best cost 19.366 + -190.664 = -171.298 over 398 frames.
423c0211_noisy WATCH 
LOG (lattice-best-path:main():lattice-best-path.cc:99) For utterance 423c0212_noisy, best cost 27.2924 + -416.432 = -389.139 over 712 frames.
423c0212_noisy A LAW 
LOG (lattice-best-path:main():lattice-best-path.cc:99) For utterance 423c0213_noisy, best cost 25.6313 + -218.114 = -192.483 over 403 frames.
423c0213_noisy A LOT 
LOG (lattice-best-path:main():lattice-best-path.cc:99) For utterance 423c0214_noisy, best cost 69.0273 + -474.733 = -405.706 over 1114 frames.
423c0214_noisy WAS HE THOUGHT GROWTH <UNK> 
LOG (lattice-best-path:main():lattice-best-path.cc:99) For utterance 423c0215_noisy, best cost 88.6826 + -330.129 = -241.446 over 712 frames.
423c0215_noisy THINKING EIGHTH LARGE HE THOUGHT <UNK> 
LOG (lattice-best-path:main():lattice-best-path.cc:99) For utterance 423c0216_noisy, best cost 70.1953 + -309.772 = -239.577 over 611 frames.
423c0216_noisy <UNK> SAID HE THOUGHT <UNK> WORKING WITH <UNK> 
LOG (lattice-best-path:main():lattice-best-path.cc:99) For utterance 051c0101_noisy, best cost 111.359 + -319.951 = -208.592 over 561 frames.
051c0101_noisy A LOOK CLEARLY HE ADVOCATES THINK FARM POLICY THINGS 
LOG (lattice-best-path:main():lattice-best-path.cc:99) For utterance 051c0102_noisy, best cost 51.8778 + -185.464 = -133.586 over 382 frames.
051c0102_noisy THESE U. S. OR 
LOG (lattice-best-path:main():lattice-best-path.cc:99) For utterance 051c0103_noisy, best cost 53.5908 + -191.862 = -138.271 over 381 frames.
051c0103_noisy THOUGHT ABOUT SOUTH AFRICA 
LOG (lattice-best-path:main():lattice-best-path.cc:99) For utterance 051c0104_noisy, best cost 42.1383 + -186.599 = -144.461 over 342 frames.
051c0104_noisy HALF OF GROWTH 
LOG (lattice-best-path:main():lattice-best-path.cc:99) For utterance 051c0105_noisy, best cost 84.8471 + -436.061 = -351.214 over 932 frames.
051c0105_noisy THE BOND MARKET PRICES OF MOST OF <UNK> 
LOG (lattice-best-path:main():lattice-best-path.cc:99) For utterance 051c0106_noisy, best cost 165.441 + -527.66 = -362.219 over 996 frames.
051c0106_noisy ACT TRADE YEAR BAR PROFIT GROWTH FOR A TEN DOLLAR ONE THOUSAND DOLLAR FACE 
LOG (lattice-best-path:main():lattice-best-path.cc:99) For utterance 051c0107_noisy, best cost 38.1958 + -271.809 = -233.613 over 545 frames.
051c0107_noisy CORPORATE BOND PRICES 
LOG (lattice-best-path:main():lattice-best-path.cc:99) For utterance 051c0108_noisy, best cost 81.9018 + -263.238 = -181.336 over 550 frames.
051c0108_noisy WITH AUTHORITY WHICH IT <UNK> BOTH DEALS 
LOG (lattice-best-path:main():lattice-best-path.cc:99) For utterance 051c0109_noisy, best cost 53.8782 + -365.385 = -311.507 over 816 frames.
051c0109_noisy BOTH <UNK> PRIZE 
LOG (lattice-best-path:main():lattice-best-path.cc:99) For utterance 051c010a_noisy, best cost 102.141 + -384.339 = -282.197 over 800 frames.
051c010a_noisy HE THOUGHT THE MERC THOUGHT GROWTH OF GROWTH 
LOG (lattice-best-path:main():lattice-best-path.cc:99) For utterance 051c010b_noisy, best cost 177.97 + -766.143 = -588.174 over 1571 frames.
051c010b_noisy THE VOTE WERE DROPPED FOR ONE THING HE SAID OUR ONE HUNDRED NINETY THREE PART <UNK> 
LOG (lattice-best-path:main():lattice-best-path.cc:99) For utterance 051c010c_noisy, best cost 114.482 + -334.38 = -219.898 over 667 frames.
051c010c_noisy APPLE PRIDE ISSUE HERE IS A GROWTH <UNK> CROP 
LOG (lattice-best-path:main():lattice-best-path.cc:99) For utterance 051c010d_noisy, best cost 154.873 + -560.934 = -406.06 over 1230 frames.
051c010d_noisy YESTERDAY'S RALLY THEME PARK GROWTH IN BOTH <UNK> WITH A RISE FROM THE FORTY 
LOG (lattice-best-path:main():lattice-best-path.cc:99) For utterance 051c010e_noisy, best cost 27.1248 + -330.039 = -302.914 over 698 frames.
051c010e_noisy A LAW 
LOG (lattice-best-path:main():lattice-best-path.cc:99) For utterance 051c010f_noisy, best cost 18.8367 + -329.556 = -310.719 over 592 frames.
051c010f_noisy WATCH 
LOG (lattice-best-path:main():lattice-best-path.cc:99) For utterance 051c010g_noisy, best cost 68.2976 + -509.582 = -441.284 over 919 frames.
051c010g_noisy WAS <UNK> THEME OF <UNK> 
LOG (lattice-best-path:main():lattice-best-path.cc:99) For utterance 051c010h_noisy, best cost 50.6771 + -376.577 = -325.9 over 719 frames.
051c010h_noisy <UNK> THOUGHT <UNK> 
LOG (lattice-best-path:main():lattice-best-path.cc:99) For utterance 051c010i_noisy, best cost 51.9432 + -447.13 = -395.187 over 858 frames.
051c010i_noisy <UNK> BOTH 
LOG (lattice-best-path:main():lattice-best-path.cc:99) For utterance 051c010j_noisy, best cost 58.514 + -650.347 = -591.833 over 1305 frames.
051c010j_noisy BOTH 
LOG (lattice-best-path:main():lattice-best-path.cc:99) For utterance 051c010k_noisy, best cost 57.4039 + -485.771 = -428.367 over 779 frames.
051c010k_noisy THIN 
LOG (lattice-best-path:main():lattice-best-path.cc:99) For utterance 051c010l_noisy, best cost 37.2605 + -439.301 = -402.041 over 727 frames.
051c010l_noisy BOTH 
LOG (lattice-best-path:main():lattice-best-path.cc:99) For utterance 051c010m_noisy, best cost 36.9134 + -430.623 = -393.709 over 718 frames.
051c010m_noisy BOTH <UNK> 
LOG (lattice-best-path:main():lattice-best-path.cc:99) For utterance 051c010n_noisy, best cost 43.7704 + -534.964 = -491.193 over 938 frames.
051c010n_noisy <UNK> WITH <UNK> 
LOG (lattice-best-path:main():lattice-best-path.cc:99) For utterance 051c010o_noisy, best cost 62.188 + -525.323 = -463.135 over 964 frames.
051c010o_noisy BOTH <UNK> HE'LL <UNK> 
LOG (lattice-best-path:main():lattice-best-path.cc:99) For utterance 051c010p_noisy, best cost 48.0501 + -577.975 = -529.925 over 1132 frames.
051c010p_noisy <UNK> HE THOUGHT 
LOG (lattice-best-path:main():lattice-best-path.cc:99) For utterance 051c010q_noisy, best cost 31.3857 + -420.221 = -388.835 over 619 frames.
051c010q_noisy A I 
LOG (lattice-best-path:main():lattice-best-path.cc:99) For utterance 051c010r_noisy, best cost 30.4804 + -696.432 = -665.952 over 988 frames.
051c010r_noisy A LAW 
LOG (lattice-best-path:main():lattice-best-path.cc:99) For utterance 051c010s_noisy, best cost 31.2214 + -407.673 = -376.452 over 808 frames.
051c010s_noisy A LAW 
LOG (lattice-best-path:main():lattice-best-path.cc:99) For utterance 051c010t_noisy, best cost 18.7138 + -226.92 = -208.206 over 516 frames.
051c010t_noisy WATCH 
LOG (lattice-best-path:main():lattice-best-path.cc:99) For utterance 051c010u_noisy, best cost 26.278 + -172.097 = -145.819 over 378 frames.
051c010u_noisy A LAW <UNK> 
LOG (lattice-best-path:main():lattice-best-path.cc:99) For utterance 051c010v_noisy, best cost 72.6609 + -553.375 = -480.714 over 1095 frames.
051c010v_noisy <UNK> THEORY AUTHORITIES 
LOG (lattice-best-path:main():lattice-best-path.cc:99) For utterance 051c010w_noisy, best cost 52.0713 + -341.777 = -289.706 over 725 frames.
051c010w_noisy <UNK> HE THOUGHT <UNK> 
LOG (lattice-best-path:main():lattice-best-path.cc:99) For utterance 051c010x_noisy, best cost 69.4354 + -463.951 = -394.515 over 989 frames.
051c010x_noisy <UNK> <UNK> THE THOUGHT <UNK> REAL 
LOG (lattice-best-path:main():lattice-best-path.cc:99) For utterance 051c010y_noisy, best cost 50.8939 + -366 = -315.107 over 839 frames.
051c010y_noisy <UNK> <UNK> THOUGHT 
LOG (lattice-best-path:main():lattice-best-path.cc:99) For utterance 051c010z_noisy, best cost 30.6695 + -282.407 = -251.737 over 557 frames.
051c010z_noisy A I 
LOG (lattice-best-path:main():lattice-best-path.cc:99) For utterance 051c0110_noisy, best cost 48.0147 + -298.358 = -250.344 over 547 frames.
051c0110_noisy SALE OF BOTH 
LOG (lattice-best-path:main():lattice-best-path.cc:99) For utterance 051c0111_noisy, best cost 45.4013 + -227.762 = -182.361 over 454 frames.
051c0111_noisy ALARM THING 
LOG (lattice-best-path:main():lattice-best-path.cc:99) For utterance 051c0112_noisy, best cost 48.891 + -350.58 = -301.689 over 641 frames.
051c0112_noisy BOTH <UNK> GROWTH 
LOG (lattice-best-path:main():lattice-best-path.cc:99) For utterance 051c0113_noisy, best cost 38.7996 + -281.334 = -242.534 over 514 frames.
051c0113_noisy MANY THOUGHT 
LOG (lattice-best-path:main():lattice-best-path.cc:99) For utterance 051c0114_noisy, best cost 68.367 + -520.918 = -452.551 over 1022 frames.
051c0114_noisy BOTH <UNK> HAD THOUGHT 
LOG (lattice-best-path:main():lattice-best-path.cc:99) For utterance 051c0115_noisy, best cost 48.5699 + -405.83 = -357.26 over 753 frames.
051c0115_noisy SOUTH <UNK> DEAL 
LOG (lattice-best-path:main():lattice-best-path.cc:99) For utterance 052c0101_noisy, best cost 133.659 + -434.183 = -300.523 over 905 frames.
052c0101_noisy A LEVERAGED ECONOMY HAS ALSO HELPED AND HAS <UNK> TO SERVE FOLLOWED 
LOG (lattice-best-path:main():lattice-best-path.cc:99) For utterance 052c0102_noisy, best cost 99.6098 + -520.676 = -421.067 over 1113 frames.
052c0102_noisy FOR EXAMPLE LIKE FOR ABOUT HALF YEARS 
LOG (lattice-best-path:main():lattice-best-path.cc:99) For utterance 052c0103_noisy, best cost 141.676 + -417.826 = -276.151 over 837 frames.
052c0103_noisy WITH SUCH KNOWLEDGE MATTERS BETTER DETERMINE WORK HERE WITH A LOSS 
LOG (lattice-best-path:main():lattice-best-path.cc:99) For utterance 052c0104_noisy, best cost 107.62 + -339.085 = -231.465 over 731 frames.
052c0104_noisy STERLING DRUG FOR A QUARTERLY DIVIDEND THIRTY EIGHTH TO THIRTY THREE 
LOG (lattice-best-path:main():lattice-best-path.cc:99) For utterance 052c0105_noisy, best cost 142.799 + -430.766 = -287.966 over 854 frames.
052c0105_noisy NEW YORK PROXY VOTES FOR PRODUCTS CONCERN SAID THE RATE WAS THE FOURTH PROFIT GROWTH 
LOG (lattice-best-path:main():lattice-best-path.cc:99) For utterance 052c0106_noisy, best cost 78.7505 + -229.976 = -151.225 over 454 frames.
052c0106_noisy THE DIVIDEND IS PAYABLE JUNE FIRST TO STOCK OF RECORD MAY SAID 
LOG (lattice-best-path:main():lattice-best-path.cc:99) For utterance 052c0107_noisy, best cost 133.41 + -314.401 = -180.991 over 660 frames.
052c0107_noisy REGIONAL BANKS HERE BOTH IT ALSO TAX THAT THE PRESSURE ON THE MATTER 
LOG (lattice-best-path:main():lattice-best-path.cc:99) For utterance 052c0108_noisy, best cost 89.672 + -260.107 = -170.435 over 445 frames.
052c0108_noisy HE ALSO TO BANK BOTH FOR LOAN LOSS RESERVE 
LOG (lattice-best-path:main():lattice-best-path.cc:99) For utterance 052c0109_noisy, best cost 72.8351 + -226.587 = -153.752 over 508 frames.
052c0109_noisy MEANWHILE TEXACO THINK THAT WHEN HE SAID 
LOG (lattice-best-path:main():lattice-best-path.cc:99) For utterance 052c010a_noisy, best cost 147.955 + -365.26 = -217.305 over 635 frames.
052c010a_noisy THE HUDSON SAID MR. SELLS IT HAPPENED FOR EQUITY THING THE COMPANY HE IS <UNK> 
LOG (lattice-best-path:main():lattice-best-path.cc:99) For utterance 052c010b_noisy, best cost 158.198 + -451.203 = -293.005 over 734 frames.
052c010b_noisy MR. SELLS WASN'T AVAILABLE FOR COMMENT SAID A STATE OF ALL WITH WATER RUN MY OWN COMPANY 
LOG (lattice-best-path:main():lattice-best-path.cc:99) For utterance 052c010c_noisy, best cost 69.835 + -156.153 = -86.3185 over 303 frames.
052c010c_noisy NOW I GET <UNK> AND VARIOUS SIDE 
LOG (lattice-best-path:main():lattice-best-path.cc:99) For utterance 052c010d_noisy, best cost 172.493 + -445.829 = -273.336 over 792 frames.
052c010d_noisy OF THE TOTAL FACE AMOUNT OUTSTANDING WHILE WESTERN UNION THE EIGHTEENTH <UNK> OR SO TENTH OF THURSDAY 
LOG (lattice-best-path:main():lattice-best-path.cc:99) For utterance 052c010e_noisy, best cost 100.775 + -256.565 = -155.79 over 468 frames.
052c010e_noisy THE SWAP OFFER APART LEAST EIGHTY PERCENT OF THE TOTAL WEEK 
LOG (lattice-best-path:main():lattice-best-path.cc:99) For utterance 052c010f_noisy, best cost 23.5439 + -212.496 = -188.952 over 388 frames.
052c010f_noisy A LAW 
LOG (lattice-best-path:main():lattice-best-path.cc:99) For utterance 052c010g_noisy, best cost 45.203 + -479.156 = -433.953 over 1046 frames.
052c010g_noisy WANT THINGS 
LOG (lattice-best-path:main():lattice-best-path.cc:99) For utterance 052c010h_noisy, best cost 63.6761 + -434.633 = -370.957 over 878 frames.
052c010h_noisy THINKING EIGHTH <UNK> 
LOG (lattice-best-path:main():lattice-best-path.cc:99) For utterance 052c010i_noisy, best cost 62.2677 + -373.516 = -311.248 over 822 frames.
052c010i_noisy GROWTH OF BOTH <UNK> 
LOG (lattice-best-path:main():lattice-best-path.cc:99) For utterance 052c010j_noisy, best cost 68.8291 + -535.823 = -466.994 over 1046 frames.
052c010j_noisy A I THINK GROWTH <UNK> 
LOG (lattice-best-path:main():lattice-best-path.cc:99) For utterance 052c010k_noisy, best cost 26.5872 + -174.156 = -147.568 over 402 frames.
052c010k_noisy A LAW 
LOG (lattice-best-path:main():lattice-best-path.cc:99) For utterance 052c010l_noisy, best cost 27.2926 + -408.782 = -381.49 over 766 frames.
052c010l_noisy A LOT 
LOG (lattice-best-path:main():lattice-best-path.cc:99) For utterance 052c010m_noisy, best cost 58.6733 + -508.915 = -450.242 over 931 frames.
052c010m_noisy THEME 
LOG (lattice-best-path:main():lattice-best-path.cc:99) For utterance 052c010n_noisy, best cost 39.3522 + -305.534 = -266.182 over 609 frames.
052c010n_noisy SOUTH <UNK> 
LOG (lattice-best-path:main():lattice-best-path.cc:99) For utterance 052c010o_noisy, best cost 25.8485 + -301.103 = -275.255 over 587 frames.
052c010o_noisy A LAW 
LOG (lattice-best-path:main():lattice-best-path.cc:99) For utterance 052c010p_noisy, best cost 52.0954 + -363.472 = -311.376 over 787 frames.
052c010p_noisy <UNK> <UNK> BOTH <UNK> 
LOG (lattice-best-path:main():lattice-best-path.cc:99) For utterance 052c010q_noisy, best cost 46.6766 + -298.831 = -252.154 over 620 frames.
052c010q_noisy HE <UNK> BOTH 
LOG (lattice-best-path:main():lattice-best-path.cc:99) For utterance 052c010r_noisy, best cost 20.3104 + -145.013 = -124.702 over 318 frames.
052c010r_noisy <UNK> <UNK> 
LOG (lattice-best-path:main():lattice-best-path.cc:99) For utterance 052c010s_noisy, best cost 27.2404 + -180.644 = -153.403 over 339 frames.
052c010s_noisy BOTH <UNK> 
LOG (lattice-best-path:main():lattice-best-path.cc:99) For utterance 052c010t_noisy, best cost 26.0124 + -369.57 = -343.558 over 607 frames.
052c010t_noisy A LOT 
LOG (lattice-best-path:main():lattice-best-path.cc:99) For utterance 052c010u_noisy, best cost 30.9467 + -397.466 = -366.519 over 581 frames.
052c010u_noisy A I 
LOG (lattice-best-path:main():lattice-best-path.cc:99) For utterance 052c010v_noisy, best cost 27.4944 + -597.983 = -570.488 over 730 frames.
052c010v_noisy A LAW 
LOG (lattice-best-path:main():lattice-best-path.cc:99) For utterance 052c010w_noisy, best cost 32.9913 + -650.409 = -617.418 over 758 frames.
052c010w_noisy A I 
LOG (lattice-best-path:main():lattice-best-path.cc:99) For utterance 052c010x_noisy, best cost 27.2386 + -407.456 = -380.218 over 574 frames.
052c010x_noisy A LAW 
LOG (lattice-best-path:main():lattice-best-path.cc:99) For utterance 052c010y_noisy, best cost 24.705 + -164.227 = -139.522 over 280 frames.
052c010y_noisy A LAW 
LOG (lattice-best-path:main():lattice-best-path.cc:99) For utterance 052c010z_noisy, best cost 23.7858 + -345.243 = -321.457 over 549 frames.
052c010z_noisy A LOT 
LOG (lattice-best-path:main():lattice-best-path.cc:99) For utterance 052c0110_noisy, best cost 24.0169 + -401.061 = -377.044 over 569 frames.
052c0110_noisy A LOT 
LOG (lattice-best-path:main():lattice-best-path.cc:99) For utterance 052c0111_noisy, best cost 38.5945 + -299.572 = -260.977 over 598 frames.
052c0111_noisy A LUCKY 
LOG (lattice-best-path:main():lattice-best-path.cc:99) For utterance 052c0112_noisy, best cost 34.6472 + -522.228 = -487.581 over 1054 frames.
052c0112_noisy A LAW 
LOG (lattice-best-path:main():lattice-best-path.cc:99) For utterance 052c0113_noisy, best cost 27.5753 + -418.023 = -390.447 over 583 frames.
052c0113_noisy A LAW 
LOG (lattice-best-path:main():lattice-best-path.cc:99) For utterance 052c0114_noisy, best cost 29.6088 + -490.304 = -460.695 over 837 frames.
052c0114_noisy A LAW 
LOG (lattice-best-path:main():lattice-best-path.cc:99) For utterance 052c0115_noisy, best cost 30.2988 + -280.786 = -250.488 over 467 frames.
052c0115_noisy A I <UNK> 
LOG (lattice-best-path:main():lattice-best-path.cc:99) For utterance 052c0116_noisy, best cost 26.2297 + -355.09 = -328.86 over 620 frames.
052c0116_noisy A LAW 
LOG (lattice-best-path:main():lattice-best-path.cc:99) For utterance 053c0101_noisy, best cost 90.7862 + -352.559 = -261.773 over 691 frames.
053c0101_noisy A I HEALTH <UNK> LAST MONTH A HALF HOUR 
LOG (lattice-best-path:main():lattice-best-path.cc:99) For utterance 053c0102_noisy, best cost 66.137 + -202.61 = -136.473 over 487 frames.
053c0102_noisy A FEDERAL LAW THE JUSTICE DEPARTMENT OF HEALTH 
LOG (lattice-best-path:main():lattice-best-path.cc:99) For utterance 053c0103_noisy, best cost 41.7928 + -240.107 = -198.314 over 523 frames.
053c0103_noisy BOTH ARE <UNK> 
LOG (lattice-best-path:main():lattice-best-path.cc:99) For utterance 053c0104_noisy, best cost 42.283 + -212.223 = -169.94 over 492 frames.
053c0104_noisy IN ADDITION <UNK> SAID 
LOG (lattice-best-path:main():lattice-best-path.cc:99) For utterance 053c0105_noisy, best cost 52.9705 + -363.119 = -310.149 over 877 frames.
053c0105_noisy FOR THEM 
LOG (lattice-best-path:main():lattice-best-path.cc:99) For utterance 053c0106_noisy, best cost 94.0495 + -370.606 = -276.556 over 881 frames.
053c0106_noisy ONE OF THE <UNK> THEORY AUTHORITY GROWTH <UNK> 
LOG (lattice-best-path:main():lattice-best-path.cc:99) For utterance 053c0107_noisy, best cost 156.437 + -404.513 = -248.077 over 860 frames.
053c0107_noisy I. B. M. P. C.S JUDGE HERE PRICED HIGHER FRIDAY G. E. THINGS RIGHT HE SAYS 
LOG (lattice-best-path:main():lattice-best-path.cc:99) For utterance 053c0108_noisy, best cost 53.0862 + -184.926 = -131.84 over 403 frames.
053c0108_noisy IT HAD THOUGHT BAD 
LOG (lattice-best-path:main():lattice-best-path.cc:99) For utterance 053c0109_noisy, best cost 92.1784 + -318.304 = -226.125 over 753 frames.
053c0109_noisy HE THOUGHT <UNK> BE THOUGHT HE THOUGHT THINGS 
LOG (lattice-best-path:main():lattice-best-path.cc:99) For utterance 053c010a_noisy, best cost 82.6466 + -332.764 = -250.117 over 776 frames.
053c010a_noisy AND THE IDEA THAT HE THOUGHT HE ADDED 
LOG (lattice-best-path:main():lattice-best-path.cc:99) For utterance 053c010b_noisy, best cost 135.45 + -441.58 = -306.13 over 948 frames.
053c010b_noisy AT A THREE YEAR TREASURY BONDS PLUNGED THIRTY DOLLARS EACH DOLLAR THESE 
LOG (lattice-best-path:main():lattice-best-path.cc:99) For utterance 053c010c_noisy, best cost 97.9117 + -275.708 = -177.797 over 519 frames.
053c010c_noisy PRICES WERE DOWN THREE DAY THURSDAY GROWTH LATELY 
LOG (lattice-best-path:main():lattice-best-path.cc:99) For utterance 053c010d_noisy, best cost 140.619 + -389.907 = -249.288 over 842 frames.
053c010d_noisy THE OFFER LATER YEAR TREASURY <UNK> G. THINKING HE SAID HE THOUGHT SAYS 
LOG (lattice-best-path:main():lattice-best-path.cc:99) For utterance 053c010e_noisy, best cost 110.996 + -509.923 = -398.927 over 1110 frames.
053c010e_noisy THE HUGE IS TRYING TO REACH AGE RANGE MARGINS 
LOG (lattice-best-path:main():lattice-best-path.cc:99) For utterance 053c010f_noisy, best cost 34.0338 + -362.16 = -328.126 over 748 frames.
053c010f_noisy TAKING HIS 
LOG (lattice-best-path:main():lattice-best-path.cc:99) For utterance 053c010g_noisy, best cost 20.0616 + -211.169 = -191.107 over 360 frames.
053c010g_noisy THINGS 
LOG (lattice-best-path:main():lattice-best-path.cc:99) For utterance 053c010h_noisy, best cost 53.2998 + -496.344 = -443.044 over 996 frames.
053c010h_noisy BOTH <UNK> 
LOG (lattice-best-path:main():lattice-best-path.cc:99) For utterance 053c010i_noisy, best cost 45.0688 + -382.009 = -336.94 over 830 frames.
053c010i_noisy <UNK> 
LOG (lattice-best-path:main():lattice-best-path.cc:99) For utterance 053c010j_noisy, best cost 42.35 + -386.103 = -343.754 over 802 frames.
053c010j_noisy <UNK> 
LOG (lattice-best-path:main():lattice-best-path.cc:99) For utterance 053c010k_noisy, best cost 42.7879 + -341.932 = -299.145 over 734 frames.
053c010k_noisy STILL 
LOG (lattice-best-path:main():lattice-best-path.cc:99) For utterance 053c010l_noisy, best cost 39.9523 + -266.393 = -226.441 over 564 frames.
053c010l_noisy <UNK> <UNK> 
LOG (lattice-best-path:main():lattice-best-path.cc:99) For utterance 053c010m_noisy, best cost 45.6386 + -433.377 = -387.738 over 895 frames.
053c010m_noisy <UNK> 
LOG (lattice-best-path:main():lattice-best-path.cc:99) For utterance 053c010n_noisy, best cost 42.2616 + -373.237 = -330.975 over 816 frames.
053c010n_noisy <UNK> 
LOG (lattice-best-path:main():lattice-best-path.cc:99) For utterance 053c010o_noisy, best cost 40.7363 + -368.115 = -327.379 over 782 frames.
053c010o_noisy <UNK> 
LOG (lattice-best-path:main():lattice-best-path.cc:99) For utterance 053c010p_noisy, best cost 21.1968 + -138.158 = -116.962 over 281 frames.
053c010p_noisy <UNK> 
LOG (lattice-best-path:main():lattice-best-path.cc:99) For utterance 053c010q_noisy, best cost 47.4082 + -275.062 = -227.654 over 569 frames.
053c010q_noisy THEME 
LOG (lattice-best-path:main():lattice-best-path.cc:99) For utterance 053c010r_noisy, best cost 53.3965 + -471.027 = -417.63 over 996 frames.
053c010r_noisy <UNK> OF <UNK> 
LOG (lattice-best-path:main():lattice-best-path.cc:99) For utterance 053c010s_noisy, best cost 31.4896 + -390.161 = -358.671 over 628 frames.
053c010s_noisy A I 
LOG (lattice-best-path:main():lattice-best-path.cc:99) For utterance 053c010t_noisy, best cost 35.7635 + -648.796 = -613.032 over 998 frames.
053c010t_noisy A I 
LOG (lattice-best-path:main():lattice-best-path.cc:99) For utterance 053c010u_noisy, best cost 29.5564 + -639.89 = -610.333 over 908 frames.
053c010u_noisy A LAW 
LOG (lattice-best-path:main():lattice-best-path.cc:99) For utterance 053c010v_noisy, best cost 34.4977 + -388.905 = -354.408 over 672 frames.
053c010v_noisy A LOT 
LOG (lattice-best-path:main():lattice-best-path.cc:99) For utterance 053c010w_noisy, best cost 34.1117 + -487.851 = -453.739 over 855 frames.
053c010w_noisy A I 
LOG (lattice-best-path:main():lattice-best-path.cc:99) For utterance 053c010x_noisy, best cost 51.0591 + -492.116 = -441.057 over 1032 frames.
053c010x_noisy <UNK> 
LOG (lattice-best-path:main():lattice-best-path.cc:99) For utterance 053c010y_noisy, best cost 41.3923 + -380.408 = -339.015 over 777 frames.
053c010y_noisy <UNK> 
LOG (lattice-best-path:main():lattice-best-path.cc:99) For utterance 053c010z_noisy, best cost 28.9557 + -487.611 = -458.655 over 856 frames.
053c010z_noisy A LAW 
LOG (lattice-best-path:main():lattice-best-path.cc:99) For utterance 053c0110_noisy, best cost 28.9483 + -241.626 = -212.678 over 408 frames.
053c0110_noisy A I 
LOG (lattice-best-path:main():lattice-best-path.cc:99) For utterance 053c0111_noisy, best cost 32.3794 + -491.517 = -459.138 over 917 frames.
053c0111_noisy A LAW 
LOG (lattice-best-path:main():lattice-best-path.cc:99) For utterance 053c0112_noisy, best cost 49.7518 + -407.903 = -358.151 over 871 frames.
053c0112_noisy <UNK> <UNK> 
LOG (lattice-best-path:main():lattice-best-path.cc:99) For utterance 053c0113_noisy, best cost 24.0471 + -163.139 = -139.091 over 336 frames.
053c0113_noisy <UNK> 
LOG (lattice-best-path:main():lattice-best-path.cc:99) For utterance 053c0114_noisy, best cost 21.5899 + -127.372 = -105.782 over 270 frames.
053c0114_noisy <UNK> 
LOG (lattice-best-path:main():lattice-best-path.cc:99) For utterance 053c0115_noisy, best cost 28.9642 + -228.52 = -199.555 over 460 frames.
053c0115_noisy <UNK> 
LOG (lattice-best-path:main():lattice-best-path.cc:99) For utterance 22gc0101_noisy, best cost 53.8682 + -472.417 = -418.549 over 1006 frames.
22gc0101_noisy A LAW 
LOG (lattice-best-path:main():lattice-best-path.cc:99) For utterance 22gc0102_noisy, best cost 29.5768 + -282.418 = -252.841 over 460 frames.
22gc0102_noisy A I 
LOG (lattice-best-path:main():lattice-best-path.cc:99) For utterance 22gc0103_noisy, best cost 23.8701 + -231.668 = -207.798 over 308 frames.
22gc0103_noisy A LAW 
LOG (lattice-best-path:main():lattice-best-path.cc:99) For utterance 22gc0104_noisy, best cost 34.531 + -218.503 = -183.972 over 432 frames.
22gc0104_noisy SHE 
LOG (lattice-best-path:main():lattice-best-path.cc:99) For utterance 22gc0105_noisy, best cost 36.0892 + -235.87 = -199.78 over 532 frames.
22gc0105_noisy BOTH 
LOG (lattice-best-path:main():lattice-best-path.cc:99) For utterance 22gc0106_noisy, best cost 49.347 + -282.359 = -233.012 over 498 frames.
22gc0106_noisy GROWTH BOTH 
LOG (lattice-best-path:main():lattice-best-path.cc:99) For utterance 22gc0107_noisy, best cost 42.1223 + -324.844 = -282.721 over 650 frames.
22gc0107_noisy BOTH 
LOG (lattice-best-path:main():lattice-best-path.cc:99) For utterance 22gc0108_noisy, best cost 46.3253 + -403.006 = -356.681 over 828 frames.
22gc0108_noisy HOW THIN 
LOG (lattice-best-path:main():lattice-best-path.cc:99) For utterance 22gc0109_noisy, best cost 31.1662 + -301.02 = -269.854 over 600 frames.
22gc0109_noisy A I 
LOG (lattice-best-path:main():lattice-best-path.cc:99) For utterance 22gc010a_noisy, best cost 23.619 + -188.191 = -164.572 over 394 frames.
22gc010a_noisy A LAW 
LOG (lattice-best-path:main():lattice-best-path.cc:99) For utterance 22gc010b_noisy, best cost 61.6496 + -613.806 = -552.156 over 1290 frames.
22gc010b_noisy A LOT OF LAW 
LOG (lattice-best-path:main():lattice-best-path.cc:99) For utterance 22gc010c_noisy, best cost 28.4868 + -141.307 = -112.821 over 284 frames.
22gc010c_noisy A LAW 
LOG (lattice-best-path:main():lattice-best-path.cc:99) For utterance 22gc010d_noisy, best cost 44.6592 + -127.769 = -83.1103 over 258 frames.
22gc010d_noisy AS RATES OF GROWTH 
LOG (lattice-best-path:main():lattice-best-path.cc:99) For utterance 22gc010e_noisy, best cost 92.1379 + -216.879 = -124.741 over 486 frames.
22gc010e_noisy IT'S SOMETHING SO LITTLE AS TWO PART OF THOUGHT 
LOG (lattice-best-path:main():lattice-best-path.cc:99) For utterance 22gc010f_noisy, best cost 119.331 + -403.011 = -283.68 over 818 frames.
22gc010f_noisy BOTH PRIDE TO READ THE GROWTH OF DOLLARS OF BOTH 
LOG (lattice-best-path:main():lattice-best-path.cc:99) For utterance 22gc010g_noisy, best cost 51.7593 + -291.979 = -240.219 over 638 frames.
22gc010g_noisy TRADERS SAY BOTH OFFERS 
LOG (lattice-best-path:main():lattice-best-path.cc:99) For utterance 22gc010h_noisy, best cost 26.5552 + -392.91 = -366.354 over 526 frames.
22gc010h_noisy A LAW 
LOG (lattice-best-path:main():lattice-best-path.cc:99) For utterance 22gc010i_noisy, best cost 22.3774 + -136.695 = -114.317 over 186 frames.
22gc010i_noisy A LAW 
LOG (lattice-best-path:main():lattice-best-path.cc:99) For utterance 22gc010j_noisy, best cost 24.3121 + -337.208 = -312.896 over 454 frames.
22gc010j_noisy A LAW 
LOG (lattice-best-path:main():lattice-best-path.cc:99) For utterance 22gc010k_noisy, best cost 25.2612 + -199.011 = -173.75 over 308 frames.
22gc010k_noisy A LAW 
LOG (lattice-best-path:main():lattice-best-path.cc:99) For utterance 22gc010l_noisy, best cost 31.9062 + -698.685 = -666.778 over 1252 frames.
22gc010l_noisy A LOT 
LOG (lattice-best-path:main():lattice-best-path.cc:99) For utterance 22gc010m_noisy, best cost 23.388 + -206.484 = -183.096 over 374 frames.
22gc010m_noisy A LAW 
LOG (lattice-best-path:main():lattice-best-path.cc:99) For utterance 22gc010n_noisy, best cost 42.0155 + -472.222 = -430.206 over 910 frames.
22gc010n_noisy A I THOUGHT 
LOG (lattice-best-path:main():lattice-best-path.cc:99) For utterance 22gc010o_noisy, best cost 22.7057 + -98.7949 = -76.0892 over 216 frames.
22gc010o_noisy BOTH 
LOG (lattice-best-path:main():lattice-best-path.cc:99) For utterance 22gc010p_noisy, best cost 29.7642 + -494.434 = -464.67 over 836 frames.
22gc010p_noisy A LAW 
LOG (lattice-best-path:main():lattice-best-path.cc:99) For utterance 22gc010q_noisy, best cost 53.1887 + -469.656 = -416.468 over 804 frames.
22gc010q_noisy A I THINK 
LOG (lattice-best-path:main():lattice-best-path.cc:99) For utterance 22gc010r_noisy, best cost 45.2918 + -294.206 = -248.914 over 516 frames.
22gc010r_noisy THIN 
LOG (lattice-best-path:main():lattice-best-path.cc:99) For utterance 22gc010s_noisy, best cost 43.2595 + -500 = -456.74 over 896 frames.
22gc010s_noisy BOTH 
LOG (lattice-best-path:main():lattice-best-path.cc:99) For utterance 22gc010t_noisy, best cost 62.627 + -631.891 = -569.264 over 1178 frames.
22gc010t_noisy A I THOUGHT <UNK> 
LOG (lattice-best-path:main():lattice-best-path.cc:99) For utterance 22gc010u_noisy, best cost 22.0699 + -376.445 = -354.375 over 868 frames.
22gc010u_noisy WATCH 
LOG (lattice-best-path:main():lattice-best-path.cc:99) For utterance 22gc010v_noisy, best cost 31.4449 + -677.847 = -646.403 over 1072 frames.
22gc010v_noisy A LAW 
LOG (lattice-best-path:main():lattice-best-path.cc:99) For utterance 22gc010w_noisy, best cost 29.8263 + -341.539 = -311.713 over 484 frames.
22gc010w_noisy A I 
LOG (lattice-best-path:main():lattice-best-path.cc:99) For utterance 22gc010x_noisy, best cost 30.1108 + -762.986 = -732.875 over 956 frames.
22gc010x_noisy A LAW 
LOG (lattice-best-path:main():lattice-best-path.cc:99) For utterance 22gc010y_noisy, best cost 30.4962 + -453.331 = -422.835 over 542 frames.
22gc010y_noisy A I 
LOG (lattice-best-path:main():lattice-best-path.cc:99) For utterance 22gc010z_noisy, best cost 38.7512 + -716.934 = -678.183 over 1076 frames.
22gc010z_noisy A I 
LOG (lattice-best-path:main():lattice-best-path.cc:99) For utterance 22gc0110_noisy, best cost 32.7949 + -538.475 = -505.68 over 822 frames.
22gc0110_noisy A LAW <UNK> 
LOG (lattice-best-path:main():lattice-best-path.cc:99) For utterance 22gc0111_noisy, best cost 33.2348 + -670.777 = -637.542 over 1090 frames.
22gc0111_noisy A LAW 
LOG (lattice-best-path:main():lattice-best-path.cc:99) For utterance 22gc0112_noisy, best cost 33.3775 + -894.438 = -861.061 over 1144 frames.
22gc0112_noisy A LAW 
LOG (lattice-best-path:main():lattice-best-path.cc:99) For utterance 22gc0113_noisy, best cost 33.1761 + -571.301 = -538.124 over 774 frames.
22gc0113_noisy A I 
LOG (lattice-best-path:main():lattice-best-path.cc:99) For utterance 22gc0114_noisy, best cost 30.3952 + -578.085 = -547.69 over 828 frames.
22gc0114_noisy A LAW 
LOG (lattice-best-path:main():lattice-best-path.cc:99) For utterance 22hc0101_noisy, best cost 180.889 + -570.687 = -389.798 over 932 frames.
22hc0101_noisy A LAWYER OR THEIR G. CORPORATION CLEVELAND SAID IT BEGAN A PUBLIC OFFERING OF FOUR MILLION COMMON SHARES OR TWENTY THREE POINT ONE TWO FIVE DOLLARS A SHARE 
LOG (lattice-best-path:main():lattice-best-path.cc:99) For utterance 22hc0102_noisy, best cost 50.7758 + -121.459 = -70.6835 over 274 frames.
22hc0102_noisy MORGAN STANLEY AND COMPANY IS HEATING UP 
LOG (lattice-best-path:main():lattice-best-path.cc:99) For utterance 22hc0103_noisy, best cost 63.4618 + -247.649 = -184.187 over 614 frames.
22hc0103_noisy PROCEEDS TO FINANCE GROWTH <UNK> 
LOG (lattice-best-path:main():lattice-best-path.cc:99) For utterance 22hc0104_noisy, best cost 120.361 + -469.551 = -349.191 over 796 frames.
22hc0104_noisy NEW YORK STOCK EXCHANGE COMPOSITE TRADING FRIDAY COMPANY'S STOCK CLOSED AT TWENTY THREE POINT ONE TWO FIVE DOLLARS UNCHANGED 
LOG (lattice-best-path:main():lattice-best-path.cc:99) For utterance 22hc0105_noisy, best cost 141.549 + -542.52 = -400.972 over 924 frames.
22hc0105_noisy FOLLOWING OFFICERS DIRECTORS AND LARGE STOCKHOLDERS OF COMPANIES REPORTED CHANGES IN HOLDINGS UNDER THE SECURITIES EXCHANGE A NINETEEN THIRTY 
LOG (lattice-best-path:main():lattice-best-path.cc:99) For utterance 22hc0106_noisy, best cost 101.282 + -391.82 = -290.538 over 656 frames.
22hc0106_noisy BOTH IDENTIFIED AS BENEFICIAL OWNERS HOLD AT LEAST TEN PERCENT OF A COMPANY'S EQUITY SECURITIES 
LOG (lattice-best-path:main():lattice-best-path.cc:99) For utterance 22hc0107_noisy, best cost 118.297 + -414.989 = -296.692 over 728 frames.
22hc0107_noisy UNLESS OTHERWISE NOTED CHANGES INVOLVED DIRECT HOLDINGS OF COMMON STOCK AND TOOK PLACE IN OCTOBER AND NOVEMBER NINETEEN EIGHTY SALE 
LOG (lattice-best-path:main():lattice-best-path.cc:99) For utterance 22hc0108_noisy, best cost 97.4932 + -363.063 = -265.57 over 656 frames.
22hc0108_noisy COMPANIES ARE LISTED WHERE TRANSACTIONS GENERALLY AGGREGATE TEN THOUSAND SHARES <UNK> ONE HUNDRED THOUSAND DOLLAR 
LOG (lattice-best-path:main():lattice-best-path.cc:99) For utterance 22hc0109_noisy, best cost 220.56 + -553.108 = -332.547 over 1004 frames.
22hc0109_noisy AT ONLY IN SEVERAL OTHER THINGS ARE NEW PROGRAM TRADING INCLUDING CONSOLIDATING REGULATORY AUTHORITY OVER ALL U. S. FINANCIAL MARKETS ONE GOVERNMENT AGENCY 
LOG (lattice-best-path:main():lattice-best-path.cc:99) For utterance 22hc010a_noisy, best cost 112.513 + -312.203 = -199.69 over 512 frames.
22hc010a_noisy IT ALSO PROPOSED RAISING MARGIN OF CAPITAL REQUIREMENTS FOR TRADING FUTURES EXCHANGES 
LOG (lattice-best-path:main():lattice-best-path.cc:99) For utterance 22hc010b_noisy, best cost 253.136 + -685.357 = -432.222 over 974 frames.
22hc010b_noisy AND IT SAID TRADERS SHOULD BE ABLE TO DELIVER ACTUAL STOCKS TO SELL FUTURES CONTRACT OBLIGATIONS STOCK INDEX FUTURES CURRENT YEAR SO HE CASH ON EXPIRATION 
LOG (lattice-best-path:main():lattice-best-path.cc:99) For utterance 22hc010c_noisy, best cost 89.7206 + -242.802 = -153.081 over 390 frames.
22hc010c_noisy TRADERS SAID THE FIRST ARE BUSY ACTION WITH 
LOG (lattice-best-path:main():lattice-best-path.cc:99) For utterance 22hc010d_noisy, best cost 131.772 + -420.822 = -289.05 over 738 frames.
22hc010d_noisy THE DOLLAR IS STILL THE KEY SAID JACK BAKER HEAD OF BLOCK TRADING AT SHEARSON LEHMAN BROTHERS INCORPORATED NEW YORK 
LOG (lattice-best-path:main():lattice-best-path.cc:99) For utterance 22hc010e_noisy, best cost 88.7504 + -332.185 = -243.435 over 754 frames.
22hc010e_noisy YESTERDAY THE DOLLAR EASED SLIGHTLY <UNK> THE JURY SOSNOFF 
LOG (lattice-best-path:main():lattice-best-path.cc:99) For utterance 22hc010f_noisy, best cost 19.6151 + -159.034 = -139.419 over 552 frames.
22hc010f_noisy WATCH 
LOG (lattice-best-path:main():lattice-best-path.cc:99) For utterance 22hc010g_noisy, best cost 50.7503 + -434.05 = -383.3 over 850 frames.
22hc010g_noisy A I THOUGHT 
LOG (lattice-best-path:main():lattice-best-path.cc:99) For utterance 22hc010h_noisy, best cost 18.4162 + -156.112 = -137.696 over 332 frames.
22hc010h_noisy WATCH 
LOG (lattice-best-path:main():lattice-best-path.cc:99) For utterance 22hc010i_noisy, best cost 62.1033 + -407.124 = -345.021 over 974 frames.
22hc010i_noisy BOTH <UNK> SOUTH 
LOG (lattice-best-path:main():lattice-best-path.cc:99) For utterance 22hc010j_noisy, best cost 22.2257 + -89.7753 = -67.5495 over 190 frames.
22hc010j_noisy ALLIED <UNK> 
LOG (lattice-best-path:main():lattice-best-path.cc:99) For utterance 22hc010k_noisy, best cost 41.4515 + -307.666 = -266.214 over 662 frames.
22hc010k_noisy SOUTH <UNK> 
LOG (lattice-best-path:main():lattice-best-path.cc:99) For utterance 22hc010l_noisy, best cost 36.8156 + -297.794 = -260.979 over 688 frames.
22hc010l_noisy BOTH 
LOG (lattice-best-path:main():lattice-best-path.cc:99) For utterance 22hc010m_noisy, best cost 14.6578 + -305.253 = -290.595 over 540 frames.
22hc010m_noisy A 
LOG (lattice-best-path:main():lattice-best-path.cc:99) For utterance 22hc010n_noisy, best cost 30.3073 + -164.111 = -133.804 over 302 frames.
22hc010n_noisy THEME 
LOG (lattice-best-path:main():lattice-best-path.cc:99) For utterance 22hc010o_noisy, best cost 69.5339 + -494.707 = -425.173 over 972 frames.
22hc010o_noisy THEME 
LOG (lattice-best-path:main():lattice-best-path.cc:99) For utterance 22hc010p_noisy, best cost 42.2975 + -379.638 = -337.341 over 810 frames.
22hc010p_noisy BOTH 
LOG (lattice-best-path:main():lattice-best-path.cc:99) For utterance 22hc010q_noisy, best cost 29.8579 + -419.309 = -389.451 over 932 frames.
22hc010q_noisy A LOT 
LOG (lattice-best-path:main():lattice-best-path.cc:99) For utterance 22hc010r_noisy, best cost 30.8026 + -152.935 = -122.133 over 304 frames.
22hc010r_noisy HE THOUGHT 
LOG (lattice-best-path:main():lattice-best-path.cc:99) For utterance 22hc010s_noisy, best cost 25.2911 + -74.1314 = -48.8403 over 160 frames.
22hc010s_noisy THEME 
LOG (lattice-best-path:main():lattice-best-path.cc:99) For utterance 22hc010t_noisy, best cost 24.0118 + -193.011 = -168.999 over 428 frames.
22hc010t_noisy A LAW 
LOG (lattice-best-path:main():lattice-best-path.cc:99) For utterance 22hc010u_noisy, best cost 32.5524 + -380.443 = -347.891 over 720 frames.
22hc010u_noisy A I 
LOG (lattice-best-path:main():lattice-best-path.cc:99) For utterance 22hc010v_noisy, best cost 25.6924 + -517.844 = -492.152 over 574 frames.
22hc010v_noisy A LAW 
LOG (lattice-best-path:main():lattice-best-path.cc:99) For utterance 22hc010w_noisy, best cost 31.823 + -559.565 = -527.742 over 640 frames.
22hc010w_noisy A I 
LOG (lattice-best-path:main():lattice-best-path.cc:99) For utterance 22hc010x_noisy, best cost 26.6628 + -603.918 = -577.255 over 658 frames.
22hc010x_noisy A LAW 
LOG (lattice-best-path:main():lattice-best-path.cc:99) For utterance 22hc010y_noisy, best cost 21.6322 + -153.046 = -131.414 over 222 frames.
22hc010y_noisy A LAW 
LOG (lattice-best-path:main():lattice-best-path.cc:99) For utterance 22hc010z_noisy, best cost 20.9564 + -114.453 = -93.4965 over 164 frames.
22hc010z_noisy A LAW 
LOG (lattice-best-path:main():lattice-best-path.cc:99) For utterance 22hc0110_noisy, best cost 23.4342 + -282.228 = -258.793 over 378 frames.
22hc0110_noisy A LAW 
LOG (lattice-best-path:main():lattice-best-path.cc:99) For utterance 22hc0111_noisy, best cost 30.6761 + -328.122 = -297.446 over 480 frames.
22hc0111_noisy A I 
LOG (lattice-best-path:main():lattice-best-path.cc:99) For utterance 22hc0112_noisy, best cost 40.5364 + -252.849 = -212.312 over 554 frames.
22hc0112_noisy THINKING 
LOG (lattice-best-path:main():lattice-best-path.cc:99) For utterance 22hc0113_noisy, best cost 21.9036 + -156.656 = -134.752 over 246 frames.
22hc0113_noisy A LAW 
LOG (lattice-best-path:main():lattice-best-path.cc:99) For utterance 22hc0114_noisy, best cost 27.6084 + -231.054 = -203.445 over 292 frames.
22hc0114_noisy A I 
LOG (lattice-best-path:main():lattice-best-path.cc:99) For utterance 420c0201_noisy, best cost 120.608 + -260.416 = -139.808 over 425 frames.
420c0201_noisy A I FEEL DEBTORS ARE OFTEN MISTAKE AT THE COURTS OTHER PROBLEMS 
LOG (lattice-best-path:main():lattice-best-path.cc:99) For utterance 420c0202_noisy, best cost 159.043 + -534.018 = -374.975 over 1059 frames.
420c0202_noisy ACCORDING TO THE U. S. TRADE <UNK> OFFICES OF U. S. IMPORTS ONLY FIFTY JUDGES HISTORY 
LOG (lattice-best-path:main():lattice-best-path.cc:99) For utterance 420c0203_noisy, best cost 126.602 + -418.885 = -292.283 over 881 frames.
420c0203_noisy HE ALSO SAID THAT F. C. FIVE RISE SEVENTEEN PERCENT TO THIRTY 
LOG (lattice-best-path:main():lattice-best-path.cc:99) For utterance 420c0204_noisy, best cost 145.235 + -465.045 = -319.81 over 864 frames.
420c0204_noisy EXPENSES FOR THE DELAY A TWO YEAR PLAN ACCOUNT FOR TWO HUNDRED SIXTY DOLLARS FRIDAY 
LOG (lattice-best-path:main():lattice-best-path.cc:99) For utterance 420c0205_noisy, best cost 130.846 + -371.859 = -241.013 over 770 frames.
420c0205_noisy REGULATORS AREN'T ALLOWED AN EIGHTEEN PERCENT FRIDAY THE PASS THEM ON TO CUSTOMERS 
LOG (lattice-best-path:main():lattice-best-path.cc:99) For utterance 420c0206_noisy, best cost 107.354 + -272.409 = -165.055 over 489 frames.
420c0206_noisy THE FOUR OTHER UTILITY COMPANY OWNERS WILL ALSO HALF FRIDAY 
LOG (lattice-best-path:main():lattice-best-path.cc:99) For utterance 420c0207_noisy, best cost 159.362 + -537.13 = -377.768 over 939 frames.
420c0207_noisy BUT THOSE CHARGES ARE REQUIRED TO PAY UNTIL THE NINETEEN EIGHTY EIGHT FIRST QUARTER FOR A BIGGER SHARE OF CIRCUMSTANCES 
LOG (lattice-best-path:main():lattice-best-path.cc:99) For utterance 420c0208_noisy, best cost 169.453 + -463.402 = -293.949 over 801 frames.
420c0208_noisy LAST MONTH OVERALL GOODS PRODUCING EMPLOYMENT FELL SIXTY EIGHT THOUSAND AFTER A THIRTY TWO HALF JOB RISE IN FEBRUARY 
LOG (lattice-best-path:main():lattice-best-path.cc:99) For utterance 420c0209_noisy, best cost 117.408 + -403.987 = -286.578 over 750 frames.
420c0209_noisy THE DEPARTMENT SAID THE DECLINE IN FACTORY JOBS TRADED ELECTRICAL AND ELECTRONIC 
LOG (lattice-best-path:main():lattice-best-path.cc:99) For utterance 420c020a_noisy, best cost 117.911 + -408.368 = -290.456 over 691 frames.
420c020a_noisy CONSTRUCTION EMPLOYMENT FELL FORTY SEVEN THOUSAND AFTER A FIFTY THOUSAND JOB DECLINE 
LOG (lattice-best-path:main():lattice-best-path.cc:99) For utterance 420c020b_noisy, best cost 149.143 + -530.176 = -381.034 over 884 frames.
420c020b_noisy MINING EMPLOYMENT WHICH INCLUDES THE OIL AND GAS EXTRACTION INDUSTRY THREE THOUSAND AFTER A ONE THOUSAND JOBS 
LOG (lattice-best-path:main():lattice-best-path.cc:99) For utterance 420c020c_noisy, best cost 149.588 + -537.092 = -387.504 over 944 frames.
420c020c_noisy INTERNATIONAL MOBILE MACHINES CORPORATION SOLD ONE MILLION SHARES OF TWO DOLLAR AND FIFTY CENT CUMULATIVE PREFERRED AT TWENTY FIVE DOLLARS EACH 
LOG (lattice-best-path:main():lattice-best-path.cc:99) For utterance 420c020d_noisy, best cost 48.4485 + -217.107 = -168.659 over 481 frames.
420c020d_noisy ALLOW FOR THE YEAR 
LOG (lattice-best-path:main():lattice-best-path.cc:99) For utterance 420c020e_noisy, best cost 97.8683 + -421.341 = -323.473 over 981 frames.
420c020e_noisy THE STOCK IS AT ISSUE HERE OF CHANGE 
LOG (lattice-best-path:main():lattice-best-path.cc:99) For utterance 420c020f_noisy, best cost 27.9658 + -265.882 = -237.916 over 559 frames.
420c020f_noisy A LAW 
LOG (lattice-best-path:main():lattice-best-path.cc:99) For utterance 420c020g_noisy, best cost 35.2027 + -294.006 = -258.804 over 633 frames.
420c020g_noisy <UNK> 
LOG (lattice-best-path:main():lattice-best-path.cc:99) For utterance 420c020h_noisy, best cost 44.8148 + -391.986 = -347.171 over 845 frames.
420c020h_noisy <UNK> 
LOG (lattice-best-path:main():lattice-best-path.cc:99) For utterance 420c020i_noisy, best cost 33.5732 + -231.84 = -198.267 over 506 frames.
420c020i_noisy <UNK> <UNK> 
LOG (lattice-best-path:main():lattice-best-path.cc:99) For utterance 420c020j_noisy, best cost 28.6089 + -216.718 = -188.109 over 459 frames.
420c020j_noisy A LAW 
LOG (lattice-best-path:main():lattice-best-path.cc:99) For utterance 420c020k_noisy, best cost 43.9891 + -343.216 = -299.227 over 713 frames.
420c020k_noisy HERE 
LOG (lattice-best-path:main():lattice-best-path.cc:99) For utterance 420c020l_noisy, best cost 25.0449 + -325.821 = -300.776 over 658 frames.
420c020l_noisy A LOT 
LOG (lattice-best-path:main():lattice-best-path.cc:99) For utterance 420c020m_noisy, best cost 49.162 + -411.28 = -362.118 over 934 frames.
420c020m_noisy <UNK> <UNK> 
LOG (lattice-best-path:main():lattice-best-path.cc:99) For utterance 420c020n_noisy, best cost 33.6062 + -249.415 = -215.809 over 574 frames.
420c020n_noisy <UNK> 
LOG (lattice-best-path:main():lattice-best-path.cc:99) For utterance 420c020o_noisy, best cost 18.5601 + -176.444 = -157.884 over 421 frames.
420c020o_noisy WATCH 
LOG (lattice-best-path:main():lattice-best-path.cc:99) For utterance 420c020p_noisy, best cost 34.2887 + -290.292 = -256.004 over 602 frames.
420c020p_noisy <UNK> 
LOG (lattice-best-path:main():lattice-best-path.cc:99) For utterance 420c020q_noisy, best cost 56.0978 + -552.564 = -496.466 over 1205 frames.
420c020q_noisy <UNK> 
LOG (lattice-best-path:main():lattice-best-path.cc:99) For utterance 420c020r_noisy, best cost 32.2867 + -514.833 = -482.546 over 697 frames.
420c020r_noisy A I 
LOG (lattice-best-path:main():lattice-best-path.cc:99) For utterance 420c020s_noisy, best cost 31.5637 + -534.066 = -502.502 over 632 frames.
420c020s_noisy A I 
LOG (lattice-best-path:main():lattice-best-path.cc:99) For utterance 420c020t_noisy, best cost 33.6544 + -696.71 = -663.056 over 813 frames.
420c020t_noisy A I 
LOG (lattice-best-path:main():lattice-best-path.cc:99) For utterance 420c020u_noisy, best cost 28.3551 + -550.029 = -521.674 over 804 frames.
420c020u_noisy A LAW 
LOG (lattice-best-path:main():lattice-best-path.cc:99) For utterance 420c020v_noisy, best cost 32.2993 + -540.108 = -507.809 over 1057 frames.
420c020v_noisy A LAW 
LOG (lattice-best-path:main():lattice-best-path.cc:99) For utterance 420c020w_noisy, best cost 31.047 + -360.224 = -329.177 over 623 frames.
420c020w_noisy A LAW <UNK> 
LOG (lattice-best-path:main():lattice-best-path.cc:99) For utterance 420c020x_noisy, best cost 28.3046 + -285.759 = -257.455 over 610 frames.
420c020x_noisy A LAW 
LOG (lattice-best-path:main():lattice-best-path.cc:99) For utterance 420c020y_noisy, best cost 48.6659 + -370.918 = -322.253 over 790 frames.
420c020y_noisy HISTORY 
LOG (lattice-best-path:main():lattice-best-path.cc:99) For utterance 420c020z_noisy, best cost 30.0302 + -464.811 = -434.78 over 741 frames.
420c020z_noisy A LAW 
LOG (lattice-best-path:main():lattice-best-path.cc:99) For utterance 420c0210_noisy, best cost 26.0852 + -307.55 = -281.465 over 608 frames.
420c0210_noisy A LAW 
LOG (lattice-best-path:main():lattice-best-path.cc:99) For utterance 420c0211_noisy, best cost 30.4743 + -288.219 = -257.744 over 548 frames.
420c0211_noisy A LAW 
LOG (lattice-best-path:main():lattice-best-path.cc:99) For utterance 420c0212_noisy, best cost 29.5782 + -374.927 = -345.348 over 648 frames.
420c0212_noisy A LAW 
LOG (lattice-best-path:main():lattice-best-path.cc:99) For utterance 420c0213_noisy, best cost 51.1754 + -314.628 = -263.453 over 689 frames.
420c0213_noisy AT <UNK> <UNK> 
LOG (lattice-best-path:main():lattice-best-path.cc:99) For utterance 420c0214_noisy, best cost 54.2341 + -425.965 = -371.731 over 1008 frames.
420c0214_noisy A <UNK> 
LOG (lattice-best-path:main():lattice-best-path.cc:99) For utterance 421c0201_noisy, best cost 211.07 + -584.433 = -373.363 over 1320 frames.
421c0201_noisy UNDERWRITERS LED BY MERRILL LYNCH CAPITAL MARKETS TENTATIVELY PRICED A VOTE ON THE GROUP HE SEEKS HE SAID THE HEALTHY RATE MORTGAGE THAT HE THOUGHT 
LOG (lattice-best-path:main():lattice-best-path.cc:99) For utterance 421c0202_noisy, best cost 36.5994 + -237.482 = -200.883 over 610 frames.
421c0202_noisy SHE SAYS 
LOG (lattice-best-path:main():lattice-best-path.cc:99) For utterance 421c0203_noisy, best cost 106.448 + -401.704 = -295.256 over 921 frames.
421c0203_noisy YIELDS RANGE FOR A NINETEEN EIGHTY SEVEN TO RECEIVE 
LOG (lattice-best-path:main():lattice-best-path.cc:99) For utterance 421c0204_noisy, best cost 69.6659 + -263.653 = -193.987 over 550 frames.
421c0204_noisy LOUIS ADVOCATES OF SUCH CALLS 
LOG (lattice-best-path:main():lattice-best-path.cc:99) For utterance 421c0205_noisy, best cost 36.489 + -160.31 = -123.821 over 307 frames.
421c0205_noisy EAST <UNK> WAYS 
LOG (lattice-best-path:main():lattice-best-path.cc:99) For utterance 421c0206_noisy, best cost 61.0853 + -173.918 = -112.832 over 329 frames.
421c0206_noisy WHAT ABOUT THE SOUTH AFRICA SELL 
LOG (lattice-best-path:main():lattice-best-path.cc:99) For utterance 421c0207_noisy, best cost 36.7284 + -113.275 = -76.5467 over 224 frames.
421c0207_noisy THAT SAYS MR. 
LOG (lattice-best-path:main():lattice-best-path.cc:99) For utterance 421c0208_noisy, best cost 71.5227 + -227.371 = -155.849 over 438 frames.
421c0208_noisy FEW PEOPLE HAVE GIVEN TO THE G. M. 
LOG (lattice-best-path:main():lattice-best-path.cc:99) For utterance 421c0209_noisy, best cost 99.3506 + -304.749 = -205.398 over 656 frames.
421c0209_noisy ONE INVESTMENT OFFICERS SAYS HE'S THINKING OF THE <UNK> 
LOG (lattice-best-path:main():lattice-best-path.cc:99) For utterance 421c020a_noisy, best cost 65.0486 + -214.394 = -149.345 over 460 frames.
421c020a_noisy HE BECAME A SHARE SAYING HE SAID 
LOG (lattice-best-path:main():lattice-best-path.cc:99) For utterance 421c020b_noisy, best cost 105.69 + -272.121 = -166.431 over 519 frames.
421c020b_noisy SEPARATELY SHOW WELL HE HAD TO PROVE TWENTY HE SAID 
LOG (lattice-best-path:main():lattice-best-path.cc:99) For utterance 421c020c_noisy, best cost 169.024 + -502.197 = -333.173 over 958 frames.
421c020c_noisy OCCIDENTAL PETROLEUM REACH TWENTY THREE PERCENT PROFIT JUMP THE COMPANY WOULD HAVE HAD A LOSS OF ONE LATER 
LOG (lattice-best-path:main():lattice-best-path.cc:99) For utterance 421c020d_noisy, best cost 129.937 + -395.54 = -265.603 over 779 frames.
421c020d_noisy PHILLIPS PETROLEUM REACH PROFIT PLUNGED SIXTY THREE PERCENT IN JULY GAS PRICES 
LOG (lattice-best-path:main():lattice-best-path.cc:99) For utterance 421c020e_noisy, best cost 116.898 + -320.536 = -203.639 over 690 frames.
421c020e_noisy THE COMPANY'S NET TOTALED SEVENTY YEARS A LARGE ONE TIME JOB 
LOG (lattice-best-path:main():lattice-best-path.cc:99) For utterance 421c020f_noisy, best cost 159.203 + -528.136 = -368.933 over 1167 frames.
421c020f_noisy STOCKS REBOUNDED SHARE WHICH HAVE JOBS THIS YEAR HE SAID HE THOUGHT HE HAD HE 
LOG (lattice-best-path:main():lattice-best-path.cc:99) For utterance 421c020g_noisy, best cost 75.0278 + -412.405 = -337.378 over 958 frames.
421c020g_noisy THE RALLY HE THOUGHT HE SAID 
LOG (lattice-best-path:main():lattice-best-path.cc:99) For utterance 421c020h_noisy, best cost 19.2572 + -455.579 = -436.322 over 852 frames.
421c020h_noisy WATCH 
LOG (lattice-best-path:main():lattice-best-path.cc:99) For utterance 421c020i_noisy, best cost 45.1805 + -366.569 = -321.388 over 775 frames.
421c020i_noisy EACH 
LOG (lattice-best-path:main():lattice-best-path.cc:99) For utterance 421c020j_noisy, best cost 50.1137 + -378.679 = -328.565 over 857 frames.
421c020j_noisy HERE 
LOG (lattice-best-path:main():lattice-best-path.cc:99) For utterance 421c020k_noisy, best cost 31.4233 + -173.247 = -141.824 over 353 frames.
421c020k_noisy HERE 
LOG (lattice-best-path:main():lattice-best-path.cc:99) For utterance 421c020l_noisy, best cost 52.8336 + -423.359 = -370.525 over 934 frames.
421c020l_noisy HE <UNK> 
LOG (lattice-best-path:main():lattice-best-path.cc:99) For utterance 421c020m_noisy, best cost 70.1904 + -461.366 = -391.176 over 971 frames.
421c020m_noisy HE IS THINKING 
LOG (lattice-best-path:main():lattice-best-path.cc:99) For utterance 421c020n_noisy, best cost 55.6549 + -486.944 = -431.289 over 1025 frames.
421c020n_noisy <UNK> <UNK> <UNK> 
LOG (lattice-best-path:main():lattice-best-path.cc:99) For utterance 421c020o_noisy, best cost 33.3593 + -464.797 = -431.438 over 983 frames.
421c020o_noisy WATCH 
LOG (lattice-best-path:main():lattice-best-path.cc:99) For utterance 421c020p_noisy, best cost 55.4964 + -526.455 = -470.959 over 1125 frames.
421c020p_noisy <UNK> <UNK> 
LOG (lattice-best-path:main():lattice-best-path.cc:99) For utterance 421c020q_noisy, best cost 50.143 + -426.946 = -376.803 over 925 frames.
421c020q_noisy HE <UNK> 
LOG (lattice-best-path:main():lattice-best-path.cc:99) For utterance 421c020r_noisy, best cost 36.6298 + -703.919 = -667.29 over 1073 frames.
421c020r_noisy A I 
LOG (lattice-best-path:main():lattice-best-path.cc:99) For utterance 421c020s_noisy, best cost 28.2337 + -589.794 = -561.56 over 794 frames.
421c020s_noisy A LAW 
LOG (lattice-best-path:main():lattice-best-path.cc:99) For utterance 421c020t_noisy, best cost 30.1745 + -574.325 = -544.15 over 727 frames.
421c020t_noisy A LAW 
LOG (lattice-best-path:main():lattice-best-path.cc:99) For utterance 421c020u_noisy, best cost 29.8956 + -315.475 = -285.58 over 490 frames.
421c020u_noisy A I 
LOG (lattice-best-path:main():lattice-best-path.cc:99) For utterance 421c020v_noisy, best cost 22.2848 + -163.966 = -141.681 over 279 frames.
421c020v_noisy A LAW 
LOG (lattice-best-path:main():lattice-best-path.cc:99) For utterance 421c020w_noisy, best cost 43.1888 + -562.632 = -519.443 over 953 frames.
421c020w_noisy A I <UNK> 
LOG (lattice-best-path:main():lattice-best-path.cc:99) For utterance 421c020x_noisy, best cost 34.8723 + -307.999 = -273.127 over 600 frames.
421c020x_noisy A I 
LOG (lattice-best-path:main():lattice-best-path.cc:99) For utterance 421c020y_noisy, best cost 51.62 + -464.584 = -412.964 over 1052 frames.
421c020y_noisy <UNK> <UNK> 
LOG (lattice-best-path:main():lattice-best-path.cc:99) For utterance 421c020z_noisy, best cost 35.0929 + -394.332 = -359.24 over 818 frames.
421c020z_noisy A LAW 
LOG (lattice-best-path:main():lattice-best-path.cc:99) For utterance 421c0210_noisy, best cost 18.1925 + -442.659 = -424.466 over 846 frames.
421c0210_noisy A 
LOG (lattice-best-path:main():lattice-best-path.cc:99) For utterance 421c0211_noisy, best cost 31.2276 + -333.362 = -302.134 over 680 frames.
421c0211_noisy A LAW 
LOG (lattice-best-path:main():lattice-best-path.cc:99) For utterance 421c0212_noisy, best cost 33.706 + -213.385 = -179.679 over 452 frames.
421c0212_noisy HERE 
LOG (lattice-best-path:main():lattice-best-path.cc:99) For utterance 421c0213_noisy, best cost 31.1103 + -172.156 = -141.046 over 357 frames.
421c0213_noisy HERE 
LOG (lattice-best-path:main():lattice-best-path.cc:99) For utterance 421c0214_noisy, best cost 35.6752 + -196.409 = -160.733 over 432 frames.
421c0214_noisy HE THOUGHT 
LOG (lattice-best-path:main():lattice-best-path.cc:99) For utterance 422c0201_noisy, best cost 146.904 + -490.049 = -343.145 over 897 frames.
422c0201_noisy A N. A. S. D. HE SHORT INTEREST FIGURES FOR THE FIRST TIME THE GROWTH ALSO LAST MONTH <UNK> 
LOG (lattice-best-path:main():lattice-best-path.cc:99) For utterance 422c0202_noisy, best cost 83.479 + -296.528 = -213.049 over 720 frames.
422c0202_noisy INVESTORS THINKING OF SELLING STOP 
LOG (lattice-best-path:main():lattice-best-path.cc:99) For utterance 422c0203_noisy, best cost 104.592 + -283.554 = -178.962 over 522 frames.
422c0203_noisy A OR SALE OF A SALE OR A SMALL INVESTORS EXPECTING 
LOG (lattice-best-path:main():lattice-best-path.cc:99) For utterance 422c0204_noisy, best cost 128.869 + -360.172 = -231.302 over 662 frames.
422c0204_noisy INVESTORS EXPECT PROFIT ON THE PRIZE REALIZE SALE THINGS GROWTH 
LOG (lattice-best-path:main():lattice-best-path.cc:99) For utterance 422c0205_noisy, best cost 179.411 + -432.526 = -253.115 over 883 frames.
422c0205_noisy THE TWO FINANCIAL SERVICES CONCERNS THEORY C. CREATED AND LEERY OF THE TRANSACTION WAS <UNK> ON MARCH NINETEENTH <UNK> 
LOG (lattice-best-path:main():lattice-best-path.cc:99) For utterance 422c0206_noisy, best cost 118.501 + -308.827 = -190.327 over 642 frames.
422c0206_noisy SPOKESMEN FOR BOTH COMPANIES SAID THEY ENDED THE NEGOTIATIONS HERE THE MERGER WITH <UNK> 
LOG (lattice-best-path:main():lattice-best-path.cc:99) For utterance 422c0207_noisy, best cost 54.0384 + -149.125 = -95.0864 over 302 frames.
422c0207_noisy CREDITORS SAVINGS BASES 
LOG (lattice-best-path:main():lattice-best-path.cc:99) For utterance 422c0208_noisy, best cost 61.5807 + -154.473 = -92.8926 over 340 frames.
422c0208_noisy THE VOTERS HERE AND LIVE WITH 
LOG (lattice-best-path:main():lattice-best-path.cc:99) For utterance 422c0209_noisy, best cost 56.283 + -151.251 = -94.9679 over 326 frames.
422c0209_noisy BUSH'S SAYS IT ALL <UNK> 
LOG (lattice-best-path:main():lattice-best-path.cc:99) For utterance 422c020a_noisy, best cost 30.6702 + -88.6833 = -58.013 over 185 frames.
422c020a_noisy HOW GOOD <UNK> 
LOG (lattice-best-path:main():lattice-best-path.cc:99) For utterance 422c020b_noisy, best cost 38.1216 + -105.032 = -66.9107 over 206 frames.
422c020b_noisy OR IN JULY 
LOG (lattice-best-path:main():lattice-best-path.cc:99) For utterance 422c020c_noisy, best cost 96.5638 + -229.816 = -133.252 over 376 frames.
422c020c_noisy SHE TRADER IN NEW YORK FOR A TOKYO BASED BANK AGREES 
LOG (lattice-best-path:main():lattice-best-path.cc:99) For utterance 422c020d_noisy, best cost 92.2165 + -257.845 = -165.628 over 475 frames.
422c020d_noisy UNIT JAPANESE THOUSAND DOLLARS IS AVAILABLE HE SAYS 
LOG (lattice-best-path:main():lattice-best-path.cc:99) For utterance 422c020e_noisy, best cost 78.7827 + -243.404 = -164.621 over 487 frames.
422c020e_noisy THE TREND IS INEVITABLE UNLESS THE GOVERNMENT AUTHORITIES 
LOG (lattice-best-path:main():lattice-best-path.cc:99) For utterance 422c020f_noisy, best cost 64.2605 + -149.506 = -85.2455 over 285 frames.
422c020f_noisy EVERYTHING IS DONE LOUIS SAID YESTERDAY 
LOG (lattice-best-path:main():lattice-best-path.cc:99) For utterance 422c020g_noisy, best cost 88.7408 + -190.16 = -101.42 over 338 frames.
422c020g_noisy WAS IMPORTANT TO SAVE HIS COMPANY A REBUILDING 
LOG (lattice-best-path:main():lattice-best-path.cc:99) For utterance 422c020h_noisy, best cost 154.291 + -431.246 = -276.956 over 737 frames.
422c020h_noisy FORD'S EFFORTS DREXEL TO GET GREAT WESTERN UNION'S PROXY STATEMENT TWENTY FIVE FOUR BILLION DOLLARS 
LOG (lattice-best-path:main():lattice-best-path.cc:99) For utterance 422c020i_noisy, best cost 108.392 + -267.061 = -158.669 over 448 frames.
422c020i_noisy TRADERS SAID THE REASON ON THE FIRST EVER BOTH <UNK> AND THE DOLLAR 
LOG (lattice-best-path:main():lattice-best-path.cc:99) For utterance 422c020j_noisy, best cost 116.069 + -372.714 = -256.646 over 713 frames.
422c020j_noisy THE DOLLAR IS STILL A THINK <UNK> THE LAW CREATING SHEARSON LEHMAN BROTHERS INCORPORATED 
LOG (lattice-best-path:main():lattice-best-path.cc:99) For utterance 422c020k_noisy, best cost 120.979 + -340.087 = -219.108 over 720 frames.
422c020k_noisy A LIKELY HE WAS PAID FOR CURRENCIES HE REASONS TOP FOUR YEARS 
LOG (lattice-best-path:main():lattice-best-path.cc:99) For utterance 422c020l_noisy, best cost 39.5033 + -286.419 = -246.916 over 574 frames.
422c020l_noisy WAS THIN 
LOG (lattice-best-path:main():lattice-best-path.cc:99) For utterance 422c020m_noisy, best cost 18.4776 + -184.657 = -166.179 over 370 frames.
422c020m_noisy WATCH 
LOG (lattice-best-path:main():lattice-best-path.cc:99) For utterance 422c020n_noisy, best cost 22.1987 + -245.398 = -223.199 over 492 frames.
422c020n_noisy WATCH 
LOG (lattice-best-path:main():lattice-best-path.cc:99) For utterance 422c020o_noisy, best cost 59.8847 + -263.132 = -203.247 over 586 frames.
422c020o_noisy IT WAS THOUGHT MONTH 
LOG (lattice-best-path:main():lattice-best-path.cc:99) For utterance 422c020p_noisy, best cost 43.1408 + -327.2 = -284.059 over 781 frames.
422c020p_noisy BOTH <UNK> 
LOG (lattice-best-path:main():lattice-best-path.cc:99) For utterance 422c020q_noisy, best cost 44.3512 + -368.709 = -324.358 over 757 frames.
422c020q_noisy THEME 
LOG (lattice-best-path:main():lattice-best-path.cc:99) For utterance 422c020r_noisy, best cost 51.0457 + -338.426 = -287.38 over 692 frames.
422c020r_noisy <UNK> TRADE WITH <UNK> 
LOG (lattice-best-path:main():lattice-best-path.cc:99) For utterance 422c020s_noisy, best cost 48.1202 + -417.752 = -369.632 over 710 frames.
422c020s_noisy A I THINK 
LOG (lattice-best-path:main():lattice-best-path.cc:99) For utterance 422c020t_noisy, best cost 40.0428 + -245.63 = -205.588 over 395 frames.
422c020t_noisy THEME 
LOG (lattice-best-path:main():lattice-best-path.cc:99) For utterance 422c020u_noisy, best cost 64.5397 + -451.364 = -386.824 over 875 frames.
422c020u_noisy THIN 
LOG (lattice-best-path:main():lattice-best-path.cc:99) For utterance 422c020v_noisy, best cost 42.6725 + -351.223 = -308.551 over 667 frames.
422c020v_noisy A I THOUGHT <UNK> 
LOG (lattice-best-path:main():lattice-best-path.cc:99) For utterance 422c020w_noisy, best cost 42.1833 + -313.816 = -271.633 over 673 frames.
422c020w_noisy <UNK> WITH <UNK> 
LOG (lattice-best-path:main():lattice-best-path.cc:99) For utterance 422c020x_noisy, best cost 36.86 + -311.668 = -274.808 over 713 frames.
422c020x_noisy <UNK> 
LOG (lattice-best-path:main():lattice-best-path.cc:99) For utterance 422c020y_noisy, best cost 64.1396 + -424.361 = -360.222 over 926 frames.
422c020y_noisy BOTH <UNK> THING 
LOG (lattice-best-path:main():lattice-best-path.cc:99) For utterance 422c020z_noisy, best cost 34.3543 + -686.327 = -651.973 over 876 frames.
422c020z_noisy A I 
LOG (lattice-best-path:main():lattice-best-path.cc:99) For utterance 422c0210_noisy, best cost 28.5787 + -331.341 = -302.763 over 376 frames.
422c0210_noisy A I 
LOG (lattice-best-path:main():lattice-best-path.cc:99) For utterance 422c0211_noisy, best cost 24.7221 + -403.252 = -378.53 over 490 frames.
422c0211_noisy A LAW 
LOG (lattice-best-path:main():lattice-best-path.cc:99) For utterance 422c0212_noisy, best cost 31.5012 + -513.077 = -481.576 over 629 frames.
422c0212_noisy A I 
LOG (lattice-best-path:main():lattice-best-path.cc:99) For utterance 422c0213_noisy, best cost 22.6544 + -191.277 = -168.622 over 311 frames.
422c0213_noisy A LAW 
LOG (lattice-best-path:main():lattice-best-path.cc:99) For utterance 422c0214_noisy, best cost 22.2444 + -170.116 = -147.871 over 275 frames.
422c0214_noisy A LAW 
LOG (lattice-scale:main():lattice-scale.cc:90) Done 410 lattices.
LOG (lattice-add-penalty:main():lattice-add-penalty.cc:62) Done adding word insertion penalty to 410 lattices.
LOG (lattice-best-path:main():lattice-best-path.cc:99) For utterance 422c0215_noisy, best cost 47.6181 + -317.761 = -270.143 over 664 frames.
422c0215_noisy HE READ 
LOG (lattice-best-path:main():lattice-best-path.cc:99) For utterance 422c0216_noisy, best cost 29.2405 + -321.872 = -292.631 over 550 frames.
422c0216_noisy A LAW <UNK> 
LOG (lattice-best-path:main():lattice-best-path.cc:124) Overall cost per frame is -0.445931 = 0.0882549 [graph] + -0.534186 [acoustic] over 275859 frames.
LOG (lattice-best-path:main():lattice-best-path.cc:128) Done 410 lattices, failed for 0
# Accounting: time=2 threads=1
# Ended (code 0) at Mon Feb 27 09:19:36 GMT 2017, elapsed time 2 seconds
