# lattice-scale --inv-acoustic-scale=10 "ark:gunzip -c exp_augmented/nnet2_online/nnet_a_gpu_fast_online/decode_dt05_noisy/lat.*.gz|" ark:- | lattice-add-penalty --word-ins-penalty=0.5 ark:- ark:- | lattice-best-path --word-symbol-table=exp_augmented/tri4a/graph/words.txt ark:- ark,t:- | utils/int2sym.pl -f 2- exp_augmented/tri4a/graph/words.txt | local/wer_hyp_filter > exp_augmented/nnet2_online/nnet_a_gpu_fast_online/decode_dt05_noisy/scoring_kaldi/penalty_0.5/10.txt 
# Started at Mon Feb 27 09:19:34 GMT 2017
#
lattice-add-penalty --word-ins-penalty=0.5 ark:- ark:- 
lattice-best-path --word-symbol-table=exp_augmented/tri4a/graph/words.txt ark:- ark,t:- 
lattice-scale --inv-acoustic-scale=10 'ark:gunzip -c exp_augmented/nnet2_online/nnet_a_gpu_fast_online/decode_dt05_noisy/lat.*.gz|' ark:- 
LOG (lattice-best-path:main():lattice-best-path.cc:99) For utterance 050c0101_noisy, best cost 45.2464 + -262.83 = -217.583 over 761 frames.
050c0101_noisy A LAWYER 
LOG (lattice-best-path:main():lattice-best-path.cc:99) For utterance 050c0102_noisy, best cost 49.2489 + -297.063 = -247.814 over 858 frames.
050c0102_noisy HERE 
LOG (lattice-best-path:main():lattice-best-path.cc:99) For utterance 050c0103_noisy, best cost 38.1761 + -248.879 = -210.703 over 716 frames.
050c0103_noisy <UNK> 
LOG (lattice-best-path:main():lattice-best-path.cc:99) For utterance 050c0104_noisy, best cost 45.9305 + -306.59 = -260.659 over 897 frames.
050c0104_noisy <UNK> 
LOG (lattice-best-path:main():lattice-best-path.cc:99) For utterance 050c0105_noisy, best cost 45.3963 + -232.419 = -187.023 over 734 frames.
050c0105_noisy BOTH 
LOG (lattice-best-path:main():lattice-best-path.cc:99) For utterance 050c0106_noisy, best cost 36.9707 + -173.484 = -136.513 over 534 frames.
050c0106_noisy BOTH 
LOG (lattice-best-path:main():lattice-best-path.cc:99) For utterance 050c0107_noisy, best cost 38.58 + -282.801 = -244.221 over 936 frames.
050c0107_noisy HE SAYS 
LOG (lattice-best-path:main():lattice-best-path.cc:99) For utterance 050c0108_noisy, best cost 40.3112 + -203.424 = -163.113 over 608 frames.
050c0108_noisy BOTH <UNK> 
LOG (lattice-best-path:main():lattice-best-path.cc:99) For utterance 050c0109_noisy, best cost 35.9194 + -208.537 = -172.618 over 638 frames.
050c0109_noisy <UNK> 
LOG (lattice-best-path:main():lattice-best-path.cc:99) For utterance 050c010a_noisy, best cost 24.792 + -113.547 = -88.7552 over 361 frames.
050c010a_noisy <UNK> 
LOG (lattice-best-path:main():lattice-best-path.cc:99) For utterance 050c010b_noisy, best cost 43.5436 + -232.413 = -188.869 over 763 frames.
050c010b_noisy HE SAID 
LOG (lattice-best-path:main():lattice-best-path.cc:99) For utterance 050c010c_noisy, best cost 21.5602 + -145.772 = -124.212 over 542 frames.
050c010c_noisy FOR YEARS 
LOG (lattice-best-path:main():lattice-best-path.cc:99) For utterance 050c010d_noisy, best cost 36.936 + -247.608 = -210.672 over 639 frames.
050c010d_noisy <UNK> <UNK> SHARES 
LOG (lattice-best-path:main():lattice-best-path.cc:99) For utterance 050c010e_noisy, best cost 21.9718 + -239.684 = -217.712 over 763 frames.
050c010e_noisy FOR YEARS 
LOG (lattice-best-path:main():lattice-best-path.cc:99) For utterance 050c010f_noisy, best cost 19.6044 + -226.731 = -207.126 over 613 frames.
050c010f_noisy FEES 
LOG (lattice-best-path:main():lattice-best-path.cc:99) For utterance 050c010g_noisy, best cost 23.5344 + -319.072 = -295.538 over 681 frames.
050c010g_noisy WAS 
LOG (lattice-best-path:main():lattice-best-path.cc:99) For utterance 050c010h_noisy, best cost 22.6043 + -428.347 = -405.742 over 1024 frames.
050c010h_noisy WAS <UNK> 
LOG (lattice-best-path:main():lattice-best-path.cc:99) For utterance 050c010i_noisy, best cost 25.2624 + -176.777 = -151.515 over 547 frames.
050c010i_noisy WATCH 
LOG (lattice-best-path:main():lattice-best-path.cc:99) For utterance 050c010j_noisy, best cost 28.9519 + -160.024 = -131.072 over 470 frames.
050c010j_noisy <UNK> 
LOG (lattice-best-path:main():lattice-best-path.cc:99) For utterance 050c010k_noisy, best cost 38.3545 + -239.413 = -201.058 over 710 frames.
050c010k_noisy <UNK> 
LOG (lattice-best-path:main():lattice-best-path.cc:99) For utterance 050c010l_noisy, best cost 34.2827 + -203.998 = -169.715 over 612 frames.
050c010l_noisy <UNK> 
LOG (lattice-best-path:main():lattice-best-path.cc:99) For utterance 050c010m_noisy, best cost 83.3603 + -454.493 = -371.133 over 1194 frames.
050c010m_noisy SALE OF THINGS 
LOG (lattice-best-path:main():lattice-best-path.cc:99) For utterance 050c010n_noisy, best cost 51.8329 + -258.628 = -206.795 over 638 frames.
050c010n_noisy THIN 
LOG (lattice-best-path:main():lattice-best-path.cc:99) For utterance 050c010o_noisy, best cost 36.4149 + -235.169 = -198.754 over 649 frames.
050c010o_noisy <UNK> WILL 
LOG (lattice-best-path:main():lattice-best-path.cc:99) For utterance 050c010p_noisy, best cost 31.6856 + -177.461 = -145.776 over 460 frames.
050c010p_noisy <UNK> WILL 
LOG (lattice-best-path:main():lattice-best-path.cc:99) For utterance 050c010q_noisy, best cost 24.6639 + -86.1933 = -61.5294 over 233 frames.
050c010q_noisy SALE 
LOG (lattice-best-path:main():lattice-best-path.cc:99) For utterance 050c010r_noisy, best cost 37.1061 + -343.648 = -306.542 over 861 frames.
050c010r_noisy <UNK> THINGS 
LOG (lattice-best-path:main():lattice-best-path.cc:99) For utterance 050c010s_noisy, best cost 28.976 + -185.302 = -156.326 over 494 frames.
050c010s_noisy <UNK> WILL 
LOG (lattice-best-path:main():lattice-best-path.cc:99) For utterance 050c010t_noisy, best cost 19.9696 + -253.28 = -233.31 over 687 frames.
050c010t_noisy <UNK> 
LOG (lattice-best-path:main():lattice-best-path.cc:99) For utterance 050c010u_noisy, best cost 17.9738 + -371.074 = -353.1 over 1035 frames.
050c010u_noisy <UNK> 
LOG (lattice-best-path:main():lattice-best-path.cc:99) For utterance 050c010v_noisy, best cost 19.9612 + -281.598 = -261.637 over 696 frames.
050c010v_noisy WATCH 
LOG (lattice-best-path:main():lattice-best-path.cc:99) For utterance 050c010w_noisy, best cost 24.3006 + -212.886 = -188.586 over 453 frames.
050c010w_noisy A LAW 
LOG (lattice-best-path:main():lattice-best-path.cc:99) For utterance 050c010x_noisy, best cost 23.7834 + -110.264 = -86.4805 over 309 frames.
050c010x_noisy ALLIED 
LOG (lattice-best-path:main():lattice-best-path.cc:99) For utterance 050c010y_noisy, best cost 59.2194 + -431.585 = -372.365 over 1243 frames.
050c010y_noisy <UNK> 
LOG (lattice-best-path:main():lattice-best-path.cc:99) For utterance 050c010z_noisy, best cost 38.1375 + -206.52 = -168.382 over 604 frames.
050c010z_noisy A LAW <UNK> 
LOG (lattice-best-path:main():lattice-best-path.cc:99) For utterance 050c0110_noisy, best cost 36.1311 + -302.05 = -265.919 over 893 frames.
050c0110_noisy THOUGH 
LOG (lattice-best-path:main():lattice-best-path.cc:99) For utterance 050c0111_noisy, best cost 38.2677 + -236.422 = -198.155 over 710 frames.
050c0111_noisy <UNK> 
LOG (lattice-best-path:main():lattice-best-path.cc:99) For utterance 050c0112_noisy, best cost 31.4868 + -192.283 = -160.796 over 501 frames.
050c0112_noisy A LAW 
LOG (lattice-best-path:main():lattice-best-path.cc:99) For utterance 050c0113_noisy, best cost 22.4766 + -230.529 = -208.052 over 670 frames.
050c0113_noisy THE <UNK> 
LOG (lattice-best-path:main():lattice-best-path.cc:99) For utterance 050c0114_noisy, best cost 22.0627 + -209.651 = -187.588 over 658 frames.
050c0114_noisy THE <UNK> 
LOG (lattice-best-path:main():lattice-best-path.cc:99) For utterance 050c0115_noisy, best cost 36.3826 + -256.643 = -220.261 over 748 frames.
050c0115_noisy THE SALE 
LOG (lattice-best-path:main():lattice-best-path.cc:99) For utterance 050c0116_noisy, best cost 25.9924 + -115.058 = -89.0656 over 325 frames.
050c0116_noisy ALLIED 
LOG (lattice-best-path:main():lattice-best-path.cc:99) For utterance 423c0201_noisy, best cost 113.592 + -222.265 = -108.673 over 552 frames.
423c0201_noisy TAXPAYERS OF THE CHIEF ADVANTAGE OF A BETTER CREDIT CARDS FOR THE EXCHANGES 
LOG (lattice-best-path:main():lattice-best-path.cc:99) For utterance 423c0202_noisy, best cost 118.597 + -240.551 = -121.954 over 529 frames.
423c0202_noisy PAYMENTS CHARGED AS LATE AS APRIL FIFTEENTH WOULD BE THE I. R. S. SAYS 
LOG (lattice-best-path:main():lattice-best-path.cc:99) For utterance 423c0203_noisy, best cost 174.848 + -324.535 = -149.687 over 872 frames.
423c0203_noisy THE CASE TWO YEARS GENERALLY WOULD HAVE ANOTHER MONTH OF CREDIT CARD BILLS CAME TO ZERO FOR TOP MANAGERS 
LOG (lattice-best-path:main():lattice-best-path.cc:99) For utterance 423c0204_noisy, best cost 99.0683 + -204.191 = -105.123 over 534 frames.
423c0204_noisy E. SOUTH OF ONLY TWO JAPANESE COMPANIES WERE HIGHER SALES 
LOG (lattice-best-path:main():lattice-best-path.cc:99) For utterance 423c0205_noisy, best cost 89.5952 + -227.639 = -138.044 over 511 frames.
423c0205_noisy THE OTHER WAS MITSUBISHI MOTORS CORPORATION'S U. S. SALES OPERATIONS 
LOG (lattice-best-path:main():lattice-best-path.cc:99) For utterance 423c0206_noisy, best cost 224.399 + -447.567 = -223.168 over 1034 frames.
423c0206_noisy BOTH COMPANIES OFFERED DEALERS CASH RESERVES DURING THE MONTH BE SOFT THREE OF ITS FAST SELLING CARS AND MITSUBISHI ALTHOUGH <UNK> ADDS 
LOG (lattice-best-path:main():lattice-best-path.cc:99) For utterance 423c0207_noisy, best cost 138.079 + -282.827 = -144.748 over 619 frames.
423c0207_noisy REPRESENTATIVES FOR THE TWO IMPORTERS SAID THE PROGRAMS OF <UNK> NEW INCENTIVES HAPPENS 
LOG (lattice-best-path:main():lattice-best-path.cc:99) For utterance 423c0208_noisy, best cost 91.9679 + -197.189 = -105.221 over 389 frames.
423c0208_noisy PEOPLE DON'T VOTE PRIMARILY ON THE BASIS OF ISSUES HE SAYS 
LOG (lattice-best-path:main():lattice-best-path.cc:99) For utterance 423c0209_noisy, best cost 64.1063 + -117.705 = -53.5988 over 286 frames.
423c0209_noisy THEY VOTE ON A SENSE OF LEADERSHIP 
LOG (lattice-best-path:main():lattice-best-path.cc:99) For utterance 423c020a_noisy, best cost 122.235 + -213.311 = -91.0757 over 572 frames.
423c020a_noisy IT WON INDEPENDENCE SEE US AS DIRECTION OF CURRENCIES FRIDAY THINGS 
LOG (lattice-best-path:main():lattice-best-path.cc:99) For utterance 423c020b_noisy, best cost 91.0354 + -184.036 = -93.0007 over 461 frames.
423c020b_noisy MY POSITION ON CONTRA AID IS ON <UNK> BOTH ACTIONS 
LOG (lattice-best-path:main():lattice-best-path.cc:99) For utterance 423c020c_noisy, best cost 205.061 + -419.35 = -214.289 over 918 frames.
423c020c_noisy PRIOR TO THE FILING THE COMPANY SAID IT HAD BEEN ATTEMPTING TO SETTLE ITS STAFF WITH CREDITORS AND TO GAIN ADDITIONAL BANK FINANCING TO CONTINUE GROWING OPERATIONS 
LOG (lattice-best-path:main():lattice-best-path.cc:99) For utterance 423c020d_noisy, best cost 78.6081 + -170.515 = -91.907 over 341 frames.
423c020d_noisy <UNK> ALL SETTLEMENT TALKS C. STAFF FILES 
LOG (lattice-best-path:main():lattice-best-path.cc:99) For utterance 423c020e_noisy, best cost 94.9789 + -283.546 = -188.568 over 610 frames.
423c020e_noisy THE COMPANY SAID IT HASN'T BEEN ABLE TO OBTAIN BANK FINANCING FOR THE CONTINUING OPERATIONS 
LOG (lattice-best-path:main():lattice-best-path.cc:99) For utterance 423c020f_noisy, best cost 107.402 + -227.799 = -120.396 over 599 frames.
423c020f_noisy THE COMPANY HAS THIRTY FOUR STORES THROUGHOUT THE MIDWEST AND SOUTHEAST THURSDAY'S 
LOG (lattice-best-path:main():lattice-best-path.cc:99) For utterance 423c020g_noisy, best cost 141.45 + -295.279 = -153.83 over 670 frames.
423c020g_noisy THE LATEST GOVERNMENT FIGURES <UNK> SHOW THE PRODUCER PRICE <UNK> FELL ZERO POINT TWO PERCENT LAST <UNK> 
LOG (lattice-best-path:main():lattice-best-path.cc:99) For utterance 423c020h_noisy, best cost 117.057 + -263.199 = -146.143 over 711 frames.
423c020h_noisy AFTER EXCLUDING FOOD AND ENERGY THIRD OF ALL <UNK> PRICES ROSE <UNK> THREE YEARS 
LOG (lattice-best-path:main():lattice-best-path.cc:99) For utterance 423c020i_noisy, best cost 29.2878 + -138.361 = -109.073 over 525 frames.
423c020i_noisy SOME THINGS 
LOG (lattice-best-path:main():lattice-best-path.cc:99) For utterance 423c020j_noisy, best cost 27.8344 + -148.201 = -120.366 over 458 frames.
423c020j_noisy <UNK> <UNK> THINGS 
LOG (lattice-best-path:main():lattice-best-path.cc:99) For utterance 423c020k_noisy, best cost 53.2872 + -181.925 = -128.638 over 548 frames.
423c020k_noisy <UNK> G. THINKING <UNK> 
LOG (lattice-best-path:main():lattice-best-path.cc:99) For utterance 423c020l_noisy, best cost 68.956 + -221.051 = -152.095 over 648 frames.
423c020l_noisy BOTH <UNK> CREDITORS EIGHTH <UNK> 
LOG (lattice-best-path:main():lattice-best-path.cc:99) For utterance 423c020m_noisy, best cost 25.712 + -75.645 = -49.933 over 220 frames.
423c020m_noisy <UNK> H. <UNK> 
LOG (lattice-best-path:main():lattice-best-path.cc:99) For utterance 423c020n_noisy, best cost 69.4525 + -277.742 = -208.289 over 732 frames.
423c020n_noisy <UNK> PRICES HAS A THEORY EIGHTH 
LOG (lattice-best-path:main():lattice-best-path.cc:99) For utterance 423c020o_noisy, best cost 28.4323 + -122.989 = -94.5571 over 287 frames.
423c020o_noisy <UNK> YOUTH 
LOG (lattice-best-path:main():lattice-best-path.cc:99) For utterance 423c020p_noisy, best cost 37.9384 + -162.773 = -124.835 over 477 frames.
423c020p_noisy A THIN <UNK> <UNK> 
LOG (lattice-best-path:main():lattice-best-path.cc:99) For utterance 423c020q_noisy, best cost 40.5869 + -186.579 = -145.992 over 553 frames.
423c020q_noisy HE'S ESTABLISHED 
LOG (lattice-best-path:main():lattice-best-path.cc:99) For utterance 423c020r_noisy, best cost 51.2996 + -245.572 = -194.272 over 628 frames.
423c020r_noisy <UNK> <UNK> THING 
LOG (lattice-best-path:main():lattice-best-path.cc:99) For utterance 423c020s_noisy, best cost 41.3095 + -306.571 = -265.261 over 814 frames.
423c020s_noisy <UNK> WITH <UNK> 
LOG (lattice-best-path:main():lattice-best-path.cc:99) For utterance 423c020t_noisy, best cost 31.6155 + -184.189 = -152.573 over 566 frames.
423c020t_noisy BOTH <UNK> 
LOG (lattice-best-path:main():lattice-best-path.cc:99) For utterance 423c020u_noisy, best cost 29.3793 + -228.634 = -199.255 over 677 frames.
423c020u_noisy BOTH <UNK> 
LOG (lattice-best-path:main():lattice-best-path.cc:99) For utterance 423c020v_noisy, best cost 33.2629 + -128.12 = -94.8567 over 356 frames.
423c020v_noisy HE THOUGHT <UNK> 
LOG (lattice-best-path:main():lattice-best-path.cc:99) For utterance 423c020w_noisy, best cost 34.2228 + -178.557 = -144.335 over 512 frames.
423c020w_noisy BOTH <UNK> 
LOG (lattice-best-path:main():lattice-best-path.cc:99) For utterance 423c020x_noisy, best cost 42.3127 + -217.09 = -174.778 over 669 frames.
423c020x_noisy BOTH <UNK> <UNK> <UNK> 
LOG (lattice-best-path:main():lattice-best-path.cc:99) For utterance 423c020y_noisy, best cost 53.0167 + -298.396 = -245.379 over 975 frames.
423c020y_noisy A THIN <UNK> 
LOG (lattice-best-path:main():lattice-best-path.cc:99) For utterance 423c020z_noisy, best cost 28.4185 + -313.364 = -284.946 over 810 frames.
423c020z_noisy A LAW 
LOG (lattice-best-path:main():lattice-best-path.cc:99) For utterance 423c0210_noisy, best cost 24.9763 + -220.578 = -195.602 over 512 frames.
423c0210_noisy A LAW 
LOG (lattice-best-path:main():lattice-best-path.cc:99) For utterance 423c0211_noisy, best cost 19.366 + -133.465 = -114.099 over 398 frames.
423c0211_noisy WATCH 
LOG (lattice-best-path:main():lattice-best-path.cc:99) For utterance 423c0212_noisy, best cost 25.6687 + -289.914 = -264.245 over 712 frames.
423c0212_noisy A LOT 
LOG (lattice-best-path:main():lattice-best-path.cc:99) For utterance 423c0213_noisy, best cost 25.6313 + -152.68 = -127.049 over 403 frames.
423c0213_noisy A LOT 
LOG (lattice-best-path:main():lattice-best-path.cc:99) For utterance 423c0214_noisy, best cost 69.0273 + -332.313 = -263.286 over 1114 frames.
423c0214_noisy WAS HE THOUGHT GROWTH <UNK> 
LOG (lattice-best-path:main():lattice-best-path.cc:99) For utterance 423c0215_noisy, best cost 76.2031 + -219.667 = -143.464 over 712 frames.
423c0215_noisy THINKING EIGHTH HE THOUGHT <UNK> 
LOG (lattice-best-path:main():lattice-best-path.cc:99) For utterance 423c0216_noisy, best cost 70.1953 + -216.841 = -146.645 over 611 frames.
423c0216_noisy <UNK> SAID HE THOUGHT <UNK> WORKING WITH <UNK> 
LOG (lattice-best-path:main():lattice-best-path.cc:99) For utterance 051c0101_noisy, best cost 83.7885 + -200.143 = -116.354 over 561 frames.
051c0101_noisy A LOAD HE ADVOCATES SAY FOREIGN POLICY 
LOG (lattice-best-path:main():lattice-best-path.cc:99) For utterance 051c0102_noisy, best cost 31.9694 + -112.5 = -80.5302 over 382 frames.
051c0102_noisy THE U. S. 
LOG (lattice-best-path:main():lattice-best-path.cc:99) For utterance 051c0103_noisy, best cost 51.202 + -132.482 = -81.2802 over 381 frames.
051c0103_noisy I THOUGHT ABOUT SOUTH AFRICA 
LOG (lattice-best-path:main():lattice-best-path.cc:99) For utterance 051c0104_noisy, best cost 42.1383 + -130.619 = -88.4811 over 342 frames.
051c0104_noisy HALF OF GROWTH 
LOG (lattice-best-path:main():lattice-best-path.cc:99) For utterance 051c0105_noisy, best cost 75.1719 + -296.718 = -221.546 over 932 frames.
051c0105_noisy THE BOND MARKET PRICES OF <UNK> 
LOG (lattice-best-path:main():lattice-best-path.cc:99) For utterance 051c0106_noisy, best cost 135.283 + -342.424 = -207.141 over 996 frames.
051c0106_noisy RE YOUR CAR GROWTH FOR A TEN DOLLAR ONE THOUSAND DOLLAR FACE 
LOG (lattice-best-path:main():lattice-best-path.cc:99) For utterance 051c0107_noisy, best cost 38.1958 + -190.266 = -152.07 over 545 frames.
051c0107_noisy CORPORATE BOND PRICES 
LOG (lattice-best-path:main():lattice-best-path.cc:99) For utterance 051c0108_noisy, best cost 57.1732 + -163.487 = -106.314 over 550 frames.
051c0108_noisy WITH <UNK> WHICH IT DOES 
LOG (lattice-best-path:main():lattice-best-path.cc:99) For utterance 051c0109_noisy, best cost 53.8782 + -255.769 = -201.891 over 816 frames.
051c0109_noisy BOTH <UNK> PRIZE 
LOG (lattice-best-path:main():lattice-best-path.cc:99) For utterance 051c010a_noisy, best cost 86.8749 + -256.427 = -169.553 over 800 frames.
051c010a_noisy HE THOUGHT THE MERC THOUGHT GROWTH 
LOG (lattice-best-path:main():lattice-best-path.cc:99) For utterance 051c010b_noisy, best cost 153.744 + -513.448 = -359.704 over 1571 frames.
051c010b_noisy THE VOTE WERE DROPPED FOR ONE THING HE SAYS AT ONE HUNDRED EIGHTY FIVE 
LOG (lattice-best-path:main():lattice-best-path.cc:99) For utterance 051c010c_noisy, best cost 93.445 + -216.249 = -122.804 over 667 frames.
051c010c_noisy EUROPE WILL RISE THIS YEAR SAYS <UNK> <UNK> CROP 
LOG (lattice-best-path:main():lattice-best-path.cc:99) For utterance 051c010d_noisy, best cost 123.468 + -368.178 = -244.71 over 1230 frames.
051c010d_noisy YESTERDAY'S RALLY THEME PARK BOTH <UNK> PRIZE FOR <UNK> 
LOG (lattice-best-path:main():lattice-best-path.cc:99) For utterance 051c010e_noisy, best cost 27.1248 + -231.027 = -203.902 over 698 frames.
051c010e_noisy A LAW 
LOG (lattice-best-path:main():lattice-best-path.cc:99) For utterance 051c010f_noisy, best cost 18.8367 + -230.689 = -211.852 over 592 frames.
051c010f_noisy WATCH 
LOG (lattice-best-path:main():lattice-best-path.cc:99) For utterance 051c010g_noisy, best cost 51.8854 + -344.654 = -292.768 over 919 frames.
051c010g_noisy THINK OF 
LOG (lattice-best-path:main():lattice-best-path.cc:99) For utterance 051c010h_noisy, best cost 50.6771 + -263.604 = -212.927 over 719 frames.
051c010h_noisy <UNK> THOUGHT <UNK> 
LOG (lattice-best-path:main():lattice-best-path.cc:99) For utterance 051c010i_noisy, best cost 51.9432 + -312.991 = -261.048 over 858 frames.
051c010i_noisy <UNK> BOTH 
LOG (lattice-best-path:main():lattice-best-path.cc:99) For utterance 051c010j_noisy, best cost 58.514 + -455.243 = -396.729 over 1305 frames.
051c010j_noisy BOTH 
LOG (lattice-best-path:main():lattice-best-path.cc:99) For utterance 051c010k_noisy, best cost 57.4039 + -340.039 = -282.635 over 779 frames.
051c010k_noisy THIN 
LOG (lattice-best-path:main():lattice-best-path.cc:99) For utterance 051c010l_noisy, best cost 37.2605 + -307.511 = -270.251 over 727 frames.
051c010l_noisy BOTH 
LOG (lattice-best-path:main():lattice-best-path.cc:99) For utterance 051c010m_noisy, best cost 36.9134 + -301.436 = -264.523 over 718 frames.
051c010m_noisy BOTH <UNK> 
LOG (lattice-best-path:main():lattice-best-path.cc:99) For utterance 051c010n_noisy, best cost 43.7704 + -374.474 = -330.704 over 938 frames.
051c010n_noisy <UNK> WITH <UNK> 
LOG (lattice-best-path:main():lattice-best-path.cc:99) For utterance 051c010o_noisy, best cost 49.7771 + -357.176 = -307.399 over 964 frames.
051c010o_noisy SOUTH <UNK> DEAL 
LOG (lattice-best-path:main():lattice-best-path.cc:99) For utterance 051c010p_noisy, best cost 48.0501 + -404.583 = -356.533 over 1132 frames.
051c010p_noisy <UNK> HE THOUGHT 
LOG (lattice-best-path:main():lattice-best-path.cc:99) For utterance 051c010q_noisy, best cost 25.1494 + -289.001 = -263.852 over 619 frames.
051c010q_noisy A LOT 
LOG (lattice-best-path:main():lattice-best-path.cc:99) For utterance 051c010r_noisy, best cost 30.4804 + -487.503 = -457.022 over 988 frames.
051c010r_noisy A LAW 
LOG (lattice-best-path:main():lattice-best-path.cc:99) For utterance 051c010s_noisy, best cost 29.3358 + -283.656 = -254.32 over 808 frames.
051c010s_noisy A LOT 
LOG (lattice-best-path:main():lattice-best-path.cc:99) For utterance 051c010t_noisy, best cost 18.7138 + -158.844 = -140.13 over 516 frames.
051c010t_noisy WATCH 
LOG (lattice-best-path:main():lattice-best-path.cc:99) For utterance 051c010u_noisy, best cost 26.278 + -120.468 = -94.1898 over 378 frames.
051c010u_noisy A LAW <UNK> 
LOG (lattice-best-path:main():lattice-best-path.cc:99) For utterance 051c010v_noisy, best cost 55.3091 + -374.091 = -318.782 over 1095 frames.
051c010v_noisy <UNK> BOTH 
LOG (lattice-best-path:main():lattice-best-path.cc:99) For utterance 051c010w_noisy, best cost 48.4405 + -236.589 = -188.149 over 725 frames.
051c010w_noisy <UNK> TRADE WITH <UNK> 
LOG (lattice-best-path:main():lattice-best-path.cc:99) For utterance 051c010x_noisy, best cost 51.2946 + -311.623 = -260.328 over 989 frames.
051c010x_noisy <UNK> <UNK> THE <UNK> DEAL 
LOG (lattice-best-path:main():lattice-best-path.cc:99) For utterance 051c010y_noisy, best cost 50.8939 + -256.2 = -205.306 over 839 frames.
051c010y_noisy <UNK> <UNK> THOUGHT 
LOG (lattice-best-path:main():lattice-best-path.cc:99) For utterance 051c010z_noisy, best cost 24.6836 + -193.473 = -168.79 over 557 frames.
051c010z_noisy A LOT 
LOG (lattice-best-path:main():lattice-best-path.cc:99) For utterance 051c0110_noisy, best cost 48.0147 + -208.851 = -160.836 over 547 frames.
051c0110_noisy SALE OF BOTH 
LOG (lattice-best-path:main():lattice-best-path.cc:99) For utterance 051c0111_noisy, best cost 35.9546 + -151.16 = -115.205 over 454 frames.
051c0111_noisy A LOT OF THINGS 
LOG (lattice-best-path:main():lattice-best-path.cc:99) For utterance 051c0112_noisy, best cost 35.7549 + -232.475 = -196.72 over 641 frames.
051c0112_noisy BOTH 
LOG (lattice-best-path:main():lattice-best-path.cc:99) For utterance 051c0113_noisy, best cost 38.7996 + -196.934 = -158.134 over 514 frames.
051c0113_noisy MANY THOUGHT 
LOG (lattice-best-path:main():lattice-best-path.cc:99) For utterance 051c0114_noisy, best cost 50.8835 + -351.69 = -300.806 over 1022 frames.
051c0114_noisy BOTH <UNK> 
LOG (lattice-best-path:main():lattice-best-path.cc:99) For utterance 051c0115_noisy, best cost 48.5699 + -284.081 = -235.511 over 753 frames.
051c0115_noisy SOUTH <UNK> DEAL 
LOG (lattice-best-path:main():lattice-best-path.cc:99) For utterance 052c0101_noisy, best cost 100.218 + -275.647 = -175.429 over 905 frames.
052c0101_noisy A LEVERAGED ECONOMY HAS ALSO HELPED <UNK> SURVEY 
LOG (lattice-best-path:main():lattice-best-path.cc:99) For utterance 052c0102_noisy, best cost 99.6098 + -364.473 = -264.864 over 1113 frames.
052c0102_noisy FOR EXAMPLE LIKE FOR ABOUT HALF YEARS 
LOG (lattice-best-path:main():lattice-best-path.cc:99) For utterance 052c0103_noisy, best cost 94.531 + -252.658 = -158.127 over 837 frames.
052c0103_noisy WITH SUCH KNOWLEDGE BETTER TERM GROWTH 
LOG (lattice-best-path:main():lattice-best-path.cc:99) For utterance 052c0104_noisy, best cost 107.62 + -237.359 = -129.74 over 731 frames.
052c0104_noisy STERLING DRUG FOR A QUARTERLY DIVIDEND THIRTY EIGHTH TO THIRTY THREE 
LOG (lattice-best-path:main():lattice-best-path.cc:99) For utterance 052c0105_noisy, best cost 111.938 + -276.998 = -165.06 over 854 frames.
052c0105_noisy NEW YORK PHARMACEUTICAL PRODUCTS CONCERN SAID THE RATE FOR PROFIT GROWTH 
LOG (lattice-best-path:main():lattice-best-path.cc:99) For utterance 052c0106_noisy, best cost 67.3538 + -151.022 = -83.6686 over 454 frames.
052c0106_noisy THE DIVIDEND IS PAYABLE JUNE FIRST TO STOCK OF RECORD 
LOG (lattice-best-path:main():lattice-best-path.cc:99) For utterance 052c0107_noisy, best cost 107.529 + -197.972 = -90.443 over 660 frames.
052c0107_noisy REGIONAL BANKS BOTH IT ALSO TAKES THE CRASH HE ADDS 
LOG (lattice-best-path:main():lattice-best-path.cc:99) For utterance 052c0108_noisy, best cost 84.601 + -178.424 = -93.8226 over 445 frames.
052c0108_noisy ALSO TWO BANKS BOTH FOR LOAN LOSS RESERVE 
LOG (lattice-best-path:main():lattice-best-path.cc:99) For utterance 052c0109_noisy, best cost 72.8351 + -158.611 = -85.7755 over 508 frames.
052c0109_noisy MEANWHILE TEXACO THINK THAT WHEN HE SAID 
LOG (lattice-best-path:main():lattice-best-path.cc:99) For utterance 052c010a_noisy, best cost 137.205 + -246.437 = -109.232 over 635 frames.
052c010a_noisy THE HUDSON SAID MR. SELLS WHAT HAPPENED FOR EQUITIES A COMPANY HE IS <UNK> 
LOG (lattice-best-path:main():lattice-best-path.cc:99) For utterance 052c010b_noisy, best cost 154.088 + -312.004 = -157.916 over 734 frames.
052c010b_noisy MR. SELLS WASN'T AVAILABLE FOR COMMENT SAID A STATE OF ALL WITH WATER ON MY OWN COMPANY 
LOG (lattice-best-path:main():lattice-best-path.cc:99) For utterance 052c010c_noisy, best cost 68.3014 + -107.959 = -39.6573 over 303 frames.
052c010c_noisy NOW I GET <UNK> AND VERY EXCITED 
LOG (lattice-best-path:main():lattice-best-path.cc:99) For utterance 052c010d_noisy, best cost 142.142 + -287.529 = -145.387 over 792 frames.
052c010d_noisy OF THE TOTAL FACE AMOUNT OUTSTANDING WHILE WESTERN UNION THE EIGHTEENTH <UNK> WITH OTHERS 
LOG (lattice-best-path:main():lattice-best-path.cc:99) For utterance 052c010e_noisy, best cost 87.4128 + -166.91 = -79.497 over 468 frames.
052c010e_noisy THE SWAP OFFER MARKET LEAST EIGHTY PERCENT OF THE TOTAL 
LOG (lattice-best-path:main():lattice-best-path.cc:99) For utterance 052c010f_noisy, best cost 23.5439 + -148.747 = -125.203 over 388 frames.
052c010f_noisy A LAW 
LOG (lattice-best-path:main():lattice-best-path.cc:99) For utterance 052c010g_noisy, best cost 45.203 + -335.409 = -290.206 over 1046 frames.
052c010g_noisy WANT THINGS 
LOG (lattice-best-path:main():lattice-best-path.cc:99) For utterance 052c010h_noisy, best cost 44.6543 + -290.924 = -246.27 over 878 frames.
052c010h_noisy BOTH <UNK> 
LOG (lattice-best-path:main():lattice-best-path.cc:99) For utterance 052c010i_noisy, best cost 42.8342 + -243.275 = -200.441 over 822 frames.
052c010i_noisy GROWTH 
LOG (lattice-best-path:main():lattice-best-path.cc:99) For utterance 052c010j_noisy, best cost 53.3297 + -362.942 = -309.613 over 1046 frames.
052c010j_noisy A I THOUGHT 
LOG (lattice-best-path:main():lattice-best-path.cc:99) For utterance 052c010k_noisy, best cost 24.6738 + -120.503 = -95.8294 over 402 frames.
052c010k_noisy A LOT 
LOG (lattice-best-path:main():lattice-best-path.cc:99) For utterance 052c010l_noisy, best cost 27.2926 + -286.148 = -258.855 over 766 frames.
052c010l_noisy A LOT 
LOG (lattice-best-path:main():lattice-best-path.cc:99) For utterance 052c010m_noisy, best cost 57.4349 + -355.085 = -297.65 over 931 frames.
052c010m_noisy THIN 
LOG (lattice-best-path:main():lattice-best-path.cc:99) For utterance 052c010n_noisy, best cost 34.7587 + -209.959 = -175.2 over 609 frames.
052c010n_noisy BOTH 
LOG (lattice-best-path:main():lattice-best-path.cc:99) For utterance 052c010o_noisy, best cost 24.2248 + -209.445 = -185.22 over 587 frames.
052c010o_noisy A LOT 
LOG (lattice-best-path:main():lattice-best-path.cc:99) For utterance 052c010p_noisy, best cost 37 + -239.944 = -202.944 over 787 frames.
052c010p_noisy THE <UNK> <UNK> 
LOG (lattice-best-path:main():lattice-best-path.cc:99) For utterance 052c010q_noisy, best cost 46.6766 + -209.182 = -162.505 over 620 frames.
052c010q_noisy HE <UNK> BOTH 
LOG (lattice-best-path:main():lattice-best-path.cc:99) For utterance 052c010r_noisy, best cost 19.2278 + -100.547 = -81.3192 over 318 frames.
052c010r_noisy <UNK> 
LOG (lattice-best-path:main():lattice-best-path.cc:99) For utterance 052c010s_noisy, best cost 27.2404 + -126.451 = -99.2103 over 339 frames.
052c010s_noisy BOTH <UNK> 
LOG (lattice-best-path:main():lattice-best-path.cc:99) For utterance 052c010t_noisy, best cost 26.0124 + -258.699 = -232.687 over 607 frames.
052c010t_noisy A LOT 
LOG (lattice-best-path:main():lattice-best-path.cc:99) For utterance 052c010u_noisy, best cost 30.9467 + -278.226 = -247.279 over 581 frames.
052c010u_noisy A I 
LOG (lattice-best-path:main():lattice-best-path.cc:99) For utterance 052c010v_noisy, best cost 27.4944 + -418.588 = -391.093 over 730 frames.
052c010v_noisy A LAW 
LOG (lattice-best-path:main():lattice-best-path.cc:99) For utterance 052c010w_noisy, best cost 32.9913 + -455.287 = -422.295 over 758 frames.
052c010w_noisy A I 
LOG (lattice-best-path:main():lattice-best-path.cc:99) For utterance 052c010x_noisy, best cost 25.4086 + -283.65 = -258.242 over 574 frames.
052c010x_noisy A LOT 
LOG (lattice-best-path:main():lattice-best-path.cc:99) For utterance 052c010y_noisy, best cost 22.8193 + -113.29 = -90.4708 over 280 frames.
052c010y_noisy A LOT 
LOG (lattice-best-path:main():lattice-best-path.cc:99) For utterance 052c010z_noisy, best cost 23.7858 + -241.67 = -217.884 over 549 frames.
052c010z_noisy A LOT 
LOG (lattice-best-path:main():lattice-best-path.cc:99) For utterance 052c0110_noisy, best cost 24.0169 + -280.743 = -256.726 over 569 frames.
052c0110_noisy A LOT 
LOG (lattice-best-path:main():lattice-best-path.cc:99) For utterance 052c0111_noisy, best cost 38.5945 + -209.7 = -171.106 over 598 frames.
052c0111_noisy A LUCKY 
LOG (lattice-best-path:main():lattice-best-path.cc:99) For utterance 052c0112_noisy, best cost 32.7616 + -364.054 = -331.292 over 1054 frames.
052c0112_noisy A LOT 
LOG (lattice-best-path:main():lattice-best-path.cc:99) For utterance 052c0113_noisy, best cost 25.763 + -291.235 = -265.472 over 583 frames.
052c0113_noisy A LOT 
LOG (lattice-best-path:main():lattice-best-path.cc:99) For utterance 052c0114_noisy, best cost 28.0014 + -341.782 = -313.78 over 837 frames.
052c0114_noisy A LOT 
LOG (lattice-best-path:main():lattice-best-path.cc:99) For utterance 052c0115_noisy, best cost 27.2644 + -194.288 = -167.023 over 467 frames.
052c0115_noisy A LAW <UNK> 
LOG (lattice-best-path:main():lattice-best-path.cc:99) For utterance 052c0116_noisy, best cost 26.2297 + -248.563 = -222.333 over 620 frames.
052c0116_noisy A LAW 
LOG (lattice-best-path:main():lattice-best-path.cc:99) For utterance 053c0101_noisy, best cost 76.8735 + -234.311 = -157.438 over 691 frames.
053c0101_noisy A I HEALTH <UNK> LAST MONTH <UNK> 
LOG (lattice-best-path:main():lattice-best-path.cc:99) For utterance 053c0102_noisy, best cost 57.7909 + -135.053 = -77.2618 over 487 frames.
053c0102_noisy A FEDERAL LAW THE JUSTICE DEPARTMENT 
LOG (lattice-best-path:main():lattice-best-path.cc:99) For utterance 053c0103_noisy, best cost 41.7928 + -168.075 = -126.282 over 523 frames.
053c0103_noisy BOTH ARE <UNK> 
LOG (lattice-best-path:main():lattice-best-path.cc:99) For utterance 053c0104_noisy, best cost 36.2628 + -143.091 = -106.828 over 492 frames.
053c0104_noisy IN ADDITION 
LOG (lattice-best-path:main():lattice-best-path.cc:99) For utterance 053c0105_noisy, best cost 52.9705 + -254.183 = -201.213 over 877 frames.
053c0105_noisy FOR THEM 
LOG (lattice-best-path:main():lattice-best-path.cc:99) For utterance 053c0106_noisy, best cost 61.6032 + -229.415 = -167.812 over 881 frames.
053c0106_noisy ONE <UNK> HE THOUGHT 
LOG (lattice-best-path:main():lattice-best-path.cc:99) For utterance 053c0107_noisy, best cost 99.7074 + -237.988 = -138.281 over 860 frames.
053c0107_noisy I'D BE PRICED HIGHER FRIDAY G. THINGS 
LOG (lattice-best-path:main():lattice-best-path.cc:99) For utterance 053c0108_noisy, best cost 39.1079 + -117.661 = -78.5531 over 403 frames.
053c0108_noisy IT HAD THOUGHT 
LOG (lattice-best-path:main():lattice-best-path.cc:99) For utterance 053c0109_noisy, best cost 75.1872 + -209.155 = -133.968 over 753 frames.
053c0109_noisy THAT'S HOW HE THOUGHT HE THOUGHT 
LOG (lattice-best-path:main():lattice-best-path.cc:99) For utterance 053c010a_noisy, best cost 53.0324 + -208.11 = -155.077 over 776 frames.
053c010a_noisy CAN HE ADDED 
LOG (lattice-best-path:main():lattice-best-path.cc:99) For utterance 053c010b_noisy, best cost 106.918 + -286.278 = -179.36 over 948 frames.
053c010b_noisy AT A THREE YEAR TREASURY BONDS PLUNGED THIRTY DOLLARS EACH 
LOG (lattice-best-path:main():lattice-best-path.cc:99) For utterance 053c010c_noisy, best cost 91.2498 + -188.108 = -96.8584 over 519 frames.
053c010c_noisy PRICES FOR THREE DAYS THURSDAY GROWTH LATELY 
LOG (lattice-best-path:main():lattice-best-path.cc:99) For utterance 053c010d_noisy, best cost 100.799 + -239.664 = -138.865 over 842 frames.
053c010d_noisy THE OFFER LATER TREASURY <UNK> G. THINGS 
LOG (lattice-best-path:main():lattice-best-path.cc:99) For utterance 053c010e_noisy, best cost 103.871 + -350.268 = -246.398 over 1110 frames.
053c010e_noisy THE HUGE IS TRYING TO REACH AGE RANGE ARMS 
LOG (lattice-best-path:main():lattice-best-path.cc:99) For utterance 053c010f_noisy, best cost 34.0338 + -253.512 = -219.478 over 748 frames.
053c010f_noisy TAKING HIS 
LOG (lattice-best-path:main():lattice-best-path.cc:99) For utterance 053c010g_noisy, best cost 20.0616 + -147.818 = -127.757 over 360 frames.
053c010g_noisy THINGS 
LOG (lattice-best-path:main():lattice-best-path.cc:99) For utterance 053c010h_noisy, best cost 53.2998 + -347.441 = -294.141 over 996 frames.
053c010h_noisy BOTH <UNK> 
LOG (lattice-best-path:main():lattice-best-path.cc:99) For utterance 053c010i_noisy, best cost 45.0688 + -267.406 = -222.337 over 830 frames.
053c010i_noisy <UNK> 
LOG (lattice-best-path:main():lattice-best-path.cc:99) For utterance 053c010j_noisy, best cost 42.35 + -270.272 = -227.922 over 802 frames.
053c010j_noisy <UNK> 
LOG (lattice-best-path:main():lattice-best-path.cc:99) For utterance 053c010k_noisy, best cost 39.3528 + -236.404 = -197.051 over 734 frames.
053c010k_noisy <UNK> 
LOG (lattice-best-path:main():lattice-best-path.cc:99) For utterance 053c010l_noisy, best cost 35.1138 + -182.154 = -147.04 over 564 frames.
053c010l_noisy <UNK> 
LOG (lattice-best-path:main():lattice-best-path.cc:99) For utterance 053c010m_noisy, best cost 45.6386 + -303.364 = -257.725 over 895 frames.
053c010m_noisy <UNK> 
LOG (lattice-best-path:main():lattice-best-path.cc:99) For utterance 053c010n_noisy, best cost 42.2616 + -261.266 = -219.004 over 816 frames.
053c010n_noisy <UNK> 
LOG (lattice-best-path:main():lattice-best-path.cc:99) For utterance 053c010o_noisy, best cost 40.7363 + -257.68 = -216.944 over 782 frames.
053c010o_noisy <UNK> 
LOG (lattice-best-path:main():lattice-best-path.cc:99) For utterance 053c010p_noisy, best cost 21.1968 + -96.7108 = -75.514 over 281 frames.
053c010p_noisy <UNK> 
LOG (lattice-best-path:main():lattice-best-path.cc:99) For utterance 053c010q_noisy, best cost 47.4082 + -192.543 = -145.135 over 569 frames.
053c010q_noisy THEME 
LOG (lattice-best-path:main():lattice-best-path.cc:99) For utterance 053c010r_noisy, best cost 36.1829 + -313.432 = -277.249 over 996 frames.
053c010r_noisy WAS <UNK> 
LOG (lattice-best-path:main():lattice-best-path.cc:99) For utterance 053c010s_noisy, best cost 31.4896 + -273.112 = -241.623 over 628 frames.
053c010s_noisy A I 
LOG (lattice-best-path:main():lattice-best-path.cc:99) For utterance 053c010t_noisy, best cost 35.7635 + -454.157 = -418.394 over 998 frames.
053c010t_noisy A I 
LOG (lattice-best-path:main():lattice-best-path.cc:99) For utterance 053c010u_noisy, best cost 29.5564 + -447.923 = -418.366 over 908 frames.
053c010u_noisy A LAW 
LOG (lattice-best-path:main():lattice-best-path.cc:99) For utterance 053c010v_noisy, best cost 34.4977 + -272.234 = -237.736 over 672 frames.
053c010v_noisy A LOT 
LOG (lattice-best-path:main():lattice-best-path.cc:99) For utterance 053c010w_noisy, best cost 34.1117 + -341.496 = -307.384 over 855 frames.
053c010w_noisy A I 
LOG (lattice-best-path:main():lattice-best-path.cc:99) For utterance 053c010x_noisy, best cost 51.0591 + -344.481 = -293.422 over 1032 frames.
053c010x_noisy <UNK> 
LOG (lattice-best-path:main():lattice-best-path.cc:99) For utterance 053c010y_noisy, best cost 41.3923 + -266.285 = -224.893 over 777 frames.
053c010y_noisy <UNK> 
LOG (lattice-best-path:main():lattice-best-path.cc:99) For utterance 053c010z_noisy, best cost 28.9557 + -341.328 = -312.372 over 856 frames.
053c010z_noisy A LAW 
LOG (lattice-best-path:main():lattice-best-path.cc:99) For utterance 053c0110_noisy, best cost 28.9483 + -169.138 = -140.19 over 408 frames.
053c0110_noisy A I 
LOG (lattice-best-path:main():lattice-best-path.cc:99) For utterance 053c0111_noisy, best cost 30.3166 + -342.306 = -311.99 over 917 frames.
053c0111_noisy A LOT 
LOG (lattice-best-path:main():lattice-best-path.cc:99) For utterance 053c0112_noisy, best cost 44.6669 + -281.802 = -237.135 over 871 frames.
053c0112_noisy <UNK> 
LOG (lattice-best-path:main():lattice-best-path.cc:99) For utterance 053c0113_noisy, best cost 24.0471 + -114.197 = -90.1499 over 336 frames.
053c0113_noisy <UNK> 
LOG (lattice-best-path:main():lattice-best-path.cc:99) For utterance 053c0114_noisy, best cost 21.5899 + -89.1603 = -67.5704 over 270 frames.
053c0114_noisy <UNK> 
LOG (lattice-best-path:main():lattice-best-path.cc:99) For utterance 053c0115_noisy, best cost 28.9642 + -159.964 = -130.999 over 460 frames.
053c0115_noisy <UNK> 
LOG (lattice-best-path:main():lattice-best-path.cc:99) For utterance 22gc0101_noisy, best cost 53.8682 + -330.692 = -276.824 over 1006 frames.
22gc0101_noisy A LAW 
LOG (lattice-best-path:main():lattice-best-path.cc:99) For utterance 22gc0102_noisy, best cost 23.3684 + -193.256 = -169.888 over 460 frames.
22gc0102_noisy A LOT 
LOG (lattice-best-path:main():lattice-best-path.cc:99) For utterance 22gc0103_noisy, best cost 23.8701 + -162.167 = -138.297 over 308 frames.
22gc0103_noisy A LAW 
LOG (lattice-best-path:main():lattice-best-path.cc:99) For utterance 22gc0104_noisy, best cost 34.531 + -152.952 = -118.421 over 432 frames.
22gc0104_noisy SHE 
LOG (lattice-best-path:main():lattice-best-path.cc:99) For utterance 22gc0105_noisy, best cost 36.0892 + -165.109 = -129.019 over 532 frames.
22gc0105_noisy BOTH 
LOG (lattice-best-path:main():lattice-best-path.cc:99) For utterance 22gc0106_noisy, best cost 37.2123 + -189.055 = -151.843 over 498 frames.
22gc0106_noisy GROWTH 
LOG (lattice-best-path:main():lattice-best-path.cc:99) For utterance 22gc0107_noisy, best cost 42.1223 + -227.391 = -185.268 over 650 frames.
22gc0107_noisy BOTH 
LOG (lattice-best-path:main():lattice-best-path.cc:99) For utterance 22gc0108_noisy, best cost 46.3253 + -282.104 = -235.779 over 828 frames.
22gc0108_noisy HOW THIN 
LOG (lattice-best-path:main():lattice-best-path.cc:99) For utterance 22gc0109_noisy, best cost 31.1662 + -210.714 = -179.548 over 600 frames.
22gc0109_noisy A I 
LOG (lattice-best-path:main():lattice-best-path.cc:99) For utterance 22gc010a_noisy, best cost 23.619 + -131.734 = -108.115 over 394 frames.
22gc010a_noisy A LAW 
LOG (lattice-best-path:main():lattice-best-path.cc:99) For utterance 22gc010b_noisy, best cost 41.0948 + -410.878 = -369.783 over 1290 frames.
22gc010b_noisy A LAW 
LOG (lattice-best-path:main():lattice-best-path.cc:99) For utterance 22gc010c_noisy, best cost 28.4868 + -98.9152 = -70.4284 over 284 frames.
22gc010c_noisy A LAW 
LOG (lattice-best-path:main():lattice-best-path.cc:99) For utterance 22gc010d_noisy, best cost 36.4271 + -83.1959 = -46.7688 over 258 frames.
22gc010d_noisy RATES OF GROWTH 
LOG (lattice-best-path:main():lattice-best-path.cc:99) For utterance 22gc010e_noisy, best cost 37.2902 + -107.18 = -69.8893 over 486 frames.
22gc010e_noisy THE SOUTH 
LOG (lattice-best-path:main():lattice-best-path.cc:99) For utterance 22gc010f_noisy, best cost 108.046 + -273.029 = -164.983 over 818 frames.
22gc010f_noisy BOTH TRIED TO REDUCE THE GROWTH OF DOLLARS OF BOTH 
LOG (lattice-best-path:main():lattice-best-path.cc:99) For utterance 22gc010g_noisy, best cost 51.7593 + -204.385 = -152.626 over 638 frames.
22gc010g_noisy TRADERS SAY BOTH OFFERS 
LOG (lattice-best-path:main():lattice-best-path.cc:99) For utterance 22gc010h_noisy, best cost 26.5552 + -275.037 = -248.482 over 526 frames.
22gc010h_noisy A LAW 
LOG (lattice-best-path:main():lattice-best-path.cc:99) For utterance 22gc010i_noisy, best cost 22.3774 + -95.6861 = -73.3088 over 186 frames.
22gc010i_noisy A LAW 
LOG (lattice-best-path:main():lattice-best-path.cc:99) For utterance 22gc010j_noisy, best cost 24.3121 + -236.045 = -211.733 over 454 frames.
22gc010j_noisy A LAW 
LOG (lattice-best-path:main():lattice-best-path.cc:99) For utterance 22gc010k_noisy, best cost 20.9571 + -135.396 = -114.439 over 308 frames.
22gc010k_noisy A LOT 
LOG (lattice-best-path:main():lattice-best-path.cc:99) For utterance 22gc010l_noisy, best cost 31.9062 + -489.079 = -457.173 over 1252 frames.
22gc010l_noisy A LOT 
LOG (lattice-best-path:main():lattice-best-path.cc:99) For utterance 22gc010m_noisy, best cost 23.388 + -144.539 = -121.15 over 374 frames.
22gc010m_noisy A LAW 
LOG (lattice-best-path:main():lattice-best-path.cc:99) For utterance 22gc010n_noisy, best cost 32.0757 + -321.516 = -289.44 over 910 frames.
22gc010n_noisy A LOT 
LOG (lattice-best-path:main():lattice-best-path.cc:99) For utterance 22gc010o_noisy, best cost 22.7057 + -69.1564 = -46.4508 over 216 frames.
22gc010o_noisy BOTH 
LOG (lattice-best-path:main():lattice-best-path.cc:99) For utterance 22gc010p_noisy, best cost 27.9342 + -344.325 = -316.391 over 836 frames.
22gc010p_noisy A LOT 
LOG (lattice-best-path:main():lattice-best-path.cc:99) For utterance 22gc010q_noisy, best cost 53.1887 + -328.759 = -275.571 over 804 frames.
22gc010q_noisy A I THINK 
LOG (lattice-best-path:main():lattice-best-path.cc:99) For utterance 22gc010r_noisy, best cost 45.2918 + -205.944 = -160.652 over 516 frames.
22gc010r_noisy THIN 
LOG (lattice-best-path:main():lattice-best-path.cc:99) For utterance 22gc010s_noisy, best cost 43.2595 + -350 = -306.74 over 896 frames.
22gc010s_noisy BOTH 
LOG (lattice-best-path:main():lattice-best-path.cc:99) For utterance 22gc010t_noisy, best cost 58.6368 + -439.411 = -380.774 over 1178 frames.
22gc010t_noisy A I THOUGHT 
LOG (lattice-best-path:main():lattice-best-path.cc:99) For utterance 22gc010u_noisy, best cost 22.0699 + -263.511 = -241.441 over 868 frames.
22gc010u_noisy WATCH 
LOG (lattice-best-path:main():lattice-best-path.cc:99) For utterance 22gc010v_noisy, best cost 31.4449 + -474.493 = -443.048 over 1072 frames.
22gc010v_noisy A LAW 
LOG (lattice-best-path:main():lattice-best-path.cc:99) For utterance 22gc010w_noisy, best cost 23.59 + -233.359 = -209.769 over 484 frames.
22gc010w_noisy A LOT 
LOG (lattice-best-path:main():lattice-best-path.cc:99) For utterance 22gc010x_noisy, best cost 30.1108 + -534.09 = -503.979 over 956 frames.
22gc010x_noisy A LAW 
LOG (lattice-best-path:main():lattice-best-path.cc:99) For utterance 22gc010y_noisy, best cost 24.2599 + -312.138 = -287.878 over 542 frames.
22gc010y_noisy A LOT 
LOG (lattice-best-path:main():lattice-best-path.cc:99) For utterance 22gc010z_noisy, best cost 31.2351 + -495.492 = -464.257 over 1076 frames.
22gc010z_noisy A LOT 
LOG (lattice-best-path:main():lattice-best-path.cc:99) For utterance 22gc0110_noisy, best cost 32.7949 + -376.932 = -344.137 over 822 frames.
22gc0110_noisy A LAW <UNK> 
LOG (lattice-best-path:main():lattice-best-path.cc:99) For utterance 22gc0111_noisy, best cost 31.3411 + -467.809 = -436.468 over 1090 frames.
22gc0111_noisy A LOT 
LOG (lattice-best-path:main():lattice-best-path.cc:99) For utterance 22gc0112_noisy, best cost 33.3775 + -626.107 = -592.729 over 1144 frames.
22gc0112_noisy A LAW 
LOG (lattice-best-path:main():lattice-best-path.cc:99) For utterance 22gc0113_noisy, best cost 33.1761 + -399.91 = -366.734 over 774 frames.
22gc0113_noisy A I 
LOG (lattice-best-path:main():lattice-best-path.cc:99) For utterance 22gc0114_noisy, best cost 30.3952 + -404.659 = -374.264 over 828 frames.
22gc0114_noisy A LAW 
LOG (lattice-best-path:main():lattice-best-path.cc:99) For utterance 22hc0101_noisy, best cost 175.693 + -395.724 = -220.032 over 932 frames.
22hc0101_noisy YOUR THEIR G. CORPORATION CLEVELAND SAID IT BEGAN A PUBLIC OFFERING OF FOUR MILLION COMMON SHARES OR TWENTY THREE POINT ONE TWO FIVE DOLLARS A SHARE 
LOG (lattice-best-path:main():lattice-best-path.cc:99) For utterance 22hc0102_noisy, best cost 43.3188 + -78.539 = -35.2203 over 274 frames.
22hc0102_noisy MORGAN STANLEY AND COMPANY HERE 
LOG (lattice-best-path:main():lattice-best-path.cc:99) For utterance 22hc0103_noisy, best cost 63.4618 + -173.354 = -109.893 over 614 frames.
22hc0103_noisy PROCEEDS TO FINANCE GROWTH <UNK> 
LOG (lattice-best-path:main():lattice-best-path.cc:99) For utterance 22hc0104_noisy, best cost 120.361 + -328.686 = -208.325 over 796 frames.
22hc0104_noisy NEW YORK STOCK EXCHANGE COMPOSITE TRADING FRIDAY COMPANY'S STOCK CLOSED AT TWENTY THREE POINT ONE TWO FIVE DOLLARS UNCHANGED 
LOG (lattice-best-path:main():lattice-best-path.cc:99) For utterance 22hc0105_noisy, best cost 136.373 + -376.031 = -239.658 over 924 frames.
22hc0105_noisy FOLLOWING OFFICERS DIRECTORS AND LARGE STOCKHOLDERS OF COMPANIES REPORTED CHANGES IN HOLDINGS UNDER THE SECURITIES EXCHANGE NINETEEN THIRTY 
LOG (lattice-best-path:main():lattice-best-path.cc:99) For utterance 22hc0106_noisy, best cost 92.0985 + -266.984 = -174.885 over 656 frames.
22hc0106_noisy THOSE IDENTIFIED AS BENEFICIAL OWNERS HOLD AT LEAST TEN PERCENT OF A COMPANY'S EQUITY SECURITIES 
LOG (lattice-best-path:main():lattice-best-path.cc:99) For utterance 22hc0107_noisy, best cost 110.068 + -284.571 = -174.503 over 728 frames.
22hc0107_noisy UNLESS OTHERWISE NOTED CHANGES INVOLVED DIRECT HOLDINGS OF COMMON STOCK AND TOOK PLACE IN OCTOBER AND NOVEMBER NINETEEN EIGHTY SEVEN 
LOG (lattice-best-path:main():lattice-best-path.cc:99) For utterance 22hc0108_noisy, best cost 93.0238 + -250.642 = -157.618 over 656 frames.
22hc0108_noisy COMPANIES ARE LISTED WHERE TRANSACTIONS GENERALLY AGGREGATE TEN THOUSAND SHARES <UNK> ONE HUNDRED THOUSAND DOLLARS 
LOG (lattice-best-path:main():lattice-best-path.cc:99) For utterance 22hc0109_noisy, best cost 198.555 + -370.473 = -171.918 over 1004 frames.
22hc0109_noisy A AND SEVERAL OTHER THINGS THE PROGRAM TRADING INCLUDING CONSOLIDATING REGULATORY AUTHORITY OVER ALL U. S. FINANCIAL MARKETS ONE GOVERNMENT AGENCY 
LOG (lattice-best-path:main():lattice-best-path.cc:99) For utterance 22hc010a_noisy, best cost 112.513 + -218.542 = -106.029 over 512 frames.
22hc010a_noisy IT ALSO PROPOSED RAISING MARGIN OF CAPITAL REQUIREMENTS FOR TRADING FUTURES EXCHANGES 
LOG (lattice-best-path:main():lattice-best-path.cc:99) For utterance 22hc010b_noisy, best cost 229.108 + -460.36 = -231.252 over 974 frames.
22hc010b_noisy IT SAID TRADERS SHOULD BE ABLE TO DELIVER ACTUAL STOCKS TO SELL FUTURES CONTRACT OBLIGATIONS STOCK INDEX FUTURES GROUP HERE SO CASH ON EXPIRATION 
LOG (lattice-best-path:main():lattice-best-path.cc:99) For utterance 22hc010c_noisy, best cost 89.7206 + -169.961 = -80.2407 over 390 frames.
22hc010c_noisy TRADERS SAID THE FIRST ARE BUSY ACTION WITH 
LOG (lattice-best-path:main():lattice-best-path.cc:99) For utterance 22hc010d_noisy, best cost 131.772 + -294.576 = -162.804 over 738 frames.
22hc010d_noisy THE DOLLAR IS STILL THE KEY SAID JACK BAKER HEAD OF BLOCK TRADING AT SHEARSON LEHMAN BROTHERS INCORPORATED NEW YORK 
LOG (lattice-best-path:main():lattice-best-path.cc:99) For utterance 22hc010e_noisy, best cost 88.7504 + -232.53 = -143.779 over 754 frames.
22hc010e_noisy YESTERDAY THE DOLLAR EASED SLIGHTLY <UNK> THE JURY SOSNOFF 
LOG (lattice-best-path:main():lattice-best-path.cc:99) For utterance 22hc010f_noisy, best cost 19.6151 + -111.324 = -91.7089 over 552 frames.
22hc010f_noisy WATCH 
LOG (lattice-best-path:main():lattice-best-path.cc:99) For utterance 22hc010g_noisy, best cost 50.7503 + -303.835 = -253.085 over 850 frames.
22hc010g_noisy A I THOUGHT 
LOG (lattice-best-path:main():lattice-best-path.cc:99) For utterance 22hc010h_noisy, best cost 18.4162 + -109.278 = -90.8621 over 332 frames.
22hc010h_noisy WATCH 
LOG (lattice-best-path:main():lattice-best-path.cc:99) For utterance 22hc010i_noisy, best cost 62.1033 + -284.987 = -222.883 over 974 frames.
22hc010i_noisy BOTH <UNK> SOUTH 
LOG (lattice-best-path:main():lattice-best-path.cc:99) For utterance 22hc010j_noisy, best cost 21.5644 + -62.2409 = -40.6765 over 190 frames.
22hc010j_noisy ALLIED 
LOG (lattice-best-path:main():lattice-best-path.cc:99) For utterance 22hc010k_noisy, best cost 39.7924 + -214.194 = -174.402 over 662 frames.
22hc010k_noisy BOTH <UNK> 
LOG (lattice-best-path:main():lattice-best-path.cc:99) For utterance 22hc010l_noisy, best cost 36.8156 + -208.456 = -171.64 over 688 frames.
22hc010l_noisy BOTH 
LOG (lattice-best-path:main():lattice-best-path.cc:99) For utterance 22hc010m_noisy, best cost 14.6578 + -213.677 = -199.019 over 540 frames.
22hc010m_noisy A 
LOG (lattice-best-path:main():lattice-best-path.cc:99) For utterance 22hc010n_noisy, best cost 25.291 + -111.081 = -85.7903 over 302 frames.
22hc010n_noisy BOTH <UNK> 
LOG (lattice-best-path:main():lattice-best-path.cc:99) For utterance 22hc010o_noisy, best cost 69.5339 + -346.295 = -276.761 over 972 frames.
22hc010o_noisy THEME 
LOG (lattice-best-path:main():lattice-best-path.cc:99) For utterance 22hc010p_noisy, best cost 42.2975 + -265.747 = -223.449 over 810 frames.
22hc010p_noisy BOTH 
LOG (lattice-best-path:main():lattice-best-path.cc:99) For utterance 22hc010q_noisy, best cost 29.8579 + -293.516 = -263.658 over 932 frames.
22hc010q_noisy A LOT 
LOG (lattice-best-path:main():lattice-best-path.cc:99) For utterance 22hc010r_noisy, best cost 30.8026 + -107.055 = -76.2521 over 304 frames.
22hc010r_noisy HE THOUGHT 
LOG (lattice-best-path:main():lattice-best-path.cc:99) For utterance 22hc010s_noisy, best cost 24.7278 + -51.4093 = -26.6815 over 160 frames.
22hc010s_noisy BOTH 
LOG (lattice-best-path:main():lattice-best-path.cc:99) For utterance 22hc010t_noisy, best cost 22.3881 + -133.57 = -111.182 over 428 frames.
22hc010t_noisy A LOT 
LOG (lattice-best-path:main():lattice-best-path.cc:99) For utterance 22hc010u_noisy, best cost 32.5524 + -266.31 = -233.758 over 720 frames.
22hc010u_noisy A I 
LOG (lattice-best-path:main():lattice-best-path.cc:99) For utterance 22hc010v_noisy, best cost 25.6924 + -362.491 = -336.798 over 574 frames.
22hc010v_noisy A LAW 
LOG (lattice-best-path:main():lattice-best-path.cc:99) For utterance 22hc010w_noisy, best cost 26.0767 + -387.105 = -361.029 over 640 frames.
22hc010w_noisy A LAWYER 
LOG (lattice-best-path:main():lattice-best-path.cc:99) For utterance 22hc010x_noisy, best cost 26.6628 + -422.743 = -396.08 over 658 frames.
22hc010x_noisy A LAW 
LOG (lattice-best-path:main():lattice-best-path.cc:99) For utterance 22hc010y_noisy, best cost 21.6322 + -107.132 = -85.4998 over 222 frames.
22hc010y_noisy A LAW 
LOG (lattice-best-path:main():lattice-best-path.cc:99) For utterance 22hc010z_noisy, best cost 20.9564 + -80.117 = -59.1606 over 164 frames.
22hc010z_noisy A LAW 
LOG (lattice-best-path:main():lattice-best-path.cc:99) For utterance 22hc0110_noisy, best cost 23.4342 + -197.559 = -174.125 over 378 frames.
22hc0110_noisy A LAW 
LOG (lattice-best-path:main():lattice-best-path.cc:99) For utterance 22hc0111_noisy, best cost 26.3475 + -226.434 = -200.087 over 480 frames.
22hc0111_noisy A LAW 
LOG (lattice-best-path:main():lattice-best-path.cc:99) For utterance 22hc0112_noisy, best cost 32.4788 + -169.805 = -137.326 over 554 frames.
22hc0112_noisy <UNK> 
LOG (lattice-best-path:main():lattice-best-path.cc:99) For utterance 22hc0113_noisy, best cost 20.2858 + -108.112 = -87.8259 over 246 frames.
22hc0113_noisy A LOT 
LOG (lattice-best-path:main():lattice-best-path.cc:99) For utterance 22hc0114_noisy, best cost 21.3721 + -156.914 = -135.542 over 292 frames.
22hc0114_noisy A LOT 
LOG (lattice-best-path:main():lattice-best-path.cc:99) For utterance 420c0201_noisy, best cost 113.925 + -177.033 = -63.1077 over 425 frames.
420c0201_noisy A I FEEL THERE'S A DRAFT A MISTAKE THAT THE COURTS OTHER PROBLEMS 
LOG (lattice-best-path:main():lattice-best-path.cc:99) For utterance 420c0202_noisy, best cost 134.808 + -352.5 = -217.692 over 1059 frames.
420c0202_noisy ACCORDING TO THE U. S. TRADE <UNK> OFFICE IS ONLY FIFTY JUDGES HISTORY 
LOG (lattice-best-path:main():lattice-best-path.cc:99) For utterance 420c0203_noisy, best cost 75.9957 + -253.659 = -177.663 over 881 frames.
420c0203_noisy HE ALSO RISE SEVEN PERCENT 
LOG (lattice-best-path:main():lattice-best-path.cc:99) For utterance 420c0204_noisy, best cost 113.422 + -300.203 = -186.78 over 864 frames.
420c0204_noisy EXPENSES FOR THE DELAY YEAR ACCOUNTED FOR TWO HUNDRED SIXTY DOLLARS 
LOG (lattice-best-path:main():lattice-best-path.cc:99) For utterance 420c0205_noisy, best cost 114.046 + -244.192 = -130.146 over 770 frames.
420c0205_noisy REGULATORS AREN'T ALLOWED AN EIGHTEEN PERCENT OF THE PAST THAT CUSTOMERS 
LOG (lattice-best-path:main():lattice-best-path.cc:99) For utterance 420c0206_noisy, best cost 95.12 + -180.282 = -85.1625 over 489 frames.
420c0206_noisy THE FOUR OTHER UTILITY COMPANY WILL ALSO HALF RIGHT 
LOG (lattice-best-path:main():lattice-best-path.cc:99) For utterance 420c0207_noisy, best cost 159.362 + -375.991 = -216.629 over 939 frames.
420c0207_noisy BUT THOSE CHARGES ARE REQUIRED TO PAY UNTIL THE NINETEEN EIGHTY EIGHT FIRST QUARTER FOR A BIGGER SHARE OF CIRCUMSTANCES 
LOG (lattice-best-path:main():lattice-best-path.cc:99) For utterance 420c0208_noisy, best cost 152.569 + -311.706 = -159.137 over 801 frames.
420c0208_noisy LAST MONTH OVERALL GOODS PRODUCING EMPLOYMENT FELL SIXTY EIGHT THOUSAND AFTER A THIRTY TWO THOUSAND JOB RISE IN FEBRUARY 
LOG (lattice-best-path:main():lattice-best-path.cc:99) For utterance 420c0209_noisy, best cost 115.76 + -281.273 = -165.513 over 750 frames.
420c0209_noisy THE DEPARTMENT SAID THE DECLINE IN FACTORY JOBS TRADING ELECTRICAL AND ELECTRONIC 
LOG (lattice-best-path:main():lattice-best-path.cc:99) For utterance 420c020a_noisy, best cost 115.841 + -284.047 = -168.206 over 691 frames.
420c020a_noisy CONSTRUCTION EMPLOYMENT FELL FORTY SEVEN THOUSAND AFTER A FIFTEEN THOUSAND JOB DECLINE 
LOG (lattice-best-path:main():lattice-best-path.cc:99) For utterance 420c020b_noisy, best cost 149.143 + -371.123 = -221.981 over 884 frames.
420c020b_noisy MINING EMPLOYMENT WHICH INCLUDES THE OIL AND GAS EXTRACTION INDUSTRY THREE THOUSAND AFTER A ONE THOUSAND JOBS 
LOG (lattice-best-path:main():lattice-best-path.cc:99) For utterance 420c020c_noisy, best cost 146.416 + -373.394 = -226.978 over 944 frames.
420c020c_noisy INTERNATIONAL MOBILE MACHINES CORPORATION SOLD ONE MILLION SHARES OF TWO DOLLAR AND FIFTY CENTS PREFERRED AT TWENTY FIVE DOLLARS EACH 
LOG (lattice-best-path:main():lattice-best-path.cc:99) For utterance 420c020d_noisy, best cost 36.0069 + -142.726 = -106.719 over 481 frames.
420c020d_noisy FOR THE YEAR 
LOG (lattice-best-path:main():lattice-best-path.cc:99) For utterance 420c020e_noisy, best cost 75.1466 + -277.89 = -202.743 over 981 frames.
420c020e_noisy THE STOCK IS AT ISSUE HERE 
LOG (lattice-best-path:main():lattice-best-path.cc:99) For utterance 420c020f_noisy, best cost 26.1256 + -184.297 = -158.171 over 559 frames.
420c020f_noisy A LOT 
LOG (lattice-best-path:main():lattice-best-path.cc:99) For utterance 420c020g_noisy, best cost 35.2027 + -205.804 = -170.602 over 633 frames.
420c020g_noisy <UNK> 
LOG (lattice-best-path:main():lattice-best-path.cc:99) For utterance 420c020h_noisy, best cost 44.8148 + -274.39 = -229.575 over 845 frames.
420c020h_noisy <UNK> 
LOG (lattice-best-path:main():lattice-best-path.cc:99) For utterance 420c020i_noisy, best cost 31.0921 + -160.205 = -129.113 over 506 frames.
420c020i_noisy <UNK> 
LOG (lattice-best-path:main():lattice-best-path.cc:99) For utterance 420c020j_noisy, best cost 26.6955 + -149.992 = -123.296 over 459 frames.
420c020j_noisy A LOT 
LOG (lattice-best-path:main():lattice-best-path.cc:99) For utterance 420c020k_noisy, best cost 43.9891 + -240.251 = -196.262 over 713 frames.
420c020k_noisy HERE 
LOG (lattice-best-path:main():lattice-best-path.cc:99) For utterance 420c020l_noisy, best cost 25.0449 + -228.075 = -203.03 over 658 frames.
420c020l_noisy A LOT 
LOG (lattice-best-path:main():lattice-best-path.cc:99) For utterance 420c020m_noisy, best cost 47.2807 + -286.57 = -239.289 over 934 frames.
420c020m_noisy <UNK> 
LOG (lattice-best-path:main():lattice-best-path.cc:99) For utterance 420c020n_noisy, best cost 33.6062 + -174.59 = -140.984 over 574 frames.
420c020n_noisy <UNK> 
LOG (lattice-best-path:main():lattice-best-path.cc:99) For utterance 420c020o_noisy, best cost 18.5601 + -123.511 = -104.951 over 421 frames.
420c020o_noisy WATCH 
LOG (lattice-best-path:main():lattice-best-path.cc:99) For utterance 420c020p_noisy, best cost 34.2887 + -203.205 = -168.916 over 602 frames.
420c020p_noisy <UNK> 
LOG (lattice-best-path:main():lattice-best-path.cc:99) For utterance 420c020q_noisy, best cost 56.0978 + -386.795 = -330.697 over 1205 frames.
420c020q_noisy <UNK> 
LOG (lattice-best-path:main():lattice-best-path.cc:99) For utterance 420c020r_noisy, best cost 32.2867 + -360.383 = -328.096 over 697 frames.
420c020r_noisy A I 
LOG (lattice-best-path:main():lattice-best-path.cc:99) For utterance 420c020s_noisy, best cost 25.3552 + -368.89 = -343.535 over 632 frames.
420c020s_noisy A LOT 
LOG (lattice-best-path:main():lattice-best-path.cc:99) For utterance 420c020t_noisy, best cost 33.6544 + -487.697 = -454.043 over 813 frames.
420c020t_noisy A I 
LOG (lattice-best-path:main():lattice-best-path.cc:99) For utterance 420c020u_noisy, best cost 28.3551 + -385.02 = -356.665 over 804 frames.
420c020u_noisy A LAW 
LOG (lattice-best-path:main():lattice-best-path.cc:99) For utterance 420c020v_noisy, best cost 30.2366 + -376.058 = -345.822 over 1057 frames.
420c020v_noisy A LOT 
LOG (lattice-best-path:main():lattice-best-path.cc:99) For utterance 420c020w_noisy, best cost 31.047 + -252.156 = -221.109 over 623 frames.
420c020w_noisy A LAW <UNK> 
LOG (lattice-best-path:main():lattice-best-path.cc:99) For utterance 420c020x_noisy, best cost 28.3046 + -200.032 = -171.727 over 610 frames.
420c020x_noisy A LAW 
LOG (lattice-best-path:main():lattice-best-path.cc:99) For utterance 420c020y_noisy, best cost 41.8775 + -253.604 = -211.726 over 790 frames.
420c020y_noisy <UNK> 
LOG (lattice-best-path:main():lattice-best-path.cc:99) For utterance 420c020z_noisy, best cost 28.1723 + -323.972 = -295.799 over 741 frames.
420c020z_noisy A LOT 
LOG (lattice-best-path:main():lattice-best-path.cc:99) For utterance 420c0210_noisy, best cost 26.0852 + -215.285 = -189.2 over 608 frames.
420c0210_noisy A LAW 
LOG (lattice-best-path:main():lattice-best-path.cc:99) For utterance 420c0211_noisy, best cost 28.6138 + -200.154 = -171.54 over 548 frames.
420c0211_noisy A LOT 
LOG (lattice-best-path:main():lattice-best-path.cc:99) For utterance 420c0212_noisy, best cost 27.4876 + -260.648 = -233.16 over 648 frames.
420c0212_noisy A LOT 
LOG (lattice-best-path:main():lattice-best-path.cc:99) For utterance 420c0213_noisy, best cost 43.8491 + -214.908 = -171.059 over 689 frames.
420c0213_noisy <UNK> <UNK> 
LOG (lattice-best-path:main():lattice-best-path.cc:99) For utterance 420c0214_noisy, best cost 54.2341 + -298.176 = -243.942 over 1008 frames.
420c0214_noisy A <UNK> 
LOG (lattice-best-path:main():lattice-best-path.cc:99) For utterance 421c0201_noisy, best cost 187.183 + -389.856 = -202.673 over 1320 frames.
421c0201_noisy UNDERWRITERS LED BY MERRILL LYNCH CAPITAL MARKETS TENTATIVELY PRICED A VOTE OF EIGHTY SIX HE SAID THE HEALTHY RATE MORTGAGE THAT HE THOUGHT 
LOG (lattice-best-path:main():lattice-best-path.cc:99) For utterance 421c0202_noisy, best cost 36.5994 + -166.238 = -129.638 over 610 frames.
421c0202_noisy SHE SAYS 
LOG (lattice-best-path:main():lattice-best-path.cc:99) For utterance 421c0203_noisy, best cost 77.3488 + -256.853 = -179.504 over 921 frames.
421c0203_noisy YIELDS RANGE FROM A NINETEEN EIGHTY SEVEN 
LOG (lattice-best-path:main():lattice-best-path.cc:99) For utterance 421c0204_noisy, best cost 65.2328 + -181.403 = -116.17 over 550 frames.
421c0204_noisy LOUIS ADVOCATES OF SUCH LOANS 
LOG (lattice-best-path:main():lattice-best-path.cc:99) For utterance 421c0205_noisy, best cost 25.6496 + -103.8 = -78.1504 over 307 frames.
421c0205_noisy THESE THINGS 
LOG (lattice-best-path:main():lattice-best-path.cc:99) For utterance 421c0206_noisy, best cost 47.495 + -109.959 = -62.4642 over 329 frames.
421c0206_noisy WHAT ABOUT THE SOUTH AFRICA 
LOG (lattice-best-path:main():lattice-best-path.cc:99) For utterance 421c0207_noisy, best cost 36.7284 + -79.2925 = -42.5642 over 224 frames.
421c0207_noisy THAT SAYS MR. 
LOG (lattice-best-path:main():lattice-best-path.cc:99) For utterance 421c0208_noisy, best cost 62.4132 + -151.262 = -88.8488 over 438 frames.
421c0208_noisy FEW PEOPLE TO THE G. M. 
LOG (lattice-best-path:main():lattice-best-path.cc:99) For utterance 421c0209_noisy, best cost 91.1549 + -206.173 = -115.018 over 656 frames.
421c0209_noisy ONE INVESTMENT OFFICERS SAYS HE THOUGHT TO BE <UNK> 
LOG (lattice-best-path:main():lattice-best-path.cc:99) For utterance 421c020a_noisy, best cost 57.2632 + -144.393 = -87.1293 over 460 frames.
421c020a_noisy HE BECAME A SHARE HE SAID 
LOG (lattice-best-path:main():lattice-best-path.cc:99) For utterance 421c020b_noisy, best cost 93.9523 + -181.713 = -87.7606 over 519 frames.
421c020b_noisy SEPARATELY SHOW WELL HE HAD TWENTY HE SAID 
LOG (lattice-best-path:main():lattice-best-path.cc:99) For utterance 421c020c_noisy, best cost 151.26 + -335.092 = -183.832 over 958 frames.
421c020c_noisy OCCIDENTAL PETROLEUM REACH TWENTY THREE PERCENT OF THE JUDGE SAID THE COMPANY WOULD HAVE HAD A LOSS OF ONE 
LOG (lattice-best-path:main():lattice-best-path.cc:99) For utterance 421c020d_noisy, best cost 109.865 + -259.516 = -149.651 over 779 frames.
421c020d_noisy PHILLIPS PETROLEUM PROFIT PLUNGED SIXTY THREE PERCENT IN GAS PRICES 
LOG (lattice-best-path:main():lattice-best-path.cc:99) For utterance 421c020e_noisy, best cost 100.078 + -208.777 = -108.698 over 690 frames.
421c020e_noisy THE COMPANY'S TOP HE SAID THE LARGE ONE TIME JOB 
LOG (lattice-best-path:main():lattice-best-path.cc:99) For utterance 421c020f_noisy, best cost 118.908 + -333.16 = -214.252 over 1167 frames.
421c020f_noisy STOCKS REBOUNDED SHARE WHICH HAD NET OF SEVENTY FIVE CENTS EACH 
LOG (lattice-best-path:main():lattice-best-path.cc:99) For utterance 421c020g_noisy, best cost 66.2711 + -281.067 = -214.796 over 958 frames.
421c020g_noisy THE RALLY HE THOUGHT 
LOG (lattice-best-path:main():lattice-best-path.cc:99) For utterance 421c020h_noisy, best cost 19.2572 + -318.905 = -299.648 over 852 frames.
421c020h_noisy WATCH 
LOG (lattice-best-path:main():lattice-best-path.cc:99) For utterance 421c020i_noisy, best cost 45.1805 + -256.598 = -211.417 over 775 frames.
421c020i_noisy EACH 
LOG (lattice-best-path:main():lattice-best-path.cc:99) For utterance 421c020j_noisy, best cost 50.1137 + -265.075 = -214.962 over 857 frames.
421c020j_noisy HERE 
LOG (lattice-best-path:main():lattice-best-path.cc:99) For utterance 421c020k_noisy, best cost 31.4233 + -121.273 = -89.8499 over 353 frames.
421c020k_noisy HERE 
LOG (lattice-best-path:main():lattice-best-path.cc:99) For utterance 421c020l_noisy, best cost 46.7477 + -291.21 = -244.463 over 934 frames.
421c020l_noisy <UNK> 
LOG (lattice-best-path:main():lattice-best-path.cc:99) For utterance 421c020m_noisy, best cost 60.3148 + -314.224 = -253.909 over 971 frames.
421c020m_noisy I THINK 
LOG (lattice-best-path:main():lattice-best-path.cc:99) For utterance 421c020n_noisy, best cost 51.5325 + -337.198 = -285.666 over 1025 frames.
421c020n_noisy <UNK> <UNK> 
LOG (lattice-best-path:main():lattice-best-path.cc:99) For utterance 421c020o_noisy, best cost 33.3593 + -325.358 = -291.999 over 983 frames.
421c020o_noisy WATCH 
LOG (lattice-best-path:main():lattice-best-path.cc:99) For utterance 421c020p_noisy, best cost 55.4964 + -368.519 = -313.022 over 1125 frames.
421c020p_noisy <UNK> <UNK> 
LOG (lattice-best-path:main():lattice-best-path.cc:99) For utterance 421c020q_noisy, best cost 43.0732 + -292.092 = -249.019 over 925 frames.
421c020q_noisy <UNK> 
LOG (lattice-best-path:main():lattice-best-path.cc:99) For utterance 421c020r_noisy, best cost 30.3935 + -487.082 = -456.689 over 1073 frames.
421c020r_noisy A LOT 
LOG (lattice-best-path:main():lattice-best-path.cc:99) For utterance 421c020s_noisy, best cost 28.2337 + -412.855 = -384.622 over 794 frames.
421c020s_noisy A LAW 
LOG (lattice-best-path:main():lattice-best-path.cc:99) For utterance 421c020t_noisy, best cost 30.1745 + -402.027 = -371.853 over 727 frames.
421c020t_noisy A LAW 
LOG (lattice-best-path:main():lattice-best-path.cc:99) For utterance 421c020u_noisy, best cost 29.8956 + -220.833 = -190.937 over 490 frames.
421c020u_noisy A I 
LOG (lattice-best-path:main():lattice-best-path.cc:99) For utterance 421c020v_noisy, best cost 22.2848 + -114.776 = -92.4915 over 279 frames.
421c020v_noisy A LAW 
LOG (lattice-best-path:main():lattice-best-path.cc:99) For utterance 421c020w_noisy, best cost 40.161 + -391.577 = -351.416 over 953 frames.
421c020w_noisy A LAW <UNK> 
LOG (lattice-best-path:main():lattice-best-path.cc:99) For utterance 421c020x_noisy, best cost 30.5159 + -212.111 = -181.595 over 600 frames.
421c020x_noisy A LAW 
LOG (lattice-best-path:main():lattice-best-path.cc:99) For utterance 421c020y_noisy, best cost 51.62 + -325.209 = -273.589 over 1052 frames.
421c020y_noisy <UNK> <UNK> 
LOG (lattice-best-path:main():lattice-best-path.cc:99) For utterance 421c020z_noisy, best cost 28.5331 + -269.829 = -241.296 over 818 frames.
421c020z_noisy A LOT 
LOG (lattice-best-path:main():lattice-best-path.cc:99) For utterance 421c0210_noisy, best cost 18.1925 + -309.861 = -291.669 over 846 frames.
421c0210_noisy A 
LOG (lattice-best-path:main():lattice-best-path.cc:99) For utterance 421c0211_noisy, best cost 29.137 + -231.734 = -202.597 over 680 frames.
421c0211_noisy A LOT 
LOG (lattice-best-path:main():lattice-best-path.cc:99) For utterance 421c0212_noisy, best cost 27.3179 + -143.609 = -116.291 over 452 frames.
421c0212_noisy <UNK> 
LOG (lattice-best-path:main():lattice-best-path.cc:99) For utterance 421c0213_noisy, best cost 24.0957 + -114.456 = -90.3598 over 357 frames.
421c0213_noisy <UNK> 
LOG (lattice-best-path:main():lattice-best-path.cc:99) For utterance 421c0214_noisy, best cost 35.6752 + -137.486 = -101.811 over 432 frames.
421c0214_noisy HE THOUGHT 
LOG (lattice-best-path:main():lattice-best-path.cc:99) For utterance 422c0201_noisy, best cost 133.075 + -332.607 = -199.532 over 897 frames.
422c0201_noisy A N. A. S. D. HAS SHORT INTEREST FIGURES FOR THE FIRST MONTH ALSO LAST MONTH <UNK> 
LOG (lattice-best-path:main():lattice-best-path.cc:99) For utterance 422c0202_noisy, best cost 80.273 + -204.894 = -124.621 over 720 frames.
422c0202_noisy INVESTORS THINKING OF SELLING THOUGHT 
LOG (lattice-best-path:main():lattice-best-path.cc:99) For utterance 422c0203_noisy, best cost 104.592 + -198.488 = -93.8957 over 522 frames.
422c0203_noisy A OR SALE OF A SALE OR A SMALL INVESTORS EXPECTING 
LOG (lattice-best-path:main():lattice-best-path.cc:99) For utterance 422c0204_noisy, best cost 111.692 + -238.668 = -126.976 over 662 frames.
422c0204_noisy INVESTORS EXPECT PROFIT ON THE PRIZE REALIZE SALES GROWTH 
LOG (lattice-best-path:main():lattice-best-path.cc:99) For utterance 422c0205_noisy, best cost 166.904 + -292.442 = -125.538 over 883 frames.
422c0205_noisy <UNK> FINANCIAL SERVICES CONCERNS THING IS <UNK> READ AND LEERY OF THE TRANSACTION WAS <UNK> ON MARCH NINETEENTH <UNK> 
LOG (lattice-best-path:main():lattice-best-path.cc:99) For utterance 422c0206_noisy, best cost 82.2789 + -187.327 = -105.048 over 642 frames.
422c0206_noisy BOTH COMPANIES SAID THEY ENDED NEARLY A THIRD YEAR 
LOG (lattice-best-path:main():lattice-best-path.cc:99) For utterance 422c0207_noisy, best cost 54.0384 + -104.387 = -50.349 over 302 frames.
422c0207_noisy CREDITORS SAVINGS BASES 
LOG (lattice-best-path:main():lattice-best-path.cc:99) For utterance 422c0208_noisy, best cost 61.5807 + -108.131 = -46.5506 over 340 frames.
422c0208_noisy THE VOTERS HERE AND LIVE WITH 
LOG (lattice-best-path:main():lattice-best-path.cc:99) For utterance 422c0209_noisy, best cost 47.0076 + -97.5308 = -50.5231 over 326 frames.
422c0209_noisy BUSH'S IS NO <UNK> 
LOG (lattice-best-path:main():lattice-best-path.cc:99) For utterance 422c020a_noisy, best cost 22.7045 + -54.7784 = -32.0739 over 185 frames.
422c020a_noisy THE MARKET 
LOG (lattice-best-path:main():lattice-best-path.cc:99) For utterance 422c020b_noisy, best cost 27.3889 + -64.7385 = -37.3496 over 206 frames.
422c020b_noisy IN JULY 
LOG (lattice-best-path:main():lattice-best-path.cc:99) For utterance 422c020c_noisy, best cost 94.8491 + -159.594 = -64.745 over 376 frames.
422c020c_noisy SHE TRADER IN NEW YORK FOR TOKYO BASED BANK AGREES 
LOG (lattice-best-path:main():lattice-best-path.cc:99) For utterance 422c020d_noisy, best cost 85.4927 + -175.377 = -89.8845 over 475 frames.
422c020d_noisy IN A JAPANESE THOUSAND DOLLARS IS AVAILABLE HE SAYS 
LOG (lattice-best-path:main():lattice-best-path.cc:99) For utterance 422c020e_noisy, best cost 78.7827 + -170.383 = -91.5999 over 487 frames.
422c020e_noisy THE TREND IS INEVITABLE UNLESS THE GOVERNMENT AUTHORITIES 
LOG (lattice-best-path:main():lattice-best-path.cc:99) For utterance 422c020f_noisy, best cost 55.4 + -97.2028 = -41.8029 over 285 frames.
422c020f_noisy EVERYTHING IS DONE HE SAID YESTERDAY 
LOG (lattice-best-path:main():lattice-best-path.cc:99) For utterance 422c020g_noisy, best cost 80.4003 + -126.706 = -46.3058 over 338 frames.
422c020g_noisy IT WAS IMPORTANT TO SAVE HIS COMPANY IS REBUILDING 
LOG (lattice-best-path:main():lattice-best-path.cc:99) For utterance 422c020h_noisy, best cost 141.252 + -291.015 = -149.763 over 737 frames.
422c020h_noisy FORD'S EFFORTS DREXEL HAD GREAT WESTERN UNION'S PROXY STATEMENT TWENTY FOUR MILLION DOLLARS 
LOG (lattice-best-path:main():lattice-best-path.cc:99) For utterance 422c020i_noisy, best cost 88.6012 + -170.263 = -81.662 over 448 frames.
422c020i_noisy TRADERS SAID THE REASON FOR THE FIRST EVER FOR THE DOLLAR 
LOG (lattice-best-path:main():lattice-best-path.cc:99) For utterance 422c020j_noisy, best cost 108.269 + -253.845 = -145.576 over 713 frames.
422c020j_noisy THE DOLLAR IS STILL THINK THAT THE LAW CREATING SHEARSON LEHMAN BROTHERS INCORPORATED 
LOG (lattice-best-path:main():lattice-best-path.cc:99) For utterance 422c020k_noisy, best cost 94.5562 + -215.293 = -120.736 over 720 frames.
422c020k_noisy A LIKELY HE WAS PAID FOR CURRENCY RESERVES OFFERS 
LOG (lattice-best-path:main():lattice-best-path.cc:99) For utterance 422c020l_noisy, best cost 39.5033 + -200.494 = -160.99 over 574 frames.
422c020l_noisy WAS THIN 
LOG (lattice-best-path:main():lattice-best-path.cc:99) For utterance 422c020m_noisy, best cost 18.4776 + -129.26 = -110.782 over 370 frames.
422c020m_noisy WATCH 
LOG (lattice-best-path:main():lattice-best-path.cc:99) For utterance 422c020n_noisy, best cost 22.1987 + -171.778 = -149.58 over 492 frames.
422c020n_noisy WATCH 
LOG (lattice-best-path:main():lattice-best-path.cc:99) For utterance 422c020o_noisy, best cost 41.4736 + -170.58 = -129.106 over 586 frames.
422c020o_noisy LAST MONTH 
LOG (lattice-best-path:main():lattice-best-path.cc:99) For utterance 422c020p_noisy, best cost 43.1408 + -229.04 = -185.899 over 781 frames.
422c020p_noisy BOTH <UNK> 
LOG (lattice-best-path:main():lattice-best-path.cc:99) For utterance 422c020q_noisy, best cost 40.3707 + -255.295 = -214.924 over 757 frames.
422c020q_noisy BOTH <UNK> 
LOG (lattice-best-path:main():lattice-best-path.cc:99) For utterance 422c020r_noisy, best cost 43.1616 + -230.333 = -187.171 over 692 frames.
422c020r_noisy <UNK> GROWTH 
LOG (lattice-best-path:main():lattice-best-path.cc:99) For utterance 422c020s_noisy, best cost 48.1202 + -292.426 = -244.306 over 710 frames.
422c020s_noisy A I THINK 
LOG (lattice-best-path:main():lattice-best-path.cc:99) For utterance 422c020t_noisy, best cost 38.8043 + -170.889 = -132.085 over 395 frames.
422c020t_noisy THIN 
LOG (lattice-best-path:main():lattice-best-path.cc:99) For utterance 422c020u_noisy, best cost 64.5397 + -315.955 = -251.415 over 875 frames.
422c020u_noisy THIN 
LOG (lattice-best-path:main():lattice-best-path.cc:99) For utterance 422c020v_noisy, best cost 32.4007 + -237.614 = -205.213 over 667 frames.
422c020v_noisy A LAW <UNK> 
LOG (lattice-best-path:main():lattice-best-path.cc:99) For utterance 422c020w_noisy, best cost 42.1833 + -219.671 = -177.488 over 673 frames.
422c020w_noisy <UNK> WITH <UNK> 
LOG (lattice-best-path:main():lattice-best-path.cc:99) For utterance 422c020x_noisy, best cost 36.86 + -218.167 = -181.307 over 713 frames.
422c020x_noisy <UNK> 
LOG (lattice-scale:main():lattice-scale.cc:90) Done 410 lattices.
LOG (lattice-best-path:main():lattice-best-path.cc:99) For utterance 422c020y_noisy, best cost 46.3758 + -282.295 = -235.92 over 926 frames.
422c020y_noisy BOTH <UNK> 
LOG (lattice-best-path:main():lattice-best-path.cc:99) For utterance 422c020z_noisy, best cost 34.3543 + -480.429 = -446.074 over 876 frames.
422c020z_noisy A I 
LOG (lattice-best-path:main():lattice-best-path.cc:99) For utterance 422c0210_noisy, best cost 28.5787 + -231.939 = -203.36 over 376 frames.
422c0210_noisy A I 
LOG (lattice-best-path:main():lattice-best-path.cc:99) For utterance 422c0211_noisy, best cost 24.7221 + -282.276 = -257.554 over 490 frames.
422c0211_noisy A LAW 
LOG (lattice-best-path:main():lattice-best-path.cc:99) For utterance 422c0212_noisy, best cost 25.2229 + -354.404 = -329.181 over 629 frames.
422c0212_noisy A LOT 
LOG (lattice-best-path:main():lattice-best-path.cc:99) For utterance 422c0213_noisy, best cost 22.6544 + -133.894 = -111.239 over 311 frames.
422c0213_noisy A LAW 
LOG (lattice-best-path:main():lattice-best-path.cc:99) For utterance 422c0214_noisy, best cost 22.2444 + -119.081 = -96.8367 over 275 frames.
422c0214_noisy A LAW 
LOG (lattice-add-penalty:main():lattice-add-penalty.cc:62) Done adding word insertion penalty to 410 lattices.
LOG (lattice-best-path:main():lattice-best-path.cc:99) For utterance 422c0215_noisy, best cost 45.2134 + -220.683 = -175.469 over 664 frames.
422c0215_noisy READ 
LOG (lattice-best-path:main():lattice-best-path.cc:99) For utterance 422c0216_noisy, best cost 29.2405 + -225.31 = -196.07 over 550 frames.
422c0216_noisy A LAW <UNK> 
LOG (lattice-best-path:main():lattice-best-path.cc:124) Overall cost per frame is -0.287044 = 0.0800275 [graph] + -0.367072 [acoustic] over 275859 frames.
LOG (lattice-best-path:main():lattice-best-path.cc:128) Done 410 lattices, failed for 0
# Accounting: time=2 threads=1
# Ended (code 0) at Mon Feb 27 09:19:36 GMT 2017, elapsed time 2 seconds
